---------------------------------------------------------------
[ 2019-01-31T09:28:03+08:00 ] ::1 GET wuliu/
[运行时间：0.075385s] [吞吐率：13.27req/s] [内存消耗：2,573.13kb] [文件加载：69]
[ info ] [ LANG ] /Applications/MAMP/htdocs/web/wuliu/thinkphp/lang/zh-cn.php
[ info ] [ ROUTE ] array (
)
[ info ] [ HEADER ] array (
  'host' => 'wuliu',
  'user-agent' => 'Mozilla/5.0 (Macintosh; Intel Mac OS X 10.13; rv:64.0) Gecko/20100101 Firefox/64.0',
  'accept' => 'text/html,application/xhtml+xml,application/xml;q=0.9,*/*;q=0.8',
  'accept-language' => 'zh-CN,zh;q=0.8,zh-TW;q=0.7,zh-HK;q=0.5,en-US;q=0.3,en;q=0.2',
  'accept-encoding' => 'gzip, deflate',
  'connection' => 'keep-alive',
  'upgrade-insecure-requests' => '1',
)
[ info ] [ PARAM ] array (
)
[ info ] [ VIEW ] /Applications/MAMP/htdocs/web/wuliu/application/admin/view/login/index.html [ array (
) ]
---------------------------------------------------------------
[ 2019-01-31T09:28:03+08:00 ] ::1 GET wuliu/captcha.html
[运行时间：0.049692s] [吞吐率：20.12req/s] [内存消耗：1,911.26kb] [文件加载：56]
[ info ] [ LANG ] /Applications/MAMP/htdocs/web/wuliu/thinkphp/lang/zh-cn.php
[ info ] [ ROUTE ] array (
  'rule' => 'captcha/<id?>',
  'route' => '\\think\\captcha\\CaptchaController@index',
  'option' => 
  array (
    'merge_rule_regex' => false,
  ),
  'var' => 
  array (
  ),
)
[ info ] [ HEADER ] array (
  'host' => 'wuliu',
  'user-agent' => 'Mozilla/5.0 (Macintosh; Intel Mac OS X 10.13; rv:64.0) Gecko/20100101 Firefox/64.0',
  'accept' => '*/*',
  'accept-language' => 'zh-CN,zh;q=0.8,zh-TW;q=0.7,zh-HK;q=0.5,en-US;q=0.3,en;q=0.2',
  'accept-encoding' => 'gzip, deflate',
  'referer' => 'http://wuliu/',
  'connection' => 'keep-alive',
)
[ info ] [ PARAM ] array (
)
---------------------------------------------------------------
[ 2019-01-31T09:28:59+08:00 ] ::1 GET wuliu/captcha.html?0.07841813080821725
[运行时间：0.045476s] [吞吐率：21.99req/s] [内存消耗：1,911.99kb] [文件加载：56]
[ info ] [ LANG ] /Applications/MAMP/htdocs/web/wuliu/thinkphp/lang/zh-cn.php
[ info ] [ ROUTE ] array (
  'rule' => 'captcha/<id?>',
  'route' => '\\think\\captcha\\CaptchaController@index',
  'option' => 
  array (
    'merge_rule_regex' => false,
  ),
  'var' => 
  array (
  ),
)
[ info ] [ HEADER ] array (
  'host' => 'wuliu',
  'user-agent' => 'Mozilla/5.0 (Macintosh; Intel Mac OS X 10.13; rv:64.0) Gecko/20100101 Firefox/64.0',
  'accept' => '*/*',
  'accept-language' => 'zh-CN,zh;q=0.8,zh-TW;q=0.7,zh-HK;q=0.5,en-US;q=0.3,en;q=0.2',
  'accept-encoding' => 'gzip, deflate',
  'referer' => 'http://wuliu/',
  'connection' => 'keep-alive',
  'cookie' => 'PHPSESSID=40d417a09cbdc1d873e819a2cc8ab2c9',
)
[ info ] [ PARAM ] array (
  '0_07841813080821725' => '',
)
---------------------------------------------------------------
[ 2019-01-31T09:28:59+08:00 ] ::1 GET wuliu/captcha.html?0.5542936847242498
[运行时间：0.023604s] [吞吐率：42.37req/s] [内存消耗：1,912.04kb] [文件加载：56]
[ info ] [ LANG ] /Applications/MAMP/htdocs/web/wuliu/thinkphp/lang/zh-cn.php
[ info ] [ ROUTE ] array (
  'rule' => 'captcha/<id?>',
  'route' => '\\think\\captcha\\CaptchaController@index',
  'option' => 
  array (
    'merge_rule_regex' => false,
  ),
  'var' => 
  array (
  ),
)
[ info ] [ HEADER ] array (
  'host' => 'wuliu',
  'user-agent' => 'Mozilla/5.0 (Macintosh; Intel Mac OS X 10.13; rv:64.0) Gecko/20100101 Firefox/64.0',
  'accept' => '*/*',
  'accept-language' => 'zh-CN,zh;q=0.8,zh-TW;q=0.7,zh-HK;q=0.5,en-US;q=0.3,en;q=0.2',
  'accept-encoding' => 'gzip, deflate',
  'referer' => 'http://wuliu/',
  'connection' => 'keep-alive',
  'cookie' => 'PHPSESSID=40d417a09cbdc1d873e819a2cc8ab2c9',
)
[ info ] [ PARAM ] array (
  '0_5542936847242498' => '',
)
---------------------------------------------------------------
[ 2019-01-31T09:29:00+08:00 ] ::1 GET wuliu/captcha.html?0.682953957573631
[运行时间：0.027026s] [吞吐率：37.00req/s] [内存消耗：1,911.84kb] [文件加载：56]
[ info ] [ LANG ] /Applications/MAMP/htdocs/web/wuliu/thinkphp/lang/zh-cn.php
[ info ] [ ROUTE ] array (
  'rule' => 'captcha/<id?>',
  'route' => '\\think\\captcha\\CaptchaController@index',
  'option' => 
  array (
    'merge_rule_regex' => false,
  ),
  'var' => 
  array (
  ),
)
[ info ] [ HEADER ] array (
  'host' => 'wuliu',
  'user-agent' => 'Mozilla/5.0 (Macintosh; Intel Mac OS X 10.13; rv:64.0) Gecko/20100101 Firefox/64.0',
  'accept' => '*/*',
  'accept-language' => 'zh-CN,zh;q=0.8,zh-TW;q=0.7,zh-HK;q=0.5,en-US;q=0.3,en;q=0.2',
  'accept-encoding' => 'gzip, deflate',
  'referer' => 'http://wuliu/',
  'connection' => 'keep-alive',
  'cookie' => 'PHPSESSID=40d417a09cbdc1d873e819a2cc8ab2c9',
)
[ info ] [ PARAM ] array (
  '0_682953957573631' => '',
)
---------------------------------------------------------------
[ 2019-01-31T09:33:14+08:00 ] ::1 GET wuliu/captcha.html
[运行时间：0.092774s] [吞吐率：10.78req/s] [内存消耗：1,911.45kb] [文件加载：56]
[ info ] [ LANG ] /Applications/MAMP/htdocs/web/wuliu/thinkphp/lang/zh-cn.php
[ info ] [ ROUTE ] array (
  'rule' => 'captcha/<id?>',
  'route' => '\\think\\captcha\\CaptchaController@index',
  'option' => 
  array (
    'merge_rule_regex' => false,
  ),
  'var' => 
  array (
  ),
)
[ info ] [ HEADER ] array (
  'host' => 'wuliu',
  'user-agent' => 'Mozilla/5.0 (Macintosh; Intel Mac OS X 10.13; rv:64.0) Gecko/20100101 Firefox/64.0',
  'accept' => '*/*',
  'accept-language' => 'zh-CN,zh;q=0.8,zh-TW;q=0.7,zh-HK;q=0.5,en-US;q=0.3,en;q=0.2',
  'accept-encoding' => 'gzip, deflate',
  'referer' => 'http://wuliu/',
  'connection' => 'keep-alive',
  'cookie' => 'PHPSESSID=40d417a09cbdc1d873e819a2cc8ab2c9',
)
[ info ] [ PARAM ] array (
)
---------------------------------------------------------------
[ 2019-01-31T14:00:48+08:00 ] ::1 GET wuliu/
[运行时间：0.054592s] [吞吐率：18.32req/s] [内存消耗：2,573.76kb] [文件加载：69]
[ info ] [ LANG ] /Applications/MAMP/htdocs/web/wuliu/thinkphp/lang/zh-cn.php
[ info ] [ ROUTE ] array (
)
[ info ] [ HEADER ] array (
  'host' => 'wuliu',
  'user-agent' => 'Mozilla/5.0 (Macintosh; Intel Mac OS X 10.13; rv:64.0) Gecko/20100101 Firefox/64.0',
  'accept' => 'text/html,application/xhtml+xml,application/xml;q=0.9,*/*;q=0.8',
  'accept-language' => 'zh-CN,zh;q=0.8,zh-TW;q=0.7,zh-HK;q=0.5,en-US;q=0.3,en;q=0.2',
  'accept-encoding' => 'gzip, deflate',
  'connection' => 'keep-alive',
  'cookie' => 'PHPSESSID=40d417a09cbdc1d873e819a2cc8ab2c9',
  'upgrade-insecure-requests' => '1',
)
[ info ] [ PARAM ] array (
)
[ info ] [ VIEW ] /Applications/MAMP/htdocs/web/wuliu/application/admin/view/login/index.html [ array (
) ]
---------------------------------------------------------------
[ 2019-01-31T14:00:48+08:00 ] ::1 GET wuliu/captcha.html
[运行时间：0.041530s] [吞吐率：24.08req/s] [内存消耗：1,911.43kb] [文件加载：56]
[ info ] [ LANG ] /Applications/MAMP/htdocs/web/wuliu/thinkphp/lang/zh-cn.php
[ info ] [ ROUTE ] array (
  'rule' => 'captcha/<id?>',
  'route' => '\\think\\captcha\\CaptchaController@index',
  'option' => 
  array (
    'merge_rule_regex' => false,
  ),
  'var' => 
  array (
  ),
)
[ info ] [ HEADER ] array (
  'host' => 'wuliu',
  'user-agent' => 'Mozilla/5.0 (Macintosh; Intel Mac OS X 10.13; rv:64.0) Gecko/20100101 Firefox/64.0',
  'accept' => '*/*',
  'accept-language' => 'zh-CN,zh;q=0.8,zh-TW;q=0.7,zh-HK;q=0.5,en-US;q=0.3,en;q=0.2',
  'accept-encoding' => 'gzip, deflate',
  'referer' => 'http://wuliu/',
  'connection' => 'keep-alive',
  'cookie' => 'PHPSESSID=40d417a09cbdc1d873e819a2cc8ab2c9',
)
[ info ] [ PARAM ] array (
)
---------------------------------------------------------------
[ 2019-01-31T14:00:59+08:00 ] ::1 GET wuliu/
[运行时间：0.035324s] [吞吐率：28.31req/s] [内存消耗：2,573.61kb] [文件加载：69]
[ info ] [ LANG ] /Applications/MAMP/htdocs/web/wuliu/thinkphp/lang/zh-cn.php
[ info ] [ ROUTE ] array (
)
[ info ] [ HEADER ] array (
  'host' => 'wuliu',
  'user-agent' => 'Mozilla/5.0 (Macintosh; Intel Mac OS X 10.13; rv:64.0) Gecko/20100101 Firefox/64.0',
  'accept' => 'text/html,application/xhtml+xml,application/xml;q=0.9,*/*;q=0.8',
  'accept-language' => 'zh-CN,zh;q=0.8,zh-TW;q=0.7,zh-HK;q=0.5,en-US;q=0.3,en;q=0.2',
  'accept-encoding' => 'gzip, deflate',
  'connection' => 'keep-alive',
  'cookie' => 'PHPSESSID=40d417a09cbdc1d873e819a2cc8ab2c9',
  'upgrade-insecure-requests' => '1',
  'cache-control' => 'max-age=0',
)
[ info ] [ PARAM ] array (
)
[ info ] [ VIEW ] /Applications/MAMP/htdocs/web/wuliu/application/admin/view/login/index.html [ array (
) ]
---------------------------------------------------------------
[ 2019-01-31T14:00:59+08:00 ] ::1 GET wuliu/captcha.html
[运行时间：0.032845s] [吞吐率：30.45req/s] [内存消耗：1,911.84kb] [文件加载：56]
[ info ] [ LANG ] /Applications/MAMP/htdocs/web/wuliu/thinkphp/lang/zh-cn.php
[ info ] [ ROUTE ] array (
  'rule' => 'captcha/<id?>',
  'route' => '\\think\\captcha\\CaptchaController@index',
  'option' => 
  array (
    'merge_rule_regex' => false,
  ),
  'var' => 
  array (
  ),
)
[ info ] [ HEADER ] array (
  'host' => 'wuliu',
  'user-agent' => 'Mozilla/5.0 (Macintosh; Intel Mac OS X 10.13; rv:64.0) Gecko/20100101 Firefox/64.0',
  'accept' => '*/*',
  'accept-language' => 'zh-CN,zh;q=0.8,zh-TW;q=0.7,zh-HK;q=0.5,en-US;q=0.3,en;q=0.2',
  'accept-encoding' => 'gzip, deflate',
  'referer' => 'http://wuliu/',
  'connection' => 'keep-alive',
  'cookie' => 'PHPSESSID=40d417a09cbdc1d873e819a2cc8ab2c9',
  'cache-control' => 'max-age=0',
)
[ info ] [ PARAM ] array (
)
