---------------------------------------------------------------
[ 2018-12-04T16:10:04+08:00 ] ::1 GET wuliu/
[运行时间：0.054369s] [吞吐率：18.39req/s] [内存消耗：2,573.02kb] [文件加载：69]
[ info ] [ LANG ] /Applications/MAMP/htdocs/web/wuliu/thinkphp/lang/zh-cn.php
[ info ] [ ROUTE ] array (
)
[ info ] [ HEADER ] array (
  'host' => 'wuliu',
  'user-agent' => 'Mozilla/5.0 (Macintosh; Intel Mac OS X 10.13; rv:63.0) Gecko/20100101 Firefox/63.0',
  'accept' => 'text/html,application/xhtml+xml,application/xml;q=0.9,*/*;q=0.8',
  'accept-language' => 'zh-CN,zh;q=0.8,zh-TW;q=0.7,zh-HK;q=0.5,en-US;q=0.3,en;q=0.2',
  'accept-encoding' => 'gzip, deflate',
  'connection' => 'keep-alive',
  'upgrade-insecure-requests' => '1',
)
[ info ] [ PARAM ] array (
)
[ info ] [ VIEW ] /Applications/MAMP/htdocs/web/wuliu/application/admin/view/login/index.html [ array (
) ]
---------------------------------------------------------------
[ 2018-12-04T16:10:04+08:00 ] ::1 GET wuliu/captcha.html
[运行时间：0.055622s] [吞吐率：17.98req/s] [内存消耗：1,911.45kb] [文件加载：56]
[ info ] [ LANG ] /Applications/MAMP/htdocs/web/wuliu/thinkphp/lang/zh-cn.php
[ info ] [ ROUTE ] array (
  'rule' => 'captcha/<id?>',
  'route' => '\\think\\captcha\\CaptchaController@index',
  'option' => 
  array (
    'merge_rule_regex' => false,
  ),
  'var' => 
  array (
  ),
)
[ info ] [ HEADER ] array (
  'host' => 'wuliu',
  'user-agent' => 'Mozilla/5.0 (Macintosh; Intel Mac OS X 10.13; rv:63.0) Gecko/20100101 Firefox/63.0',
  'accept' => '*/*',
  'accept-language' => 'zh-CN,zh;q=0.8,zh-TW;q=0.7,zh-HK;q=0.5,en-US;q=0.3,en;q=0.2',
  'accept-encoding' => 'gzip, deflate',
  'referer' => 'http://wuliu/',
  'connection' => 'keep-alive',
)
[ info ] [ PARAM ] array (
)
---------------------------------------------------------------
[ 2018-12-04T16:10:13+08:00 ] ::1 POST wuliu/portal/loginadmin/login.html
[运行时间：0.042376s] [吞吐率：23.60req/s] [内存消耗：3,084.54kb] [文件加载：78]
[ info ] [ LANG ] /Applications/MAMP/htdocs/web/wuliu/thinkphp/lang/zh-cn.php
[ info ] [ ROUTE ] array (
)
[ info ] [ HEADER ] array (
  'host' => 'wuliu',
  'user-agent' => 'Mozilla/5.0 (Macintosh; Intel Mac OS X 10.13; rv:63.0) Gecko/20100101 Firefox/63.0',
  'accept' => 'application/json, text/javascript, */*; q=0.01',
  'accept-language' => 'zh-CN,zh;q=0.8,zh-TW;q=0.7,zh-HK;q=0.5,en-US;q=0.3,en;q=0.2',
  'accept-encoding' => 'gzip, deflate',
  'referer' => 'http://wuliu/',
  'content-type' => 'application/x-www-form-urlencoded; charset=UTF-8',
  'x-requested-with' => 'XMLHttpRequest',
  'content-length' => '45',
  'connection' => 'keep-alive',
  'cookie' => 'PHPSESSID=63b30c808b4d2d4373836d141f9c5e08',
)
[ info ] [ PARAM ] array (
  'name' => 'zhaozilong',
  'pwd' => '123456',
  'verification' => '15656',
)
---------------------------------------------------------------
[ 2018-12-04T16:10:15+08:00 ] ::1 GET wuliu/captcha.html?0.912284382511249
[运行时间：0.046884s] [吞吐率：21.33req/s] [内存消耗：1,911.87kb] [文件加载：56]
[ info ] [ LANG ] /Applications/MAMP/htdocs/web/wuliu/thinkphp/lang/zh-cn.php
[ info ] [ ROUTE ] array (
  'rule' => 'captcha/<id?>',
  'route' => '\\think\\captcha\\CaptchaController@index',
  'option' => 
  array (
    'merge_rule_regex' => false,
  ),
  'var' => 
  array (
  ),
)
[ info ] [ HEADER ] array (
  'host' => 'wuliu',
  'user-agent' => 'Mozilla/5.0 (Macintosh; Intel Mac OS X 10.13; rv:63.0) Gecko/20100101 Firefox/63.0',
  'accept' => '*/*',
  'accept-language' => 'zh-CN,zh;q=0.8,zh-TW;q=0.7,zh-HK;q=0.5,en-US;q=0.3,en;q=0.2',
  'accept-encoding' => 'gzip, deflate',
  'referer' => 'http://wuliu/',
  'connection' => 'keep-alive',
  'cookie' => 'PHPSESSID=63b30c808b4d2d4373836d141f9c5e08',
)
[ info ] [ PARAM ] array (
  '0_912284382511249' => '',
)
---------------------------------------------------------------
[ 2018-12-04T16:10:22+08:00 ] ::1 POST wuliu/portal/loginadmin/login.html
[运行时间：0.055521s] [吞吐率：18.01req/s] [内存消耗：4,285.13kb] [文件加载：83]
[ info ] [ LANG ] /Applications/MAMP/htdocs/web/wuliu/thinkphp/lang/zh-cn.php
[ info ] [ ROUTE ] array (
)
[ info ] [ HEADER ] array (
  'host' => 'wuliu',
  'user-agent' => 'Mozilla/5.0 (Macintosh; Intel Mac OS X 10.13; rv:63.0) Gecko/20100101 Firefox/63.0',
  'accept' => 'application/json, text/javascript, */*; q=0.01',
  'accept-language' => 'zh-CN,zh;q=0.8,zh-TW;q=0.7,zh-HK;q=0.5,en-US;q=0.3,en;q=0.2',
  'accept-encoding' => 'gzip, deflate',
  'referer' => 'http://wuliu/',
  'content-type' => 'application/x-www-form-urlencoded; charset=UTF-8',
  'x-requested-with' => 'XMLHttpRequest',
  'content-length' => '45',
  'connection' => 'keep-alive',
  'cookie' => 'PHPSESSID=63b30c808b4d2d4373836d141f9c5e08',
)
[ info ] [ PARAM ] array (
  'name' => 'zhaozilong',
  'pwd' => '123456',
  'verification' => '32299',
)
[ info ] [ DB ] INIT mysql
[ sql ] [ DB ] CONNECT:[ UseTime:0.000580s ] mysql:host=127.0.0.1;port=3306;dbname=tybest;charset=utf8
[ sql ] [ SQL ] SHOW COLUMNS FROM `admin` [ RunTime:0.000938s ]
[ sql ] [ SQL ] SELECT * FROM `admin` WHERE  `user_name` = 'zhaozilong' LIMIT 1 [ RunTime:0.000617s ]
---------------------------------------------------------------
[ 2018-12-04T16:10:29+08:00 ] ::1 GET wuliu/captcha.html?0.2500245096086451
[运行时间：0.034689s] [吞吐率：28.83req/s] [内存消耗：1,911.95kb] [文件加载：56]
[ info ] [ LANG ] /Applications/MAMP/htdocs/web/wuliu/thinkphp/lang/zh-cn.php
[ info ] [ ROUTE ] array (
  'rule' => 'captcha/<id?>',
  'route' => '\\think\\captcha\\CaptchaController@index',
  'option' => 
  array (
    'merge_rule_regex' => false,
  ),
  'var' => 
  array (
  ),
)
[ info ] [ HEADER ] array (
  'host' => 'wuliu',
  'user-agent' => 'Mozilla/5.0 (Macintosh; Intel Mac OS X 10.13; rv:63.0) Gecko/20100101 Firefox/63.0',
  'accept' => '*/*',
  'accept-language' => 'zh-CN,zh;q=0.8,zh-TW;q=0.7,zh-HK;q=0.5,en-US;q=0.3,en;q=0.2',
  'accept-encoding' => 'gzip, deflate',
  'referer' => 'http://wuliu/',
  'connection' => 'keep-alive',
  'cookie' => 'PHPSESSID=63b30c808b4d2d4373836d141f9c5e08',
)
[ info ] [ PARAM ] array (
  '0_2500245096086451' => '',
)
---------------------------------------------------------------
[ 2018-12-04T16:10:37+08:00 ] ::1 POST wuliu/portal/loginadmin/login.html
[运行时间：0.050153s] [吞吐率：19.94req/s] [内存消耗：4,289.86kb] [文件加载：83]
[ info ] [ LANG ] /Applications/MAMP/htdocs/web/wuliu/thinkphp/lang/zh-cn.php
[ info ] [ ROUTE ] array (
)
[ info ] [ HEADER ] array (
  'host' => 'wuliu',
  'user-agent' => 'Mozilla/5.0 (Macintosh; Intel Mac OS X 10.13; rv:63.0) Gecko/20100101 Firefox/63.0',
  'accept' => 'application/json, text/javascript, */*; q=0.01',
  'accept-language' => 'zh-CN,zh;q=0.8,zh-TW;q=0.7,zh-HK;q=0.5,en-US;q=0.3,en;q=0.2',
  'accept-encoding' => 'gzip, deflate',
  'referer' => 'http://wuliu/',
  'content-type' => 'application/x-www-form-urlencoded; charset=UTF-8',
  'x-requested-with' => 'XMLHttpRequest',
  'content-length' => '51',
  'connection' => 'keep-alive',
  'cookie' => 'PHPSESSID=63b30c808b4d2d4373836d141f9c5e08',
)
[ info ] [ PARAM ] array (
  'name' => 'zhaozilong',
  'pwd' => 'wanan521zhao',
  'verification' => '23928',
)
[ info ] [ DB ] INIT mysql
[ sql ] [ DB ] CONNECT:[ UseTime:0.000614s ] mysql:host=127.0.0.1;port=3306;dbname=tybest;charset=utf8
[ sql ] [ SQL ] SHOW COLUMNS FROM `admin` [ RunTime:0.000945s ]
[ sql ] [ SQL ] SELECT * FROM `admin` WHERE  `user_name` = 'zhaozilong' LIMIT 1 [ RunTime:0.000684s ]
---------------------------------------------------------------
[ 2018-12-04T16:10:37+08:00 ] ::1 GET wuliu/admin/index/index.html
[运行时间：0.212161s] [吞吐率：4.71req/s] [内存消耗：4,508.64kb] [文件加载：86]
[ info ] [ LANG ] /Applications/MAMP/htdocs/web/wuliu/thinkphp/lang/zh-cn.php
[ info ] [ ROUTE ] array (
)
[ info ] [ HEADER ] array (
  'host' => 'wuliu',
  'user-agent' => 'Mozilla/5.0 (Macintosh; Intel Mac OS X 10.13; rv:63.0) Gecko/20100101 Firefox/63.0',
  'accept' => 'text/html,application/xhtml+xml,application/xml;q=0.9,*/*;q=0.8',
  'accept-language' => 'zh-CN,zh;q=0.8,zh-TW;q=0.7,zh-HK;q=0.5,en-US;q=0.3,en;q=0.2',
  'accept-encoding' => 'gzip, deflate',
  'referer' => 'http://wuliu/',
  'connection' => 'keep-alive',
  'cookie' => 'PHPSESSID=63b30c808b4d2d4373836d141f9c5e08',
  'upgrade-insecure-requests' => '1',
)
[ info ] [ PARAM ] array (
)
[ info ] [ DB ] INIT mysql
[ info ] [ VIEW ] /Applications/MAMP/htdocs/web/wuliu/application/admin/view/index/index.html [ array (
  0 => 'admin_name',
  1 => 'data',
) ]
[ sql ] [ DB ] CONNECT:[ UseTime:0.000567s ] mysql:host=127.0.0.1;port=3306;dbname=tybest;charset=utf8
[ sql ] [ SQL ] SHOW COLUMNS FROM `goods` [ RunTime:0.001881s ]
[ sql ] [ SQL ] SELECT COUNT(*) AS tp_count FROM `goods` `g` INNER JOIN `goods_standard` `gs` ON `g`.`goods_id`=`gs`.`goods_id` WHERE  `g`.`is_delete` = '0'  AND `g`.`is_on_sale` = '1'  AND `gs`.`stock` = '0' LIMIT 1 [ RunTime:0.004737s ]
[ sql ] [ SQL ] SELECT COUNT(*) AS tp_count FROM ( SELECT `gs`.`warn_number`,`gs`.`goods_standard_id` FROM `goods` `g` INNER JOIN `goods_standard` `gs` ON `g`.`goods_id`=`gs`.`goods_id` WHERE  `g`.`is_delete` = '0'  AND `g`.`is_on_sale` = '1' )t INNER JOIN `goods_standard` `gs` ON `t`.`goods_standard_id`=`gs`.`goods_standard_id` WHERE  `gs`.`stock` <= 't.warn_number' LIMIT 1 [ RunTime:0.001101s ]
[ sql ] [ SQL ] SHOW COLUMNS FROM `order_info` [ RunTime:0.008842s ]
[ sql ] [ SQL ] SELECT COUNT(*) AS tp_count FROM `order_info` WHERE  `pay_status` = 0 LIMIT 1 [ RunTime:0.000746s ]
[ sql ] [ SQL ] SELECT COUNT(*) AS tp_count FROM `order_info` WHERE  `apply_refund_time` > '0'  AND `refund_status` = 1 LIMIT 1 [ RunTime:0.019974s ]
[ sql ] [ SQL ] SHOW COLUMNS FROM `user` [ RunTime:0.001016s ]
[ sql ] [ SQL ] SELECT COUNT(*) AS tp_count FROM `user` WHERE  `agent_time` >= '2018-12-01'  AND `agent_time` <= '2018-12-31' LIMIT 1 [ RunTime:0.088530s ]
[ sql ] [ SQL ] SELECT sum(goods_amount) as pirce,count(order_info_id) as num FROM `order_info` WHERE  `pay_status` = 2  AND `add_time` >= 1543593600  AND `add_time` <= 1546271999 LIMIT 1 [ RunTime:0.012797s ]
---------------------------------------------------------------
[ 2018-12-04T16:10:37+08:00 ] ::1 GET wuliu/static/admin/i/app-icon72x72@2x.png
[运行时间：0.038282s] [吞吐率：26.12req/s] [内存消耗：1,919.89kb] [文件加载：56]
[ info ] [ LANG ] /Applications/MAMP/htdocs/web/wuliu/thinkphp/lang/zh-cn.php
---------------------------------------------------------------
[ 2018-12-04T16:10:37+08:00 ] ::1 GET wuliu/static/admin/i/favicon.png
[运行时间：0.041089s] [吞吐率：24.34req/s] [内存消耗：1,919.92kb] [文件加载：56]
[ info ] [ LANG ] /Applications/MAMP/htdocs/web/wuliu/thinkphp/lang/zh-cn.php
---------------------------------------------------------------
[ 2018-12-04T16:10:41+08:00 ] ::1 GET wuliu/admin/user/index.html
[运行时间：0.250993s] [吞吐率：3.98req/s] [内存消耗：4,648.80kb] [文件加载：88]
[ info ] [ LANG ] /Applications/MAMP/htdocs/web/wuliu/thinkphp/lang/zh-cn.php
[ info ] [ ROUTE ] array (
)
[ info ] [ HEADER ] array (
  'host' => 'wuliu',
  'user-agent' => 'Mozilla/5.0 (Macintosh; Intel Mac OS X 10.13; rv:63.0) Gecko/20100101 Firefox/63.0',
  'accept' => 'text/html,application/xhtml+xml,application/xml;q=0.9,*/*;q=0.8',
  'accept-language' => 'zh-CN,zh;q=0.8,zh-TW;q=0.7,zh-HK;q=0.5,en-US;q=0.3,en;q=0.2',
  'accept-encoding' => 'gzip, deflate',
  'referer' => 'http://wuliu/admin/index/index.html',
  'connection' => 'keep-alive',
  'cookie' => 'PHPSESSID=63b30c808b4d2d4373836d141f9c5e08',
  'upgrade-insecure-requests' => '1',
)
[ info ] [ PARAM ] array (
)
[ info ] [ DB ] INIT mysql
[ info ] [ VIEW ] /Applications/MAMP/htdocs/web/wuliu/application/admin/view/user/index.html [ array (
  0 => 'admin_name',
  1 => 'list',
) ]
[ sql ] [ DB ] CONNECT:[ UseTime:0.000821s ] mysql:host=127.0.0.1;port=3306;dbname=tybest;charset=utf8
[ sql ] [ SQL ] SHOW COLUMNS FROM `user` [ RunTime:0.001531s ]
[ sql ] [ SQL ] SELECT COUNT(*) AS tp_count FROM user u INNER JOIN `user` `us` ON `us`.`user_id`=`u`.`parent_id` INNER JOIN `admin` `ad` ON `ad`.`admin_id`=`u`.`kfuser` LIMIT 1 [ RunTime:0.181206s ]
[ sql ] [ SQL ] SELECT `u`.`user_id`,`u`.`head_image_url`,`u`.`telephone`,`u`.`nick_name`,`u`.`unionid`,`u`.`user_role`,us.nick_name as p_name,`u`.`openid`,`u`.`create_time`,`u`.`is_subscribe`,ad.name as kfuser FROM user u INNER JOIN `user` `us` ON `us`.`user_id`=`u`.`parent_id` INNER JOIN `admin` `ad` ON `ad`.`admin_id`=`u`.`kfuser` ORDER BY `u`.`user_id` DESC LIMIT 0,20 [ RunTime:0.000782s ]
---------------------------------------------------------------
[ 2018-12-04T16:10:41+08:00 ] ::1 GET wuliu/static/admin/i/app-icon72x72@2x.png
[运行时间：0.035695s] [吞吐率：28.02req/s] [内存消耗：1,919.89kb] [文件加载：56]
[ info ] [ LANG ] /Applications/MAMP/htdocs/web/wuliu/thinkphp/lang/zh-cn.php
---------------------------------------------------------------
[ 2018-12-04T16:10:41+08:00 ] ::1 GET wuliu/static/admin/i/favicon.png
[运行时间：0.036568s] [吞吐率：27.35req/s] [内存消耗：1,919.70kb] [文件加载：56]
[ info ] [ LANG ] /Applications/MAMP/htdocs/web/wuliu/thinkphp/lang/zh-cn.php
---------------------------------------------------------------
[ 2018-12-04T16:10:44+08:00 ] ::1 GET wuliu/admin/user/commission/id/112038.html
[运行时间：0.037059s] [吞吐率：26.98req/s] [内存消耗：3,107.91kb] [文件加载：78]
[ info ] [ LANG ] /Applications/MAMP/htdocs/web/wuliu/thinkphp/lang/zh-cn.php
[ info ] [ ROUTE ] array (
)
[ info ] [ HEADER ] array (
  'host' => 'wuliu',
  'user-agent' => 'Mozilla/5.0 (Macintosh; Intel Mac OS X 10.13; rv:63.0) Gecko/20100101 Firefox/63.0',
  'accept' => 'text/html,application/xhtml+xml,application/xml;q=0.9,*/*;q=0.8',
  'accept-language' => 'zh-CN,zh;q=0.8,zh-TW;q=0.7,zh-HK;q=0.5,en-US;q=0.3,en;q=0.2',
  'accept-encoding' => 'gzip, deflate',
  'referer' => 'http://wuliu/admin/user/index.html',
  'connection' => 'keep-alive',
  'cookie' => 'PHPSESSID=63b30c808b4d2d4373836d141f9c5e08',
  'upgrade-insecure-requests' => '1',
)
[ info ] [ PARAM ] array (
  'id' => '112038',
)
[ info ] [ VIEW ] /Applications/MAMP/htdocs/web/wuliu/application/admin/view/user/commission.html [ array (
  0 => 'admin_name',
) ]
---------------------------------------------------------------
[ 2018-12-04T16:10:44+08:00 ] ::1 GET wuliu/static/admin/i/app-icon72x72@2x.png
[运行时间：0.025192s] [吞吐率：39.70req/s] [内存消耗：1,919.89kb] [文件加载：56]
[ info ] [ LANG ] /Applications/MAMP/htdocs/web/wuliu/thinkphp/lang/zh-cn.php
---------------------------------------------------------------
[ 2018-12-04T16:10:44+08:00 ] ::1 GET wuliu/static/admin/i/favicon.png
[运行时间：0.025539s] [吞吐率：39.16req/s] [内存消耗：1,919.70kb] [文件加载：56]
[ info ] [ LANG ] /Applications/MAMP/htdocs/web/wuliu/thinkphp/lang/zh-cn.php
---------------------------------------------------------------
[ 2018-12-04T16:12:47+08:00 ] ::1 GET wuliu/admin/user/commission/id/112038.html
[运行时间：0.038764s] [吞吐率：25.80req/s] [内存消耗：3,108.36kb] [文件加载：78]
[ info ] [ LANG ] /Applications/MAMP/htdocs/web/wuliu/thinkphp/lang/zh-cn.php
[ info ] [ ROUTE ] array (
)
[ info ] [ HEADER ] array (
  'host' => 'wuliu',
  'user-agent' => 'Mozilla/5.0 (Macintosh; Intel Mac OS X 10.13; rv:63.0) Gecko/20100101 Firefox/63.0',
  'accept' => 'text/html,application/xhtml+xml,application/xml;q=0.9,*/*;q=0.8',
  'accept-language' => 'zh-CN,zh;q=0.8,zh-TW;q=0.7,zh-HK;q=0.5,en-US;q=0.3,en;q=0.2',
  'accept-encoding' => 'gzip, deflate',
  'referer' => 'http://wuliu/admin/user/index.html',
  'connection' => 'keep-alive',
  'cookie' => 'PHPSESSID=63b30c808b4d2d4373836d141f9c5e08',
  'upgrade-insecure-requests' => '1',
  'cache-control' => 'max-age=0',
)
[ info ] [ PARAM ] array (
  'id' => '112038',
)
[ info ] [ VIEW ] /Applications/MAMP/htdocs/web/wuliu/application/admin/view/user/commission.html [ array (
  0 => 'admin_name',
) ]
---------------------------------------------------------------
[ 2018-12-04T16:12:47+08:00 ] ::1 GET wuliu/static/admin/i/app-icon72x72@2x.png
[运行时间：0.029131s] [吞吐率：34.33req/s] [内存消耗：1,919.80kb] [文件加载：56]
[ info ] [ LANG ] /Applications/MAMP/htdocs/web/wuliu/thinkphp/lang/zh-cn.php
---------------------------------------------------------------
[ 2018-12-04T16:12:47+08:00 ] ::1 GET wuliu/static/admin/i/favicon.png
[运行时间：0.029464s] [吞吐率：33.94req/s] [内存消耗：1,919.71kb] [文件加载：56]
[ info ] [ LANG ] /Applications/MAMP/htdocs/web/wuliu/thinkphp/lang/zh-cn.php
---------------------------------------------------------------
[ 2018-12-04T16:14:25+08:00 ] ::1 GET wuliu/admin/user/commission/id/112038.html
[运行时间：0.059485s] [吞吐率：16.81req/s] [内存消耗：4,341.50kb] [文件加载：87]
[ info ] [ LANG ] /Applications/MAMP/htdocs/web/wuliu/thinkphp/lang/zh-cn.php
[ info ] [ ROUTE ] array (
)
[ info ] [ HEADER ] array (
  'host' => 'wuliu',
  'user-agent' => 'Mozilla/5.0 (Macintosh; Intel Mac OS X 10.13; rv:63.0) Gecko/20100101 Firefox/63.0',
  'accept' => 'text/html,application/xhtml+xml,application/xml;q=0.9,*/*;q=0.8',
  'accept-language' => 'zh-CN,zh;q=0.8,zh-TW;q=0.7,zh-HK;q=0.5,en-US;q=0.3,en;q=0.2',
  'accept-encoding' => 'gzip, deflate',
  'referer' => 'http://wuliu/admin/user/index.html',
  'connection' => 'keep-alive',
  'cookie' => 'PHPSESSID=63b30c808b4d2d4373836d141f9c5e08',
  'upgrade-insecure-requests' => '1',
  'cache-control' => 'max-age=0',
)
[ info ] [ PARAM ] array (
  'id' => '112038',
)
[ info ] [ DB ] INIT mysql
[ sql ] [ DB ] CONNECT:[ UseTime:0.000539s ] mysql:host=127.0.0.1;port=3306;dbname=tybest;charset=utf8
[ error ] [10501]SQLSTATE[42S02]: Base table or view not found: 1146 Table 'tybest.usercommission' doesn't exist[/Applications/MAMP/htdocs/web/wuliu/thinkphp/library/think/db/Connection.php:699]
---------------------------------------------------------------
[ 2018-12-04T16:14:52+08:00 ] ::1 GET wuliu/admin/user/commission/id/112038.html
[运行时间：0.041872s] [吞吐率：23.88req/s] [内存消耗：3,153.73kb] [文件加载：81]
[ info ] [ LANG ] /Applications/MAMP/htdocs/web/wuliu/thinkphp/lang/zh-cn.php
[ info ] [ ROUTE ] array (
)
[ info ] [ HEADER ] array (
  'host' => 'wuliu',
  'user-agent' => 'Mozilla/5.0 (Macintosh; Intel Mac OS X 10.13; rv:63.0) Gecko/20100101 Firefox/63.0',
  'accept' => 'text/html,application/xhtml+xml,application/xml;q=0.9,*/*;q=0.8',
  'accept-language' => 'zh-CN,zh;q=0.8,zh-TW;q=0.7,zh-HK;q=0.5,en-US;q=0.3,en;q=0.2',
  'accept-encoding' => 'gzip, deflate',
  'referer' => 'http://wuliu/admin/user/index.html',
  'connection' => 'keep-alive',
  'cookie' => 'PHPSESSID=63b30c808b4d2d4373836d141f9c5e08',
  'upgrade-insecure-requests' => '1',
  'cache-control' => 'max-age=0',
)
[ info ] [ PARAM ] array (
  'id' => '112038',
)
[ error ] [8192]Non-static method app\common\model\UsercommissionModel::commission() should not be called statically, assuming $this from incompatible context[/Applications/MAMP/htdocs/web/wuliu/application/admin/controller/UserController.php:32]
---------------------------------------------------------------
[ 2018-12-04T16:15:29+08:00 ] ::1 GET wuliu/admin/user/commission/id/112038.html
[运行时间：0.042488s] [吞吐率：23.54req/s] [内存消耗：3,153.73kb] [文件加载：81]
[ info ] [ LANG ] /Applications/MAMP/htdocs/web/wuliu/thinkphp/lang/zh-cn.php
[ info ] [ ROUTE ] array (
)
[ info ] [ HEADER ] array (
  'host' => 'wuliu',
  'user-agent' => 'Mozilla/5.0 (Macintosh; Intel Mac OS X 10.13; rv:63.0) Gecko/20100101 Firefox/63.0',
  'accept' => 'text/html,application/xhtml+xml,application/xml;q=0.9,*/*;q=0.8',
  'accept-language' => 'zh-CN,zh;q=0.8,zh-TW;q=0.7,zh-HK;q=0.5,en-US;q=0.3,en;q=0.2',
  'accept-encoding' => 'gzip, deflate',
  'referer' => 'http://wuliu/admin/user/index.html',
  'connection' => 'keep-alive',
  'cookie' => 'PHPSESSID=63b30c808b4d2d4373836d141f9c5e08',
  'upgrade-insecure-requests' => '1',
  'cache-control' => 'max-age=0',
)
[ info ] [ PARAM ] array (
  'id' => '112038',
)
[ error ] [8192]Non-static method app\common\model\UsercommissionModel::commission() should not be called statically, assuming $this from incompatible context[/Applications/MAMP/htdocs/web/wuliu/application/admin/controller/UserController.php:32]
---------------------------------------------------------------
[ 2018-12-04T16:16:40+08:00 ] ::1 GET wuliu/admin/user/commission/id/112038.html
[运行时间：0.040662s] [吞吐率：24.59req/s] [内存消耗：3,153.73kb] [文件加载：81]
[ info ] [ LANG ] /Applications/MAMP/htdocs/web/wuliu/thinkphp/lang/zh-cn.php
[ info ] [ ROUTE ] array (
)
[ info ] [ HEADER ] array (
  'host' => 'wuliu',
  'user-agent' => 'Mozilla/5.0 (Macintosh; Intel Mac OS X 10.13; rv:63.0) Gecko/20100101 Firefox/63.0',
  'accept' => 'text/html,application/xhtml+xml,application/xml;q=0.9,*/*;q=0.8',
  'accept-language' => 'zh-CN,zh;q=0.8,zh-TW;q=0.7,zh-HK;q=0.5,en-US;q=0.3,en;q=0.2',
  'accept-encoding' => 'gzip, deflate',
  'referer' => 'http://wuliu/admin/user/index.html',
  'connection' => 'keep-alive',
  'cookie' => 'PHPSESSID=63b30c808b4d2d4373836d141f9c5e08',
  'upgrade-insecure-requests' => '1',
  'cache-control' => 'max-age=0',
)
[ info ] [ PARAM ] array (
  'id' => '112038',
)
[ error ] [8192]Non-static method app\common\model\UsercommissionModel::commission() should not be called statically, assuming $this from incompatible context[/Applications/MAMP/htdocs/web/wuliu/application/admin/controller/UserController.php:32]
---------------------------------------------------------------
[ 2018-12-04T16:25:53+08:00 ] ::1 GET wuliu/admin/user/commission/id/112038.html
[运行时间：0.043368s] [吞吐率：23.06req/s] [内存消耗：3,153.60kb] [文件加载：81]
[ info ] [ LANG ] /Applications/MAMP/htdocs/web/wuliu/thinkphp/lang/zh-cn.php
[ info ] [ ROUTE ] array (
)
[ info ] [ HEADER ] array (
  'host' => 'wuliu',
  'user-agent' => 'Mozilla/5.0 (Macintosh; Intel Mac OS X 10.13; rv:63.0) Gecko/20100101 Firefox/63.0',
  'accept' => 'text/html,application/xhtml+xml,application/xml;q=0.9,*/*;q=0.8',
  'accept-language' => 'zh-CN,zh;q=0.8,zh-TW;q=0.7,zh-HK;q=0.5,en-US;q=0.3,en;q=0.2',
  'accept-encoding' => 'gzip, deflate',
  'referer' => 'http://wuliu/admin/user/index.html',
  'connection' => 'keep-alive',
  'cookie' => 'PHPSESSID=63b30c808b4d2d4373836d141f9c5e08',
  'upgrade-insecure-requests' => '1',
  'cache-control' => 'max-age=0',
)
[ info ] [ PARAM ] array (
  'id' => '112038',
)
[ error ] [8192]Non-static method app\common\model\UsercommissionModel::commission() should not be called statically, assuming $this from incompatible context[/Applications/MAMP/htdocs/web/wuliu/application/admin/controller/UserController.php:32]
---------------------------------------------------------------
[ 2018-12-04T16:28:12+08:00 ] ::1 GET wuliu/admin/user/commission/id/112038.html
[运行时间：0.052135s] [吞吐率：19.18req/s] [内存消耗：4,341.45kb] [文件加载：87]
[ info ] [ LANG ] /Applications/MAMP/htdocs/web/wuliu/thinkphp/lang/zh-cn.php
[ info ] [ ROUTE ] array (
)
[ info ] [ HEADER ] array (
  'host' => 'wuliu',
  'user-agent' => 'Mozilla/5.0 (Macintosh; Intel Mac OS X 10.13; rv:63.0) Gecko/20100101 Firefox/63.0',
  'accept' => 'text/html,application/xhtml+xml,application/xml;q=0.9,*/*;q=0.8',
  'accept-language' => 'zh-CN,zh;q=0.8,zh-TW;q=0.7,zh-HK;q=0.5,en-US;q=0.3,en;q=0.2',
  'accept-encoding' => 'gzip, deflate',
  'referer' => 'http://wuliu/admin/user/index.html',
  'connection' => 'keep-alive',
  'cookie' => 'PHPSESSID=63b30c808b4d2d4373836d141f9c5e08',
  'upgrade-insecure-requests' => '1',
  'cache-control' => 'max-age=0',
)
[ info ] [ PARAM ] array (
  'id' => '112038',
)
[ info ] [ DB ] INIT mysql
[ sql ] [ DB ] CONNECT:[ UseTime:0.000630s ] mysql:host=127.0.0.1;port=3306;dbname=tybest;charset=utf8
[ error ] [10501]SQLSTATE[42S02]: Base table or view not found: 1146 Table 'tybest.usercommission' doesn't exist[/Applications/MAMP/htdocs/web/wuliu/thinkphp/library/think/db/Connection.php:699]
---------------------------------------------------------------
[ 2018-12-04T16:28:37+08:00 ] ::1 GET wuliu/admin/user/commission/id/112038.html
[运行时间：0.056476s] [吞吐率：17.71req/s] [内存消耗：4,343.08kb] [文件加载：87]
[ info ] [ LANG ] /Applications/MAMP/htdocs/web/wuliu/thinkphp/lang/zh-cn.php
[ info ] [ ROUTE ] array (
)
[ info ] [ HEADER ] array (
  'host' => 'wuliu',
  'user-agent' => 'Mozilla/5.0 (Macintosh; Intel Mac OS X 10.13; rv:63.0) Gecko/20100101 Firefox/63.0',
  'accept' => 'text/html,application/xhtml+xml,application/xml;q=0.9,*/*;q=0.8',
  'accept-language' => 'zh-CN,zh;q=0.8,zh-TW;q=0.7,zh-HK;q=0.5,en-US;q=0.3,en;q=0.2',
  'accept-encoding' => 'gzip, deflate',
  'referer' => 'http://wuliu/admin/user/index.html',
  'connection' => 'keep-alive',
  'cookie' => 'PHPSESSID=63b30c808b4d2d4373836d141f9c5e08',
  'upgrade-insecure-requests' => '1',
  'cache-control' => 'max-age=0',
)
[ info ] [ PARAM ] array (
  'id' => '112038',
)
[ info ] [ DB ] INIT mysql
[ sql ] [ DB ] CONNECT:[ UseTime:0.000633s ] mysql:host=127.0.0.1;port=3306;dbname=tybest;charset=utf8
[ sql ] [ SQL ] SHOW COLUMNS FROM `user_account` [ RunTime:0.000847s ]
[ error ] [10501]SQLSTATE[42S22]: Column not found: 1054 Unknown column 'user_is' in 'where clause'[/Applications/MAMP/htdocs/web/wuliu/thinkphp/library/think/db/Connection.php:699]
---------------------------------------------------------------
[ 2018-12-04T16:28:38+08:00 ] ::1 GET wuliu/admin/user/commission/id/112038.html
[运行时间：0.053952s] [吞吐率：18.54req/s] [内存消耗：4,342.95kb] [文件加载：87]
[ info ] [ LANG ] /Applications/MAMP/htdocs/web/wuliu/thinkphp/lang/zh-cn.php
[ info ] [ ROUTE ] array (
)
[ info ] [ HEADER ] array (
  'host' => 'wuliu',
  'user-agent' => 'Mozilla/5.0 (Macintosh; Intel Mac OS X 10.13; rv:63.0) Gecko/20100101 Firefox/63.0',
  'accept' => 'text/html,application/xhtml+xml,application/xml;q=0.9,*/*;q=0.8',
  'accept-language' => 'zh-CN,zh;q=0.8,zh-TW;q=0.7,zh-HK;q=0.5,en-US;q=0.3,en;q=0.2',
  'accept-encoding' => 'gzip, deflate',
  'referer' => 'http://wuliu/admin/user/index.html',
  'connection' => 'keep-alive',
  'cookie' => 'PHPSESSID=63b30c808b4d2d4373836d141f9c5e08',
  'upgrade-insecure-requests' => '1',
  'cache-control' => 'max-age=0',
)
[ info ] [ PARAM ] array (
  'id' => '112038',
)
[ info ] [ DB ] INIT mysql
[ sql ] [ DB ] CONNECT:[ UseTime:0.000696s ] mysql:host=127.0.0.1;port=3306;dbname=tybest;charset=utf8
[ sql ] [ SQL ] SHOW COLUMNS FROM `user_account` [ RunTime:0.000857s ]
[ error ] [10501]SQLSTATE[42S22]: Column not found: 1054 Unknown column 'user_is' in 'where clause'[/Applications/MAMP/htdocs/web/wuliu/thinkphp/library/think/db/Connection.php:699]
---------------------------------------------------------------
[ 2018-12-04T16:28:44+08:00 ] ::1 GET wuliu/admin/user/commission/id/112038.html
[运行时间：0.060321s] [吞吐率：16.58req/s] [内存消耗：4,499.46kb] [文件加载：86]
[ info ] [ LANG ] /Applications/MAMP/htdocs/web/wuliu/thinkphp/lang/zh-cn.php
[ info ] [ ROUTE ] array (
)
[ info ] [ HEADER ] array (
  'host' => 'wuliu',
  'user-agent' => 'Mozilla/5.0 (Macintosh; Intel Mac OS X 10.13; rv:63.0) Gecko/20100101 Firefox/63.0',
  'accept' => 'text/html,application/xhtml+xml,application/xml;q=0.9,*/*;q=0.8',
  'accept-language' => 'zh-CN,zh;q=0.8,zh-TW;q=0.7,zh-HK;q=0.5,en-US;q=0.3,en;q=0.2',
  'accept-encoding' => 'gzip, deflate',
  'referer' => 'http://wuliu/admin/user/index.html',
  'connection' => 'keep-alive',
  'cookie' => 'PHPSESSID=63b30c808b4d2d4373836d141f9c5e08',
  'upgrade-insecure-requests' => '1',
  'cache-control' => 'max-age=0',
)
[ info ] [ PARAM ] array (
  'id' => '112038',
)
[ info ] [ DB ] INIT mysql
[ info ] [ VIEW ] /Applications/MAMP/htdocs/web/wuliu/application/admin/view/user/commission.html [ array (
  0 => 'admin_name',
) ]
[ sql ] [ DB ] CONNECT:[ UseTime:0.000759s ] mysql:host=127.0.0.1;port=3306;dbname=tybest;charset=utf8
[ sql ] [ SQL ] SHOW COLUMNS FROM `user_account` [ RunTime:0.000875s ]
[ sql ] [ SQL ] SELECT * FROM `user_account` WHERE  `user_id` = 1003 [ RunTime:0.004569s ]
---------------------------------------------------------------
[ 2018-12-04T16:28:44+08:00 ] ::1 GET wuliu/static/admin/i/app-icon72x72@2x.png
[运行时间：0.037756s] [吞吐率：26.49req/s] [内存消耗：1,919.87kb] [文件加载：56]
[ info ] [ LANG ] /Applications/MAMP/htdocs/web/wuliu/thinkphp/lang/zh-cn.php
---------------------------------------------------------------
[ 2018-12-04T16:28:44+08:00 ] ::1 GET wuliu/static/admin/i/favicon.png
[运行时间：0.041860s] [吞吐率：23.89req/s] [内存消耗：1,920.12kb] [文件加载：56]
[ info ] [ LANG ] /Applications/MAMP/htdocs/web/wuliu/thinkphp/lang/zh-cn.php
---------------------------------------------------------------
[ 2018-12-04T16:33:11+08:00 ] ::1 GET wuliu/admin/user/commission/id/112038.html
[运行时间：0.042856s] [吞吐率：23.33req/s] [内存消耗：3,153.85kb] [文件加载：81]
[ info ] [ LANG ] /Applications/MAMP/htdocs/web/wuliu/thinkphp/lang/zh-cn.php
[ info ] [ ROUTE ] array (
)
[ info ] [ HEADER ] array (
  'host' => 'wuliu',
  'user-agent' => 'Mozilla/5.0 (Macintosh; Intel Mac OS X 10.13; rv:63.0) Gecko/20100101 Firefox/63.0',
  'accept' => 'text/html,application/xhtml+xml,application/xml;q=0.9,*/*;q=0.8',
  'accept-language' => 'zh-CN,zh;q=0.8,zh-TW;q=0.7,zh-HK;q=0.5,en-US;q=0.3,en;q=0.2',
  'accept-encoding' => 'gzip, deflate',
  'referer' => 'http://wuliu/admin/user/index.html',
  'connection' => 'keep-alive',
  'cookie' => 'PHPSESSID=63b30c808b4d2d4373836d141f9c5e08',
  'upgrade-insecure-requests' => '1',
  'cache-control' => 'max-age=0',
)
[ info ] [ PARAM ] array (
  'id' => '112038',
)
[ error ] [2]Missing argument 1 for app\common\model\UsercommissionModel::commission(), called in /Applications/MAMP/htdocs/web/wuliu/application/admin/controller/UserController.php on line 33 and defined[/Applications/MAMP/htdocs/web/wuliu/application/common/model/UsercommissionModel.php:10]
---------------------------------------------------------------
[ 2018-12-04T16:47:23+08:00 ] ::1 GET wuliu/admin/user/commission/id/112038.html
[运行时间：0.051860s] [吞吐率：19.28req/s] [内存消耗：2,619.74kb] [文件加载：71]
[ info ] [ LANG ] /Applications/MAMP/htdocs/web/wuliu/thinkphp/lang/zh-cn.php
[ info ] [ ROUTE ] array (
)
[ info ] [ HEADER ] array (
  'host' => 'wuliu',
  'user-agent' => 'Mozilla/5.0 (Macintosh; Intel Mac OS X 10.13; rv:63.0) Gecko/20100101 Firefox/63.0',
  'accept' => 'text/html,application/xhtml+xml,application/xml;q=0.9,*/*;q=0.8',
  'accept-language' => 'zh-CN,zh;q=0.8,zh-TW;q=0.7,zh-HK;q=0.5,en-US;q=0.3,en;q=0.2',
  'accept-encoding' => 'gzip, deflate',
  'connection' => 'keep-alive',
  'upgrade-insecure-requests' => '1',
)
[ info ] [ PARAM ] array (
  'id' => '112038',
)
---------------------------------------------------------------
[ 2018-12-04T16:47:23+08:00 ] ::1 GET wuliu/admin/login/index.html
[运行时间：0.031345s] [吞吐率：31.90req/s] [内存消耗：2,573.79kb] [文件加载：69]
[ info ] [ LANG ] /Applications/MAMP/htdocs/web/wuliu/thinkphp/lang/zh-cn.php
[ info ] [ ROUTE ] array (
)
[ info ] [ HEADER ] array (
  'host' => 'wuliu',
  'user-agent' => 'Mozilla/5.0 (Macintosh; Intel Mac OS X 10.13; rv:63.0) Gecko/20100101 Firefox/63.0',
  'accept' => 'text/html,application/xhtml+xml,application/xml;q=0.9,*/*;q=0.8',
  'accept-language' => 'zh-CN,zh;q=0.8,zh-TW;q=0.7,zh-HK;q=0.5,en-US;q=0.3,en;q=0.2',
  'accept-encoding' => 'gzip, deflate',
  'connection' => 'keep-alive',
  'cookie' => 'PHPSESSID=65b80d3b8f51d9e42879060b99e720cb',
  'upgrade-insecure-requests' => '1',
)
[ info ] [ PARAM ] array (
)
[ info ] [ VIEW ] /Applications/MAMP/htdocs/web/wuliu/application/admin/view/login/index.html [ array (
) ]
---------------------------------------------------------------
[ 2018-12-04T16:47:23+08:00 ] ::1 GET wuliu/captcha.html
[运行时间：0.039511s] [吞吐率：25.31req/s] [内存消耗：1,911.48kb] [文件加载：56]
[ info ] [ LANG ] /Applications/MAMP/htdocs/web/wuliu/thinkphp/lang/zh-cn.php
[ info ] [ ROUTE ] array (
  'rule' => 'captcha/<id?>',
  'route' => '\\think\\captcha\\CaptchaController@index',
  'option' => 
  array (
    'merge_rule_regex' => false,
  ),
  'var' => 
  array (
  ),
)
[ info ] [ HEADER ] array (
  'host' => 'wuliu',
  'user-agent' => 'Mozilla/5.0 (Macintosh; Intel Mac OS X 10.13; rv:63.0) Gecko/20100101 Firefox/63.0',
  'accept' => '*/*',
  'accept-language' => 'zh-CN,zh;q=0.8,zh-TW;q=0.7,zh-HK;q=0.5,en-US;q=0.3,en;q=0.2',
  'accept-encoding' => 'gzip, deflate',
  'referer' => 'http://wuliu/admin/login/index.html',
  'connection' => 'keep-alive',
  'cookie' => 'PHPSESSID=65b80d3b8f51d9e42879060b99e720cb',
)
[ info ] [ PARAM ] array (
)
---------------------------------------------------------------
[ 2018-12-04T16:47:54+08:00 ] ::1 POST wuliu/portal/loginadmin/login.html
[运行时间：0.081261s] [吞吐率：12.31req/s] [内存消耗：4,290.13kb] [文件加载：83]
[ info ] [ LANG ] /Applications/MAMP/htdocs/web/wuliu/thinkphp/lang/zh-cn.php
[ info ] [ ROUTE ] array (
)
[ info ] [ HEADER ] array (
  'host' => 'wuliu',
  'user-agent' => 'Mozilla/5.0 (Macintosh; Intel Mac OS X 10.13; rv:63.0) Gecko/20100101 Firefox/63.0',
  'accept' => 'application/json, text/javascript, */*; q=0.01',
  'accept-language' => 'zh-CN,zh;q=0.8,zh-TW;q=0.7,zh-HK;q=0.5,en-US;q=0.3,en;q=0.2',
  'accept-encoding' => 'gzip, deflate',
  'referer' => 'http://wuliu/admin/login/index.html',
  'content-type' => 'application/x-www-form-urlencoded; charset=UTF-8',
  'x-requested-with' => 'XMLHttpRequest',
  'content-length' => '51',
  'connection' => 'keep-alive',
  'cookie' => 'PHPSESSID=65b80d3b8f51d9e42879060b99e720cb',
)
[ info ] [ PARAM ] array (
  'name' => 'zhaozilong',
  'pwd' => 'wanan521zhao',
  'verification' => '10258',
)
[ info ] [ DB ] INIT mysql
[ sql ] [ DB ] CONNECT:[ UseTime:0.000762s ] mysql:host=127.0.0.1;port=3306;dbname=tybest;charset=utf8
[ sql ] [ SQL ] SHOW COLUMNS FROM `admin` [ RunTime:0.001831s ]
[ sql ] [ SQL ] SELECT * FROM `admin` WHERE  `user_name` = 'zhaozilong' LIMIT 1 [ RunTime:0.000682s ]
---------------------------------------------------------------
[ 2018-12-04T16:47:54+08:00 ] ::1 GET wuliu/admin/index/index.html
[运行时间：0.228280s] [吞吐率：4.38req/s] [内存消耗：4,508.90kb] [文件加载：86]
[ info ] [ LANG ] /Applications/MAMP/htdocs/web/wuliu/thinkphp/lang/zh-cn.php
[ info ] [ ROUTE ] array (
)
[ info ] [ HEADER ] array (
  'host' => 'wuliu',
  'user-agent' => 'Mozilla/5.0 (Macintosh; Intel Mac OS X 10.13; rv:63.0) Gecko/20100101 Firefox/63.0',
  'accept' => 'text/html,application/xhtml+xml,application/xml;q=0.9,*/*;q=0.8',
  'accept-language' => 'zh-CN,zh;q=0.8,zh-TW;q=0.7,zh-HK;q=0.5,en-US;q=0.3,en;q=0.2',
  'accept-encoding' => 'gzip, deflate',
  'referer' => 'http://wuliu/admin/login/index.html',
  'connection' => 'keep-alive',
  'cookie' => 'PHPSESSID=65b80d3b8f51d9e42879060b99e720cb',
  'upgrade-insecure-requests' => '1',
)
[ info ] [ PARAM ] array (
)
[ info ] [ DB ] INIT mysql
[ info ] [ VIEW ] /Applications/MAMP/htdocs/web/wuliu/application/admin/view/index/index.html [ array (
  0 => 'admin_name',
  1 => 'data',
) ]
[ sql ] [ DB ] CONNECT:[ UseTime:0.000539s ] mysql:host=127.0.0.1;port=3306;dbname=tybest;charset=utf8
[ sql ] [ SQL ] SHOW COLUMNS FROM `goods` [ RunTime:0.004601s ]
[ sql ] [ SQL ] SELECT COUNT(*) AS tp_count FROM `goods` `g` INNER JOIN `goods_standard` `gs` ON `g`.`goods_id`=`gs`.`goods_id` WHERE  `g`.`is_delete` = '0'  AND `g`.`is_on_sale` = '1'  AND `gs`.`stock` = '0' LIMIT 1 [ RunTime:0.006615s ]
[ sql ] [ SQL ] SELECT COUNT(*) AS tp_count FROM ( SELECT `gs`.`warn_number`,`gs`.`goods_standard_id` FROM `goods` `g` INNER JOIN `goods_standard` `gs` ON `g`.`goods_id`=`gs`.`goods_id` WHERE  `g`.`is_delete` = '0'  AND `g`.`is_on_sale` = '1' )t INNER JOIN `goods_standard` `gs` ON `t`.`goods_standard_id`=`gs`.`goods_standard_id` WHERE  `gs`.`stock` <= 't.warn_number' LIMIT 1 [ RunTime:0.001115s ]
[ sql ] [ SQL ] SHOW COLUMNS FROM `order_info` [ RunTime:0.012796s ]
[ sql ] [ SQL ] SELECT COUNT(*) AS tp_count FROM `order_info` WHERE  `pay_status` = 0 LIMIT 1 [ RunTime:0.000698s ]
[ sql ] [ SQL ] SELECT COUNT(*) AS tp_count FROM `order_info` WHERE  `apply_refund_time` > '0'  AND `refund_status` = 1 LIMIT 1 [ RunTime:0.017609s ]
[ sql ] [ SQL ] SHOW COLUMNS FROM `user` [ RunTime:0.008975s ]
[ sql ] [ SQL ] SELECT COUNT(*) AS tp_count FROM `user` WHERE  `agent_time` >= '2018-12-01'  AND `agent_time` <= '2018-12-31' LIMIT 1 [ RunTime:0.090734s ]
[ sql ] [ SQL ] SELECT sum(goods_amount) as pirce,count(order_info_id) as num FROM `order_info` WHERE  `pay_status` = 2  AND `add_time` >= 1543593600  AND `add_time` <= 1546271999 LIMIT 1 [ RunTime:0.009203s ]
---------------------------------------------------------------
[ 2018-12-04T16:47:54+08:00 ] ::1 GET wuliu/static/admin/i/favicon.png
[运行时间：0.037228s] [吞吐率：26.86req/s] [内存消耗：1,920.12kb] [文件加载：56]
[ info ] [ LANG ] /Applications/MAMP/htdocs/web/wuliu/thinkphp/lang/zh-cn.php
---------------------------------------------------------------
[ 2018-12-04T16:47:54+08:00 ] ::1 GET wuliu/static/admin/i/app-icon72x72@2x.png
[运行时间：0.037682s] [吞吐率：26.54req/s] [内存消耗：1,919.63kb] [文件加载：56]
[ info ] [ LANG ] /Applications/MAMP/htdocs/web/wuliu/thinkphp/lang/zh-cn.php
---------------------------------------------------------------
[ 2018-12-04T16:47:58+08:00 ] ::1 GET wuliu/admin/user/index.html
[运行时间：0.261525s] [吞吐率：3.82req/s] [内存消耗：4,649.21kb] [文件加载：88]
[ info ] [ LANG ] /Applications/MAMP/htdocs/web/wuliu/thinkphp/lang/zh-cn.php
[ info ] [ ROUTE ] array (
)
[ info ] [ HEADER ] array (
  'host' => 'wuliu',
  'user-agent' => 'Mozilla/5.0 (Macintosh; Intel Mac OS X 10.13; rv:63.0) Gecko/20100101 Firefox/63.0',
  'accept' => 'text/html,application/xhtml+xml,application/xml;q=0.9,*/*;q=0.8',
  'accept-language' => 'zh-CN,zh;q=0.8,zh-TW;q=0.7,zh-HK;q=0.5,en-US;q=0.3,en;q=0.2',
  'accept-encoding' => 'gzip, deflate',
  'referer' => 'http://wuliu/admin/index/index.html',
  'connection' => 'keep-alive',
  'cookie' => 'PHPSESSID=65b80d3b8f51d9e42879060b99e720cb',
  'upgrade-insecure-requests' => '1',
)
[ info ] [ PARAM ] array (
)
[ info ] [ DB ] INIT mysql
[ info ] [ VIEW ] /Applications/MAMP/htdocs/web/wuliu/application/admin/view/user/index.html [ array (
  0 => 'admin_name',
  1 => 'list',
) ]
[ sql ] [ DB ] CONNECT:[ UseTime:0.000778s ] mysql:host=127.0.0.1;port=3306;dbname=tybest;charset=utf8
[ sql ] [ SQL ] SHOW COLUMNS FROM `user` [ RunTime:0.001267s ]
[ sql ] [ SQL ] SELECT COUNT(*) AS tp_count FROM user u INNER JOIN `user` `us` ON `us`.`user_id`=`u`.`parent_id` INNER JOIN `admin` `ad` ON `ad`.`admin_id`=`u`.`kfuser` LIMIT 1 [ RunTime:0.196202s ]
[ sql ] [ SQL ] SELECT `u`.`user_id`,`u`.`head_image_url`,`u`.`telephone`,`u`.`nick_name`,`u`.`unionid`,`u`.`user_role`,us.nick_name as p_name,`u`.`openid`,`u`.`create_time`,`u`.`is_subscribe`,ad.name as kfuser FROM user u INNER JOIN `user` `us` ON `us`.`user_id`=`u`.`parent_id` INNER JOIN `admin` `ad` ON `ad`.`admin_id`=`u`.`kfuser` ORDER BY `u`.`user_id` DESC LIMIT 0,20 [ RunTime:0.000816s ]
---------------------------------------------------------------
[ 2018-12-04T16:47:58+08:00 ] ::1 GET wuliu/static/admin/i/favicon.png
[运行时间：0.041693s] [吞吐率：23.98req/s] [内存消耗：1,919.74kb] [文件加载：56]
[ info ] [ LANG ] /Applications/MAMP/htdocs/web/wuliu/thinkphp/lang/zh-cn.php
---------------------------------------------------------------
[ 2018-12-04T16:47:58+08:00 ] ::1 GET wuliu/static/admin/i/app-icon72x72@2x.png
[运行时间：0.041979s] [吞吐率：23.82req/s] [内存消耗：1,919.89kb] [文件加载：56]
[ info ] [ LANG ] /Applications/MAMP/htdocs/web/wuliu/thinkphp/lang/zh-cn.php
---------------------------------------------------------------
[ 2018-12-04T16:48:00+08:00 ] ::1 GET wuliu/admin/user/commission/id/112038.html
[运行时间：0.040614s] [吞吐率：24.62req/s] [内存消耗：3,096.45kb] [文件加载：80]
[ info ] [ LANG ] /Applications/MAMP/htdocs/web/wuliu/thinkphp/lang/zh-cn.php
[ info ] [ ROUTE ] array (
)
[ info ] [ HEADER ] array (
  'host' => 'wuliu',
  'user-agent' => 'Mozilla/5.0 (Macintosh; Intel Mac OS X 10.13; rv:63.0) Gecko/20100101 Firefox/63.0',
  'accept' => 'text/html,application/xhtml+xml,application/xml;q=0.9,*/*;q=0.8',
  'accept-language' => 'zh-CN,zh;q=0.8,zh-TW;q=0.7,zh-HK;q=0.5,en-US;q=0.3,en;q=0.2',
  'accept-encoding' => 'gzip, deflate',
  'referer' => 'http://wuliu/admin/user/index.html',
  'connection' => 'keep-alive',
  'cookie' => 'PHPSESSID=65b80d3b8f51d9e42879060b99e720cb',
  'upgrade-insecure-requests' => '1',
)
[ info ] [ PARAM ] array (
  'id' => '112038',
)
[ error ] [8]未定义变量: user_id[/Applications/MAMP/htdocs/web/wuliu/application/admin/controller/UserController.php:31]
---------------------------------------------------------------
[ 2018-12-04T16:48:12+08:00 ] ::1 GET wuliu/admin/user/commission/id/112038.html
[运行时间：0.066091s] [吞吐率：15.13req/s] [内存消耗：4,499.37kb] [文件加载：86]
[ info ] [ LANG ] /Applications/MAMP/htdocs/web/wuliu/thinkphp/lang/zh-cn.php
[ info ] [ ROUTE ] array (
)
[ info ] [ HEADER ] array (
  'host' => 'wuliu',
  'user-agent' => 'Mozilla/5.0 (Macintosh; Intel Mac OS X 10.13; rv:63.0) Gecko/20100101 Firefox/63.0',
  'accept' => 'text/html,application/xhtml+xml,application/xml;q=0.9,*/*;q=0.8',
  'accept-language' => 'zh-CN,zh;q=0.8,zh-TW;q=0.7,zh-HK;q=0.5,en-US;q=0.3,en;q=0.2',
  'accept-encoding' => 'gzip, deflate',
  'referer' => 'http://wuliu/admin/user/index.html',
  'connection' => 'keep-alive',
  'cookie' => 'PHPSESSID=65b80d3b8f51d9e42879060b99e720cb',
  'upgrade-insecure-requests' => '1',
  'cache-control' => 'max-age=0',
)
[ info ] [ PARAM ] array (
  'id' => '112038',
)
[ info ] [ DB ] INIT mysql
[ info ] [ VIEW ] /Applications/MAMP/htdocs/web/wuliu/application/admin/view/user/commission.html [ array (
  0 => 'admin_name',
) ]
[ sql ] [ DB ] CONNECT:[ UseTime:0.000956s ] mysql:host=127.0.0.1;port=3306;dbname=tybest;charset=utf8
[ sql ] [ SQL ] SHOW COLUMNS FROM `user_account` [ RunTime:0.001251s ]
[ sql ] [ SQL ] SELECT * FROM `user_account` WHERE  `user_id` = 1003 [ RunTime:0.004773s ]
---------------------------------------------------------------
[ 2018-12-04T16:48:12+08:00 ] ::1 GET wuliu/static/admin/i/app-icon72x72@2x.png
[运行时间：0.033720s] [吞吐率：29.66req/s] [内存消耗：1,920.00kb] [文件加载：56]
[ info ] [ LANG ] /Applications/MAMP/htdocs/web/wuliu/thinkphp/lang/zh-cn.php
---------------------------------------------------------------
[ 2018-12-04T16:48:12+08:00 ] ::1 GET wuliu/static/admin/i/favicon.png
[运行时间：0.033994s] [吞吐率：29.42req/s] [内存消耗：1,919.71kb] [文件加载：56]
[ info ] [ LANG ] /Applications/MAMP/htdocs/web/wuliu/thinkphp/lang/zh-cn.php
---------------------------------------------------------------
[ 2018-12-04T16:51:01+08:00 ] ::1 GET wuliu/admin/user/commission/id/112038.html
[运行时间：0.064121s] [吞吐率：15.60req/s] [内存消耗：4,499.37kb] [文件加载：86]
[ info ] [ LANG ] /Applications/MAMP/htdocs/web/wuliu/thinkphp/lang/zh-cn.php
[ info ] [ ROUTE ] array (
)
[ info ] [ HEADER ] array (
  'host' => 'wuliu',
  'user-agent' => 'Mozilla/5.0 (Macintosh; Intel Mac OS X 10.13; rv:63.0) Gecko/20100101 Firefox/63.0',
  'accept' => 'text/html,application/xhtml+xml,application/xml;q=0.9,*/*;q=0.8',
  'accept-language' => 'zh-CN,zh;q=0.8,zh-TW;q=0.7,zh-HK;q=0.5,en-US;q=0.3,en;q=0.2',
  'accept-encoding' => 'gzip, deflate',
  'referer' => 'http://wuliu/admin/user/index.html',
  'connection' => 'keep-alive',
  'cookie' => 'PHPSESSID=65b80d3b8f51d9e42879060b99e720cb',
  'upgrade-insecure-requests' => '1',
  'cache-control' => 'max-age=0',
)
[ info ] [ PARAM ] array (
  'id' => '112038',
)
[ info ] [ DB ] INIT mysql
[ info ] [ VIEW ] /Applications/MAMP/htdocs/web/wuliu/application/admin/view/user/commission.html [ array (
  0 => 'admin_name',
) ]
[ sql ] [ DB ] CONNECT:[ UseTime:0.000548s ] mysql:host=127.0.0.1;port=3306;dbname=tybest;charset=utf8
[ sql ] [ SQL ] SHOW COLUMNS FROM `user_account` [ RunTime:0.000955s ]
[ sql ] [ SQL ] SELECT * FROM `user_account` WHERE  `user_id` = 1003 [ RunTime:0.004726s ]
---------------------------------------------------------------
[ 2018-12-04T16:51:01+08:00 ] ::1 GET wuliu/static/admin/i/favicon.png
[运行时间：0.032373s] [吞吐率：30.89req/s] [内存消耗：1,920.12kb] [文件加载：56]
[ info ] [ LANG ] /Applications/MAMP/htdocs/web/wuliu/thinkphp/lang/zh-cn.php
---------------------------------------------------------------
[ 2018-12-04T16:51:01+08:00 ] ::1 GET wuliu/static/admin/i/app-icon72x72@2x.png
[运行时间：0.032864s] [吞吐率：30.43req/s] [内存消耗：1,919.63kb] [文件加载：56]
[ info ] [ LANG ] /Applications/MAMP/htdocs/web/wuliu/thinkphp/lang/zh-cn.php
---------------------------------------------------------------
[ 2018-12-04T16:51:22+08:00 ] ::1 GET wuliu/admin/user/commission/id/112038.html
[运行时间：0.064016s] [吞吐率：15.62req/s] [内存消耗：4,467.29kb] [文件加载：86]
[ info ] [ LANG ] /Applications/MAMP/htdocs/web/wuliu/thinkphp/lang/zh-cn.php
[ info ] [ ROUTE ] array (
)
[ info ] [ HEADER ] array (
  'host' => 'wuliu',
  'user-agent' => 'Mozilla/5.0 (Macintosh; Intel Mac OS X 10.13; rv:63.0) Gecko/20100101 Firefox/63.0',
  'accept' => 'text/html,application/xhtml+xml,application/xml;q=0.9,*/*;q=0.8',
  'accept-language' => 'zh-CN,zh;q=0.8,zh-TW;q=0.7,zh-HK;q=0.5,en-US;q=0.3,en;q=0.2',
  'accept-encoding' => 'gzip, deflate',
  'referer' => 'http://wuliu/admin/user/index.html',
  'connection' => 'keep-alive',
  'cookie' => 'PHPSESSID=65b80d3b8f51d9e42879060b99e720cb',
  'upgrade-insecure-requests' => '1',
  'cache-control' => 'max-age=0',
)
[ info ] [ PARAM ] array (
  'id' => '112038',
)
[ info ] [ DB ] INIT mysql
[ info ] [ VIEW ] /Applications/MAMP/htdocs/web/wuliu/application/admin/view/user/commission.html [ array (
  0 => 'admin_name',
) ]
[ sql ] [ DB ] CONNECT:[ UseTime:0.000605s ] mysql:host=127.0.0.1;port=3306;dbname=tybest;charset=utf8
[ sql ] [ SQL ] SHOW COLUMNS FROM `user_account` [ RunTime:0.000953s ]
[ sql ] [ SQL ] SELECT * FROM `user_account` WHERE  `user_id` = 1003 [ RunTime:0.004781s ]
---------------------------------------------------------------
[ 2018-12-04T16:51:22+08:00 ] ::1 GET wuliu/static/admin/i/favicon.png
[运行时间：0.030439s] [吞吐率：32.85req/s] [内存消耗：1,919.74kb] [文件加载：56]
[ info ] [ LANG ] /Applications/MAMP/htdocs/web/wuliu/thinkphp/lang/zh-cn.php
---------------------------------------------------------------
[ 2018-12-04T16:51:22+08:00 ] ::1 GET wuliu/static/admin/i/app-icon72x72@2x.png
[运行时间：0.030381s] [吞吐率：32.92req/s] [内存消耗：1,919.89kb] [文件加载：56]
[ info ] [ LANG ] /Applications/MAMP/htdocs/web/wuliu/thinkphp/lang/zh-cn.php
