---------------------------------------------------------------
[ 2018-12-14T09:34:39+08:00 ] ::1 GET wuliu/admin/user/commission/id/15724.html
[运行时间：0.070318s] [吞吐率：14.22req/s] [内存消耗：2,621.31kb] [文件加载：71]
[ info ] [ LANG ] /Applications/MAMP/htdocs/web/wuliu/thinkphp/lang/zh-cn.php
[ info ] [ ROUTE ] array (
)
[ info ] [ HEADER ] array (
  'host' => 'wuliu',
  'user-agent' => 'Mozilla/5.0 (Macintosh; Intel Mac OS X 10.13; rv:63.0) Gecko/20100101 Firefox/63.0',
  'accept' => 'text/html,application/xhtml+xml,application/xml;q=0.9,*/*;q=0.8',
  'accept-language' => 'zh-CN,zh;q=0.8,zh-TW;q=0.7,zh-HK;q=0.5,en-US;q=0.3,en;q=0.2',
  'accept-encoding' => 'gzip, deflate',
  'connection' => 'keep-alive',
  'cookie' => 'PHPSESSID=dad2e4038a553f1f147d91589be2538e',
  'upgrade-insecure-requests' => '1',
  'cache-control' => 'max-age=0',
)
[ info ] [ PARAM ] array (
  'id' => '15724',
)
---------------------------------------------------------------
[ 2018-12-14T09:34:39+08:00 ] ::1 GET wuliu/admin/login/index.html
[运行时间：0.031815s] [吞吐率：31.43req/s] [内存消耗：2,573.68kb] [文件加载：69]
[ info ] [ LANG ] /Applications/MAMP/htdocs/web/wuliu/thinkphp/lang/zh-cn.php
[ info ] [ ROUTE ] array (
)
[ info ] [ HEADER ] array (
  'host' => 'wuliu',
  'user-agent' => 'Mozilla/5.0 (Macintosh; Intel Mac OS X 10.13; rv:63.0) Gecko/20100101 Firefox/63.0',
  'accept' => 'text/html,application/xhtml+xml,application/xml;q=0.9,*/*;q=0.8',
  'accept-language' => 'zh-CN,zh;q=0.8,zh-TW;q=0.7,zh-HK;q=0.5,en-US;q=0.3,en;q=0.2',
  'accept-encoding' => 'gzip, deflate',
  'connection' => 'keep-alive',
  'cookie' => 'PHPSESSID=dad2e4038a553f1f147d91589be2538e',
  'upgrade-insecure-requests' => '1',
  'cache-control' => 'max-age=0',
)
[ info ] [ PARAM ] array (
)
[ info ] [ VIEW ] /Applications/MAMP/htdocs/web/wuliu/application/admin/view/login/index.html [ array (
) ]
---------------------------------------------------------------
[ 2018-12-14T09:34:39+08:00 ] ::1 GET wuliu/captcha.html
[运行时间：0.155105s] [吞吐率：6.45req/s] [内存消耗：1,911.98kb] [文件加载：56]
[ info ] [ LANG ] /Applications/MAMP/htdocs/web/wuliu/thinkphp/lang/zh-cn.php
[ info ] [ ROUTE ] array (
  'rule' => 'captcha/<id?>',
  'route' => '\\think\\captcha\\CaptchaController@index',
  'option' => 
  array (
    'merge_rule_regex' => false,
  ),
  'var' => 
  array (
  ),
)
[ info ] [ HEADER ] array (
  'host' => 'wuliu',
  'user-agent' => 'Mozilla/5.0 (Macintosh; Intel Mac OS X 10.13; rv:63.0) Gecko/20100101 Firefox/63.0',
  'accept' => '*/*',
  'accept-language' => 'zh-CN,zh;q=0.8,zh-TW;q=0.7,zh-HK;q=0.5,en-US;q=0.3,en;q=0.2',
  'accept-encoding' => 'gzip, deflate',
  'referer' => 'http://wuliu/admin/login/index.html',
  'connection' => 'keep-alive',
  'cookie' => 'PHPSESSID=dad2e4038a553f1f147d91589be2538e',
  'cache-control' => 'max-age=0',
)
[ info ] [ PARAM ] array (
)
---------------------------------------------------------------
[ 2018-12-14T09:34:55+08:00 ] ::1 POST wuliu/portal/loginadmin/login.html
[运行时间：0.093355s] [吞吐率：10.71req/s] [内存消耗：4,289.59kb] [文件加载：83]
[ info ] [ LANG ] /Applications/MAMP/htdocs/web/wuliu/thinkphp/lang/zh-cn.php
[ info ] [ ROUTE ] array (
)
[ info ] [ HEADER ] array (
  'host' => 'wuliu',
  'user-agent' => 'Mozilla/5.0 (Macintosh; Intel Mac OS X 10.13; rv:63.0) Gecko/20100101 Firefox/63.0',
  'accept' => 'application/json, text/javascript, */*; q=0.01',
  'accept-language' => 'zh-CN,zh;q=0.8,zh-TW;q=0.7,zh-HK;q=0.5,en-US;q=0.3,en;q=0.2',
  'accept-encoding' => 'gzip, deflate',
  'referer' => 'http://wuliu/admin/login/index.html',
  'content-type' => 'application/x-www-form-urlencoded; charset=UTF-8',
  'x-requested-with' => 'XMLHttpRequest',
  'content-length' => '51',
  'connection' => 'keep-alive',
  'cookie' => 'PHPSESSID=dad2e4038a553f1f147d91589be2538e',
)
[ info ] [ PARAM ] array (
  'name' => 'zhaozilong',
  'pwd' => 'wanan521zhao',
  'verification' => '30341',
)
[ info ] [ DB ] INIT mysql
[ sql ] [ DB ] CONNECT:[ UseTime:0.000959s ] mysql:host=127.0.0.1;port=3306;dbname=tybest;charset=utf8
[ sql ] [ SQL ] SHOW COLUMNS FROM `admin` [ RunTime:0.010609s ]
[ sql ] [ SQL ] SELECT * FROM `admin` WHERE  `user_name` = 'zhaozilong' LIMIT 1 [ RunTime:0.001098s ]
---------------------------------------------------------------
[ 2018-12-14T09:34:55+08:00 ] ::1 GET wuliu/admin/index/index.html
[运行时间：0.255393s] [吞吐率：3.92req/s] [内存消耗：4,508.90kb] [文件加载：86]
[ info ] [ LANG ] /Applications/MAMP/htdocs/web/wuliu/thinkphp/lang/zh-cn.php
[ info ] [ ROUTE ] array (
)
[ info ] [ HEADER ] array (
  'host' => 'wuliu',
  'user-agent' => 'Mozilla/5.0 (Macintosh; Intel Mac OS X 10.13; rv:63.0) Gecko/20100101 Firefox/63.0',
  'accept' => 'text/html,application/xhtml+xml,application/xml;q=0.9,*/*;q=0.8',
  'accept-language' => 'zh-CN,zh;q=0.8,zh-TW;q=0.7,zh-HK;q=0.5,en-US;q=0.3,en;q=0.2',
  'accept-encoding' => 'gzip, deflate',
  'referer' => 'http://wuliu/admin/login/index.html',
  'connection' => 'keep-alive',
  'cookie' => 'PHPSESSID=dad2e4038a553f1f147d91589be2538e',
  'upgrade-insecure-requests' => '1',
)
[ info ] [ PARAM ] array (
)
[ info ] [ DB ] INIT mysql
[ info ] [ VIEW ] /Applications/MAMP/htdocs/web/wuliu/application/admin/view/index/index.html [ array (
  0 => 'admin_name',
  1 => 'data',
) ]
[ sql ] [ DB ] CONNECT:[ UseTime:0.000625s ] mysql:host=127.0.0.1;port=3306;dbname=tybest;charset=utf8
[ sql ] [ SQL ] SHOW COLUMNS FROM `goods` [ RunTime:0.005658s ]
[ sql ] [ SQL ] SELECT COUNT(*) AS tp_count FROM `goods` `g` INNER JOIN `goods_standard` `gs` ON `g`.`goods_id`=`gs`.`goods_id` WHERE  `g`.`is_delete` = '0'  AND `g`.`is_on_sale` = '1'  AND `gs`.`stock` = '0' LIMIT 1 [ RunTime:0.009082s ]
[ sql ] [ SQL ] SELECT COUNT(*) AS tp_count FROM ( SELECT `gs`.`warn_number`,`gs`.`goods_standard_id` FROM `goods` `g` INNER JOIN `goods_standard` `gs` ON `g`.`goods_id`=`gs`.`goods_id` WHERE  `g`.`is_delete` = '0'  AND `g`.`is_on_sale` = '1' )t INNER JOIN `goods_standard` `gs` ON `t`.`goods_standard_id`=`gs`.`goods_standard_id` WHERE  `gs`.`stock` <= 't.warn_number' LIMIT 1 [ RunTime:0.001103s ]
[ sql ] [ SQL ] SHOW COLUMNS FROM `order_info` [ RunTime:0.020022s ]
[ sql ] [ SQL ] SELECT COUNT(*) AS tp_count FROM `order_info` WHERE  `pay_status` = 0 LIMIT 1 [ RunTime:0.000845s ]
[ sql ] [ SQL ] SELECT COUNT(*) AS tp_count FROM `order_info` WHERE  `apply_refund_time` > '0'  AND `refund_status` = 1 LIMIT 1 [ RunTime:0.019602s ]
[ sql ] [ SQL ] SHOW COLUMNS FROM `user` [ RunTime:0.011665s ]
[ sql ] [ SQL ] SELECT COUNT(*) AS tp_count FROM `user` WHERE  `agent_time` >= '2018-12-01'  AND `agent_time` <= '2018-12-31' LIMIT 1 [ RunTime:0.092472s ]
[ sql ] [ SQL ] SELECT sum(goods_amount) as pirce,count(order_info_id) as num FROM `order_info` WHERE  `pay_status` = 2  AND `add_time` >= 1543593600  AND `add_time` <= 1546271999 LIMIT 1 [ RunTime:0.010503s ]
---------------------------------------------------------------
[ 2018-12-14T09:34:55+08:00 ] ::1 GET wuliu/static/admin/i/favicon.png
[运行时间：0.052497s] [吞吐率：19.05req/s] [内存消耗：1,919.74kb] [文件加载：56]
[ info ] [ LANG ] /Applications/MAMP/htdocs/web/wuliu/thinkphp/lang/zh-cn.php
---------------------------------------------------------------
[ 2018-12-14T09:34:55+08:00 ] ::1 GET wuliu/static/admin/i/app-icon72x72@2x.png
[运行时间：0.044832s] [吞吐率：22.31req/s] [内存消耗：1,919.89kb] [文件加载：56]
[ info ] [ LANG ] /Applications/MAMP/htdocs/web/wuliu/thinkphp/lang/zh-cn.php
---------------------------------------------------------------
[ 2018-12-14T09:34:58+08:00 ] ::1 GET wuliu/admin/index/index.html
[运行时间：0.112826s] [吞吐率：8.86req/s] [内存消耗：4,508.90kb] [文件加载：86]
[ info ] [ LANG ] /Applications/MAMP/htdocs/web/wuliu/thinkphp/lang/zh-cn.php
[ info ] [ ROUTE ] array (
)
[ info ] [ HEADER ] array (
  'host' => 'wuliu',
  'user-agent' => 'Mozilla/5.0 (Macintosh; Intel Mac OS X 10.13; rv:63.0) Gecko/20100101 Firefox/63.0',
  'accept' => 'text/html,application/xhtml+xml,application/xml;q=0.9,*/*;q=0.8',
  'accept-language' => 'zh-CN,zh;q=0.8,zh-TW;q=0.7,zh-HK;q=0.5,en-US;q=0.3,en;q=0.2',
  'accept-encoding' => 'gzip, deflate',
  'referer' => 'http://wuliu/admin/index/index.html',
  'connection' => 'keep-alive',
  'cookie' => 'PHPSESSID=dad2e4038a553f1f147d91589be2538e',
  'upgrade-insecure-requests' => '1',
)
[ info ] [ PARAM ] array (
)
[ info ] [ DB ] INIT mysql
[ info ] [ VIEW ] /Applications/MAMP/htdocs/web/wuliu/application/admin/view/index/index.html [ array (
  0 => 'admin_name',
  1 => 'data',
) ]
[ sql ] [ DB ] CONNECT:[ UseTime:0.000662s ] mysql:host=127.0.0.1;port=3306;dbname=tybest;charset=utf8
[ sql ] [ SQL ] SHOW COLUMNS FROM `goods` [ RunTime:0.001207s ]
[ sql ] [ SQL ] SELECT COUNT(*) AS tp_count FROM `goods` `g` INNER JOIN `goods_standard` `gs` ON `g`.`goods_id`=`gs`.`goods_id` WHERE  `g`.`is_delete` = '0'  AND `g`.`is_on_sale` = '1'  AND `gs`.`stock` = '0' LIMIT 1 [ RunTime:0.001073s ]
[ sql ] [ SQL ] SELECT COUNT(*) AS tp_count FROM ( SELECT `gs`.`warn_number`,`gs`.`goods_standard_id` FROM `goods` `g` INNER JOIN `goods_standard` `gs` ON `g`.`goods_id`=`gs`.`goods_id` WHERE  `g`.`is_delete` = '0'  AND `g`.`is_on_sale` = '1' )t INNER JOIN `goods_standard` `gs` ON `t`.`goods_standard_id`=`gs`.`goods_standard_id` WHERE  `gs`.`stock` <= 't.warn_number' LIMIT 1 [ RunTime:0.001001s ]
[ sql ] [ SQL ] SHOW COLUMNS FROM `order_info` [ RunTime:0.001234s ]
[ sql ] [ SQL ] SELECT COUNT(*) AS tp_count FROM `order_info` WHERE  `pay_status` = 0 LIMIT 1 [ RunTime:0.000702s ]
[ sql ] [ SQL ] SELECT COUNT(*) AS tp_count FROM `order_info` WHERE  `apply_refund_time` > '0'  AND `refund_status` = 1 LIMIT 1 [ RunTime:0.005170s ]
[ sql ] [ SQL ] SHOW COLUMNS FROM `user` [ RunTime:0.001045s ]
[ sql ] [ SQL ] SELECT COUNT(*) AS tp_count FROM `user` WHERE  `agent_time` >= '2018-12-01'  AND `agent_time` <= '2018-12-31' LIMIT 1 [ RunTime:0.034662s ]
[ sql ] [ SQL ] SELECT sum(goods_amount) as pirce,count(order_info_id) as num FROM `order_info` WHERE  `pay_status` = 2  AND `add_time` >= 1543593600  AND `add_time` <= 1546271999 LIMIT 1 [ RunTime:0.007736s ]
---------------------------------------------------------------
[ 2018-12-14T09:34:58+08:00 ] ::1 GET wuliu/static/admin/i/favicon.png
[运行时间：0.030996s] [吞吐率：32.26req/s] [内存消耗：1,919.74kb] [文件加载：56]
[ info ] [ LANG ] /Applications/MAMP/htdocs/web/wuliu/thinkphp/lang/zh-cn.php
---------------------------------------------------------------
[ 2018-12-14T09:34:58+08:00 ] ::1 GET wuliu/static/admin/i/app-icon72x72@2x.png
[运行时间：0.031690s] [吞吐率：31.56req/s] [内存消耗：1,919.89kb] [文件加载：56]
[ info ] [ LANG ] /Applications/MAMP/htdocs/web/wuliu/thinkphp/lang/zh-cn.php
---------------------------------------------------------------
[ 2018-12-14T09:35:04+08:00 ] ::1 GET wuliu/admin/user/index.html
[运行时间：0.276434s] [吞吐率：3.62req/s] [内存消耗：4,887.75kb] [文件加载：90]
[ info ] [ LANG ] /Applications/MAMP/htdocs/web/wuliu/thinkphp/lang/zh-cn.php
[ info ] [ ROUTE ] array (
)
[ info ] [ HEADER ] array (
  'host' => 'wuliu',
  'user-agent' => 'Mozilla/5.0 (Macintosh; Intel Mac OS X 10.13; rv:63.0) Gecko/20100101 Firefox/63.0',
  'accept' => 'text/html,application/xhtml+xml,application/xml;q=0.9,*/*;q=0.8',
  'accept-language' => 'zh-CN,zh;q=0.8,zh-TW;q=0.7,zh-HK;q=0.5,en-US;q=0.3,en;q=0.2',
  'accept-encoding' => 'gzip, deflate',
  'referer' => 'http://wuliu/admin/index/index.html',
  'connection' => 'keep-alive',
  'cookie' => 'PHPSESSID=dad2e4038a553f1f147d91589be2538e',
  'upgrade-insecure-requests' => '1',
)
[ info ] [ PARAM ] array (
)
[ info ] [ DB ] INIT mysql
[ info ] [ VIEW ] /Applications/MAMP/htdocs/web/wuliu/application/admin/view/user/index.html [ array (
  0 => 'admin_name',
  1 => 'page',
  2 => 'list',
) ]
[ sql ] [ DB ] CONNECT:[ UseTime:0.001152s ] mysql:host=127.0.0.1;port=3306;dbname=tybest;charset=utf8
[ sql ] [ SQL ] SHOW COLUMNS FROM `user` [ RunTime:0.001187s ]
[ sql ] [ SQL ] SELECT COUNT(*) AS tp_count FROM user u INNER JOIN `user` `us` ON `us`.`user_id`=`u`.`parent_id` INNER JOIN `admin` `ad` ON `ad`.`admin_id`=`u`.`kfuser` LIMIT 1 [ RunTime:0.193720s ]
[ sql ] [ SQL ] SELECT `u`.`user_id`,`u`.`head_image_url`,`u`.`telephone`,`u`.`nick_name`,`u`.`unionid`,`u`.`user_role`,us.nick_name as p_name,`u`.`openid`,`u`.`create_time`,`u`.`is_subscribe`,ad.name as kfuser FROM user u INNER JOIN `user` `us` ON `us`.`user_id`=`u`.`parent_id` INNER JOIN `admin` `ad` ON `ad`.`admin_id`=`u`.`kfuser` ORDER BY `u`.`user_id` DESC LIMIT 0,20 [ RunTime:0.000980s ]
---------------------------------------------------------------
[ 2018-12-14T09:35:04+08:00 ] ::1 GET wuliu/static/admin/i/app-icon72x72@2x.png
[运行时间：0.064628s] [吞吐率：15.47req/s] [内存消耗：1,919.89kb] [文件加载：56]
[ info ] [ LANG ] /Applications/MAMP/htdocs/web/wuliu/thinkphp/lang/zh-cn.php
---------------------------------------------------------------
[ 2018-12-14T09:35:04+08:00 ] ::1 GET wuliu/static/admin/i/favicon.png
[运行时间：0.071507s] [吞吐率：13.98req/s] [内存消耗：1,919.74kb] [文件加载：56]
[ info ] [ LANG ] /Applications/MAMP/htdocs/web/wuliu/thinkphp/lang/zh-cn.php
---------------------------------------------------------------
[ 2018-12-14T09:35:08+08:00 ] ::1 GET wuliu/admin/user/commission/id/112038.html
[运行时间：0.114672s] [吞吐率：8.72req/s] [内存消耗：4,828.73kb] [文件加载：91]
[ info ] [ LANG ] /Applications/MAMP/htdocs/web/wuliu/thinkphp/lang/zh-cn.php
[ info ] [ ROUTE ] array (
)
[ info ] [ HEADER ] array (
  'host' => 'wuliu',
  'user-agent' => 'Mozilla/5.0 (Macintosh; Intel Mac OS X 10.13; rv:63.0) Gecko/20100101 Firefox/63.0',
  'accept' => 'text/html,application/xhtml+xml,application/xml;q=0.9,*/*;q=0.8',
  'accept-language' => 'zh-CN,zh;q=0.8,zh-TW;q=0.7,zh-HK;q=0.5,en-US;q=0.3,en;q=0.2',
  'accept-encoding' => 'gzip, deflate',
  'referer' => 'http://wuliu/admin/user/index.html',
  'connection' => 'keep-alive',
  'cookie' => 'PHPSESSID=dad2e4038a553f1f147d91589be2538e',
  'upgrade-insecure-requests' => '1',
)
[ info ] [ PARAM ] array (
  'id' => '112038',
)
[ info ] [ DB ] INIT mysql
[ info ] [ VIEW ] /Applications/MAMP/htdocs/web/wuliu/application/admin/view/user/commission.html [ array (
  0 => 'admin_name',
  1 => 'commission',
) ]
[ sql ] [ DB ] CONNECT:[ UseTime:0.000694s ] mysql:host=127.0.0.1;port=3306;dbname=tybest;charset=utf8
[ sql ] [ SQL ] SHOW COLUMNS FROM `user_account` [ RunTime:0.004485s ]
[ sql ] [ SQL ] SELECT COUNT(*) AS tp_count FROM `user_account` WHERE  `user_id` = 112038 LIMIT 1 [ RunTime:0.006534s ]
[ sql ] [ SQL ] SELECT `user_account_id`,`transaction_type`,`balance`,`operation_name`,`description`,`create_time`,`amount` FROM `user_account` WHERE  `user_id` = 112038 LIMIT 0,10 [ RunTime:0.004088s ]
[ sql ] [ SQL ] SHOW COLUMNS FROM `shopkeeper` [ RunTime:0.005848s ]
[ sql ] [ SQL ] SELECT `income`,`outcome`,`total`,`pay` FROM `shopkeeper` WHERE  `user_id` = 112038 LIMIT 1 [ RunTime:0.000613s ]
---------------------------------------------------------------
[ 2018-12-14T09:35:08+08:00 ] ::1 GET wuliu/static/admin/i/app-icon72x72@2x.png
[运行时间：0.030890s] [吞吐率：32.37req/s] [内存消耗：1,919.89kb] [文件加载：56]
[ info ] [ LANG ] /Applications/MAMP/htdocs/web/wuliu/thinkphp/lang/zh-cn.php
---------------------------------------------------------------
[ 2018-12-14T09:35:08+08:00 ] ::1 GET wuliu/static/admin/i/favicon.png
[运行时间：0.030602s] [吞吐率：32.68req/s] [内存消耗：1,919.74kb] [文件加载：56]
[ info ] [ LANG ] /Applications/MAMP/htdocs/web/wuliu/thinkphp/lang/zh-cn.php
---------------------------------------------------------------
[ 2018-12-14T09:35:11+08:00 ] ::1 GET wuliu/admin/user/index.html
[运行时间：0.261551s] [吞吐率：3.82req/s] [内存消耗：4,653.08kb] [文件加载：88]
[ info ] [ LANG ] /Applications/MAMP/htdocs/web/wuliu/thinkphp/lang/zh-cn.php
[ info ] [ ROUTE ] array (
)
[ info ] [ HEADER ] array (
  'host' => 'wuliu',
  'user-agent' => 'Mozilla/5.0 (Macintosh; Intel Mac OS X 10.13; rv:63.0) Gecko/20100101 Firefox/63.0',
  'accept' => 'text/html,application/xhtml+xml,application/xml;q=0.9,*/*;q=0.8',
  'accept-language' => 'zh-CN,zh;q=0.8,zh-TW;q=0.7,zh-HK;q=0.5,en-US;q=0.3,en;q=0.2',
  'accept-encoding' => 'gzip, deflate',
  'referer' => 'http://wuliu/admin/index/index.html',
  'connection' => 'keep-alive',
  'cookie' => 'PHPSESSID=dad2e4038a553f1f147d91589be2538e',
  'upgrade-insecure-requests' => '1',
)
[ info ] [ PARAM ] array (
)
[ info ] [ DB ] INIT mysql
[ info ] [ VIEW ] /Applications/MAMP/htdocs/web/wuliu/application/admin/view/user/index.html [ array (
  0 => 'admin_name',
  1 => 'page',
  2 => 'list',
) ]
[ sql ] [ DB ] CONNECT:[ UseTime:0.000661s ] mysql:host=127.0.0.1;port=3306;dbname=tybest;charset=utf8
[ sql ] [ SQL ] SHOW COLUMNS FROM `user` [ RunTime:0.001066s ]
[ sql ] [ SQL ] SELECT COUNT(*) AS tp_count FROM user u INNER JOIN `user` `us` ON `us`.`user_id`=`u`.`parent_id` INNER JOIN `admin` `ad` ON `ad`.`admin_id`=`u`.`kfuser` LIMIT 1 [ RunTime:0.196955s ]
[ sql ] [ SQL ] SELECT `u`.`user_id`,`u`.`head_image_url`,`u`.`telephone`,`u`.`nick_name`,`u`.`unionid`,`u`.`user_role`,us.nick_name as p_name,`u`.`openid`,`u`.`create_time`,`u`.`is_subscribe`,ad.name as kfuser FROM user u INNER JOIN `user` `us` ON `us`.`user_id`=`u`.`parent_id` INNER JOIN `admin` `ad` ON `ad`.`admin_id`=`u`.`kfuser` ORDER BY `u`.`user_id` DESC LIMIT 0,20 [ RunTime:0.000838s ]
---------------------------------------------------------------
[ 2018-12-14T09:35:14+08:00 ] ::1 GET wuliu/admin/user/commission/id/15724.html
[运行时间：0.078049s] [吞吐率：12.81req/s] [内存消耗：4,702.44kb] [文件加载：90]
[ info ] [ LANG ] /Applications/MAMP/htdocs/web/wuliu/thinkphp/lang/zh-cn.php
[ info ] [ ROUTE ] array (
)
[ info ] [ HEADER ] array (
  'host' => 'wuliu',
  'user-agent' => 'Mozilla/5.0 (Macintosh; Intel Mac OS X 10.13; rv:63.0) Gecko/20100101 Firefox/63.0',
  'accept' => 'text/html,application/xhtml+xml,application/xml;q=0.9,*/*;q=0.8',
  'accept-language' => 'zh-CN,zh;q=0.8,zh-TW;q=0.7,zh-HK;q=0.5,en-US;q=0.3,en;q=0.2',
  'accept-encoding' => 'gzip, deflate',
  'connection' => 'keep-alive',
  'cookie' => 'PHPSESSID=dad2e4038a553f1f147d91589be2538e',
  'upgrade-insecure-requests' => '1',
)
[ info ] [ PARAM ] array (
  'id' => '15724',
)
[ info ] [ DB ] INIT mysql
[ info ] [ VIEW ] /Applications/MAMP/htdocs/web/wuliu/application/admin/view/user/commission.html [ array (
  0 => 'admin_name',
  1 => 'commission',
) ]
[ sql ] [ DB ] CONNECT:[ UseTime:0.000631s ] mysql:host=127.0.0.1;port=3306;dbname=tybest;charset=utf8
[ sql ] [ SQL ] SHOW COLUMNS FROM `user_account` [ RunTime:0.000869s ]
[ sql ] [ SQL ] SELECT COUNT(*) AS tp_count FROM `user_account` WHERE  `user_id` = 15724 LIMIT 1 [ RunTime:0.002126s ]
[ sql ] [ SQL ] SELECT `user_account_id`,`transaction_type`,`balance`,`operation_name`,`description`,`create_time`,`amount` FROM `user_account` WHERE  `user_id` = 15724 LIMIT 0,10 [ RunTime:0.003875s ]
[ sql ] [ SQL ] SHOW COLUMNS FROM `shopkeeper` [ RunTime:0.001039s ]
[ sql ] [ SQL ] SELECT `income`,`outcome`,`total`,`pay` FROM `shopkeeper` WHERE  `user_id` = 15724 LIMIT 1 [ RunTime:0.002081s ]
[ sql ] [ SQL ] SHOW COLUMNS FROM `withdraw` [ RunTime:0.004792s ]
[ sql ] [ SQL ] SELECT * FROM `withdraw` WHERE  `withdraw_id` = 0 LIMIT 1 [ RunTime:0.000746s ]
---------------------------------------------------------------
[ 2018-12-14T09:35:14+08:00 ] ::1 GET wuliu/static/admin/i/app-icon72x72@2x.png
[运行时间：0.029129s] [吞吐率：34.33req/s] [内存消耗：1,919.89kb] [文件加载：56]
[ info ] [ LANG ] /Applications/MAMP/htdocs/web/wuliu/thinkphp/lang/zh-cn.php
---------------------------------------------------------------
[ 2018-12-14T09:35:14+08:00 ] ::1 GET wuliu/static/admin/i/favicon.png
[运行时间：0.033390s] [吞吐率：29.95req/s] [内存消耗：1,920.12kb] [文件加载：56]
[ info ] [ LANG ] /Applications/MAMP/htdocs/web/wuliu/thinkphp/lang/zh-cn.php
---------------------------------------------------------------
[ 2018-12-14T09:35:39+08:00 ] ::1 GET wuliu/admin/user/commission/id/15724.html
[运行时间：0.084604s] [吞吐率：11.82req/s] [内存消耗：4,909.64kb] [文件加载：92]
[ info ] [ LANG ] /Applications/MAMP/htdocs/web/wuliu/thinkphp/lang/zh-cn.php
[ info ] [ ROUTE ] array (
)
[ info ] [ HEADER ] array (
  'host' => 'wuliu',
  'user-agent' => 'Mozilla/5.0 (Macintosh; Intel Mac OS X 10.13; rv:63.0) Gecko/20100101 Firefox/63.0',
  'accept' => 'text/html,application/xhtml+xml,application/xml;q=0.9,*/*;q=0.8',
  'accept-language' => 'zh-CN,zh;q=0.8,zh-TW;q=0.7,zh-HK;q=0.5,en-US;q=0.3,en;q=0.2',
  'accept-encoding' => 'gzip, deflate',
  'connection' => 'keep-alive',
  'cookie' => 'PHPSESSID=dad2e4038a553f1f147d91589be2538e',
  'upgrade-insecure-requests' => '1',
  'cache-control' => 'max-age=0',
)
[ info ] [ PARAM ] array (
  'id' => '15724',
)
[ info ] [ DB ] INIT mysql
[ info ] [ VIEW ] /Applications/MAMP/htdocs/web/wuliu/application/admin/view/user/commission.html [ array (
  0 => 'admin_name',
  1 => 'commission',
) ]
[ sql ] [ DB ] CONNECT:[ UseTime:0.000755s ] mysql:host=127.0.0.1;port=3306;dbname=tybest;charset=utf8
[ sql ] [ SQL ] SHOW COLUMNS FROM `user_account` [ RunTime:0.001015s ]
[ sql ] [ SQL ] SELECT COUNT(*) AS tp_count FROM `user_account` WHERE  `user_id` = 15724 LIMIT 1 [ RunTime:0.002301s ]
[ sql ] [ SQL ] SELECT `user_account_id`,`transaction_type`,`balance`,`operation_name`,`description`,`create_time`,`amount` FROM `user_account` WHERE  `user_id` = 15724 LIMIT 0,10 [ RunTime:0.003993s ]
[ sql ] [ SQL ] SHOW COLUMNS FROM `shopkeeper` [ RunTime:0.000863s ]
[ sql ] [ SQL ] SELECT `income`,`outcome`,`total`,`pay` FROM `shopkeeper` WHERE  `user_id` = 15724 LIMIT 1 [ RunTime:0.000479s ]
[ sql ] [ SQL ] SHOW COLUMNS FROM `withdraw` [ RunTime:0.000746s ]
[ sql ] [ SQL ] SELECT * FROM `withdraw` WHERE  `withdraw_id` = 0 LIMIT 1 [ RunTime:0.000580s ]
---------------------------------------------------------------
[ 2018-12-14T09:35:39+08:00 ] ::1 GET wuliu/static/admin/i/favicon.png
[运行时间：0.042332s] [吞吐率：23.62req/s] [内存消耗：1,919.71kb] [文件加载：56]
[ info ] [ LANG ] /Applications/MAMP/htdocs/web/wuliu/thinkphp/lang/zh-cn.php
---------------------------------------------------------------
[ 2018-12-14T09:35:39+08:00 ] ::1 GET wuliu/static/admin/i/app-icon72x72@2x.png
[运行时间：0.044562s] [吞吐率：22.44req/s] [内存消耗：1,919.80kb] [文件加载：56]
[ info ] [ LANG ] /Applications/MAMP/htdocs/web/wuliu/thinkphp/lang/zh-cn.php
---------------------------------------------------------------
[ 2018-12-14T09:41:57+08:00 ] ::1 GET wuliu/admin/user/index.html
[运行时间：0.258711s] [吞吐率：3.87req/s] [内存消耗：4,653.08kb] [文件加载：88]
[ info ] [ LANG ] /Applications/MAMP/htdocs/web/wuliu/thinkphp/lang/zh-cn.php
[ info ] [ ROUTE ] array (
)
[ info ] [ HEADER ] array (
  'host' => 'wuliu',
  'user-agent' => 'Mozilla/5.0 (Macintosh; Intel Mac OS X 10.13; rv:63.0) Gecko/20100101 Firefox/63.0',
  'accept' => 'text/html,application/xhtml+xml,application/xml;q=0.9,*/*;q=0.8',
  'accept-language' => 'zh-CN,zh;q=0.8,zh-TW;q=0.7,zh-HK;q=0.5,en-US;q=0.3,en;q=0.2',
  'accept-encoding' => 'gzip, deflate',
  'referer' => 'http://wuliu/admin/index/index.html',
  'connection' => 'keep-alive',
  'cookie' => 'PHPSESSID=dad2e4038a553f1f147d91589be2538e',
  'upgrade-insecure-requests' => '1',
)
[ info ] [ PARAM ] array (
)
[ info ] [ DB ] INIT mysql
[ info ] [ VIEW ] /Applications/MAMP/htdocs/web/wuliu/application/admin/view/user/index.html [ array (
  0 => 'admin_name',
  1 => 'page',
  2 => 'list',
) ]
[ sql ] [ DB ] CONNECT:[ UseTime:0.000712s ] mysql:host=127.0.0.1;port=3306;dbname=tybest;charset=utf8
[ sql ] [ SQL ] SHOW COLUMNS FROM `user` [ RunTime:0.001155s ]
[ sql ] [ SQL ] SELECT COUNT(*) AS tp_count FROM user u INNER JOIN `user` `us` ON `us`.`user_id`=`u`.`parent_id` INNER JOIN `admin` `ad` ON `ad`.`admin_id`=`u`.`kfuser` LIMIT 1 [ RunTime:0.184361s ]
[ sql ] [ SQL ] SELECT `u`.`user_id`,`u`.`head_image_url`,`u`.`telephone`,`u`.`nick_name`,`u`.`unionid`,`u`.`user_role`,us.nick_name as p_name,`u`.`openid`,`u`.`create_time`,`u`.`is_subscribe`,ad.name as kfuser FROM user u INNER JOIN `user` `us` ON `us`.`user_id`=`u`.`parent_id` INNER JOIN `admin` `ad` ON `ad`.`admin_id`=`u`.`kfuser` ORDER BY `u`.`user_id` DESC LIMIT 0,20 [ RunTime:0.000826s ]
---------------------------------------------------------------
[ 2018-12-14T09:42:04+08:00 ] ::1 GET wuliu/admin/user/index.html?page=4014
[运行时间：0.468682s] [吞吐率：2.13req/s] [内存消耗：4,561.72kb] [文件加载：88]
[ info ] [ LANG ] /Applications/MAMP/htdocs/web/wuliu/thinkphp/lang/zh-cn.php
[ info ] [ ROUTE ] array (
)
[ info ] [ HEADER ] array (
  'host' => 'wuliu',
  'user-agent' => 'Mozilla/5.0 (Macintosh; Intel Mac OS X 10.13; rv:63.0) Gecko/20100101 Firefox/63.0',
  'accept' => 'text/html,application/xhtml+xml,application/xml;q=0.9,*/*;q=0.8',
  'accept-language' => 'zh-CN,zh;q=0.8,zh-TW;q=0.7,zh-HK;q=0.5,en-US;q=0.3,en;q=0.2',
  'accept-encoding' => 'gzip, deflate',
  'referer' => 'http://wuliu/admin/user/index.html',
  'connection' => 'keep-alive',
  'cookie' => 'PHPSESSID=dad2e4038a553f1f147d91589be2538e',
  'upgrade-insecure-requests' => '1',
)
[ info ] [ PARAM ] array (
  'page' => '4014',
)
[ info ] [ DB ] INIT mysql
[ info ] [ VIEW ] /Applications/MAMP/htdocs/web/wuliu/application/admin/view/user/index.html [ array (
  0 => 'admin_name',
  1 => 'page',
  2 => 'list',
) ]
[ sql ] [ DB ] CONNECT:[ UseTime:0.000670s ] mysql:host=127.0.0.1;port=3306;dbname=tybest;charset=utf8
[ sql ] [ SQL ] SHOW COLUMNS FROM `user` [ RunTime:0.001061s ]
[ sql ] [ SQL ] SELECT COUNT(*) AS tp_count FROM user u INNER JOIN `user` `us` ON `us`.`user_id`=`u`.`parent_id` INNER JOIN `admin` `ad` ON `ad`.`admin_id`=`u`.`kfuser` LIMIT 1 [ RunTime:0.184275s ]
[ sql ] [ SQL ] SELECT `u`.`user_id`,`u`.`head_image_url`,`u`.`telephone`,`u`.`nick_name`,`u`.`unionid`,`u`.`user_role`,us.nick_name as p_name,`u`.`openid`,`u`.`create_time`,`u`.`is_subscribe`,ad.name as kfuser FROM user u INNER JOIN `user` `us` ON `us`.`user_id`=`u`.`parent_id` INNER JOIN `admin` `ad` ON `ad`.`admin_id`=`u`.`kfuser` ORDER BY `u`.`user_id` DESC LIMIT 80260,20 [ RunTime:0.226705s ]
---------------------------------------------------------------
[ 2018-12-14T09:42:04+08:00 ] ::1 GET wuliu/static/admin/i/favicon.png
[运行时间：0.032333s] [吞吐率：30.93req/s] [内存消耗：1,919.74kb] [文件加载：56]
[ info ] [ LANG ] /Applications/MAMP/htdocs/web/wuliu/thinkphp/lang/zh-cn.php
---------------------------------------------------------------
[ 2018-12-14T09:42:04+08:00 ] ::1 GET wuliu/static/admin/i/app-icon72x72@2x.png
[运行时间：0.033818s] [吞吐率：29.57req/s] [内存消耗：1,919.89kb] [文件加载：56]
[ info ] [ LANG ] /Applications/MAMP/htdocs/web/wuliu/thinkphp/lang/zh-cn.php
---------------------------------------------------------------
[ 2018-12-14T09:42:07+08:00 ] ::1 GET wuliu/admin/user/commission/id/1004.html
[运行时间：0.064218s] [吞吐率：15.57req/s] [内存消耗：4,623.99kb] [文件加载：89]
[ info ] [ LANG ] /Applications/MAMP/htdocs/web/wuliu/thinkphp/lang/zh-cn.php
[ info ] [ ROUTE ] array (
)
[ info ] [ HEADER ] array (
  'host' => 'wuliu',
  'user-agent' => 'Mozilla/5.0 (Macintosh; Intel Mac OS X 10.13; rv:63.0) Gecko/20100101 Firefox/63.0',
  'accept' => 'text/html,application/xhtml+xml,application/xml;q=0.9,*/*;q=0.8',
  'accept-language' => 'zh-CN,zh;q=0.8,zh-TW;q=0.7,zh-HK;q=0.5,en-US;q=0.3,en;q=0.2',
  'accept-encoding' => 'gzip, deflate',
  'referer' => 'http://wuliu/admin/user/index.html?page=4014',
  'connection' => 'keep-alive',
  'cookie' => 'PHPSESSID=dad2e4038a553f1f147d91589be2538e',
  'upgrade-insecure-requests' => '1',
)
[ info ] [ PARAM ] array (
  'id' => '1004',
)
[ info ] [ DB ] INIT mysql
[ info ] [ VIEW ] /Applications/MAMP/htdocs/web/wuliu/application/admin/view/user/commission.html [ array (
  0 => 'admin_name',
  1 => 'commission',
) ]
[ sql ] [ DB ] CONNECT:[ UseTime:0.000702s ] mysql:host=127.0.0.1;port=3306;dbname=tybest;charset=utf8
[ sql ] [ SQL ] SHOW COLUMNS FROM `user_account` [ RunTime:0.000895s ]
[ sql ] [ SQL ] SELECT COUNT(*) AS tp_count FROM `user_account` WHERE  `user_id` = 1004 LIMIT 1 [ RunTime:0.002347s ]
[ sql ] [ SQL ] SELECT `user_account_id`,`transaction_type`,`balance`,`operation_name`,`description`,`create_time`,`amount` FROM `user_account` WHERE  `user_id` = 1004 LIMIT 0,10 [ RunTime:0.004203s ]
[ sql ] [ SQL ] SHOW COLUMNS FROM `shopkeeper` [ RunTime:0.000908s ]
[ sql ] [ SQL ] SELECT `income`,`outcome`,`total`,`pay` FROM `shopkeeper` WHERE  `user_id` = 1004 LIMIT 1 [ RunTime:0.001710s ]
---------------------------------------------------------------
[ 2018-12-14T09:42:07+08:00 ] ::1 GET wuliu/static/admin/i/favicon.png
[运行时间：0.027356s] [吞吐率：36.56req/s] [内存消耗：1,919.74kb] [文件加载：56]
[ info ] [ LANG ] /Applications/MAMP/htdocs/web/wuliu/thinkphp/lang/zh-cn.php
---------------------------------------------------------------
[ 2018-12-14T09:42:07+08:00 ] ::1 GET wuliu/static/admin/i/app-icon72x72@2x.png
[运行时间：0.027344s] [吞吐率：36.57req/s] [内存消耗：1,919.89kb] [文件加载：56]
[ info ] [ LANG ] /Applications/MAMP/htdocs/web/wuliu/thinkphp/lang/zh-cn.php
---------------------------------------------------------------
[ 2018-12-14T09:42:09+08:00 ] ::1 GET wuliu/admin/user/index.html?page=4014
[运行时间：0.466978s] [吞吐率：2.14req/s] [内存消耗：4,561.72kb] [文件加载：88]
[ info ] [ LANG ] /Applications/MAMP/htdocs/web/wuliu/thinkphp/lang/zh-cn.php
[ info ] [ ROUTE ] array (
)
[ info ] [ HEADER ] array (
  'host' => 'wuliu',
  'user-agent' => 'Mozilla/5.0 (Macintosh; Intel Mac OS X 10.13; rv:63.0) Gecko/20100101 Firefox/63.0',
  'accept' => 'text/html,application/xhtml+xml,application/xml;q=0.9,*/*;q=0.8',
  'accept-language' => 'zh-CN,zh;q=0.8,zh-TW;q=0.7,zh-HK;q=0.5,en-US;q=0.3,en;q=0.2',
  'accept-encoding' => 'gzip, deflate',
  'referer' => 'http://wuliu/admin/user/index.html',
  'connection' => 'keep-alive',
  'cookie' => 'PHPSESSID=dad2e4038a553f1f147d91589be2538e',
  'upgrade-insecure-requests' => '1',
)
[ info ] [ PARAM ] array (
  'page' => '4014',
)
[ info ] [ DB ] INIT mysql
[ info ] [ VIEW ] /Applications/MAMP/htdocs/web/wuliu/application/admin/view/user/index.html [ array (
  0 => 'admin_name',
  1 => 'page',
  2 => 'list',
) ]
[ sql ] [ DB ] CONNECT:[ UseTime:0.000630s ] mysql:host=127.0.0.1;port=3306;dbname=tybest;charset=utf8
[ sql ] [ SQL ] SHOW COLUMNS FROM `user` [ RunTime:0.001068s ]
[ sql ] [ SQL ] SELECT COUNT(*) AS tp_count FROM user u INNER JOIN `user` `us` ON `us`.`user_id`=`u`.`parent_id` INNER JOIN `admin` `ad` ON `ad`.`admin_id`=`u`.`kfuser` LIMIT 1 [ RunTime:0.184182s ]
[ sql ] [ SQL ] SELECT `u`.`user_id`,`u`.`head_image_url`,`u`.`telephone`,`u`.`nick_name`,`u`.`unionid`,`u`.`user_role`,us.nick_name as p_name,`u`.`openid`,`u`.`create_time`,`u`.`is_subscribe`,ad.name as kfuser FROM user u INNER JOIN `user` `us` ON `us`.`user_id`=`u`.`parent_id` INNER JOIN `admin` `ad` ON `ad`.`admin_id`=`u`.`kfuser` ORDER BY `u`.`user_id` DESC LIMIT 80260,20 [ RunTime:0.226951s ]
---------------------------------------------------------------
[ 2018-12-14T09:42:13+08:00 ] ::1 GET wuliu/admin/user/commission/id/1005.html
[运行时间：0.063314s] [吞吐率：15.79req/s] [内存消耗：4,623.99kb] [文件加载：89]
[ info ] [ LANG ] /Applications/MAMP/htdocs/web/wuliu/thinkphp/lang/zh-cn.php
[ info ] [ ROUTE ] array (
)
[ info ] [ HEADER ] array (
  'host' => 'wuliu',
  'user-agent' => 'Mozilla/5.0 (Macintosh; Intel Mac OS X 10.13; rv:63.0) Gecko/20100101 Firefox/63.0',
  'accept' => 'text/html,application/xhtml+xml,application/xml;q=0.9,*/*;q=0.8',
  'accept-language' => 'zh-CN,zh;q=0.8,zh-TW;q=0.7,zh-HK;q=0.5,en-US;q=0.3,en;q=0.2',
  'accept-encoding' => 'gzip, deflate',
  'referer' => 'http://wuliu/admin/user/index.html?page=4014',
  'connection' => 'keep-alive',
  'cookie' => 'PHPSESSID=dad2e4038a553f1f147d91589be2538e',
  'upgrade-insecure-requests' => '1',
)
[ info ] [ PARAM ] array (
  'id' => '1005',
)
[ info ] [ DB ] INIT mysql
[ info ] [ VIEW ] /Applications/MAMP/htdocs/web/wuliu/application/admin/view/user/commission.html [ array (
  0 => 'admin_name',
  1 => 'commission',
) ]
[ sql ] [ DB ] CONNECT:[ UseTime:0.000615s ] mysql:host=127.0.0.1;port=3306;dbname=tybest;charset=utf8
[ sql ] [ SQL ] SHOW COLUMNS FROM `user_account` [ RunTime:0.000899s ]
[ sql ] [ SQL ] SELECT COUNT(*) AS tp_count FROM `user_account` WHERE  `user_id` = 1005 LIMIT 1 [ RunTime:0.002157s ]
[ sql ] [ SQL ] SELECT `user_account_id`,`transaction_type`,`balance`,`operation_name`,`description`,`create_time`,`amount` FROM `user_account` WHERE  `user_id` = 1005 LIMIT 0,10 [ RunTime:0.005010s ]
[ sql ] [ SQL ] SHOW COLUMNS FROM `shopkeeper` [ RunTime:0.000934s ]
[ sql ] [ SQL ] SELECT `income`,`outcome`,`total`,`pay` FROM `shopkeeper` WHERE  `user_id` = 1005 LIMIT 1 [ RunTime:0.000512s ]
---------------------------------------------------------------
[ 2018-12-14T09:42:13+08:00 ] ::1 GET wuliu/static/admin/i/favicon.png
[运行时间：0.028314s] [吞吐率：35.32req/s] [内存消耗：1,919.74kb] [文件加载：56]
[ info ] [ LANG ] /Applications/MAMP/htdocs/web/wuliu/thinkphp/lang/zh-cn.php
---------------------------------------------------------------
[ 2018-12-14T09:42:13+08:00 ] ::1 GET wuliu/static/admin/i/app-icon72x72@2x.png
[运行时间：0.028441s] [吞吐率：35.16req/s] [内存消耗：1,919.89kb] [文件加载：56]
[ info ] [ LANG ] /Applications/MAMP/htdocs/web/wuliu/thinkphp/lang/zh-cn.php
---------------------------------------------------------------
[ 2018-12-14T09:42:15+08:00 ] ::1 GET wuliu/admin/user/index.html?page=4014
[运行时间：0.462513s] [吞吐率：2.16req/s] [内存消耗：4,561.72kb] [文件加载：88]
[ info ] [ LANG ] /Applications/MAMP/htdocs/web/wuliu/thinkphp/lang/zh-cn.php
[ info ] [ ROUTE ] array (
)
[ info ] [ HEADER ] array (
  'host' => 'wuliu',
  'user-agent' => 'Mozilla/5.0 (Macintosh; Intel Mac OS X 10.13; rv:63.0) Gecko/20100101 Firefox/63.0',
  'accept' => 'text/html,application/xhtml+xml,application/xml;q=0.9,*/*;q=0.8',
  'accept-language' => 'zh-CN,zh;q=0.8,zh-TW;q=0.7,zh-HK;q=0.5,en-US;q=0.3,en;q=0.2',
  'accept-encoding' => 'gzip, deflate',
  'referer' => 'http://wuliu/admin/user/index.html',
  'connection' => 'keep-alive',
  'cookie' => 'PHPSESSID=dad2e4038a553f1f147d91589be2538e',
  'upgrade-insecure-requests' => '1',
)
[ info ] [ PARAM ] array (
  'page' => '4014',
)
[ info ] [ DB ] INIT mysql
[ info ] [ VIEW ] /Applications/MAMP/htdocs/web/wuliu/application/admin/view/user/index.html [ array (
  0 => 'admin_name',
  1 => 'page',
  2 => 'list',
) ]
[ sql ] [ DB ] CONNECT:[ UseTime:0.000621s ] mysql:host=127.0.0.1;port=3306;dbname=tybest;charset=utf8
[ sql ] [ SQL ] SHOW COLUMNS FROM `user` [ RunTime:0.001108s ]
[ sql ] [ SQL ] SELECT COUNT(*) AS tp_count FROM user u INNER JOIN `user` `us` ON `us`.`user_id`=`u`.`parent_id` INNER JOIN `admin` `ad` ON `ad`.`admin_id`=`u`.`kfuser` LIMIT 1 [ RunTime:0.182083s ]
[ sql ] [ SQL ] SELECT `u`.`user_id`,`u`.`head_image_url`,`u`.`telephone`,`u`.`nick_name`,`u`.`unionid`,`u`.`user_role`,us.nick_name as p_name,`u`.`openid`,`u`.`create_time`,`u`.`is_subscribe`,ad.name as kfuser FROM user u INNER JOIN `user` `us` ON `us`.`user_id`=`u`.`parent_id` INNER JOIN `admin` `ad` ON `ad`.`admin_id`=`u`.`kfuser` ORDER BY `u`.`user_id` DESC LIMIT 80260,20 [ RunTime:0.226272s ]
---------------------------------------------------------------
[ 2018-12-14T09:42:15+08:00 ] ::1 GET wuliu/static/admin/i/favicon.png
[运行时间：0.025624s] [吞吐率：39.03req/s] [内存消耗：1,919.74kb] [文件加载：56]
[ info ] [ LANG ] /Applications/MAMP/htdocs/web/wuliu/thinkphp/lang/zh-cn.php
---------------------------------------------------------------
[ 2018-12-14T09:42:15+08:00 ] ::1 GET wuliu/static/admin/i/app-icon72x72@2x.png
[运行时间：0.028251s] [吞吐率：35.40req/s] [内存消耗：1,919.89kb] [文件加载：56]
[ info ] [ LANG ] /Applications/MAMP/htdocs/web/wuliu/thinkphp/lang/zh-cn.php
---------------------------------------------------------------
[ 2018-12-14T09:47:00+08:00 ] ::1 GET wuliu/admin/user/index.html?page=4008
[运行时间：0.504342s] [吞吐率：1.98req/s] [内存消耗：4,655.31kb] [文件加载：88]
[ info ] [ LANG ] /Applications/MAMP/htdocs/web/wuliu/thinkphp/lang/zh-cn.php
[ info ] [ ROUTE ] array (
)
[ info ] [ HEADER ] array (
  'host' => 'wuliu',
  'user-agent' => 'Mozilla/5.0 (Macintosh; Intel Mac OS X 10.13; rv:63.0) Gecko/20100101 Firefox/63.0',
  'accept' => 'text/html,application/xhtml+xml,application/xml;q=0.9,*/*;q=0.8',
  'accept-language' => 'zh-CN,zh;q=0.8,zh-TW;q=0.7,zh-HK;q=0.5,en-US;q=0.3,en;q=0.2',
  'accept-encoding' => 'gzip, deflate',
  'referer' => 'http://wuliu/admin/user/index.html?page=4014',
  'connection' => 'keep-alive',
  'cookie' => 'PHPSESSID=dad2e4038a553f1f147d91589be2538e',
  'upgrade-insecure-requests' => '1',
)
[ info ] [ PARAM ] array (
  'page' => '4008',
)
[ info ] [ DB ] INIT mysql
[ info ] [ VIEW ] /Applications/MAMP/htdocs/web/wuliu/application/admin/view/user/index.html [ array (
  0 => 'admin_name',
  1 => 'page',
  2 => 'list',
) ]
[ sql ] [ DB ] CONNECT:[ UseTime:0.000696s ] mysql:host=127.0.0.1;port=3306;dbname=tybest;charset=utf8
[ sql ] [ SQL ] SHOW COLUMNS FROM `user` [ RunTime:0.001047s ]
[ sql ] [ SQL ] SELECT COUNT(*) AS tp_count FROM user u INNER JOIN `user` `us` ON `us`.`user_id`=`u`.`parent_id` INNER JOIN `admin` `ad` ON `ad`.`admin_id`=`u`.`kfuser` LIMIT 1 [ RunTime:0.198692s ]
[ sql ] [ SQL ] SELECT `u`.`user_id`,`u`.`head_image_url`,`u`.`telephone`,`u`.`nick_name`,`u`.`unionid`,`u`.`user_role`,us.nick_name as p_name,`u`.`openid`,`u`.`create_time`,`u`.`is_subscribe`,ad.name as kfuser FROM user u INNER JOIN `user` `us` ON `us`.`user_id`=`u`.`parent_id` INNER JOIN `admin` `ad` ON `ad`.`admin_id`=`u`.`kfuser` ORDER BY `u`.`user_id` DESC LIMIT 80140,20 [ RunTime:0.247243s ]
---------------------------------------------------------------
[ 2018-12-14T09:47:00+08:00 ] ::1 GET wuliu/static/admin/i/favicon.png
[运行时间：0.031645s] [吞吐率：31.60req/s] [内存消耗：1,919.74kb] [文件加载：56]
[ info ] [ LANG ] /Applications/MAMP/htdocs/web/wuliu/thinkphp/lang/zh-cn.php
---------------------------------------------------------------
[ 2018-12-14T09:47:00+08:00 ] ::1 GET wuliu/static/admin/i/app-icon72x72@2x.png
[运行时间：0.032784s] [吞吐率：30.50req/s] [内存消耗：1,919.89kb] [文件加载：56]
[ info ] [ LANG ] /Applications/MAMP/htdocs/web/wuliu/thinkphp/lang/zh-cn.php
---------------------------------------------------------------
[ 2018-12-14T09:47:07+08:00 ] ::1 GET wuliu/admin/user/commission/id/1114.html
[运行时间：0.075065s] [吞吐率：13.32req/s] [内存消耗：4,703.09kb] [文件加载：90]
[ info ] [ LANG ] /Applications/MAMP/htdocs/web/wuliu/thinkphp/lang/zh-cn.php
[ info ] [ ROUTE ] array (
)
[ info ] [ HEADER ] array (
  'host' => 'wuliu',
  'user-agent' => 'Mozilla/5.0 (Macintosh; Intel Mac OS X 10.13; rv:63.0) Gecko/20100101 Firefox/63.0',
  'accept' => 'text/html,application/xhtml+xml,application/xml;q=0.9,*/*;q=0.8',
  'accept-language' => 'zh-CN,zh;q=0.8,zh-TW;q=0.7,zh-HK;q=0.5,en-US;q=0.3,en;q=0.2',
  'accept-encoding' => 'gzip, deflate',
  'referer' => 'http://wuliu/admin/user/index.html?page=4008',
  'connection' => 'keep-alive',
  'cookie' => 'PHPSESSID=dad2e4038a553f1f147d91589be2538e',
  'upgrade-insecure-requests' => '1',
)
[ info ] [ PARAM ] array (
  'id' => '1114',
)
[ info ] [ DB ] INIT mysql
[ info ] [ VIEW ] /Applications/MAMP/htdocs/web/wuliu/application/admin/view/user/commission.html [ array (
  0 => 'admin_name',
  1 => 'commission',
) ]
[ sql ] [ DB ] CONNECT:[ UseTime:0.000669s ] mysql:host=127.0.0.1;port=3306;dbname=tybest;charset=utf8
[ sql ] [ SQL ] SHOW COLUMNS FROM `user_account` [ RunTime:0.001056s ]
[ sql ] [ SQL ] SELECT COUNT(*) AS tp_count FROM `user_account` WHERE  `user_id` = 1114 LIMIT 1 [ RunTime:0.002224s ]
[ sql ] [ SQL ] SELECT `user_account_id`,`transaction_type`,`balance`,`operation_name`,`description`,`create_time`,`amount` FROM `user_account` WHERE  `user_id` = 1114 LIMIT 0,10 [ RunTime:0.004387s ]
[ sql ] [ SQL ] SHOW COLUMNS FROM `shopkeeper` [ RunTime:0.000930s ]
[ sql ] [ SQL ] SELECT `income`,`outcome`,`total`,`pay` FROM `shopkeeper` WHERE  `user_id` = 1114 LIMIT 1 [ RunTime:0.001598s ]
[ sql ] [ SQL ] SHOW COLUMNS FROM `withdraw` [ RunTime:0.000791s ]
[ sql ] [ SQL ] SELECT * FROM `withdraw` WHERE  `withdraw_id` = 0 LIMIT 1 [ RunTime:0.000567s ]
---------------------------------------------------------------
[ 2018-12-14T09:47:08+08:00 ] ::1 GET wuliu/static/admin/i/app-icon72x72@2x.png
[运行时间：0.028070s] [吞吐率：35.63req/s] [内存消耗：1,919.88kb] [文件加载：56]
[ info ] [ LANG ] /Applications/MAMP/htdocs/web/wuliu/thinkphp/lang/zh-cn.php
---------------------------------------------------------------
[ 2018-12-14T09:47:08+08:00 ] ::1 GET wuliu/static/admin/i/favicon.png
[运行时间：0.028273s] [吞吐率：35.37req/s] [内存消耗：1,919.74kb] [文件加载：56]
[ info ] [ LANG ] /Applications/MAMP/htdocs/web/wuliu/thinkphp/lang/zh-cn.php
---------------------------------------------------------------
[ 2018-12-14T09:47:31+08:00 ] ::1 GET wuliu/admin/user/index.html?page=4008
[运行时间：0.478732s] [吞吐率：2.09req/s] [内存消耗：4,655.31kb] [文件加载：88]
[ info ] [ LANG ] /Applications/MAMP/htdocs/web/wuliu/thinkphp/lang/zh-cn.php
[ info ] [ ROUTE ] array (
)
[ info ] [ HEADER ] array (
  'host' => 'wuliu',
  'user-agent' => 'Mozilla/5.0 (Macintosh; Intel Mac OS X 10.13; rv:63.0) Gecko/20100101 Firefox/63.0',
  'accept' => 'text/html,application/xhtml+xml,application/xml;q=0.9,*/*;q=0.8',
  'accept-language' => 'zh-CN,zh;q=0.8,zh-TW;q=0.7,zh-HK;q=0.5,en-US;q=0.3,en;q=0.2',
  'accept-encoding' => 'gzip, deflate',
  'referer' => 'http://wuliu/admin/user/index.html?page=4014',
  'connection' => 'keep-alive',
  'cookie' => 'PHPSESSID=dad2e4038a553f1f147d91589be2538e',
  'upgrade-insecure-requests' => '1',
)
[ info ] [ PARAM ] array (
  'page' => '4008',
)
[ info ] [ DB ] INIT mysql
[ info ] [ VIEW ] /Applications/MAMP/htdocs/web/wuliu/application/admin/view/user/index.html [ array (
  0 => 'admin_name',
  1 => 'page',
  2 => 'list',
) ]
[ sql ] [ DB ] CONNECT:[ UseTime:0.000836s ] mysql:host=127.0.0.1;port=3306;dbname=tybest;charset=utf8
[ sql ] [ SQL ] SHOW COLUMNS FROM `user` [ RunTime:0.001283s ]
[ sql ] [ SQL ] SELECT COUNT(*) AS tp_count FROM user u INNER JOIN `user` `us` ON `us`.`user_id`=`u`.`parent_id` INNER JOIN `admin` `ad` ON `ad`.`admin_id`=`u`.`kfuser` LIMIT 1 [ RunTime:0.181318s ]
[ sql ] [ SQL ] SELECT `u`.`user_id`,`u`.`head_image_url`,`u`.`telephone`,`u`.`nick_name`,`u`.`unionid`,`u`.`user_role`,us.nick_name as p_name,`u`.`openid`,`u`.`create_time`,`u`.`is_subscribe`,ad.name as kfuser FROM user u INNER JOIN `user` `us` ON `us`.`user_id`=`u`.`parent_id` INNER JOIN `admin` `ad` ON `ad`.`admin_id`=`u`.`kfuser` ORDER BY `u`.`user_id` DESC LIMIT 80140,20 [ RunTime:0.228196s ]
