---------------------------------------------------------------
[ 2019-02-21T00:40:04+08:00 ] 184.105.247.196 GET 118.24.8.254/
[运行时间：0.002937s] [吞吐率：340.47req/s] [内存消耗：343.36kb] [文件加载：69]
[ info ] [ LANG ] /www/wuliu/thinkphp/lang/zh-cn.php
[ info ] [ ROUTE ] array (
)
[ info ] [ HEADER ] array (
  'host' => '118.24.8.254',
  'content-type' => '',
  'content-length' => '',
)
[ info ] [ PARAM ] array (
)
[ info ] [ VIEW ] /www/wuliu/application/admin/view/login/index.html [ array (
) ]
---------------------------------------------------------------
[ 2019-02-21T05:48:56+08:00 ] 54.153.72.20 GET 118.24.8.254:443/CHANGELOG.txt
[运行时间：0.089141s] [吞吐率：11.22req/s] [内存消耗：310.83kb] [文件加载：56]
[ info ] [ LANG ] /www/wuliu/thinkphp/lang/zh-cn.php
---------------------------------------------------------------
[ 2019-02-21T06:54:11+08:00 ] 42.236.78.50 GET /
[运行时间：0.066256s] [吞吐率：15.09req/s] [内存消耗：343.16kb] [文件加载：69]
[ info ] [ LANG ] /www/wuliu/thinkphp/lang/zh-cn.php
[ info ] [ ROUTE ] array (
)
[ info ] [ HEADER ] array (
  'content-type' => '',
  'content-length' => '',
)
[ info ] [ PARAM ] array (
)
[ info ] [ VIEW ] /www/wuliu/application/admin/view/login/index.html [ array (
) ]
---------------------------------------------------------------
[ 2019-02-21T06:54:20+08:00 ] 42.236.78.50 GET 118.24.8.254/nmaplowercheck1550703260
[运行时间：0.001784s] [吞吐率：560.59req/s] [内存消耗：310.80kb] [文件加载：56]
[ info ] [ LANG ] /www/wuliu/thinkphp/lang/zh-cn.php
---------------------------------------------------------------
[ 2019-02-21T06:54:20+08:00 ] 42.236.78.50 GET /
[运行时间：0.005893s] [吞吐率：169.69req/s] [内存消耗：343.16kb] [文件加载：69]
[ info ] [ LANG ] /www/wuliu/thinkphp/lang/zh-cn.php
[ info ] [ ROUTE ] array (
)
[ info ] [ HEADER ] array (
  'content-type' => '',
  'content-length' => '',
)
[ info ] [ PARAM ] array (
)
[ info ] [ VIEW ] /www/wuliu/application/admin/view/login/index.html [ array (
) ]
---------------------------------------------------------------
[ 2019-02-21T06:54:20+08:00 ] 42.236.78.50 GET /
[运行时间：0.003394s] [吞吐率：294.63req/s] [内存消耗：343.16kb] [文件加载：69]
[ info ] [ LANG ] /www/wuliu/thinkphp/lang/zh-cn.php
[ info ] [ ROUTE ] array (
)
[ info ] [ HEADER ] array (
  'content-type' => '',
  'content-length' => '',
)
[ info ] [ PARAM ] array (
)
[ info ] [ VIEW ] /www/wuliu/application/admin/view/login/index.html [ array (
) ]
---------------------------------------------------------------
[ 2019-02-21T06:54:20+08:00 ] 42.236.78.50 POST 118.24.8.254/sdk
[运行时间：0.001661s] [吞吐率：602.11req/s] [内存消耗：309.23kb] [文件加载：56]
[ info ] [ LANG ] /www/wuliu/thinkphp/lang/zh-cn.php
---------------------------------------------------------------
[ 2019-02-21T06:54:21+08:00 ] 42.236.78.50 GET 118.24.8.254/evox/about
[运行时间：0.002019s] [吞吐率：495.25req/s] [内存消耗：310.79kb] [文件加载：56]
[ info ] [ LANG ] /www/wuliu/thinkphp/lang/zh-cn.php
---------------------------------------------------------------
[ 2019-02-21T06:54:21+08:00 ] 42.236.78.50 GET 118.24.8.254/
[运行时间：0.004374s] [吞吐率：228.62req/s] [内存消耗：343.37kb] [文件加载：69]
[ info ] [ LANG ] /www/wuliu/thinkphp/lang/zh-cn.php
[ info ] [ ROUTE ] array (
)
[ info ] [ HEADER ] array (
  'host' => '118.24.8.254',
  'content-type' => '',
  'content-length' => '',
)
[ info ] [ PARAM ] array (
)
[ info ] [ VIEW ] /www/wuliu/application/admin/view/login/index.html [ array (
) ]
---------------------------------------------------------------
[ 2019-02-21T06:54:21+08:00 ] 42.236.78.50 GET 118.24.8.254/HNAP1
[运行时间：0.001832s] [吞吐率：545.85req/s] [内存消耗：310.78kb] [文件加载：56]
[ info ] [ LANG ] /www/wuliu/thinkphp/lang/zh-cn.php
---------------------------------------------------------------
[ 2019-02-21T06:55:20+08:00 ] 42.236.78.50 GET 118.24.8.254/
[运行时间：0.002430s] [吞吐率：411.53req/s] [内存消耗：343.95kb] [文件加载：69]
[ info ] [ LANG ] /www/wuliu/thinkphp/lang/zh-cn.php
[ info ] [ ROUTE ] array (
)
[ info ] [ HEADER ] array (
  'connection' => 'close',
  'host' => '118.24.8.254',
  'user-agent' => 'Mozilla/5.0 (compatible; Wappalyzer)',
  'content-type' => 'application/x-www-form-urlencoded;charset=UTF-8',
  'accept' => 'text/html,*/*',
  'content-length' => '',
)
[ info ] [ PARAM ] array (
)
[ info ] [ VIEW ] /www/wuliu/application/admin/view/login/index.html [ array (
) ]
---------------------------------------------------------------
[ 2019-02-21T06:55:31+08:00 ] 42.236.78.50 HEAD 118.24.8.254/
[运行时间：0.001766s] [吞吐率：566.19req/s] [内存消耗：342.43kb] [文件加载：69]
[ info ] [ LANG ] /www/wuliu/thinkphp/lang/zh-cn.php
[ info ] [ ROUTE ] array (
)
[ info ] [ HEADER ] array (
  'accept' => '*/*',
  'host' => '118.24.8.254',
  'user-agent' => 'curl/7.29.0',
  'content-type' => '',
  'content-length' => '',
)
[ info ] [ PARAM ] array (
)
[ info ] [ VIEW ] /www/wuliu/application/admin/view/login/index.html [ array (
) ]
---------------------------------------------------------------
[ 2019-02-21T06:55:31+08:00 ] 101.198.186.223 GET 118.24.8.254/
[运行时间：0.001985s] [吞吐率：503.76req/s] [内存消耗：343.53kb] [文件加载：69]
[ info ] [ LANG ] /www/wuliu/thinkphp/lang/zh-cn.php
[ info ] [ ROUTE ] array (
)
[ info ] [ HEADER ] array (
  'accept' => '*/*',
  'host' => '118.24.8.254',
  'user-agent' => 'curl/7.29.0',
  'content-type' => '',
  'content-length' => '',
)
[ info ] [ PARAM ] array (
)
[ info ] [ VIEW ] /www/wuliu/application/admin/view/login/index.html [ array (
) ]
---------------------------------------------------------------
[ 2019-02-21T09:31:03+08:00 ] 185.255.31.2 GET 118.24.8.254/
[运行时间：0.328446s] [吞吐率：3.04req/s] [内存消耗：343.37kb] [文件加载：69]
[ info ] [ LANG ] /www/wuliu/thinkphp/lang/zh-cn.php
[ info ] [ ROUTE ] array (
)
[ info ] [ HEADER ] array (
  'host' => '118.24.8.254',
  'content-type' => '',
  'content-length' => '',
)
[ info ] [ PARAM ] array (
)
[ info ] [ VIEW ] /www/wuliu/application/admin/view/login/index.html [ array (
) ]
---------------------------------------------------------------
[ 2019-02-21T10:25:36+08:00 ] 178.73.215.171 GET /
[运行时间：0.002487s] [吞吐率：402.06req/s] [内存消耗：343.30kb] [文件加载：69]
[ info ] [ LANG ] /www/wuliu/thinkphp/lang/zh-cn.php
[ info ] [ ROUTE ] array (
)
[ info ] [ HEADER ] array (
  'accept' => '*/*',
  'content-type' => '',
  'content-length' => '',
)
[ info ] [ PARAM ] array (
)
[ info ] [ VIEW ] /www/wuliu/application/admin/view/login/index.html [ array (
) ]
---------------------------------------------------------------
[ 2019-02-21T13:50:15+08:00 ] 142.44.247.208 GET 118.24.8.254/
[运行时间：0.002498s] [吞吐率：400.33req/s] [内存消耗：343.73kb] [文件加载：69]
[ info ] [ LANG ] /www/wuliu/thinkphp/lang/zh-cn.php
[ info ] [ ROUTE ] array (
)
[ info ] [ HEADER ] array (
  'accept-encoding' => 'gzip',
  'accept' => '*/*',
  'user-agent' => 'Mozilla/5.0 zgrab/0.x',
  'host' => '118.24.8.254',
  'content-type' => '',
  'content-length' => '',
)
[ info ] [ PARAM ] array (
)
[ info ] [ VIEW ] /www/wuliu/application/admin/view/login/index.html [ array (
) ]
---------------------------------------------------------------
[ 2019-02-21T13:57:08+08:00 ] 43.224.45.150 GET xiao.baiduzhixing.com/
[运行时间：0.002658s] [吞吐率：376.24req/s] [内存消耗：345.41kb] [文件加载：69]
[ info ] [ LANG ] /www/wuliu/thinkphp/lang/zh-cn.php
[ info ] [ ROUTE ] array (
)
[ info ] [ HEADER ] array (
  'upgrade-insecure-requests' => '1',
  'cookie' => 'PHPSESSID=ifdqiam059030ldd3ke3dqgdg3',
  'connection' => 'keep-alive',
  'accept-encoding' => 'gzip, deflate',
  'accept-language' => 'zh-CN,zh;q=0.8,zh-TW;q=0.7,zh-HK;q=0.5,en-US;q=0.3,en;q=0.2',
  'accept' => 'text/html,application/xhtml+xml,application/xml;q=0.9,*/*;q=0.8',
  'user-agent' => 'Mozilla/5.0 (Macintosh; Intel Mac OS X 10.13; rv:64.0) Gecko/20100101 Firefox/64.0',
  'host' => 'xiao.baiduzhixing.com',
  'content-type' => '',
  'content-length' => '',
)
[ info ] [ PARAM ] array (
)
[ info ] [ VIEW ] /www/wuliu/application/admin/view/login/index.html [ array (
) ]
---------------------------------------------------------------
[ 2019-02-21T13:57:09+08:00 ] 43.224.45.150 GET xiao.baiduzhixing.com/captcha.html
[运行时间：0.062643s] [吞吐率：15.96req/s] [内存消耗：314.15kb] [文件加载：56]
[ info ] [ LANG ] /www/wuliu/thinkphp/lang/zh-cn.php
[ info ] [ ROUTE ] array (
  'rule' => 'captcha/<id?>',
  'route' => '\\think\\captcha\\CaptchaController@index',
  'option' => 
  array (
    'merge_rule_regex' => false,
  ),
  'var' => 
  array (
  ),
)
[ info ] [ HEADER ] array (
  'cookie' => 'PHPSESSID=ifdqiam059030ldd3ke3dqgdg3',
  'connection' => 'keep-alive',
  'referer' => 'http://xiao.baiduzhixing.com/',
  'accept-encoding' => 'gzip, deflate',
  'accept-language' => 'zh-CN,zh;q=0.8,zh-TW;q=0.7,zh-HK;q=0.5,en-US;q=0.3,en;q=0.2',
  'accept' => '*/*',
  'user-agent' => 'Mozilla/5.0 (Macintosh; Intel Mac OS X 10.13; rv:64.0) Gecko/20100101 Firefox/64.0',
  'host' => 'xiao.baiduzhixing.com',
  'content-type' => '',
  'content-length' => '',
)
[ info ] [ PARAM ] array (
)
---------------------------------------------------------------
[ 2019-02-21T14:01:49+08:00 ] 43.224.45.150 POST xiao.baiduzhixing.com/portal/loginadmin/login.html
[运行时间：0.313794s] [吞吐率：3.19req/s] [内存消耗：617.38kb] [文件加载：83]
[ info ] [ LANG ] /www/wuliu/thinkphp/lang/zh-cn.php
[ info ] [ ROUTE ] array (
)
[ info ] [ HEADER ] array (
  'cookie' => 'PHPSESSID=ifdqiam059030ldd3ke3dqgdg3',
  'connection' => 'keep-alive',
  'content-length' => '51',
  'x-requested-with' => 'XMLHttpRequest',
  'content-type' => 'application/x-www-form-urlencoded; charset=UTF-8',
  'referer' => 'http://xiao.baiduzhixing.com/',
  'accept-encoding' => 'gzip, deflate',
  'accept-language' => 'zh-CN,zh;q=0.8,zh-TW;q=0.7,zh-HK;q=0.5,en-US;q=0.3,en;q=0.2',
  'accept' => 'application/json, text/javascript, */*; q=0.01',
  'user-agent' => 'Mozilla/5.0 (Macintosh; Intel Mac OS X 10.13; rv:64.0) Gecko/20100101 Firefox/64.0',
  'host' => 'xiao.baiduzhixing.com',
)
[ info ] [ PARAM ] array (
  'name' => 'zhaozilong',
  'pwd' => 'WANAN521zhao',
  'verification' => '41032',
)
[ info ] [ DB ] INIT mysql
[ sql ] [ DB ] CONNECT:[ UseTime:0.123077s ] mysql:host=cdb-5t2zblr8.cd.tencentcdb.com;port=10035;dbname=tybest;charset=utf8
[ sql ] [ SQL ] SHOW COLUMNS FROM `admin` [ RunTime:0.095050s ]
[ sql ] [ SQL ] SELECT * FROM `admin` WHERE  `user_name` = 'zhaozilong' LIMIT 1 [ RunTime:0.009040s ]
---------------------------------------------------------------
[ 2019-02-21T14:01:57+08:00 ] 43.224.45.150 GET xiao.baiduzhixing.com/captcha.html?0.2531189030372373
[运行时间：0.002473s] [吞吐率：404.35req/s] [内存消耗：314.53kb] [文件加载：56]
[ info ] [ LANG ] /www/wuliu/thinkphp/lang/zh-cn.php
[ info ] [ ROUTE ] array (
  'rule' => 'captcha/<id?>',
  'route' => '\\think\\captcha\\CaptchaController@index',
  'option' => 
  array (
    'merge_rule_regex' => false,
  ),
  'var' => 
  array (
  ),
)
[ info ] [ HEADER ] array (
  'cookie' => 'PHPSESSID=ifdqiam059030ldd3ke3dqgdg3',
  'connection' => 'keep-alive',
  'referer' => 'http://xiao.baiduzhixing.com/',
  'accept-encoding' => 'gzip, deflate',
  'accept-language' => 'zh-CN,zh;q=0.8,zh-TW;q=0.7,zh-HK;q=0.5,en-US;q=0.3,en;q=0.2',
  'accept' => '*/*',
  'user-agent' => 'Mozilla/5.0 (Macintosh; Intel Mac OS X 10.13; rv:64.0) Gecko/20100101 Firefox/64.0',
  'host' => 'xiao.baiduzhixing.com',
  'content-type' => '',
  'content-length' => '',
)
[ info ] [ PARAM ] array (
  '0_2531189030372373' => '',
)
---------------------------------------------------------------
[ 2019-02-21T14:02:03+08:00 ] 43.224.45.150 POST xiao.baiduzhixing.com/portal/loginadmin/login.html
[运行时间：0.050973s] [吞吐率：19.62req/s] [内存消耗：617.38kb] [文件加载：83]
[ info ] [ LANG ] /www/wuliu/thinkphp/lang/zh-cn.php
[ info ] [ ROUTE ] array (
)
[ info ] [ HEADER ] array (
  'cookie' => 'PHPSESSID=ifdqiam059030ldd3ke3dqgdg3',
  'connection' => 'keep-alive',
  'content-length' => '51',
  'x-requested-with' => 'XMLHttpRequest',
  'content-type' => 'application/x-www-form-urlencoded; charset=UTF-8',
  'referer' => 'http://xiao.baiduzhixing.com/',
  'accept-encoding' => 'gzip, deflate',
  'accept-language' => 'zh-CN,zh;q=0.8,zh-TW;q=0.7,zh-HK;q=0.5,en-US;q=0.3,en;q=0.2',
  'accept' => 'application/json, text/javascript, */*; q=0.01',
  'user-agent' => 'Mozilla/5.0 (Macintosh; Intel Mac OS X 10.13; rv:64.0) Gecko/20100101 Firefox/64.0',
  'host' => 'xiao.baiduzhixing.com',
)
[ info ] [ PARAM ] array (
  'name' => 'zhaozilong',
  'pwd' => 'WANAN521zhao',
  'verification' => '16734',
)
[ info ] [ DB ] INIT mysql
[ sql ] [ DB ] CONNECT:[ UseTime:0.041792s ] mysql:host=cdb-5t2zblr8.cd.tencentcdb.com;port=10035;dbname=tybest;charset=utf8
[ sql ] [ SQL ] SHOW COLUMNS FROM `admin` [ RunTime:0.003071s ]
[ sql ] [ SQL ] SELECT * FROM `admin` WHERE  `user_name` = 'zhaozilong' LIMIT 1 [ RunTime:0.002669s ]
---------------------------------------------------------------
[ 2019-02-21T14:02:12+08:00 ] 43.224.45.150 GET xiao.baiduzhixing.com/captcha.html?0.6589895337080115
[运行时间：0.016798s] [吞吐率：59.53req/s] [内存消耗：314.53kb] [文件加载：56]
[ info ] [ LANG ] /www/wuliu/thinkphp/lang/zh-cn.php
[ info ] [ ROUTE ] array (
  'rule' => 'captcha/<id?>',
  'route' => '\\think\\captcha\\CaptchaController@index',
  'option' => 
  array (
    'merge_rule_regex' => false,
  ),
  'var' => 
  array (
  ),
)
[ info ] [ HEADER ] array (
  'cookie' => 'PHPSESSID=ifdqiam059030ldd3ke3dqgdg3',
  'connection' => 'keep-alive',
  'referer' => 'http://xiao.baiduzhixing.com/',
  'accept-encoding' => 'gzip, deflate',
  'accept-language' => 'zh-CN,zh;q=0.8,zh-TW;q=0.7,zh-HK;q=0.5,en-US;q=0.3,en;q=0.2',
  'accept' => '*/*',
  'user-agent' => 'Mozilla/5.0 (Macintosh; Intel Mac OS X 10.13; rv:64.0) Gecko/20100101 Firefox/64.0',
  'host' => 'xiao.baiduzhixing.com',
  'content-type' => '',
  'content-length' => '',
)
[ info ] [ PARAM ] array (
  '0_6589895337080115' => '',
)
---------------------------------------------------------------
[ 2019-02-21T14:02:20+08:00 ] 43.224.45.150 POST xiao.baiduzhixing.com/portal/loginadmin/login.html
[运行时间：0.012735s] [吞吐率：78.52req/s] [内存消耗：617.38kb] [文件加载：83]
[ info ] [ LANG ] /www/wuliu/thinkphp/lang/zh-cn.php
[ info ] [ ROUTE ] array (
)
[ info ] [ HEADER ] array (
  'cookie' => 'PHPSESSID=ifdqiam059030ldd3ke3dqgdg3',
  'connection' => 'keep-alive',
  'content-length' => '51',
  'x-requested-with' => 'XMLHttpRequest',
  'content-type' => 'application/x-www-form-urlencoded; charset=UTF-8',
  'referer' => 'http://xiao.baiduzhixing.com/',
  'accept-encoding' => 'gzip, deflate',
  'accept-language' => 'zh-CN,zh;q=0.8,zh-TW;q=0.7,zh-HK;q=0.5,en-US;q=0.3,en;q=0.2',
  'accept' => 'application/json, text/javascript, */*; q=0.01',
  'user-agent' => 'Mozilla/5.0 (Macintosh; Intel Mac OS X 10.13; rv:64.0) Gecko/20100101 Firefox/64.0',
  'host' => 'xiao.baiduzhixing.com',
)
[ info ] [ PARAM ] array (
  'name' => 'zhaozilong',
  'pwd' => 'WANAN521zhao',
  'verification' => '02630',
)
[ info ] [ DB ] INIT mysql
[ sql ] [ DB ] CONNECT:[ UseTime:0.004371s ] mysql:host=cdb-5t2zblr8.cd.tencentcdb.com;port=10035;dbname=tybest;charset=utf8
[ sql ] [ SQL ] SHOW COLUMNS FROM `admin` [ RunTime:0.002851s ]
[ sql ] [ SQL ] SELECT * FROM `admin` WHERE  `user_name` = 'zhaozilong' LIMIT 1 [ RunTime:0.002429s ]
---------------------------------------------------------------
[ 2019-02-21T14:02:32+08:00 ] 43.224.45.150 GET xiao.baiduzhixing.com/captcha.html?0.6595766628264121
[运行时间：0.021975s] [吞吐率：45.51req/s] [内存消耗：314.53kb] [文件加载：56]
[ info ] [ LANG ] /www/wuliu/thinkphp/lang/zh-cn.php
[ info ] [ ROUTE ] array (
  'rule' => 'captcha/<id?>',
  'route' => '\\think\\captcha\\CaptchaController@index',
  'option' => 
  array (
    'merge_rule_regex' => false,
  ),
  'var' => 
  array (
  ),
)
[ info ] [ HEADER ] array (
  'cookie' => 'PHPSESSID=ifdqiam059030ldd3ke3dqgdg3',
  'connection' => 'keep-alive',
  'referer' => 'http://xiao.baiduzhixing.com/',
  'accept-encoding' => 'gzip, deflate',
  'accept-language' => 'zh-CN,zh;q=0.8,zh-TW;q=0.7,zh-HK;q=0.5,en-US;q=0.3,en;q=0.2',
  'accept' => '*/*',
  'user-agent' => 'Mozilla/5.0 (Macintosh; Intel Mac OS X 10.13; rv:64.0) Gecko/20100101 Firefox/64.0',
  'host' => 'xiao.baiduzhixing.com',
  'content-type' => '',
  'content-length' => '',
)
[ info ] [ PARAM ] array (
  '0_6595766628264121' => '',
)
---------------------------------------------------------------
[ 2019-02-21T14:02:41+08:00 ] 43.224.45.150 POST xiao.baiduzhixing.com/portal/loginadmin/login.html
[运行时间：0.002106s] [吞吐率：474.84req/s] [内存消耗：443.11kb] [文件加载：78]
[ info ] [ LANG ] /www/wuliu/thinkphp/lang/zh-cn.php
[ info ] [ ROUTE ] array (
)
[ info ] [ HEADER ] array (
  'cookie' => 'PHPSESSID=ifdqiam059030ldd3ke3dqgdg3',
  'connection' => 'keep-alive',
  'content-length' => '51',
  'x-requested-with' => 'XMLHttpRequest',
  'content-type' => 'application/x-www-form-urlencoded; charset=UTF-8',
  'referer' => 'http://xiao.baiduzhixing.com/',
  'accept-encoding' => 'gzip, deflate',
  'accept-language' => 'zh-CN,zh;q=0.8,zh-TW;q=0.7,zh-HK;q=0.5,en-US;q=0.3,en;q=0.2',
  'accept' => 'application/json, text/javascript, */*; q=0.01',
  'user-agent' => 'Mozilla/5.0 (Macintosh; Intel Mac OS X 10.13; rv:64.0) Gecko/20100101 Firefox/64.0',
  'host' => 'xiao.baiduzhixing.com',
)
[ info ] [ PARAM ] array (
  'name' => 'zhaozilong',
  'pwd' => 'WANAN521zhao',
  'verification' => '10458',
)
---------------------------------------------------------------
[ 2019-02-21T14:02:42+08:00 ] 43.224.45.150 GET xiao.baiduzhixing.com/captcha.html?0.12954299368655564
[运行时间：0.024356s] [吞吐率：41.06req/s] [内存消耗：314.69kb] [文件加载：56]
[ info ] [ LANG ] /www/wuliu/thinkphp/lang/zh-cn.php
[ info ] [ ROUTE ] array (
  'rule' => 'captcha/<id?>',
  'route' => '\\think\\captcha\\CaptchaController@index',
  'option' => 
  array (
    'merge_rule_regex' => false,
  ),
  'var' => 
  array (
  ),
)
[ info ] [ HEADER ] array (
  'cookie' => 'PHPSESSID=ifdqiam059030ldd3ke3dqgdg3',
  'connection' => 'keep-alive',
  'referer' => 'http://xiao.baiduzhixing.com/',
  'accept-encoding' => 'gzip, deflate',
  'accept-language' => 'zh-CN,zh;q=0.8,zh-TW;q=0.7,zh-HK;q=0.5,en-US;q=0.3,en;q=0.2',
  'accept' => '*/*',
  'user-agent' => 'Mozilla/5.0 (Macintosh; Intel Mac OS X 10.13; rv:64.0) Gecko/20100101 Firefox/64.0',
  'host' => 'xiao.baiduzhixing.com',
  'content-type' => '',
  'content-length' => '',
)
[ info ] [ PARAM ] array (
  '0_12954299368655564' => '',
)
---------------------------------------------------------------
[ 2019-02-21T14:02:48+08:00 ] 43.224.45.150 POST xiao.baiduzhixing.com/portal/loginadmin/login.html
[运行时间：0.012431s] [吞吐率：80.44req/s] [内存消耗：617.38kb] [文件加载：83]
[ info ] [ LANG ] /www/wuliu/thinkphp/lang/zh-cn.php
[ info ] [ ROUTE ] array (
)
[ info ] [ HEADER ] array (
  'cookie' => 'PHPSESSID=ifdqiam059030ldd3ke3dqgdg3',
  'connection' => 'keep-alive',
  'content-length' => '51',
  'x-requested-with' => 'XMLHttpRequest',
  'content-type' => 'application/x-www-form-urlencoded; charset=UTF-8',
  'referer' => 'http://xiao.baiduzhixing.com/',
  'accept-encoding' => 'gzip, deflate',
  'accept-language' => 'zh-CN,zh;q=0.8,zh-TW;q=0.7,zh-HK;q=0.5,en-US;q=0.3,en;q=0.2',
  'accept' => 'application/json, text/javascript, */*; q=0.01',
  'user-agent' => 'Mozilla/5.0 (Macintosh; Intel Mac OS X 10.13; rv:64.0) Gecko/20100101 Firefox/64.0',
  'host' => 'xiao.baiduzhixing.com',
)
[ info ] [ PARAM ] array (
  'name' => 'zhaozilong',
  'pwd' => 'WANAN521zhao',
  'verification' => '73119',
)
[ info ] [ DB ] INIT mysql
[ sql ] [ DB ] CONNECT:[ UseTime:0.004416s ] mysql:host=cdb-5t2zblr8.cd.tencentcdb.com;port=10035;dbname=tybest;charset=utf8
[ sql ] [ SQL ] SHOW COLUMNS FROM `admin` [ RunTime:0.002745s ]
[ sql ] [ SQL ] SELECT * FROM `admin` WHERE  `user_name` = 'zhaozilong' LIMIT 1 [ RunTime:0.002537s ]
---------------------------------------------------------------
[ 2019-02-21T14:02:50+08:00 ] 43.224.45.150 GET xiao.baiduzhixing.com/captcha.html?0.41187585837492
[运行时间：0.058356s] [吞吐率：17.14req/s] [内存消耗：314.53kb] [文件加载：56]
[ info ] [ LANG ] /www/wuliu/thinkphp/lang/zh-cn.php
[ info ] [ ROUTE ] array (
  'rule' => 'captcha/<id?>',
  'route' => '\\think\\captcha\\CaptchaController@index',
  'option' => 
  array (
    'merge_rule_regex' => false,
  ),
  'var' => 
  array (
  ),
)
[ info ] [ HEADER ] array (
  'cookie' => 'PHPSESSID=ifdqiam059030ldd3ke3dqgdg3',
  'connection' => 'keep-alive',
  'referer' => 'http://xiao.baiduzhixing.com/',
  'accept-encoding' => 'gzip, deflate',
  'accept-language' => 'zh-CN,zh;q=0.8,zh-TW;q=0.7,zh-HK;q=0.5,en-US;q=0.3,en;q=0.2',
  'accept' => '*/*',
  'user-agent' => 'Mozilla/5.0 (Macintosh; Intel Mac OS X 10.13; rv:64.0) Gecko/20100101 Firefox/64.0',
  'host' => 'xiao.baiduzhixing.com',
  'content-type' => '',
  'content-length' => '',
)
[ info ] [ PARAM ] array (
  '0_41187585837492' => '',
)
---------------------------------------------------------------
[ 2019-02-21T14:03:05+08:00 ] 43.224.45.150 POST xiao.baiduzhixing.com/portal/loginadmin/login.html
[运行时间：0.013544s] [吞吐率：73.83req/s] [内存消耗：617.38kb] [文件加载：83]
[ info ] [ LANG ] /www/wuliu/thinkphp/lang/zh-cn.php
[ info ] [ ROUTE ] array (
)
[ info ] [ HEADER ] array (
  'cookie' => 'PHPSESSID=ifdqiam059030ldd3ke3dqgdg3',
  'connection' => 'keep-alive',
  'content-length' => '51',
  'x-requested-with' => 'XMLHttpRequest',
  'content-type' => 'application/x-www-form-urlencoded; charset=UTF-8',
  'referer' => 'http://xiao.baiduzhixing.com/',
  'accept-encoding' => 'gzip, deflate',
  'accept-language' => 'zh-CN,zh;q=0.8,zh-TW;q=0.7,zh-HK;q=0.5,en-US;q=0.3,en;q=0.2',
  'accept' => 'application/json, text/javascript, */*; q=0.01',
  'user-agent' => 'Mozilla/5.0 (Macintosh; Intel Mac OS X 10.13; rv:64.0) Gecko/20100101 Firefox/64.0',
  'host' => 'xiao.baiduzhixing.com',
)
[ info ] [ PARAM ] array (
  'name' => 'zhaozilong',
  'pwd' => 'WANAN521zhao',
  'verification' => '39555',
)
[ info ] [ DB ] INIT mysql
[ sql ] [ DB ] CONNECT:[ UseTime:0.004467s ] mysql:host=cdb-5t2zblr8.cd.tencentcdb.com;port=10035;dbname=tybest;charset=utf8
[ sql ] [ SQL ] SHOW COLUMNS FROM `admin` [ RunTime:0.003091s ]
[ sql ] [ SQL ] SELECT * FROM `admin` WHERE  `user_name` = 'zhaozilong' LIMIT 1 [ RunTime:0.002550s ]
---------------------------------------------------------------
[ 2019-02-21T14:03:18+08:00 ] 43.224.45.150 GET xiao.baiduzhixing.com/captcha.html?0.6386906827716179
[运行时间：0.002701s] [吞吐率：370.23req/s] [内存消耗：314.53kb] [文件加载：56]
[ info ] [ LANG ] /www/wuliu/thinkphp/lang/zh-cn.php
[ info ] [ ROUTE ] array (
  'rule' => 'captcha/<id?>',
  'route' => '\\think\\captcha\\CaptchaController@index',
  'option' => 
  array (
    'merge_rule_regex' => false,
  ),
  'var' => 
  array (
  ),
)
[ info ] [ HEADER ] array (
  'cookie' => 'PHPSESSID=ifdqiam059030ldd3ke3dqgdg3',
  'connection' => 'keep-alive',
  'referer' => 'http://xiao.baiduzhixing.com/',
  'accept-encoding' => 'gzip, deflate',
  'accept-language' => 'zh-CN,zh;q=0.8,zh-TW;q=0.7,zh-HK;q=0.5,en-US;q=0.3,en;q=0.2',
  'accept' => '*/*',
  'user-agent' => 'Mozilla/5.0 (Macintosh; Intel Mac OS X 10.13; rv:64.0) Gecko/20100101 Firefox/64.0',
  'host' => 'xiao.baiduzhixing.com',
  'content-type' => '',
  'content-length' => '',
)
[ info ] [ PARAM ] array (
  '0_6386906827716179' => '',
)
---------------------------------------------------------------
[ 2019-02-21T14:03:24+08:00 ] 43.224.45.150 POST xiao.baiduzhixing.com/portal/loginadmin/login.html
[运行时间：0.013066s] [吞吐率：76.53req/s] [内存消耗：619.95kb] [文件加载：83]
[ info ] [ LANG ] /www/wuliu/thinkphp/lang/zh-cn.php
[ info ] [ ROUTE ] array (
)
[ info ] [ HEADER ] array (
  'cookie' => 'PHPSESSID=ifdqiam059030ldd3ke3dqgdg3',
  'connection' => 'keep-alive',
  'content-length' => '51',
  'x-requested-with' => 'XMLHttpRequest',
  'content-type' => 'application/x-www-form-urlencoded; charset=UTF-8',
  'referer' => 'http://xiao.baiduzhixing.com/',
  'accept-encoding' => 'gzip, deflate',
  'accept-language' => 'zh-CN,zh;q=0.8,zh-TW;q=0.7,zh-HK;q=0.5,en-US;q=0.3,en;q=0.2',
  'accept' => 'application/json, text/javascript, */*; q=0.01',
  'user-agent' => 'Mozilla/5.0 (Macintosh; Intel Mac OS X 10.13; rv:64.0) Gecko/20100101 Firefox/64.0',
  'host' => 'xiao.baiduzhixing.com',
)
[ info ] [ PARAM ] array (
  'name' => 'zhaozilong',
  'pwd' => 'wanan521zhao',
  'verification' => '80260',
)
[ info ] [ DB ] INIT mysql
[ sql ] [ DB ] CONNECT:[ UseTime:0.004294s ] mysql:host=cdb-5t2zblr8.cd.tencentcdb.com;port=10035;dbname=tybest;charset=utf8
[ sql ] [ SQL ] SHOW COLUMNS FROM `admin` [ RunTime:0.003101s ]
[ sql ] [ SQL ] SELECT * FROM `admin` WHERE  `user_name` = 'zhaozilong' LIMIT 1 [ RunTime:0.002551s ]
---------------------------------------------------------------
[ 2019-02-21T14:03:25+08:00 ] 43.224.45.150 GET xiao.baiduzhixing.com/admin/index/index.html
[运行时间：0.186925s] [吞吐率：5.35req/s] [内存消耗：697.72kb] [文件加载：86]
[ info ] [ LANG ] /www/wuliu/thinkphp/lang/zh-cn.php
[ info ] [ ROUTE ] array (
)
[ info ] [ HEADER ] array (
  'upgrade-insecure-requests' => '1',
  'cookie' => 'PHPSESSID=ifdqiam059030ldd3ke3dqgdg3',
  'connection' => 'keep-alive',
  'referer' => 'http://xiao.baiduzhixing.com/',
  'accept-encoding' => 'gzip, deflate',
  'accept-language' => 'zh-CN,zh;q=0.8,zh-TW;q=0.7,zh-HK;q=0.5,en-US;q=0.3,en;q=0.2',
  'accept' => 'text/html,application/xhtml+xml,application/xml;q=0.9,*/*;q=0.8',
  'user-agent' => 'Mozilla/5.0 (Macintosh; Intel Mac OS X 10.13; rv:64.0) Gecko/20100101 Firefox/64.0',
  'host' => 'xiao.baiduzhixing.com',
  'content-type' => '',
  'content-length' => '',
)
[ info ] [ PARAM ] array (
)
[ info ] [ DB ] INIT mysql
[ info ] [ VIEW ] /www/wuliu/application/admin/view/index/index.html [ array (
  0 => 'admin_name',
  1 => 'data',
) ]
[ sql ] [ DB ] CONNECT:[ UseTime:0.004636s ] mysql:host=cdb-5t2zblr8.cd.tencentcdb.com;port=10035;dbname=tybest;charset=utf8
[ sql ] [ SQL ] SHOW COLUMNS FROM `goods` [ RunTime:0.005696s ]
[ sql ] [ SQL ] SELECT COUNT(*) AS tp_count FROM `goods` `g` INNER JOIN `goods_standard` `gs` ON `g`.`goods_id`=`gs`.`goods_id` WHERE  `g`.`is_delete` = '0'  AND `g`.`is_on_sale` = '1'  AND `gs`.`stock` = '0' LIMIT 1 [ RunTime:0.013329s ]
[ sql ] [ SQL ] SELECT COUNT(*) AS tp_count FROM ( SELECT `gs`.`warn_number`,`gs`.`goods_standard_id` FROM `goods` `g` INNER JOIN `goods_standard` `gs` ON `g`.`goods_id`=`gs`.`goods_id` WHERE  `g`.`is_delete` = '0'  AND `g`.`is_on_sale` = '1' )t INNER JOIN `goods_standard` `gs` ON `t`.`goods_standard_id`=`gs`.`goods_standard_id` WHERE  `gs`.`stock` <= 't.warn_number' LIMIT 1 [ RunTime:0.003817s ]
[ sql ] [ SQL ] SHOW COLUMNS FROM `order_info` [ RunTime:0.007903s ]
[ sql ] [ SQL ] SELECT COUNT(*) AS tp_count FROM `order_info` WHERE  `pay_status` = 0 LIMIT 1 [ RunTime:0.002973s ]
[ sql ] [ SQL ] SELECT COUNT(*) AS tp_count FROM `order_info` WHERE  `apply_refund_time` > '0'  AND `refund_status` = 1 LIMIT 1 [ RunTime:0.013129s ]
[ sql ] [ SQL ] SHOW COLUMNS FROM `user` [ RunTime:0.003086s ]
[ sql ] [ SQL ] SELECT COUNT(*) AS tp_count FROM `user` WHERE  `agent_time` >= '2019-02-01'  AND `agent_time` <= '2019-02-28' LIMIT 1 [ RunTime:0.063786s ]
[ sql ] [ SQL ] SELECT sum(goods_amount) as pirce,count(order_info_id) as num FROM `order_info` WHERE  `pay_status` = 2  AND `add_time` >= 1548950400  AND `add_time` <= 1551369599 LIMIT 1 [ RunTime:0.012229s ]
