---------------------------------------------------------------
[ 2019-02-26T00:24:02+08:00 ] 184.105.139.69 GET 118.24.8.254/
[运行时间：0.002819s] [吞吐率：354.73req/s] [内存消耗：343.36kb] [文件加载：69]
[ info ] [ LANG ] /www/wuliu/thinkphp/lang/zh-cn.php
[ info ] [ ROUTE ] array (
)
[ info ] [ HEADER ] array (
  'host' => '118.24.8.254',
  'content-type' => '',
  'content-length' => '',
)
[ info ] [ PARAM ] array (
)
[ info ] [ VIEW ] /www/wuliu/application/admin/view/login/index.html [ array (
) ]
---------------------------------------------------------------
[ 2019-02-26T03:37:01+08:00 ] 178.128.2.19 GET 118.24.8.254/
[运行时间：0.045911s] [吞吐率：21.78req/s] [内存消耗：343.73kb] [文件加载：69]
[ info ] [ LANG ] /www/wuliu/thinkphp/lang/zh-cn.php
[ info ] [ ROUTE ] array (
)
[ info ] [ HEADER ] array (
  'accept-encoding' => 'gzip',
  'accept' => '*/*',
  'user-agent' => 'Mozilla/5.0 zgrab/0.x',
  'host' => '118.24.8.254',
  'content-type' => '',
  'content-length' => '',
)
[ info ] [ PARAM ] array (
)
[ info ] [ VIEW ] /www/wuliu/application/admin/view/login/index.html [ array (
) ]
---------------------------------------------------------------
[ 2019-02-26T07:20:24+08:00 ] 94.102.49.190 GET 118.24.8.254/
[运行时间：0.409188s] [吞吐率：2.44req/s] [内存消耗：344.20kb] [文件加载：69]
[ info ] [ LANG ] /www/wuliu/thinkphp/lang/zh-cn.php
[ info ] [ ROUTE ] array (
)
[ info ] [ HEADER ] array (
  'user-agent' => 'Mozilla/5.0 (X11; Linux x86_64) AppleWebKit/537.36 (KHTML, like Gecko) Chrome/34.0.1847.137 Safari/537.36',
  'accept' => 'text/html,application/xhtml+xml,application/xml;q=0.9,*/*;q=0.8',
  'host' => '118.24.8.254',
  'accept-encoding' => 'identity',
  'content-type' => '',
  'content-length' => '',
)
[ info ] [ PARAM ] array (
)
[ info ] [ VIEW ] /www/wuliu/application/admin/view/login/index.html [ array (
) ]
---------------------------------------------------------------
[ 2019-02-26T13:34:55+08:00 ] 104.131.144.113 GET 118.24.8.254/
[运行时间：0.064882s] [吞吐率：15.41req/s] [内存消耗：343.73kb] [文件加载：69]
[ info ] [ LANG ] /www/wuliu/thinkphp/lang/zh-cn.php
[ info ] [ ROUTE ] array (
)
[ info ] [ HEADER ] array (
  'accept-encoding' => 'gzip',
  'accept' => '*/*',
  'user-agent' => 'Mozilla/5.0 zgrab/0.x',
  'host' => '118.24.8.254',
  'content-type' => '',
  'content-length' => '',
)
[ info ] [ PARAM ] array (
)
[ info ] [ VIEW ] /www/wuliu/application/admin/view/login/index.html [ array (
) ]
---------------------------------------------------------------
[ 2019-02-26T15:21:04+08:00 ] 125.64.94.200 GET 118.24.8.254/
[运行时间：0.002394s] [吞吐率：417.72req/s] [内存消耗：343.37kb] [文件加载：69]
[ info ] [ LANG ] /www/wuliu/thinkphp/lang/zh-cn.php
[ info ] [ ROUTE ] array (
)
[ info ] [ HEADER ] array (
  'host' => '118.24.8.254',
  'content-type' => '',
  'content-length' => '',
)
[ info ] [ PARAM ] array (
)
[ info ] [ VIEW ] /www/wuliu/application/admin/view/login/index.html [ array (
) ]
---------------------------------------------------------------
[ 2019-02-26T16:55:08+08:00 ] 52.53.168.216 GET 118.24.8.254:443/
[运行时间：0.002359s] [吞吐率：423.92req/s] [内存消耗：344.24kb] [文件加载：69]
[ info ] [ LANG ] /www/wuliu/thinkphp/lang/zh-cn.php
[ info ] [ ROUTE ] array (
)
[ info ] [ HEADER ] array (
  'user-agent' => 'Mozilla/5.0 (Macintosh; Intel Mac OS X 10_11_5) AppleWebKit/537.36 (KHTML, like Gecko) Chrome/50.0.2661.102 Safari/537.36',
  'accept-encoding' => 'gzip',
  'connection' => 'close',
  'host' => '118.24.8.254:443',
  'content-type' => '',
  'content-length' => '',
)
[ info ] [ PARAM ] array (
)
[ info ] [ VIEW ] /www/wuliu/application/admin/view/login/index.html [ array (
) ]
---------------------------------------------------------------
[ 2019-02-26T17:13:56+08:00 ] 43.224.45.150 GET xiao.baiduzhixing.com/
[运行时间：0.002922s] [吞吐率：342.22req/s] [内存消耗：345.41kb] [文件加载：69]
[ info ] [ LANG ] /www/wuliu/thinkphp/lang/zh-cn.php
[ info ] [ ROUTE ] array (
)
[ info ] [ HEADER ] array (
  'upgrade-insecure-requests' => '1',
  'cookie' => 'PHPSESSID=ifdqiam059030ldd3ke3dqgdg3',
  'connection' => 'keep-alive',
  'accept-encoding' => 'gzip, deflate',
  'accept-language' => 'zh-CN,zh;q=0.8,zh-TW;q=0.7,zh-HK;q=0.5,en-US;q=0.3,en;q=0.2',
  'accept' => 'text/html,application/xhtml+xml,application/xml;q=0.9,*/*;q=0.8',
  'user-agent' => 'Mozilla/5.0 (Macintosh; Intel Mac OS X 10.13; rv:64.0) Gecko/20100101 Firefox/64.0',
  'host' => 'xiao.baiduzhixing.com',
  'content-type' => '',
  'content-length' => '',
)
[ info ] [ PARAM ] array (
)
[ info ] [ VIEW ] /www/wuliu/application/admin/view/login/index.html [ array (
) ]
---------------------------------------------------------------
[ 2019-02-26T17:13:59+08:00 ] 43.224.45.150 GET xiao.baiduzhixing.com/captcha.html
[运行时间：0.289696s] [吞吐率：3.45req/s] [内存消耗：314.15kb] [文件加载：56]
[ info ] [ LANG ] /www/wuliu/thinkphp/lang/zh-cn.php
[ info ] [ ROUTE ] array (
  'rule' => 'captcha/<id?>',
  'route' => '\\think\\captcha\\CaptchaController@index',
  'option' => 
  array (
    'merge_rule_regex' => false,
  ),
  'var' => 
  array (
  ),
)
[ info ] [ HEADER ] array (
  'cookie' => 'PHPSESSID=ifdqiam059030ldd3ke3dqgdg3',
  'connection' => 'keep-alive',
  'referer' => 'http://xiao.baiduzhixing.com/',
  'accept-encoding' => 'gzip, deflate',
  'accept-language' => 'zh-CN,zh;q=0.8,zh-TW;q=0.7,zh-HK;q=0.5,en-US;q=0.3,en;q=0.2',
  'accept' => '*/*',
  'user-agent' => 'Mozilla/5.0 (Macintosh; Intel Mac OS X 10.13; rv:64.0) Gecko/20100101 Firefox/64.0',
  'host' => 'xiao.baiduzhixing.com',
  'content-type' => '',
  'content-length' => '',
)
[ info ] [ PARAM ] array (
)
---------------------------------------------------------------
[ 2019-02-26T17:14:27+08:00 ] 43.224.45.150 POST xiao.baiduzhixing.com/portal/loginadmin/login.html
[运行时间：0.414541s] [吞吐率：2.41req/s] [内存消耗：619.95kb] [文件加载：83]
[ info ] [ LANG ] /www/wuliu/thinkphp/lang/zh-cn.php
[ info ] [ ROUTE ] array (
)
[ info ] [ HEADER ] array (
  'cookie' => 'PHPSESSID=ifdqiam059030ldd3ke3dqgdg3',
  'connection' => 'keep-alive',
  'content-length' => '51',
  'x-requested-with' => 'XMLHttpRequest',
  'content-type' => 'application/x-www-form-urlencoded; charset=UTF-8',
  'referer' => 'http://xiao.baiduzhixing.com/',
  'accept-encoding' => 'gzip, deflate',
  'accept-language' => 'zh-CN,zh;q=0.8,zh-TW;q=0.7,zh-HK;q=0.5,en-US;q=0.3,en;q=0.2',
  'accept' => 'application/json, text/javascript, */*; q=0.01',
  'user-agent' => 'Mozilla/5.0 (Macintosh; Intel Mac OS X 10.13; rv:64.0) Gecko/20100101 Firefox/64.0',
  'host' => 'xiao.baiduzhixing.com',
)
[ info ] [ PARAM ] array (
  'name' => 'zhaozilong',
  'pwd' => 'wanan521zhao',
  'verification' => '21514',
)
[ info ] [ DB ] INIT mysql
[ sql ] [ DB ] CONNECT:[ UseTime:0.222307s ] mysql:host=cdb-5t2zblr8.cd.tencentcdb.com;port=10035;dbname=tybest;charset=utf8
[ sql ] [ SQL ] SHOW COLUMNS FROM `admin` [ RunTime:0.064970s ]
[ sql ] [ SQL ] SELECT * FROM `admin` WHERE  `user_name` = 'zhaozilong' LIMIT 1 [ RunTime:0.009508s ]
---------------------------------------------------------------
[ 2019-02-26T17:14:28+08:00 ] 43.224.45.150 GET xiao.baiduzhixing.com/admin/index/index.html
[运行时间：0.258122s] [吞吐率：3.87req/s] [内存消耗：697.72kb] [文件加载：86]
[ info ] [ LANG ] /www/wuliu/thinkphp/lang/zh-cn.php
[ info ] [ ROUTE ] array (
)
[ info ] [ HEADER ] array (
  'upgrade-insecure-requests' => '1',
  'cookie' => 'PHPSESSID=ifdqiam059030ldd3ke3dqgdg3',
  'connection' => 'keep-alive',
  'referer' => 'http://xiao.baiduzhixing.com/',
  'accept-encoding' => 'gzip, deflate',
  'accept-language' => 'zh-CN,zh;q=0.8,zh-TW;q=0.7,zh-HK;q=0.5,en-US;q=0.3,en;q=0.2',
  'accept' => 'text/html,application/xhtml+xml,application/xml;q=0.9,*/*;q=0.8',
  'user-agent' => 'Mozilla/5.0 (Macintosh; Intel Mac OS X 10.13; rv:64.0) Gecko/20100101 Firefox/64.0',
  'host' => 'xiao.baiduzhixing.com',
  'content-type' => '',
  'content-length' => '',
)
[ info ] [ PARAM ] array (
)
[ info ] [ DB ] INIT mysql
[ info ] [ VIEW ] /www/wuliu/application/admin/view/index/index.html [ array (
  0 => 'admin_name',
  1 => 'data',
) ]
[ sql ] [ DB ] CONNECT:[ UseTime:0.042480s ] mysql:host=cdb-5t2zblr8.cd.tencentcdb.com;port=10035;dbname=tybest;charset=utf8
[ sql ] [ SQL ] SHOW COLUMNS FROM `goods` [ RunTime:0.006239s ]
[ sql ] [ SQL ] SELECT COUNT(*) AS tp_count FROM `goods` `g` INNER JOIN `goods_standard` `gs` ON `g`.`goods_id`=`gs`.`goods_id` WHERE  `g`.`is_delete` = '0'  AND `g`.`is_on_sale` = '1'  AND `gs`.`stock` = '0' LIMIT 1 [ RunTime:0.016222s ]
[ sql ] [ SQL ] SELECT COUNT(*) AS tp_count FROM ( SELECT `gs`.`warn_number`,`gs`.`goods_standard_id` FROM `goods` `g` INNER JOIN `goods_standard` `gs` ON `g`.`goods_id`=`gs`.`goods_id` WHERE  `g`.`is_delete` = '0'  AND `g`.`is_on_sale` = '1' )t INNER JOIN `goods_standard` `gs` ON `t`.`goods_standard_id`=`gs`.`goods_standard_id` WHERE  `gs`.`stock` <= 't.warn_number' LIMIT 1 [ RunTime:0.004383s ]
[ sql ] [ SQL ] SHOW COLUMNS FROM `order_info` [ RunTime:0.008047s ]
[ sql ] [ SQL ] SELECT COUNT(*) AS tp_count FROM `order_info` WHERE  `pay_status` = 0 LIMIT 1 [ RunTime:0.004710s ]
[ sql ] [ SQL ] SELECT COUNT(*) AS tp_count FROM `order_info` WHERE  `apply_refund_time` > '0'  AND `refund_status` = 1 LIMIT 1 [ RunTime:0.015809s ]
[ sql ] [ SQL ] SHOW COLUMNS FROM `user` [ RunTime:0.003951s ]
[ sql ] [ SQL ] SELECT COUNT(*) AS tp_count FROM `user` WHERE  `agent_time` >= '2019-02-01'  AND `agent_time` <= '2019-02-28' LIMIT 1 [ RunTime:0.057363s ]
[ sql ] [ SQL ] SELECT sum(goods_amount) as pirce,count(order_info_id) as num FROM `order_info` WHERE  `pay_status` = 2  AND `add_time` >= 1548950400  AND `add_time` <= 1551369599 LIMIT 1 [ RunTime:0.015509s ]
---------------------------------------------------------------
[ 2019-02-26T17:14:31+08:00 ] 43.224.45.150 GET xiao.baiduzhixing.com/static/admin/i/app-icon72x72@2x.png
[运行时间：0.047140s] [吞吐率：21.21req/s] [内存消耗：310.80kb] [文件加载：56]
[ info ] [ LANG ] /www/wuliu/thinkphp/lang/zh-cn.php
---------------------------------------------------------------
[ 2019-02-26T17:14:31+08:00 ] 43.224.45.150 GET xiao.baiduzhixing.com/static/admin/i/favicon.png
[运行时间：0.048764s] [吞吐率：20.51req/s] [内存消耗：310.80kb] [文件加载：56]
[ info ] [ LANG ] /www/wuliu/thinkphp/lang/zh-cn.php
---------------------------------------------------------------
[ 2019-02-26T17:14:48+08:00 ] 43.224.45.150 GET xiao.baiduzhixing.com/admin/index/index
[运行时间：0.100351s] [吞吐率：9.97req/s] [内存消耗：697.63kb] [文件加载：86]
[ info ] [ LANG ] /www/wuliu/thinkphp/lang/zh-cn.php
[ info ] [ ROUTE ] array (
)
[ info ] [ HEADER ] array (
  'upgrade-insecure-requests' => '1',
  'cookie' => 'PHPSESSID=ifdqiam059030ldd3ke3dqgdg3',
  'connection' => 'keep-alive',
  'accept-encoding' => 'gzip, deflate',
  'accept-language' => 'zh-CN,zh;q=0.8,zh-TW;q=0.7,zh-HK;q=0.5,en-US;q=0.3,en;q=0.2',
  'accept' => 'text/html,application/xhtml+xml,application/xml;q=0.9,*/*;q=0.8',
  'user-agent' => 'Mozilla/5.0 (Macintosh; Intel Mac OS X 10.13; rv:64.0) Gecko/20100101 Firefox/64.0',
  'host' => 'xiao.baiduzhixing.com',
  'content-type' => '',
  'content-length' => '',
)
[ info ] [ PARAM ] array (
)
[ info ] [ DB ] INIT mysql
[ info ] [ VIEW ] /www/wuliu/application/admin/view/index/index.html [ array (
  0 => 'admin_name',
  1 => 'data',
) ]
[ sql ] [ DB ] CONNECT:[ UseTime:0.005095s ] mysql:host=cdb-5t2zblr8.cd.tencentcdb.com;port=10035;dbname=tybest;charset=utf8
[ sql ] [ SQL ] SHOW COLUMNS FROM `goods` [ RunTime:0.003664s ]
[ sql ] [ SQL ] SELECT COUNT(*) AS tp_count FROM `goods` `g` INNER JOIN `goods_standard` `gs` ON `g`.`goods_id`=`gs`.`goods_id` WHERE  `g`.`is_delete` = '0'  AND `g`.`is_on_sale` = '1'  AND `gs`.`stock` = '0' LIMIT 1 [ RunTime:0.003637s ]
[ sql ] [ SQL ] SELECT COUNT(*) AS tp_count FROM ( SELECT `gs`.`warn_number`,`gs`.`goods_standard_id` FROM `goods` `g` INNER JOIN `goods_standard` `gs` ON `g`.`goods_id`=`gs`.`goods_id` WHERE  `g`.`is_delete` = '0'  AND `g`.`is_on_sale` = '1' )t INNER JOIN `goods_standard` `gs` ON `t`.`goods_standard_id`=`gs`.`goods_standard_id` WHERE  `gs`.`stock` <= 't.warn_number' LIMIT 1 [ RunTime:0.003911s ]
[ sql ] [ SQL ] SHOW COLUMNS FROM `order_info` [ RunTime:0.003931s ]
[ sql ] [ SQL ] SELECT COUNT(*) AS tp_count FROM `order_info` WHERE  `pay_status` = 0 LIMIT 1 [ RunTime:0.003244s ]
[ sql ] [ SQL ] SELECT COUNT(*) AS tp_count FROM `order_info` WHERE  `apply_refund_time` > '0'  AND `refund_status` = 1 LIMIT 1 [ RunTime:0.008528s ]
[ sql ] [ SQL ] SHOW COLUMNS FROM `user` [ RunTime:0.003589s ]
[ sql ] [ SQL ] SELECT COUNT(*) AS tp_count FROM `user` WHERE  `agent_time` >= '2019-02-01'  AND `agent_time` <= '2019-02-28' LIMIT 1 [ RunTime:0.042639s ]
[ sql ] [ SQL ] SELECT sum(goods_amount) as pirce,count(order_info_id) as num FROM `order_info` WHERE  `pay_status` = 2  AND `add_time` >= 1548950400  AND `add_time` <= 1551369599 LIMIT 1 [ RunTime:0.015920s ]
---------------------------------------------------------------
[ 2019-02-26T17:39:08+08:00 ] 43.224.45.150 GET xiao.baiduzhixing.com/api/user/index?content=undefined
[运行时间：0.018445s] [吞吐率：54.22req/s] [内存消耗：344.91kb] [文件加载：67]
[ info ] [ LANG ] /www/wuliu/thinkphp/lang/zh-cn.php
[ info ] [ ROUTE ] array (
)
[ info ] [ HEADER ] array (
  'accept-encoding' => 'gzip, deflate, br',
  'referer' => 'https://servicewechat.com/wx4c3829d268004a40/devtools/page-frame.html',
  'accept' => '*/*',
  'content-type' => 'application/json',
  'user-agent' => 'Mozilla/5.0 (iPhone; CPU iPhone OS 9_1 like Mac OS X) AppleWebKit/601.1.46 (KHTML, like Gecko) Version/9.0 Mobile/13B143 Safari/601.1 wechatdevtools/1.02.1902010 MicroMessenger/6.7.3 Language/zh_CN webview/ token/9f57d5a13f7c7d1901763d5d07392d67',
  'cache-control' => 'no-cache',
  'pragma' => 'no-cache',
  'connection' => 'keep-alive',
  'host' => 'xiao.baiduzhixing.com',
  'content-length' => '',
)
[ info ] [ PARAM ] array (
  'content' => 'undefined',
)
---------------------------------------------------------------
[ 2019-02-26T17:39:23+08:00 ] 43.224.45.150 GET xiao.baiduzhixing.com/api/user/index?content=%7B%22errMsg%22%3A%22getUserInfo%3Aok%22%2C%22rawData%22%3A%22%7B%5C%22nickName%5C%22%3A%5C%22long%5C%22%2C%5C%22gender%5C%22%3A1%2C%5C%22language%5C%22%3A%5C%22zh_CN%5C%22%2C%5C%22city%5C%22%3A%5C%22%5C%22%2C%5C%22province%5C%22%3A%5C%22%5C%22%2C%5C%22country%5C%22%3A%5C%22China%5C%22%2C%5C%22avatarUrl%5C%22%3A%5C%22https%3A%2F%2Fwx.qlogo.cn%2Fmmopen%2Fvi_32%2FQ0j4TwGTfTKoBjfkc9xShkia6H5HXYTZdErUQgPOaZT9PMZxTOBQGcVefggVibwJsOibwrr2LcDOLW7THqOaRwXVg%2F132%5C%22%7D%22%2C%22userInfo%22%3A%7B%22nickName%22%3A%22long%22%2C%22gender%22%3A1%2C%22language%22%3A%22zh_CN%22%2C%22city%22%3A%22%22%2C%22province%22%3A%22%22%2C%22country%22%3A%22China%22%2C%22avatarUrl%22%3A%22https%3A%2F%2Fwx.qlogo.cn%2Fmmopen%2Fvi_32%2FQ0j4TwGTfTKoBjfkc9xShkia6H5HXYTZdErUQgPOaZT9PMZxTOBQGcVefggVibwJsOibwrr2LcDOLW7THqOaRwXVg%2F132%22%7D%2C%22signature%22%3A%22e89f49ba3fee0902b712cf8ecc81232df50cf1f8%22%2C%22encryptedData%22%3A%22AWvWlqAX43ppHavZsvbo0JDi%2BzDJBKUXPY6RxTKfwsiSYzX0V%2FVlc9%2F%2Bty0%2ByHANB98OeCeGZUPR7MsXGtbqWNo6mnSln%2BKMaDj82ZLydBT7pBuvov71EGB6CF4fZieEBPf8Cx612tPLgDhn9J%2FSe3XPSBo89UqlCg4dcTZ88%2Fwf986v1V1kppAwk0MxIeXiqyxXV9Q9ex4SIYv129oxzneBWwbAmhmAcOUQskc8sGRQVafrnt6tBQaTUt7LJKutPgpyS5Qi5fGv46%2FKEBezuzzBWP2RivM61J2QiWgyQBprHgBeN3N9HwzFShyavihOMtFVtGH7QJAwvZd8giFjFuugAp1iWzGK%2FmDOdB9oTWbGwMKOflAOAk9w6lLIMqKel8CeFzKPDPjUNVmXBE63dI%2BwlfZ5skhLRjITR7zk51IEGTIAs0YBsL5ZruXT%2BdlT2AYQjN%2B4t6UFle9nRIr1UQ%3D%3D%22%2C%22iv%22%3A%22AbZQomfLJ3A2Kfd4Retk0w%3D%3D%22%7D
[运行时间：0.002538s] [吞吐率：393.98req/s] [内存消耗：348.37kb] [文件加载：67]
[ info ] [ LANG ] /www/wuliu/thinkphp/lang/zh-cn.php
[ info ] [ ROUTE ] array (
)
[ info ] [ HEADER ] array (
  'accept-encoding' => 'gzip, deflate, br',
  'referer' => 'https://servicewechat.com/wx4c3829d268004a40/devtools/page-frame.html',
  'accept' => '*/*',
  'content-type' => 'application/json',
  'user-agent' => 'Mozilla/5.0 (iPhone; CPU iPhone OS 9_1 like Mac OS X) AppleWebKit/601.1.46 (KHTML, like Gecko) Version/9.0 Mobile/13B143 Safari/601.1 wechatdevtools/1.02.1902010 MicroMessenger/6.7.3 Language/zh_CN webview/ token/9f57d5a13f7c7d1901763d5d07392d67',
  'cache-control' => 'no-cache',
  'pragma' => 'no-cache',
  'connection' => 'keep-alive',
  'host' => 'xiao.baiduzhixing.com',
  'content-length' => '',
)
[ info ] [ PARAM ] array (
  'content' => '{"errMsg":"getUserInfo:ok","rawData":"{\\"nickName\\":\\"long\\",\\"gender\\":1,\\"language\\":\\"zh_CN\\",\\"city\\":\\"\\",\\"province\\":\\"\\",\\"country\\":\\"China\\",\\"avatarUrl\\":\\"https://wx.qlogo.cn/mmopen/vi_32/Q0j4TwGTfTKoBjfkc9xShkia6H5HXYTZdErUQgPOaZT9PMZxTOBQGcVefggVibwJsOibwrr2LcDOLW7THqOaRwXVg/132\\"}","userInfo":{"nickName":"long","gender":1,"language":"zh_CN","city":"","province":"","country":"China","avatarUrl":"https://wx.qlogo.cn/mmopen/vi_32/Q0j4TwGTfTKoBjfkc9xShkia6H5HXYTZdErUQgPOaZT9PMZxTOBQGcVefggVibwJsOibwrr2LcDOLW7THqOaRwXVg/132"},"signature":"e89f49ba3fee0902b712cf8ecc81232df50cf1f8","encryptedData":"AWvWlqAX43ppHavZsvbo0JDi+zDJBKUXPY6RxTKfwsiSYzX0V/Vlc9/+ty0+yHANB98OeCeGZUPR7MsXGtbqWNo6mnSln+KMaDj82ZLydBT7pBuvov71EGB6CF4fZieEBPf8Cx612tPLgDhn9J/Se3XPSBo89UqlCg4dcTZ88/wf986v1V1kppAwk0MxIeXiqyxXV9Q9ex4SIYv129oxzneBWwbAmhmAcOUQskc8sGRQVafrnt6tBQaTUt7LJKutPgpyS5Qi5fGv46/KEBezuzzBWP2RivM61J2QiWgyQBprHgBeN3N9HwzFShyavihOMtFVtGH7QJAwvZd8giFjFuugAp1iWzGK/mDOdB9oTWbGwMKOflAOAk9w6lLIMqKel8CeFzKPDPjUNVmXBE63dI+wlfZ5skhLRjITR7zk51IEGTIAs0YBsL5ZruXT+dlT2AYQjN+4t6UFle9nRIr1UQ==","iv":"AbZQomfLJ3A2Kfd4Retk0w=="}',
)
