---------------------------------------------------------------
[ 2018-11-06T13:19:28+08:00 ] ::1 GET wuliu/
[运行时间：0.049383s] [吞吐率：20.25req/s] [内存消耗：2,567.81kb] [文件加载：68]
[ info ] [ LANG ] /Applications/MAMP/htdocs/web/wuliu/thinkphp/lang/zh-cn.php
[ info ] [ ROUTE ] array (
)
[ info ] [ HEADER ] array (
  'host' => 'wuliu',
  'user-agent' => 'Mozilla/5.0 (Macintosh; Intel Mac OS X 10.13; rv:63.0) Gecko/20100101 Firefox/63.0',
  'accept' => 'text/html,application/xhtml+xml,application/xml;q=0.9,*/*;q=0.8',
  'accept-language' => 'zh-CN,zh;q=0.8,zh-TW;q=0.7,zh-HK;q=0.5,en-US;q=0.3,en;q=0.2',
  'accept-encoding' => 'gzip, deflate',
  'connection' => 'keep-alive',
  'cookie' => 'pgv_pvi=6933149696; pgv_si=s5427620864; PHPSESSID=a1bf659071bc04fe0ebe8b188b2a5e79',
  'upgrade-insecure-requests' => '1',
  'cache-control' => 'max-age=0',
)
[ info ] [ PARAM ] array (
)
[ info ] [ VIEW ] /Applications/MAMP/htdocs/web/wuliu/application/admin/view/login/index.html [ array (
) ]
---------------------------------------------------------------
[ 2018-11-06T13:19:28+08:00 ] ::1 GET wuliu/captcha.html
[运行时间：0.053712s] [吞吐率：18.62req/s] [内存消耗：1,901.39kb] [文件加载：54]
[ info ] [ LANG ] /Applications/MAMP/htdocs/web/wuliu/thinkphp/lang/zh-cn.php
[ info ] [ ROUTE ] array (
  'rule' => 'captcha/<id?>',
  'route' => '\\think\\captcha\\CaptchaController@index',
  'option' => 
  array (
    'merge_rule_regex' => false,
  ),
  'var' => 
  array (
  ),
)
[ info ] [ HEADER ] array (
  'host' => 'wuliu',
  'user-agent' => 'Mozilla/5.0 (Macintosh; Intel Mac OS X 10.13; rv:63.0) Gecko/20100101 Firefox/63.0',
  'accept' => '*/*',
  'accept-language' => 'zh-CN,zh;q=0.8,zh-TW;q=0.7,zh-HK;q=0.5,en-US;q=0.3,en;q=0.2',
  'accept-encoding' => 'gzip, deflate',
  'referer' => 'http://wuliu/',
  'connection' => 'keep-alive',
  'cookie' => 'pgv_pvi=6933149696; pgv_si=s5427620864; PHPSESSID=a1bf659071bc04fe0ebe8b188b2a5e79',
  'cache-control' => 'max-age=0',
)
[ info ] [ PARAM ] array (
)
---------------------------------------------------------------
[ 2018-11-06T13:19:42+08:00 ] ::1 GET wuliu/
[运行时间：0.038006s] [吞吐率：26.31req/s] [内存消耗：2,567.88kb] [文件加载：68]
[ info ] [ LANG ] /Applications/MAMP/htdocs/web/wuliu/thinkphp/lang/zh-cn.php
[ info ] [ ROUTE ] array (
)
[ info ] [ HEADER ] array (
  'host' => 'wuliu',
  'user-agent' => 'Mozilla/5.0 (Macintosh; Intel Mac OS X 10.13; rv:63.0) Gecko/20100101 Firefox/63.0',
  'accept' => 'text/html,application/xhtml+xml,application/xml;q=0.9,*/*;q=0.8',
  'accept-language' => 'zh-CN,zh;q=0.8,zh-TW;q=0.7,zh-HK;q=0.5,en-US;q=0.3,en;q=0.2',
  'accept-encoding' => 'gzip, deflate',
  'connection' => 'keep-alive',
  'cookie' => 'pgv_pvi=6933149696; pgv_si=s5427620864; PHPSESSID=a1bf659071bc04fe0ebe8b188b2a5e79',
  'upgrade-insecure-requests' => '1',
  'cache-control' => 'max-age=0',
)
[ info ] [ PARAM ] array (
)
[ info ] [ VIEW ] /Applications/MAMP/htdocs/web/wuliu/application/admin/view/login/index.html [ array (
) ]
---------------------------------------------------------------
[ 2018-11-06T13:19:42+08:00 ] ::1 GET wuliu/captcha.html
[运行时间：0.033995s] [吞吐率：29.42req/s] [内存消耗：1,899.46kb] [文件加载：53]
[ info ] [ LANG ] /Applications/MAMP/htdocs/web/wuliu/thinkphp/lang/zh-cn.php
[ info ] [ ROUTE ] array (
  'rule' => 'captcha/<id?>',
  'route' => '\\think\\captcha\\CaptchaController@index',
  'option' => 
  array (
    'merge_rule_regex' => false,
  ),
  'var' => 
  array (
  ),
)
[ info ] [ HEADER ] array (
  'host' => 'wuliu',
  'user-agent' => 'Mozilla/5.0 (Macintosh; Intel Mac OS X 10.13; rv:63.0) Gecko/20100101 Firefox/63.0',
  'accept' => '*/*',
  'accept-language' => 'zh-CN,zh;q=0.8,zh-TW;q=0.7,zh-HK;q=0.5,en-US;q=0.3,en;q=0.2',
  'accept-encoding' => 'gzip, deflate',
  'referer' => 'http://wuliu/',
  'connection' => 'keep-alive',
  'cookie' => 'pgv_pvi=6933149696; pgv_si=s5427620864; PHPSESSID=a1bf659071bc04fe0ebe8b188b2a5e79',
  'cache-control' => 'max-age=0',
)
[ info ] [ PARAM ] array (
)
