---------------------------------------------------------------
[ 2018-11-29T10:06:59+08:00 ] ::1 GET wuliu/admin/user/index.html
[运行时间：0.393636s] [吞吐率：2.54req/s] [内存消耗：4,648.47kb] [文件加载：88]
[ info ] [ LANG ] /Applications/MAMP/htdocs/web/wuliu/thinkphp/lang/zh-cn.php
[ info ] [ ROUTE ] array (
)
[ info ] [ HEADER ] array (
  'host' => 'wuliu',
  'user-agent' => 'Mozilla/5.0 (Macintosh; Intel Mac OS X 10.13; rv:63.0) Gecko/20100101 Firefox/63.0',
  'accept' => 'text/html,application/xhtml+xml,application/xml;q=0.9,*/*;q=0.8',
  'accept-language' => 'zh-CN,zh;q=0.8,zh-TW;q=0.7,zh-HK;q=0.5,en-US;q=0.3,en;q=0.2',
  'accept-encoding' => 'gzip, deflate',
  'connection' => 'keep-alive',
  'cookie' => 'PHPSESSID=7983ec78f1643856c9107786138dad8a',
  'upgrade-insecure-requests' => '1',
)
[ info ] [ PARAM ] array (
)
[ info ] [ DB ] INIT mysql
[ info ] [ VIEW ] /Applications/MAMP/htdocs/web/wuliu/application/admin/view/user/index.html [ array (
  0 => 'admin_name',
  1 => 'list',
) ]
[ sql ] [ DB ] CONNECT:[ UseTime:0.000808s ] mysql:host=127.0.0.1;port=3306;dbname=tybest;charset=utf8
[ sql ] [ SQL ] SHOW COLUMNS FROM `user` [ RunTime:0.015197s ]
[ sql ] [ SQL ] SELECT COUNT(*) AS tp_count FROM user u INNER JOIN `user` `us` ON `us`.`user_id`=`u`.`parent_id` INNER JOIN `admin` `ad` ON `ad`.`admin_id`=`u`.`kfuser` LIMIT 1 [ RunTime:0.249316s ]
[ sql ] [ SQL ] SELECT `u`.`user_id`,`u`.`head_image_url`,`u`.`telephone`,`u`.`nick_name`,`u`.`unionid`,`u`.`user_role`,us.nick_name as p_name,`u`.`openid`,`u`.`create_time`,`u`.`is_subscribe`,ad.name as kfuser FROM user u INNER JOIN `user` `us` ON `us`.`user_id`=`u`.`parent_id` INNER JOIN `admin` `ad` ON `ad`.`admin_id`=`u`.`kfuser` ORDER BY `u`.`user_id` DESC LIMIT 0,20 [ RunTime:0.000872s ]
---------------------------------------------------------------
[ 2018-11-29T10:06:59+08:00 ] ::1 GET wuliu/static/admin/i/favicon.png
[运行时间：0.036809s] [吞吐率：27.17req/s] [内存消耗：1,919.74kb] [文件加载：56]
[ info ] [ LANG ] /Applications/MAMP/htdocs/web/wuliu/thinkphp/lang/zh-cn.php
---------------------------------------------------------------
[ 2018-11-29T10:06:59+08:00 ] ::1 GET wuliu/static/admin/i/app-icon72x72@2x.png
[运行时间：0.035049s] [吞吐率：28.53req/s] [内存消耗：1,919.89kb] [文件加载：56]
[ info ] [ LANG ] /Applications/MAMP/htdocs/web/wuliu/thinkphp/lang/zh-cn.php
---------------------------------------------------------------
[ 2018-11-29T10:07:01+08:00 ] ::1 GET wuliu/admin/user/commission/id/112036.html
[运行时间：0.053265s] [吞吐率：18.77req/s] [内存消耗：3,304.38kb] [文件加载：80]
[ info ] [ LANG ] /Applications/MAMP/htdocs/web/wuliu/thinkphp/lang/zh-cn.php
[ info ] [ ROUTE ] array (
)
[ info ] [ HEADER ] array (
  'host' => 'wuliu',
  'user-agent' => 'Mozilla/5.0 (Macintosh; Intel Mac OS X 10.13; rv:63.0) Gecko/20100101 Firefox/63.0',
  'accept' => 'text/html,application/xhtml+xml,application/xml;q=0.9,*/*;q=0.8',
  'accept-language' => 'zh-CN,zh;q=0.8,zh-TW;q=0.7,zh-HK;q=0.5,en-US;q=0.3,en;q=0.2',
  'accept-encoding' => 'gzip, deflate',
  'referer' => 'http://wuliu/admin/user/index.html',
  'connection' => 'keep-alive',
  'cookie' => 'PHPSESSID=7983ec78f1643856c9107786138dad8a',
  'upgrade-insecure-requests' => '1',
)
[ info ] [ PARAM ] array (
  'id' => '112036',
)
[ info ] [ VIEW ] /Applications/MAMP/htdocs/web/wuliu/application/admin/view/user/commission.html [ array (
  0 => 'admin_name',
) ]
---------------------------------------------------------------
[ 2018-11-29T10:07:55+08:00 ] ::1 GET wuliu/admin/user/commission/id/112036.html
[运行时间：0.054868s] [吞吐率：18.23req/s] [内存消耗：3,305.41kb] [文件加载：80]
[ info ] [ LANG ] /Applications/MAMP/htdocs/web/wuliu/thinkphp/lang/zh-cn.php
[ info ] [ ROUTE ] array (
)
[ info ] [ HEADER ] array (
  'host' => 'wuliu',
  'user-agent' => 'Mozilla/5.0 (Macintosh; Intel Mac OS X 10.13; rv:63.0) Gecko/20100101 Firefox/63.0',
  'accept' => 'text/html,application/xhtml+xml,application/xml;q=0.9,*/*;q=0.8',
  'accept-language' => 'zh-CN,zh;q=0.8,zh-TW;q=0.7,zh-HK;q=0.5,en-US;q=0.3,en;q=0.2',
  'accept-encoding' => 'gzip, deflate',
  'referer' => 'http://wuliu/admin/user/index.html',
  'connection' => 'keep-alive',
  'cookie' => 'PHPSESSID=7983ec78f1643856c9107786138dad8a',
  'upgrade-insecure-requests' => '1',
  'cache-control' => 'max-age=0',
)
[ info ] [ PARAM ] array (
  'id' => '112036',
)
[ info ] [ VIEW ] /Applications/MAMP/htdocs/web/wuliu/application/admin/view/user/commission.html [ array (
  0 => 'admin_name',
) ]
---------------------------------------------------------------
[ 2018-11-29T10:07:55+08:00 ] ::1 GET wuliu/static/admin/i/favicon.png
[运行时间：0.038489s] [吞吐率：25.98req/s] [内存消耗：1,919.71kb] [文件加载：56]
[ info ] [ LANG ] /Applications/MAMP/htdocs/web/wuliu/thinkphp/lang/zh-cn.php
---------------------------------------------------------------
[ 2018-11-29T10:07:55+08:00 ] ::1 GET wuliu/static/admin/i/app-icon72x72@2x.png
[运行时间：0.038467s] [吞吐率：26.00req/s] [内存消耗：1,919.80kb] [文件加载：56]
[ info ] [ LANG ] /Applications/MAMP/htdocs/web/wuliu/thinkphp/lang/zh-cn.php
---------------------------------------------------------------
[ 2018-11-29T10:09:02+08:00 ] ::1 GET wuliu/admin/user/index.html
[运行时间：0.251719s] [吞吐率：3.97req/s] [内存消耗：4,648.48kb] [文件加载：88]
[ info ] [ LANG ] /Applications/MAMP/htdocs/web/wuliu/thinkphp/lang/zh-cn.php
[ info ] [ ROUTE ] array (
)
[ info ] [ HEADER ] array (
  'host' => 'wuliu',
  'user-agent' => 'Mozilla/5.0 (Macintosh; Intel Mac OS X 10.13; rv:63.0) Gecko/20100101 Firefox/63.0',
  'accept' => 'text/html,application/xhtml+xml,application/xml;q=0.9,*/*;q=0.8',
  'accept-language' => 'zh-CN,zh;q=0.8,zh-TW;q=0.7,zh-HK;q=0.5,en-US;q=0.3,en;q=0.2',
  'accept-encoding' => 'gzip, deflate',
  'connection' => 'keep-alive',
  'cookie' => 'PHPSESSID=7983ec78f1643856c9107786138dad8a',
  'upgrade-insecure-requests' => '1',
)
[ info ] [ PARAM ] array (
)
[ info ] [ DB ] INIT mysql
[ info ] [ VIEW ] /Applications/MAMP/htdocs/web/wuliu/application/admin/view/user/index.html [ array (
  0 => 'admin_name',
  1 => 'list',
) ]
[ sql ] [ DB ] CONNECT:[ UseTime:0.000632s ] mysql:host=127.0.0.1;port=3306;dbname=tybest;charset=utf8
[ sql ] [ SQL ] SHOW COLUMNS FROM `user` [ RunTime:0.001102s ]
[ sql ] [ SQL ] SELECT COUNT(*) AS tp_count FROM user u INNER JOIN `user` `us` ON `us`.`user_id`=`u`.`parent_id` INNER JOIN `admin` `ad` ON `ad`.`admin_id`=`u`.`kfuser` LIMIT 1 [ RunTime:0.191504s ]
[ sql ] [ SQL ] SELECT `u`.`user_id`,`u`.`head_image_url`,`u`.`telephone`,`u`.`nick_name`,`u`.`unionid`,`u`.`user_role`,us.nick_name as p_name,`u`.`openid`,`u`.`create_time`,`u`.`is_subscribe`,ad.name as kfuser FROM user u INNER JOIN `user` `us` ON `us`.`user_id`=`u`.`parent_id` INNER JOIN `admin` `ad` ON `ad`.`admin_id`=`u`.`kfuser` ORDER BY `u`.`user_id` DESC LIMIT 0,20 [ RunTime:0.000840s ]
---------------------------------------------------------------
[ 2018-11-29T10:09:04+08:00 ] ::1 GET wuliu/admin/user/commission/id/112036.html
[运行时间：0.038025s] [吞吐率：26.30req/s] [内存消耗：3,304.48kb] [文件加载：80]
[ info ] [ LANG ] /Applications/MAMP/htdocs/web/wuliu/thinkphp/lang/zh-cn.php
[ info ] [ ROUTE ] array (
)
[ info ] [ HEADER ] array (
  'host' => 'wuliu',
  'user-agent' => 'Mozilla/5.0 (Macintosh; Intel Mac OS X 10.13; rv:63.0) Gecko/20100101 Firefox/63.0',
  'accept' => 'text/html,application/xhtml+xml,application/xml;q=0.9,*/*;q=0.8',
  'accept-language' => 'zh-CN,zh;q=0.8,zh-TW;q=0.7,zh-HK;q=0.5,en-US;q=0.3,en;q=0.2',
  'accept-encoding' => 'gzip, deflate',
  'referer' => 'http://wuliu/admin/user/index.html',
  'connection' => 'keep-alive',
  'cookie' => 'PHPSESSID=7983ec78f1643856c9107786138dad8a',
  'upgrade-insecure-requests' => '1',
)
[ info ] [ PARAM ] array (
  'id' => '112036',
)
[ info ] [ VIEW ] /Applications/MAMP/htdocs/web/wuliu/application/admin/view/user/commission.html [ array (
  0 => 'admin_name',
) ]
---------------------------------------------------------------
[ 2018-11-29T10:09:04+08:00 ] ::1 GET wuliu/static/admin/i/app-icon72x72@2x.png
[运行时间：0.025428s] [吞吐率：39.33req/s] [内存消耗：1,919.89kb] [文件加载：56]
[ info ] [ LANG ] /Applications/MAMP/htdocs/web/wuliu/thinkphp/lang/zh-cn.php
---------------------------------------------------------------
[ 2018-11-29T10:09:06+08:00 ] ::1 GET wuliu/admin/user/commission/id/112036.html
[运行时间：0.040869s] [吞吐率：24.47req/s] [内存消耗：3,108.31kb] [文件加载：78]
[ info ] [ LANG ] /Applications/MAMP/htdocs/web/wuliu/thinkphp/lang/zh-cn.php
[ info ] [ ROUTE ] array (
)
[ info ] [ HEADER ] array (
  'host' => 'wuliu',
  'user-agent' => 'Mozilla/5.0 (Macintosh; Intel Mac OS X 10.13; rv:63.0) Gecko/20100101 Firefox/63.0',
  'accept' => 'text/html,application/xhtml+xml,application/xml;q=0.9,*/*;q=0.8',
  'accept-language' => 'zh-CN,zh;q=0.8,zh-TW;q=0.7,zh-HK;q=0.5,en-US;q=0.3,en;q=0.2',
  'accept-encoding' => 'gzip, deflate',
  'referer' => 'http://wuliu/admin/user/index.html',
  'connection' => 'keep-alive',
  'cookie' => 'PHPSESSID=7983ec78f1643856c9107786138dad8a',
  'upgrade-insecure-requests' => '1',
  'cache-control' => 'max-age=0',
)
[ info ] [ PARAM ] array (
  'id' => '112036',
)
[ info ] [ VIEW ] /Applications/MAMP/htdocs/web/wuliu/application/admin/view/user/commission.html [ array (
  0 => 'admin_name',
) ]
---------------------------------------------------------------
[ 2018-11-29T10:09:06+08:00 ] ::1 GET wuliu/static/admin/i/app-icon72x72@2x.png
[运行时间：0.027655s] [吞吐率：36.16req/s] [内存消耗：1,919.80kb] [文件加载：56]
[ info ] [ LANG ] /Applications/MAMP/htdocs/web/wuliu/thinkphp/lang/zh-cn.php
---------------------------------------------------------------
[ 2018-11-29T10:09:06+08:00 ] ::1 GET wuliu/static/admin/i/favicon.png
[运行时间：0.029278s] [吞吐率：34.16req/s] [内存消耗：1,919.71kb] [文件加载：56]
[ info ] [ LANG ] /Applications/MAMP/htdocs/web/wuliu/thinkphp/lang/zh-cn.php
---------------------------------------------------------------
[ 2018-11-29T10:10:16+08:00 ] ::1 GET wuliu/admin/user/commission/id/112036.html
[运行时间：0.050630s] [吞吐率：19.75req/s] [内存消耗：3,304.84kb] [文件加载：80]
[ info ] [ LANG ] /Applications/MAMP/htdocs/web/wuliu/thinkphp/lang/zh-cn.php
[ info ] [ ROUTE ] array (
)
[ info ] [ HEADER ] array (
  'host' => 'wuliu',
  'user-agent' => 'Mozilla/5.0 (Macintosh; Intel Mac OS X 10.13; rv:63.0) Gecko/20100101 Firefox/63.0',
  'accept' => 'text/html,application/xhtml+xml,application/xml;q=0.9,*/*;q=0.8',
  'accept-language' => 'zh-CN,zh;q=0.8,zh-TW;q=0.7,zh-HK;q=0.5,en-US;q=0.3,en;q=0.2',
  'accept-encoding' => 'gzip, deflate',
  'referer' => 'http://wuliu/admin/user/index.html',
  'connection' => 'keep-alive',
  'cookie' => 'PHPSESSID=7983ec78f1643856c9107786138dad8a',
  'upgrade-insecure-requests' => '1',
  'cache-control' => 'max-age=0',
)
[ info ] [ PARAM ] array (
  'id' => '112036',
)
[ info ] [ VIEW ] /Applications/MAMP/htdocs/web/wuliu/application/admin/view/user/commission.html [ array (
  0 => 'admin_name',
) ]
---------------------------------------------------------------
[ 2018-11-29T10:10:17+08:00 ] ::1 GET wuliu/static/admin/i/app-icon72x72@2x.png
[运行时间：0.029775s] [吞吐率：33.59req/s] [内存消耗：1,919.80kb] [文件加载：56]
[ info ] [ LANG ] /Applications/MAMP/htdocs/web/wuliu/thinkphp/lang/zh-cn.php
---------------------------------------------------------------
[ 2018-11-29T10:10:17+08:00 ] ::1 GET wuliu/static/admin/i/favicon.png
[运行时间：0.029621s] [吞吐率：33.76req/s] [内存消耗：1,919.71kb] [文件加载：56]
[ info ] [ LANG ] /Applications/MAMP/htdocs/web/wuliu/thinkphp/lang/zh-cn.php
---------------------------------------------------------------
[ 2018-11-29T10:11:28+08:00 ] ::1 GET wuliu/admin/user/commission/id/112036.html
[运行时间：0.040492s] [吞吐率：24.70req/s] [内存消耗：3,305.25kb] [文件加载：80]
[ info ] [ LANG ] /Applications/MAMP/htdocs/web/wuliu/thinkphp/lang/zh-cn.php
[ info ] [ ROUTE ] array (
)
[ info ] [ HEADER ] array (
  'host' => 'wuliu',
  'user-agent' => 'Mozilla/5.0 (Macintosh; Intel Mac OS X 10.13; rv:63.0) Gecko/20100101 Firefox/63.0',
  'accept' => 'text/html,application/xhtml+xml,application/xml;q=0.9,*/*;q=0.8',
  'accept-language' => 'zh-CN,zh;q=0.8,zh-TW;q=0.7,zh-HK;q=0.5,en-US;q=0.3,en;q=0.2',
  'accept-encoding' => 'gzip, deflate',
  'referer' => 'http://wuliu/admin/user/index.html',
  'connection' => 'keep-alive',
  'cookie' => 'PHPSESSID=7983ec78f1643856c9107786138dad8a',
  'upgrade-insecure-requests' => '1',
  'cache-control' => 'max-age=0',
)
[ info ] [ PARAM ] array (
  'id' => '112036',
)
[ info ] [ VIEW ] /Applications/MAMP/htdocs/web/wuliu/application/admin/view/user/commission.html [ array (
  0 => 'admin_name',
) ]
---------------------------------------------------------------
[ 2018-11-29T10:11:28+08:00 ] ::1 GET wuliu/static/admin/i/favicon.png
[运行时间：0.029337s] [吞吐率：34.09req/s] [内存消耗：1,919.71kb] [文件加载：56]
[ info ] [ LANG ] /Applications/MAMP/htdocs/web/wuliu/thinkphp/lang/zh-cn.php
---------------------------------------------------------------
[ 2018-11-29T10:11:28+08:00 ] ::1 GET wuliu/static/admin/i/app-icon72x72@2x.png
[运行时间：0.043108s] [吞吐率：23.20req/s] [内存消耗：1,919.80kb] [文件加载：56]
[ info ] [ LANG ] /Applications/MAMP/htdocs/web/wuliu/thinkphp/lang/zh-cn.php
---------------------------------------------------------------
[ 2018-11-29T10:12:13+08:00 ] ::1 GET wuliu/admin/user/commission/id/112036.html
[运行时间：0.038628s] [吞吐率：25.89req/s] [内存消耗：3,305.25kb] [文件加载：80]
[ info ] [ LANG ] /Applications/MAMP/htdocs/web/wuliu/thinkphp/lang/zh-cn.php
[ info ] [ ROUTE ] array (
)
[ info ] [ HEADER ] array (
  'host' => 'wuliu',
  'user-agent' => 'Mozilla/5.0 (Macintosh; Intel Mac OS X 10.13; rv:63.0) Gecko/20100101 Firefox/63.0',
  'accept' => 'text/html,application/xhtml+xml,application/xml;q=0.9,*/*;q=0.8',
  'accept-language' => 'zh-CN,zh;q=0.8,zh-TW;q=0.7,zh-HK;q=0.5,en-US;q=0.3,en;q=0.2',
  'accept-encoding' => 'gzip, deflate',
  'referer' => 'http://wuliu/admin/user/index.html',
  'connection' => 'keep-alive',
  'cookie' => 'PHPSESSID=7983ec78f1643856c9107786138dad8a',
  'upgrade-insecure-requests' => '1',
  'cache-control' => 'max-age=0',
)
[ info ] [ PARAM ] array (
  'id' => '112036',
)
[ info ] [ VIEW ] /Applications/MAMP/htdocs/web/wuliu/application/admin/view/user/commission.html [ array (
  0 => 'admin_name',
) ]
---------------------------------------------------------------
[ 2018-11-29T10:12:13+08:00 ] ::1 GET wuliu/static/admin/i/app-icon72x72@2x.png
[运行时间：0.028566s] [吞吐率：35.01req/s] [内存消耗：1,919.80kb] [文件加载：56]
[ info ] [ LANG ] /Applications/MAMP/htdocs/web/wuliu/thinkphp/lang/zh-cn.php
---------------------------------------------------------------
[ 2018-11-29T10:12:13+08:00 ] ::1 GET wuliu/static/admin/i/favicon.png
[运行时间：0.036477s] [吞吐率：27.41req/s] [内存消耗：1,919.71kb] [文件加载：56]
[ info ] [ LANG ] /Applications/MAMP/htdocs/web/wuliu/thinkphp/lang/zh-cn.php
---------------------------------------------------------------
[ 2018-11-29T10:12:56+08:00 ] ::1 GET wuliu/admin/user/index.html
[运行时间：0.263664s] [吞吐率：3.79req/s] [内存消耗：4,648.48kb] [文件加载：88]
[ info ] [ LANG ] /Applications/MAMP/htdocs/web/wuliu/thinkphp/lang/zh-cn.php
[ info ] [ ROUTE ] array (
)
[ info ] [ HEADER ] array (
  'host' => 'wuliu',
  'user-agent' => 'Mozilla/5.0 (Macintosh; Intel Mac OS X 10.13; rv:63.0) Gecko/20100101 Firefox/63.0',
  'accept' => 'text/html,application/xhtml+xml,application/xml;q=0.9,*/*;q=0.8',
  'accept-language' => 'zh-CN,zh;q=0.8,zh-TW;q=0.7,zh-HK;q=0.5,en-US;q=0.3,en;q=0.2',
  'accept-encoding' => 'gzip, deflate',
  'connection' => 'keep-alive',
  'cookie' => 'PHPSESSID=7983ec78f1643856c9107786138dad8a',
  'upgrade-insecure-requests' => '1',
)
[ info ] [ PARAM ] array (
)
[ info ] [ DB ] INIT mysql
[ info ] [ VIEW ] /Applications/MAMP/htdocs/web/wuliu/application/admin/view/user/index.html [ array (
  0 => 'admin_name',
  1 => 'list',
) ]
[ sql ] [ DB ] CONNECT:[ UseTime:0.000688s ] mysql:host=127.0.0.1;port=3306;dbname=tybest;charset=utf8
[ sql ] [ SQL ] SHOW COLUMNS FROM `user` [ RunTime:0.001054s ]
[ sql ] [ SQL ] SELECT COUNT(*) AS tp_count FROM user u INNER JOIN `user` `us` ON `us`.`user_id`=`u`.`parent_id` INNER JOIN `admin` `ad` ON `ad`.`admin_id`=`u`.`kfuser` LIMIT 1 [ RunTime:0.199070s ]
[ sql ] [ SQL ] SELECT `u`.`user_id`,`u`.`head_image_url`,`u`.`telephone`,`u`.`nick_name`,`u`.`unionid`,`u`.`user_role`,us.nick_name as p_name,`u`.`openid`,`u`.`create_time`,`u`.`is_subscribe`,ad.name as kfuser FROM user u INNER JOIN `user` `us` ON `us`.`user_id`=`u`.`parent_id` INNER JOIN `admin` `ad` ON `ad`.`admin_id`=`u`.`kfuser` ORDER BY `u`.`user_id` DESC LIMIT 0,20 [ RunTime:0.000902s ]
---------------------------------------------------------------
[ 2018-11-29T10:12:56+08:00 ] ::1 GET wuliu/static/admin/i/app-icon72x72@2x.png
[运行时间：0.030131s] [吞吐率：33.19req/s] [内存消耗：1,919.89kb] [文件加载：56]
[ info ] [ LANG ] /Applications/MAMP/htdocs/web/wuliu/thinkphp/lang/zh-cn.php
---------------------------------------------------------------
[ 2018-11-29T10:12:58+08:00 ] ::1 GET wuliu/admin/user/commission/id/112036.html
[运行时间：0.044179s] [吞吐率：22.64req/s] [内存消耗：3,304.78kb] [文件加载：80]
[ info ] [ LANG ] /Applications/MAMP/htdocs/web/wuliu/thinkphp/lang/zh-cn.php
[ info ] [ ROUTE ] array (
)
[ info ] [ HEADER ] array (
  'host' => 'wuliu',
  'user-agent' => 'Mozilla/5.0 (Macintosh; Intel Mac OS X 10.13; rv:63.0) Gecko/20100101 Firefox/63.0',
  'accept' => 'text/html,application/xhtml+xml,application/xml;q=0.9,*/*;q=0.8',
  'accept-language' => 'zh-CN,zh;q=0.8,zh-TW;q=0.7,zh-HK;q=0.5,en-US;q=0.3,en;q=0.2',
  'accept-encoding' => 'gzip, deflate',
  'referer' => 'http://wuliu/admin/user/index.html',
  'connection' => 'keep-alive',
  'cookie' => 'PHPSESSID=7983ec78f1643856c9107786138dad8a',
  'upgrade-insecure-requests' => '1',
)
[ info ] [ PARAM ] array (
  'id' => '112036',
)
[ info ] [ VIEW ] /Applications/MAMP/htdocs/web/wuliu/application/admin/view/user/commission.html [ array (
  0 => 'admin_name',
) ]
---------------------------------------------------------------
[ 2018-11-29T10:12:58+08:00 ] ::1 GET wuliu/static/admin/i/app-icon72x72@2x.png
[运行时间：0.024806s] [吞吐率：40.31req/s] [内存消耗：1,919.89kb] [文件加载：56]
[ info ] [ LANG ] /Applications/MAMP/htdocs/web/wuliu/thinkphp/lang/zh-cn.php
---------------------------------------------------------------
[ 2018-11-29T10:13:00+08:00 ] ::1 GET wuliu/admin/user/commission/id/112036.html
[运行时间：0.037871s] [吞吐率：26.41req/s] [内存消耗：3,108.30kb] [文件加载：78]
[ info ] [ LANG ] /Applications/MAMP/htdocs/web/wuliu/thinkphp/lang/zh-cn.php
[ info ] [ ROUTE ] array (
)
[ info ] [ HEADER ] array (
  'host' => 'wuliu',
  'user-agent' => 'Mozilla/5.0 (Macintosh; Intel Mac OS X 10.13; rv:63.0) Gecko/20100101 Firefox/63.0',
  'accept' => 'text/html,application/xhtml+xml,application/xml;q=0.9,*/*;q=0.8',
  'accept-language' => 'zh-CN,zh;q=0.8,zh-TW;q=0.7,zh-HK;q=0.5,en-US;q=0.3,en;q=0.2',
  'accept-encoding' => 'gzip, deflate',
  'referer' => 'http://wuliu/admin/user/index.html',
  'connection' => 'keep-alive',
  'cookie' => 'PHPSESSID=7983ec78f1643856c9107786138dad8a',
  'upgrade-insecure-requests' => '1',
  'cache-control' => 'max-age=0',
)
[ info ] [ PARAM ] array (
  'id' => '112036',
)
[ info ] [ VIEW ] /Applications/MAMP/htdocs/web/wuliu/application/admin/view/user/commission.html [ array (
  0 => 'admin_name',
) ]
---------------------------------------------------------------
[ 2018-11-29T10:13:00+08:00 ] ::1 GET wuliu/static/admin/i/favicon.png
[运行时间：0.025954s] [吞吐率：38.53req/s] [内存消耗：1,919.62kb] [文件加载：56]
[ info ] [ LANG ] /Applications/MAMP/htdocs/web/wuliu/thinkphp/lang/zh-cn.php
---------------------------------------------------------------
[ 2018-11-29T10:13:00+08:00 ] ::1 GET wuliu/static/admin/i/app-icon72x72@2x.png
[运行时间：0.025842s] [吞吐率：38.70req/s] [内存消耗：1,919.80kb] [文件加载：56]
[ info ] [ LANG ] /Applications/MAMP/htdocs/web/wuliu/thinkphp/lang/zh-cn.php
---------------------------------------------------------------
[ 2018-11-29T10:13:47+08:00 ] ::1 GET wuliu/admin/user/commission/id/112036.html
[运行时间：0.039246s] [吞吐率：25.48req/s] [内存消耗：3,305.26kb] [文件加载：80]
[ info ] [ LANG ] /Applications/MAMP/htdocs/web/wuliu/thinkphp/lang/zh-cn.php
[ info ] [ ROUTE ] array (
)
[ info ] [ HEADER ] array (
  'host' => 'wuliu',
  'user-agent' => 'Mozilla/5.0 (Macintosh; Intel Mac OS X 10.13; rv:63.0) Gecko/20100101 Firefox/63.0',
  'accept' => 'text/html,application/xhtml+xml,application/xml;q=0.9,*/*;q=0.8',
  'accept-language' => 'zh-CN,zh;q=0.8,zh-TW;q=0.7,zh-HK;q=0.5,en-US;q=0.3,en;q=0.2',
  'accept-encoding' => 'gzip, deflate',
  'referer' => 'http://wuliu/admin/user/index.html',
  'connection' => 'keep-alive',
  'cookie' => 'PHPSESSID=7983ec78f1643856c9107786138dad8a',
  'upgrade-insecure-requests' => '1',
  'cache-control' => 'max-age=0',
)
[ info ] [ PARAM ] array (
  'id' => '112036',
)
[ info ] [ VIEW ] /Applications/MAMP/htdocs/web/wuliu/application/admin/view/user/commission.html [ array (
  0 => 'admin_name',
) ]
---------------------------------------------------------------
[ 2018-11-29T10:13:47+08:00 ] ::1 GET wuliu/static/admin/i/favicon.png
[运行时间：0.028352s] [吞吐率：35.27req/s] [内存消耗：1,919.71kb] [文件加载：56]
[ info ] [ LANG ] /Applications/MAMP/htdocs/web/wuliu/thinkphp/lang/zh-cn.php
---------------------------------------------------------------
[ 2018-11-29T10:13:47+08:00 ] ::1 GET wuliu/static/admin/i/app-icon72x72@2x.png
[运行时间：0.029635s] [吞吐率：33.74req/s] [内存消耗：1,919.80kb] [文件加载：56]
[ info ] [ LANG ] /Applications/MAMP/htdocs/web/wuliu/thinkphp/lang/zh-cn.php
---------------------------------------------------------------
[ 2018-11-29T10:18:34+08:00 ] ::1 GET wuliu/admin/user/commission/id/112036.html
[运行时间：0.042050s] [吞吐率：23.78req/s] [内存消耗：3,305.95kb] [文件加载：80]
[ info ] [ LANG ] /Applications/MAMP/htdocs/web/wuliu/thinkphp/lang/zh-cn.php
[ info ] [ ROUTE ] array (
)
[ info ] [ HEADER ] array (
  'host' => 'wuliu',
  'user-agent' => 'Mozilla/5.0 (Macintosh; Intel Mac OS X 10.13; rv:63.0) Gecko/20100101 Firefox/63.0',
  'accept' => 'text/html,application/xhtml+xml,application/xml;q=0.9,*/*;q=0.8',
  'accept-language' => 'zh-CN,zh;q=0.8,zh-TW;q=0.7,zh-HK;q=0.5,en-US;q=0.3,en;q=0.2',
  'accept-encoding' => 'gzip, deflate',
  'referer' => 'http://wuliu/admin/user/index.html',
  'connection' => 'keep-alive',
  'cookie' => 'PHPSESSID=7983ec78f1643856c9107786138dad8a',
  'upgrade-insecure-requests' => '1',
  'cache-control' => 'max-age=0',
)
[ info ] [ PARAM ] array (
  'id' => '112036',
)
[ info ] [ VIEW ] /Applications/MAMP/htdocs/web/wuliu/application/admin/view/user/commission.html [ array (
  0 => 'admin_name',
) ]
---------------------------------------------------------------
[ 2018-11-29T10:18:34+08:00 ] ::1 GET wuliu/static/admin/i/favicon.png
[运行时间：0.030283s] [吞吐率：33.02req/s] [内存消耗：1,919.71kb] [文件加载：56]
[ info ] [ LANG ] /Applications/MAMP/htdocs/web/wuliu/thinkphp/lang/zh-cn.php
---------------------------------------------------------------
[ 2018-11-29T10:18:34+08:00 ] ::1 GET wuliu/static/admin/i/app-icon72x72@2x.png
[运行时间：0.030368s] [吞吐率：32.93req/s] [内存消耗：1,919.80kb] [文件加载：56]
[ info ] [ LANG ] /Applications/MAMP/htdocs/web/wuliu/thinkphp/lang/zh-cn.php
---------------------------------------------------------------
[ 2018-11-29T10:21:14+08:00 ] ::1 GET wuliu/admin/user/commission/id/112036.html
[运行时间：0.039164s] [吞吐率：25.53req/s] [内存消耗：3,304.80kb] [文件加载：80]
[ info ] [ LANG ] /Applications/MAMP/htdocs/web/wuliu/thinkphp/lang/zh-cn.php
[ info ] [ ROUTE ] array (
)
[ info ] [ HEADER ] array (
  'host' => 'wuliu',
  'user-agent' => 'Mozilla/5.0 (Macintosh; Intel Mac OS X 10.13; rv:63.0) Gecko/20100101 Firefox/63.0',
  'accept' => 'text/html,application/xhtml+xml,application/xml;q=0.9,*/*;q=0.8',
  'accept-language' => 'zh-CN,zh;q=0.8,zh-TW;q=0.7,zh-HK;q=0.5,en-US;q=0.3,en;q=0.2',
  'accept-encoding' => 'gzip, deflate',
  'referer' => 'http://wuliu/admin/user/index.html',
  'connection' => 'keep-alive',
  'cookie' => 'PHPSESSID=7983ec78f1643856c9107786138dad8a',
  'upgrade-insecure-requests' => '1',
  'cache-control' => 'max-age=0',
)
[ info ] [ PARAM ] array (
  'id' => '112036',
)
[ info ] [ VIEW ] /Applications/MAMP/htdocs/web/wuliu/application/admin/view/user/commission.html [ array (
  0 => 'admin_name',
) ]
---------------------------------------------------------------
[ 2018-11-29T10:21:14+08:00 ] ::1 GET wuliu/static/admin/i/favicon.png
[运行时间：0.030752s] [吞吐率：32.52req/s] [内存消耗：1,919.71kb] [文件加载：56]
[ info ] [ LANG ] /Applications/MAMP/htdocs/web/wuliu/thinkphp/lang/zh-cn.php
---------------------------------------------------------------
[ 2018-11-29T10:21:14+08:00 ] ::1 GET wuliu/static/admin/i/app-icon72x72@2x.png
[运行时间：0.032153s] [吞吐率：31.10req/s] [内存消耗：1,919.80kb] [文件加载：56]
[ info ] [ LANG ] /Applications/MAMP/htdocs/web/wuliu/thinkphp/lang/zh-cn.php
---------------------------------------------------------------
[ 2018-11-29T10:24:06+08:00 ] 192.168.1.212 GET 192.168.1.212/admin/user/commission/id/112036.html
[运行时间：0.038404s] [吞吐率：26.04req/s] [内存消耗：2,619.05kb] [文件加载：71]
[ info ] [ LANG ] /Applications/MAMP/htdocs/web/wuliu/thinkphp/lang/zh-cn.php
[ info ] [ ROUTE ] array (
)
[ info ] [ HEADER ] array (
  'host' => '192.168.1.212',
  'user-agent' => 'Mozilla/5.0 (Macintosh; Intel Mac OS X 10.13; rv:63.0) Gecko/20100101 Firefox/63.0',
  'accept' => 'text/html,application/xhtml+xml,application/xml;q=0.9,*/*;q=0.8',
  'accept-language' => 'zh-CN,zh;q=0.8,zh-TW;q=0.7,zh-HK;q=0.5,en-US;q=0.3,en;q=0.2',
  'accept-encoding' => 'gzip, deflate',
  'connection' => 'keep-alive',
  'upgrade-insecure-requests' => '1',
)
[ info ] [ PARAM ] array (
  'id' => '112036',
)
---------------------------------------------------------------
[ 2018-11-29T10:24:06+08:00 ] 192.168.1.212 GET 192.168.1.212/admin/login/index.html
[运行时间：0.030591s] [吞吐率：32.69req/s] [内存消耗：2,573.86kb] [文件加载：69]
[ info ] [ LANG ] /Applications/MAMP/htdocs/web/wuliu/thinkphp/lang/zh-cn.php
[ info ] [ ROUTE ] array (
)
[ info ] [ HEADER ] array (
  'host' => '192.168.1.212',
  'user-agent' => 'Mozilla/5.0 (Macintosh; Intel Mac OS X 10.13; rv:63.0) Gecko/20100101 Firefox/63.0',
  'accept' => 'text/html,application/xhtml+xml,application/xml;q=0.9,*/*;q=0.8',
  'accept-language' => 'zh-CN,zh;q=0.8,zh-TW;q=0.7,zh-HK;q=0.5,en-US;q=0.3,en;q=0.2',
  'accept-encoding' => 'gzip, deflate',
  'connection' => 'keep-alive',
  'cookie' => 'PHPSESSID=966632826e50a8402ae74150fdc4199a',
  'upgrade-insecure-requests' => '1',
)
[ info ] [ PARAM ] array (
)
[ info ] [ VIEW ] /Applications/MAMP/htdocs/web/wuliu/application/admin/view/login/index.html [ array (
) ]
---------------------------------------------------------------
[ 2018-11-29T10:24:06+08:00 ] 192.168.1.212 GET 192.168.1.212/captcha.html
[运行时间：0.041291s] [吞吐率：24.22req/s] [内存消耗：1,911.73kb] [文件加载：56]
[ info ] [ LANG ] /Applications/MAMP/htdocs/web/wuliu/thinkphp/lang/zh-cn.php
[ info ] [ ROUTE ] array (
  'rule' => 'captcha/<id?>',
  'route' => '\\think\\captcha\\CaptchaController@index',
  'option' => 
  array (
    'merge_rule_regex' => false,
  ),
  'var' => 
  array (
  ),
)
[ info ] [ HEADER ] array (
  'host' => '192.168.1.212',
  'user-agent' => 'Mozilla/5.0 (Macintosh; Intel Mac OS X 10.13; rv:63.0) Gecko/20100101 Firefox/63.0',
  'accept' => '*/*',
  'accept-language' => 'zh-CN,zh;q=0.8,zh-TW;q=0.7,zh-HK;q=0.5,en-US;q=0.3,en;q=0.2',
  'accept-encoding' => 'gzip, deflate',
  'referer' => 'http://192.168.1.212/admin/login/index.html',
  'connection' => 'keep-alive',
  'cookie' => 'PHPSESSID=966632826e50a8402ae74150fdc4199a',
)
[ info ] [ PARAM ] array (
)
---------------------------------------------------------------
[ 2018-11-29T10:24:29+08:00 ] 192.168.1.254 GET 192.168.1.212/admin/login/index.html
[运行时间：0.031742s] [吞吐率：31.50req/s] [内存消耗：2,572.95kb] [文件加载：69]
[ info ] [ LANG ] /Applications/MAMP/htdocs/web/wuliu/thinkphp/lang/zh-cn.php
[ info ] [ ROUTE ] array (
)
[ info ] [ HEADER ] array (
  'accept' => '*/*',
  'accept-language' => 'zh-cn',
  'user-agent' => 'Mozilla/4.0 (compatible; MSIE 8.0; Windows NT 6.1; WOW64; Trident/4.0; SLCC2; .NET CLR 2.0.50727; .NET CLR 3.5.30729; .NET CLR 3.0.30729; .NET4.0C; .NET4.0E)',
  'accept-encoding' => 'gzip, deflate',
  'host' => '192.168.1.212',
  'connection' => 'Keep-Alive',
)
[ info ] [ PARAM ] array (
)
[ info ] [ VIEW ] /Applications/MAMP/htdocs/web/wuliu/application/admin/view/login/index.html [ array (
) ]
---------------------------------------------------------------
[ 2018-11-29T10:24:29+08:00 ] 192.168.1.254 GET 192.168.1.212/captcha.html
[运行时间：0.027323s] [吞吐率：36.60req/s] [内存消耗：1,911.58kb] [文件加载：56]
[ info ] [ LANG ] /Applications/MAMP/htdocs/web/wuliu/thinkphp/lang/zh-cn.php
[ info ] [ ROUTE ] array (
  'rule' => 'captcha/<id?>',
  'route' => '\\think\\captcha\\CaptchaController@index',
  'option' => 
  array (
    'merge_rule_regex' => false,
  ),
  'var' => 
  array (
  ),
)
[ info ] [ HEADER ] array (
  'accept' => '*/*',
  'referer' => 'http://192.168.1.212/admin/login/index.html',
  'accept-language' => 'zh-CN',
  'user-agent' => 'Mozilla/4.0 (compatible; MSIE 8.0; Windows NT 6.1; WOW64; Trident/4.0; SLCC2; .NET CLR 2.0.50727; .NET CLR 3.5.30729; .NET CLR 3.0.30729; .NET4.0C; .NET4.0E)',
  'accept-encoding' => 'gzip, deflate',
  'host' => '192.168.1.212',
  'connection' => 'Keep-Alive',
)
[ info ] [ PARAM ] array (
)
---------------------------------------------------------------
[ 2018-11-29T10:24:32+08:00 ] 192.168.1.254 GET 192.168.1.212/admin/login/index.html
[运行时间：0.036036s] [吞吐率：27.75req/s] [内存消耗：2,573.64kb] [文件加载：69]
[ info ] [ LANG ] /Applications/MAMP/htdocs/web/wuliu/thinkphp/lang/zh-cn.php
[ info ] [ ROUTE ] array (
)
[ info ] [ HEADER ] array (
  'host' => '192.168.1.212',
  'connection' => 'keep-alive',
  'upgrade-insecure-requests' => '1',
  'user-agent' => 'Mozilla/5.0 (Windows NT 6.1; WOW64) AppleWebKit/537.36 (KHTML, like Gecko) Chrome/55.0.2883.87 Safari/537.36',
  'accept' => 'text/html,application/xhtml+xml,application/xml;q=0.9,image/webp,*/*;q=0.8',
  'accept-encoding' => 'gzip, deflate, sdch',
  'accept-language' => 'zh-CN,zh;q=0.8',
  'cookie' => 'PHPSESSID=24319d99be691eb95fafa043d4abcbcc',
)
[ info ] [ PARAM ] array (
)
[ info ] [ VIEW ] /Applications/MAMP/htdocs/web/wuliu/application/admin/view/login/index.html [ array (
) ]
---------------------------------------------------------------
[ 2018-11-29T10:24:32+08:00 ] 192.168.1.254 GET 192.168.1.212/captcha.html
[运行时间：0.030471s] [吞吐率：32.82req/s] [内存消耗：1,911.59kb] [文件加载：56]
[ info ] [ LANG ] /Applications/MAMP/htdocs/web/wuliu/thinkphp/lang/zh-cn.php
[ info ] [ ROUTE ] array (
  'rule' => 'captcha/<id?>',
  'route' => '\\think\\captcha\\CaptchaController@index',
  'option' => 
  array (
    'merge_rule_regex' => false,
  ),
  'var' => 
  array (
  ),
)
[ info ] [ HEADER ] array (
  'host' => '192.168.1.212',
  'connection' => 'keep-alive',
  'user-agent' => 'Mozilla/5.0 (Windows NT 6.1; WOW64) AppleWebKit/537.36 (KHTML, like Gecko) Chrome/55.0.2883.87 Safari/537.36',
  'accept' => 'image/webp,image/*,*/*;q=0.8',
  'referer' => 'http://192.168.1.212/admin/login/index.html',
  'accept-encoding' => 'gzip, deflate, sdch',
  'accept-language' => 'zh-CN,zh;q=0.8',
  'cookie' => 'PHPSESSID=24319d99be691eb95fafa043d4abcbcc',
)
[ info ] [ PARAM ] array (
)
---------------------------------------------------------------
[ 2018-11-29T10:24:58+08:00 ] 192.168.1.254 POST 192.168.1.212/portal/loginadmin/login.html
[运行时间：0.080101s] [吞吐率：12.48req/s] [内存消耗：4,290.44kb] [文件加载：83]
[ info ] [ LANG ] /Applications/MAMP/htdocs/web/wuliu/thinkphp/lang/zh-cn.php
[ info ] [ ROUTE ] array (
)
[ info ] [ HEADER ] array (
  'host' => '192.168.1.212',
  'connection' => 'keep-alive',
  'content-length' => '51',
  'accept' => 'application/json, text/javascript, */*; q=0.01',
  'origin' => 'http://192.168.1.212',
  'x-requested-with' => 'XMLHttpRequest',
  'user-agent' => 'Mozilla/5.0 (Windows NT 6.1; WOW64) AppleWebKit/537.36 (KHTML, like Gecko) Chrome/55.0.2883.87 Safari/537.36',
  'content-type' => 'application/x-www-form-urlencoded; charset=UTF-8',
  'referer' => 'http://192.168.1.212/admin/login/index.html',
  'accept-encoding' => 'gzip, deflate',
  'accept-language' => 'zh-CN,zh;q=0.8',
  'cookie' => 'PHPSESSID=24319d99be691eb95fafa043d4abcbcc',
)
[ info ] [ PARAM ] array (
  'name' => 'zhaozilong',
  'pwd' => 'wanan521zhao',
  'verification' => '92105',
)
[ info ] [ DB ] INIT mysql
[ sql ] [ DB ] CONNECT:[ UseTime:0.000927s ] mysql:host=127.0.0.1;port=3306;dbname=tybest;charset=utf8
[ sql ] [ SQL ] SHOW COLUMNS FROM `admin` [ RunTime:0.006549s ]
[ sql ] [ SQL ] SELECT * FROM `admin` WHERE  `user_name` = 'zhaozilong' LIMIT 1 [ RunTime:0.008208s ]
---------------------------------------------------------------
[ 2018-11-29T10:24:58+08:00 ] 192.168.1.254 GET 192.168.1.212/admin/index/index.html
[运行时间：0.208400s] [吞吐率：4.80req/s] [内存消耗：4,710.94kb] [文件加载：88]
[ info ] [ LANG ] /Applications/MAMP/htdocs/web/wuliu/thinkphp/lang/zh-cn.php
[ info ] [ ROUTE ] array (
)
[ info ] [ HEADER ] array (
  'host' => '192.168.1.212',
  'connection' => 'keep-alive',
  'upgrade-insecure-requests' => '1',
  'user-agent' => 'Mozilla/5.0 (Windows NT 6.1; WOW64) AppleWebKit/537.36 (KHTML, like Gecko) Chrome/55.0.2883.87 Safari/537.36',
  'accept' => 'text/html,application/xhtml+xml,application/xml;q=0.9,image/webp,*/*;q=0.8',
  'referer' => 'http://192.168.1.212/admin/login/index.html',
  'accept-encoding' => 'gzip, deflate, sdch',
  'accept-language' => 'zh-CN,zh;q=0.8',
  'cookie' => 'PHPSESSID=24319d99be691eb95fafa043d4abcbcc',
)
[ info ] [ PARAM ] array (
)
[ info ] [ DB ] INIT mysql
[ info ] [ VIEW ] /Applications/MAMP/htdocs/web/wuliu/application/admin/view/index/index.html [ array (
  0 => 'admin_name',
  1 => 'data',
) ]
[ sql ] [ DB ] CONNECT:[ UseTime:0.000715s ] mysql:host=127.0.0.1;port=3306;dbname=tybest;charset=utf8
[ sql ] [ SQL ] SHOW COLUMNS FROM `goods` [ RunTime:0.006167s ]
[ sql ] [ SQL ] SELECT COUNT(*) AS tp_count FROM `goods` `g` INNER JOIN `goods_standard` `gs` ON `g`.`goods_id`=`gs`.`goods_id` WHERE  `g`.`is_delete` = '0'  AND `g`.`is_on_sale` = '1'  AND `gs`.`stock` = '0' LIMIT 1 [ RunTime:0.007390s ]
[ sql ] [ SQL ] SELECT COUNT(*) AS tp_count FROM ( SELECT `gs`.`warn_number`,`gs`.`goods_standard_id` FROM `goods` `g` INNER JOIN `goods_standard` `gs` ON `g`.`goods_id`=`gs`.`goods_id` WHERE  `g`.`is_delete` = '0'  AND `g`.`is_on_sale` = '1' )t INNER JOIN `goods_standard` `gs` ON `t`.`goods_standard_id`=`gs`.`goods_standard_id` WHERE  `gs`.`stock` <= 't.warn_number' LIMIT 1 [ RunTime:0.001252s ]
[ sql ] [ SQL ] SHOW COLUMNS FROM `order_info` [ RunTime:0.019731s ]
[ sql ] [ SQL ] SELECT COUNT(*) AS tp_count FROM `order_info` WHERE  `pay_status` = 0 LIMIT 1 [ RunTime:0.001348s ]
[ sql ] [ SQL ] SELECT COUNT(*) AS tp_count FROM `order_info` WHERE  `apply_refund_time` > '0'  AND `refund_status` = 1 LIMIT 1 [ RunTime:0.020865s ]
[ sql ] [ SQL ] SHOW COLUMNS FROM `user` [ RunTime:0.005031s ]
[ sql ] [ SQL ] SELECT COUNT(*) AS tp_count FROM `user` WHERE  `agent_time` >= '2018-11-01'  AND `agent_time` <= '2018-11-30' LIMIT 1 [ RunTime:0.046827s ]
[ sql ] [ SQL ] SELECT sum(goods_amount) as pirce,count(order_info_id) as num FROM `order_info` WHERE  `pay_status` = 2  AND `add_time` >= 1541001600  AND `add_time` <= 1543593599 LIMIT 1 [ RunTime:0.013288s ]
---------------------------------------------------------------
[ 2018-11-29T10:24:59+08:00 ] 192.168.1.254 GET 192.168.1.212/static/admin/i/favicon.png
[运行时间：0.023701s] [吞吐率：42.19req/s] [内存消耗：1,919.88kb] [文件加载：56]
[ info ] [ LANG ] /Applications/MAMP/htdocs/web/wuliu/thinkphp/lang/zh-cn.php
---------------------------------------------------------------
[ 2018-11-29T10:25:05+08:00 ] 192.168.1.254 GET 192.168.1.212/admin/order/list.html
[运行时间：0.124605s] [吞吐率：8.03req/s] [内存消耗：4,757.84kb] [文件加载：88]
[ info ] [ LANG ] /Applications/MAMP/htdocs/web/wuliu/thinkphp/lang/zh-cn.php
[ info ] [ ROUTE ] array (
)
[ info ] [ HEADER ] array (
  'host' => '192.168.1.212',
  'connection' => 'keep-alive',
  'upgrade-insecure-requests' => '1',
  'user-agent' => 'Mozilla/5.0 (Windows NT 6.1; WOW64) AppleWebKit/537.36 (KHTML, like Gecko) Chrome/55.0.2883.87 Safari/537.36',
  'accept' => 'text/html,application/xhtml+xml,application/xml;q=0.9,image/webp,*/*;q=0.8',
  'referer' => 'http://192.168.1.212/admin/index/index.html',
  'accept-encoding' => 'gzip, deflate, sdch',
  'accept-language' => 'zh-CN,zh;q=0.8',
  'cookie' => 'PHPSESSID=24319d99be691eb95fafa043d4abcbcc',
)
[ info ] [ PARAM ] array (
)
[ info ] [ DB ] INIT mysql
[ info ] [ VIEW ] /Applications/MAMP/htdocs/web/wuliu/application/admin/view/order/index.html [ array (
  0 => 'admin_name',
  1 => 'list',
  2 => 'page',
) ]
[ sql ] [ DB ] CONNECT:[ UseTime:0.000922s ] mysql:host=127.0.0.1;port=3306;dbname=tybest;charset=utf8
[ sql ] [ SQL ] SHOW COLUMNS FROM `order_info` [ RunTime:0.001518s ]
[ sql ] [ SQL ] SELECT COUNT(*) AS tp_count FROM order_info i INNER JOIN `user` `u` ON `u`.`user_id`=`i`.`user_id` INNER JOIN `admin` `ad` ON `i`.`kfuser_id`=`ad`.`admin_id` LIMIT 1 [ RunTime:0.024976s ]
[ sql ] [ SQL ] SELECT `i`.`order_info_id`,`i`.`order_sn`,`u`.`nick_name`,`i`.`goods_amount`,`i`.`province_name`,`i`.`city_name`,`i`.`district_name`,`i`.`address`,`i`.`telephone`,`i`.`pay_name`,`pay_status`,`i`.`consignee`,`i`.`order_status`,`ad`.`name`,`i`.`prepare_status`,`i`.`add_time` FROM order_info i INNER JOIN `user` `u` ON `u`.`user_id`=`i`.`user_id` INNER JOIN `admin` `ad` ON `i`.`kfuser_id`=`ad`.`admin_id` ORDER BY `i`.`order_info_id` DESC LIMIT 0,10 [ RunTime:0.000905s ]
[ sql ] [ SQL ] SHOW COLUMNS FROM `order_goods` [ RunTime:0.009985s ]
[ sql ] [ SQL ] SELECT `g`.`goods_name`,`g`.`goods_number`,`g`.`shop_price`,`gs`.`goods_thumb`,`g`.`standard_name` FROM order_goods g INNER JOIN `goods` `gs` ON `g`.`goods_id`=`gs`.`goods_id` WHERE  `g`.`order_info_id` = '20026' [ RunTime:0.000680s ]
[ sql ] [ SQL ] SELECT `g`.`goods_name`,`g`.`goods_number`,`g`.`shop_price`,`gs`.`goods_thumb`,`g`.`standard_name` FROM order_goods g INNER JOIN `goods` `gs` ON `g`.`goods_id`=`gs`.`goods_id` WHERE  `g`.`order_info_id` = '20025' [ RunTime:0.000567s ]
[ sql ] [ SQL ] SELECT `g`.`goods_name`,`g`.`goods_number`,`g`.`shop_price`,`gs`.`goods_thumb`,`g`.`standard_name` FROM order_goods g INNER JOIN `goods` `gs` ON `g`.`goods_id`=`gs`.`goods_id` WHERE  `g`.`order_info_id` = '20024' [ RunTime:0.000473s ]
[ sql ] [ SQL ] SELECT `g`.`goods_name`,`g`.`goods_number`,`g`.`shop_price`,`gs`.`goods_thumb`,`g`.`standard_name` FROM order_goods g INNER JOIN `goods` `gs` ON `g`.`goods_id`=`gs`.`goods_id` WHERE  `g`.`order_info_id` = '20023' [ RunTime:0.000565s ]
[ sql ] [ SQL ] SELECT `g`.`goods_name`,`g`.`goods_number`,`g`.`shop_price`,`gs`.`goods_thumb`,`g`.`standard_name` FROM order_goods g INNER JOIN `goods` `gs` ON `g`.`goods_id`=`gs`.`goods_id` WHERE  `g`.`order_info_id` = '20022' [ RunTime:0.000557s ]
[ sql ] [ SQL ] SELECT `g`.`goods_name`,`g`.`goods_number`,`g`.`shop_price`,`gs`.`goods_thumb`,`g`.`standard_name` FROM order_goods g INNER JOIN `goods` `gs` ON `g`.`goods_id`=`gs`.`goods_id` WHERE  `g`.`order_info_id` = '20021' [ RunTime:0.000575s ]
[ sql ] [ SQL ] SELECT `g`.`goods_name`,`g`.`goods_number`,`g`.`shop_price`,`gs`.`goods_thumb`,`g`.`standard_name` FROM order_goods g INNER JOIN `goods` `gs` ON `g`.`goods_id`=`gs`.`goods_id` WHERE  `g`.`order_info_id` = '20020' [ RunTime:0.000565s ]
[ sql ] [ SQL ] SELECT `g`.`goods_name`,`g`.`goods_number`,`g`.`shop_price`,`gs`.`goods_thumb`,`g`.`standard_name` FROM order_goods g INNER JOIN `goods` `gs` ON `g`.`goods_id`=`gs`.`goods_id` WHERE  `g`.`order_info_id` = '20019' [ RunTime:0.000553s ]
[ sql ] [ SQL ] SELECT `g`.`goods_name`,`g`.`goods_number`,`g`.`shop_price`,`gs`.`goods_thumb`,`g`.`standard_name` FROM order_goods g INNER JOIN `goods` `gs` ON `g`.`goods_id`=`gs`.`goods_id` WHERE  `g`.`order_info_id` = '20018' [ RunTime:0.000584s ]
[ sql ] [ SQL ] SELECT `g`.`goods_name`,`g`.`goods_number`,`g`.`shop_price`,`gs`.`goods_thumb`,`g`.`standard_name` FROM order_goods g INNER JOIN `goods` `gs` ON `g`.`goods_id`=`gs`.`goods_id` WHERE  `g`.`order_info_id` = '20017' [ RunTime:0.000603s ]
---------------------------------------------------------------
[ 2018-11-29T10:25:22+08:00 ] 192.168.1.254 GET 192.168.1.212/admin/user/index.html
[运行时间：0.235376s] [吞吐率：4.25req/s] [内存消耗：4,648.93kb] [文件加载：88]
[ info ] [ LANG ] /Applications/MAMP/htdocs/web/wuliu/thinkphp/lang/zh-cn.php
[ info ] [ ROUTE ] array (
)
[ info ] [ HEADER ] array (
  'host' => '192.168.1.212',
  'connection' => 'keep-alive',
  'upgrade-insecure-requests' => '1',
  'user-agent' => 'Mozilla/5.0 (Windows NT 6.1; WOW64) AppleWebKit/537.36 (KHTML, like Gecko) Chrome/55.0.2883.87 Safari/537.36',
  'accept' => 'text/html,application/xhtml+xml,application/xml;q=0.9,image/webp,*/*;q=0.8',
  'referer' => 'http://192.168.1.212/admin/order/list.html',
  'accept-encoding' => 'gzip, deflate, sdch',
  'accept-language' => 'zh-CN,zh;q=0.8',
  'cookie' => 'PHPSESSID=24319d99be691eb95fafa043d4abcbcc',
)
[ info ] [ PARAM ] array (
)
[ info ] [ DB ] INIT mysql
[ info ] [ VIEW ] /Applications/MAMP/htdocs/web/wuliu/application/admin/view/user/index.html [ array (
  0 => 'admin_name',
  1 => 'list',
) ]
[ sql ] [ DB ] CONNECT:[ UseTime:0.000917s ] mysql:host=127.0.0.1;port=3306;dbname=tybest;charset=utf8
[ sql ] [ SQL ] SHOW COLUMNS FROM `user` [ RunTime:0.001131s ]
[ sql ] [ SQL ] SELECT COUNT(*) AS tp_count FROM user u INNER JOIN `user` `us` ON `us`.`user_id`=`u`.`parent_id` INNER JOIN `admin` `ad` ON `ad`.`admin_id`=`u`.`kfuser` LIMIT 1 [ RunTime:0.175704s ]
[ sql ] [ SQL ] SELECT `u`.`user_id`,`u`.`head_image_url`,`u`.`telephone`,`u`.`nick_name`,`u`.`unionid`,`u`.`user_role`,us.nick_name as p_name,`u`.`openid`,`u`.`create_time`,`u`.`is_subscribe`,ad.name as kfuser FROM user u INNER JOIN `user` `us` ON `us`.`user_id`=`u`.`parent_id` INNER JOIN `admin` `ad` ON `ad`.`admin_id`=`u`.`kfuser` ORDER BY `u`.`user_id` DESC LIMIT 0,20 [ RunTime:0.000914s ]
---------------------------------------------------------------
[ 2018-11-29T10:25:31+08:00 ] 192.168.1.254 GET 192.168.1.212/admin/user/commission/id/112038.html
[运行时间：0.039482s] [吞吐率：25.33req/s] [内存消耗：3,108.15kb] [文件加载：78]
[ info ] [ LANG ] /Applications/MAMP/htdocs/web/wuliu/thinkphp/lang/zh-cn.php
[ info ] [ ROUTE ] array (
)
[ info ] [ HEADER ] array (
  'host' => '192.168.1.212',
  'connection' => 'keep-alive',
  'upgrade-insecure-requests' => '1',
  'user-agent' => 'Mozilla/5.0 (Windows NT 6.1; WOW64) AppleWebKit/537.36 (KHTML, like Gecko) Chrome/55.0.2883.87 Safari/537.36',
  'accept' => 'text/html,application/xhtml+xml,application/xml;q=0.9,image/webp,*/*;q=0.8',
  'referer' => 'http://192.168.1.212/admin/user/index.html',
  'accept-encoding' => 'gzip, deflate, sdch',
  'accept-language' => 'zh-CN,zh;q=0.8',
  'cookie' => 'PHPSESSID=24319d99be691eb95fafa043d4abcbcc',
)
[ info ] [ PARAM ] array (
  'id' => '112038',
)
[ info ] [ VIEW ] /Applications/MAMP/htdocs/web/wuliu/application/admin/view/user/commission.html [ array (
  0 => 'admin_name',
) ]
---------------------------------------------------------------
[ 2018-11-29T10:25:37+08:00 ] 192.168.1.254 GET 192.168.1.212/admin/user/index.html
[运行时间：0.237344s] [吞吐率：4.21req/s] [内存消耗：4,648.88kb] [文件加载：88]
[ info ] [ LANG ] /Applications/MAMP/htdocs/web/wuliu/thinkphp/lang/zh-cn.php
[ info ] [ ROUTE ] array (
)
[ info ] [ HEADER ] array (
  'host' => '192.168.1.212',
  'connection' => 'keep-alive',
  'upgrade-insecure-requests' => '1',
  'user-agent' => 'Mozilla/5.0 (Windows NT 6.1; WOW64) AppleWebKit/537.36 (KHTML, like Gecko) Chrome/55.0.2883.87 Safari/537.36',
  'accept' => 'text/html,application/xhtml+xml,application/xml;q=0.9,image/webp,*/*;q=0.8',
  'referer' => 'http://192.168.1.212/admin/order/list.html',
  'accept-encoding' => 'gzip, deflate, sdch',
  'accept-language' => 'zh-CN,zh;q=0.8',
  'cookie' => 'PHPSESSID=24319d99be691eb95fafa043d4abcbcc',
)
[ info ] [ PARAM ] array (
)
[ info ] [ DB ] INIT mysql
[ info ] [ VIEW ] /Applications/MAMP/htdocs/web/wuliu/application/admin/view/user/index.html [ array (
  0 => 'admin_name',
  1 => 'list',
) ]
[ sql ] [ DB ] CONNECT:[ UseTime:0.000849s ] mysql:host=127.0.0.1;port=3306;dbname=tybest;charset=utf8
[ sql ] [ SQL ] SHOW COLUMNS FROM `user` [ RunTime:0.001178s ]
[ sql ] [ SQL ] SELECT COUNT(*) AS tp_count FROM user u INNER JOIN `user` `us` ON `us`.`user_id`=`u`.`parent_id` INNER JOIN `admin` `ad` ON `ad`.`admin_id`=`u`.`kfuser` LIMIT 1 [ RunTime:0.177942s ]
[ sql ] [ SQL ] SELECT `u`.`user_id`,`u`.`head_image_url`,`u`.`telephone`,`u`.`nick_name`,`u`.`unionid`,`u`.`user_role`,us.nick_name as p_name,`u`.`openid`,`u`.`create_time`,`u`.`is_subscribe`,ad.name as kfuser FROM user u INNER JOIN `user` `us` ON `us`.`user_id`=`u`.`parent_id` INNER JOIN `admin` `ad` ON `ad`.`admin_id`=`u`.`kfuser` ORDER BY `u`.`user_id` DESC LIMIT 0,20 [ RunTime:0.000867s ]
---------------------------------------------------------------
[ 2018-11-29T10:25:45+08:00 ] 192.168.1.254 GET 192.168.1.212/admin/user/index.html
[运行时间：0.239069s] [吞吐率：4.18req/s] [内存消耗：4,648.93kb] [文件加载：88]
[ info ] [ LANG ] /Applications/MAMP/htdocs/web/wuliu/thinkphp/lang/zh-cn.php
[ info ] [ ROUTE ] array (
)
[ info ] [ HEADER ] array (
  'host' => '192.168.1.212',
  'connection' => 'keep-alive',
  'upgrade-insecure-requests' => '1',
  'user-agent' => 'Mozilla/5.0 (Windows NT 6.1; WOW64) AppleWebKit/537.36 (KHTML, like Gecko) Chrome/55.0.2883.87 Safari/537.36',
  'accept' => 'text/html,application/xhtml+xml,application/xml;q=0.9,image/webp,*/*;q=0.8',
  'referer' => 'http://192.168.1.212/admin/user/index.html',
  'accept-encoding' => 'gzip, deflate, sdch',
  'accept-language' => 'zh-CN,zh;q=0.8',
  'cookie' => 'PHPSESSID=24319d99be691eb95fafa043d4abcbcc',
)
[ info ] [ PARAM ] array (
)
[ info ] [ DB ] INIT mysql
[ info ] [ VIEW ] /Applications/MAMP/htdocs/web/wuliu/application/admin/view/user/index.html [ array (
  0 => 'admin_name',
  1 => 'list',
) ]
[ sql ] [ DB ] CONNECT:[ UseTime:0.000951s ] mysql:host=127.0.0.1;port=3306;dbname=tybest;charset=utf8
[ sql ] [ SQL ] SHOW COLUMNS FROM `user` [ RunTime:0.001109s ]
[ sql ] [ SQL ] SELECT COUNT(*) AS tp_count FROM user u INNER JOIN `user` `us` ON `us`.`user_id`=`u`.`parent_id` INNER JOIN `admin` `ad` ON `ad`.`admin_id`=`u`.`kfuser` LIMIT 1 [ RunTime:0.179467s ]
[ sql ] [ SQL ] SELECT `u`.`user_id`,`u`.`head_image_url`,`u`.`telephone`,`u`.`nick_name`,`u`.`unionid`,`u`.`user_role`,us.nick_name as p_name,`u`.`openid`,`u`.`create_time`,`u`.`is_subscribe`,ad.name as kfuser FROM user u INNER JOIN `user` `us` ON `us`.`user_id`=`u`.`parent_id` INNER JOIN `admin` `ad` ON `ad`.`admin_id`=`u`.`kfuser` ORDER BY `u`.`user_id` DESC LIMIT 0,20 [ RunTime:0.000863s ]
---------------------------------------------------------------
[ 2018-11-29T10:25:47+08:00 ] 192.168.1.254 GET 192.168.1.212/admin/user/index.html
[运行时间：0.234333s] [吞吐率：4.27req/s] [内存消耗：4,648.88kb] [文件加载：88]
[ info ] [ LANG ] /Applications/MAMP/htdocs/web/wuliu/thinkphp/lang/zh-cn.php
[ info ] [ ROUTE ] array (
)
[ info ] [ HEADER ] array (
  'host' => '192.168.1.212',
  'connection' => 'keep-alive',
  'upgrade-insecure-requests' => '1',
  'user-agent' => 'Mozilla/5.0 (Windows NT 6.1; WOW64) AppleWebKit/537.36 (KHTML, like Gecko) Chrome/55.0.2883.87 Safari/537.36',
  'accept' => 'text/html,application/xhtml+xml,application/xml;q=0.9,image/webp,*/*;q=0.8',
  'referer' => 'http://192.168.1.212/admin/user/index.html',
  'accept-encoding' => 'gzip, deflate, sdch',
  'accept-language' => 'zh-CN,zh;q=0.8',
  'cookie' => 'PHPSESSID=24319d99be691eb95fafa043d4abcbcc',
)
[ info ] [ PARAM ] array (
)
[ info ] [ DB ] INIT mysql
[ info ] [ VIEW ] /Applications/MAMP/htdocs/web/wuliu/application/admin/view/user/index.html [ array (
  0 => 'admin_name',
  1 => 'list',
) ]
[ sql ] [ DB ] CONNECT:[ UseTime:0.000761s ] mysql:host=127.0.0.1;port=3306;dbname=tybest;charset=utf8
[ sql ] [ SQL ] SHOW COLUMNS FROM `user` [ RunTime:0.001030s ]
[ sql ] [ SQL ] SELECT COUNT(*) AS tp_count FROM user u INNER JOIN `user` `us` ON `us`.`user_id`=`u`.`parent_id` INNER JOIN `admin` `ad` ON `ad`.`admin_id`=`u`.`kfuser` LIMIT 1 [ RunTime:0.174607s ]
[ sql ] [ SQL ] SELECT `u`.`user_id`,`u`.`head_image_url`,`u`.`telephone`,`u`.`nick_name`,`u`.`unionid`,`u`.`user_role`,us.nick_name as p_name,`u`.`openid`,`u`.`create_time`,`u`.`is_subscribe`,ad.name as kfuser FROM user u INNER JOIN `user` `us` ON `us`.`user_id`=`u`.`parent_id` INNER JOIN `admin` `ad` ON `ad`.`admin_id`=`u`.`kfuser` ORDER BY `u`.`user_id` DESC LIMIT 0,20 [ RunTime:0.000840s ]
---------------------------------------------------------------
[ 2018-11-29T10:25:51+08:00 ] 192.168.1.254 GET 192.168.1.212/admin/order/list.html
[运行时间：0.088375s] [吞吐率：11.32req/s] [内存消耗：4,757.88kb] [文件加载：88]
[ info ] [ LANG ] /Applications/MAMP/htdocs/web/wuliu/thinkphp/lang/zh-cn.php
[ info ] [ ROUTE ] array (
)
[ info ] [ HEADER ] array (
  'host' => '192.168.1.212',
  'connection' => 'keep-alive',
  'upgrade-insecure-requests' => '1',
  'user-agent' => 'Mozilla/5.0 (Windows NT 6.1; WOW64) AppleWebKit/537.36 (KHTML, like Gecko) Chrome/55.0.2883.87 Safari/537.36',
  'accept' => 'text/html,application/xhtml+xml,application/xml;q=0.9,image/webp,*/*;q=0.8',
  'referer' => 'http://192.168.1.212/admin/user/index.html',
  'accept-encoding' => 'gzip, deflate, sdch',
  'accept-language' => 'zh-CN,zh;q=0.8',
  'cookie' => 'PHPSESSID=24319d99be691eb95fafa043d4abcbcc',
)
[ info ] [ PARAM ] array (
)
[ info ] [ DB ] INIT mysql
[ info ] [ VIEW ] /Applications/MAMP/htdocs/web/wuliu/application/admin/view/order/index.html [ array (
  0 => 'admin_name',
  1 => 'list',
  2 => 'page',
) ]
[ sql ] [ DB ] CONNECT:[ UseTime:0.000615s ] mysql:host=127.0.0.1;port=3306;dbname=tybest;charset=utf8
[ sql ] [ SQL ] SHOW COLUMNS FROM `order_info` [ RunTime:0.001356s ]
[ sql ] [ SQL ] SELECT COUNT(*) AS tp_count FROM order_info i INNER JOIN `user` `u` ON `u`.`user_id`=`i`.`user_id` INNER JOIN `admin` `ad` ON `i`.`kfuser_id`=`ad`.`admin_id` LIMIT 1 [ RunTime:0.020948s ]
[ sql ] [ SQL ] SELECT `i`.`order_info_id`,`i`.`order_sn`,`u`.`nick_name`,`i`.`goods_amount`,`i`.`province_name`,`i`.`city_name`,`i`.`district_name`,`i`.`address`,`i`.`telephone`,`i`.`pay_name`,`pay_status`,`i`.`consignee`,`i`.`order_status`,`ad`.`name`,`i`.`prepare_status`,`i`.`add_time` FROM order_info i INNER JOIN `user` `u` ON `u`.`user_id`=`i`.`user_id` INNER JOIN `admin` `ad` ON `i`.`kfuser_id`=`ad`.`admin_id` ORDER BY `i`.`order_info_id` DESC LIMIT 0,10 [ RunTime:0.000820s ]
[ sql ] [ SQL ] SHOW COLUMNS FROM `order_goods` [ RunTime:0.000833s ]
[ sql ] [ SQL ] SELECT `g`.`goods_name`,`g`.`goods_number`,`g`.`shop_price`,`gs`.`goods_thumb`,`g`.`standard_name` FROM order_goods g INNER JOIN `goods` `gs` ON `g`.`goods_id`=`gs`.`goods_id` WHERE  `g`.`order_info_id` = '20026' [ RunTime:0.000633s ]
[ sql ] [ SQL ] SELECT `g`.`goods_name`,`g`.`goods_number`,`g`.`shop_price`,`gs`.`goods_thumb`,`g`.`standard_name` FROM order_goods g INNER JOIN `goods` `gs` ON `g`.`goods_id`=`gs`.`goods_id` WHERE  `g`.`order_info_id` = '20025' [ RunTime:0.000586s ]
[ sql ] [ SQL ] SELECT `g`.`goods_name`,`g`.`goods_number`,`g`.`shop_price`,`gs`.`goods_thumb`,`g`.`standard_name` FROM order_goods g INNER JOIN `goods` `gs` ON `g`.`goods_id`=`gs`.`goods_id` WHERE  `g`.`order_info_id` = '20024' [ RunTime:0.000596s ]
[ sql ] [ SQL ] SELECT `g`.`goods_name`,`g`.`goods_number`,`g`.`shop_price`,`gs`.`goods_thumb`,`g`.`standard_name` FROM order_goods g INNER JOIN `goods` `gs` ON `g`.`goods_id`=`gs`.`goods_id` WHERE  `g`.`order_info_id` = '20023' [ RunTime:0.000599s ]
[ sql ] [ SQL ] SELECT `g`.`goods_name`,`g`.`goods_number`,`g`.`shop_price`,`gs`.`goods_thumb`,`g`.`standard_name` FROM order_goods g INNER JOIN `goods` `gs` ON `g`.`goods_id`=`gs`.`goods_id` WHERE  `g`.`order_info_id` = '20022' [ RunTime:0.000561s ]
[ sql ] [ SQL ] SELECT `g`.`goods_name`,`g`.`goods_number`,`g`.`shop_price`,`gs`.`goods_thumb`,`g`.`standard_name` FROM order_goods g INNER JOIN `goods` `gs` ON `g`.`goods_id`=`gs`.`goods_id` WHERE  `g`.`order_info_id` = '20021' [ RunTime:0.000613s ]
[ sql ] [ SQL ] SELECT `g`.`goods_name`,`g`.`goods_number`,`g`.`shop_price`,`gs`.`goods_thumb`,`g`.`standard_name` FROM order_goods g INNER JOIN `goods` `gs` ON `g`.`goods_id`=`gs`.`goods_id` WHERE  `g`.`order_info_id` = '20020' [ RunTime:0.000566s ]
[ sql ] [ SQL ] SELECT `g`.`goods_name`,`g`.`goods_number`,`g`.`shop_price`,`gs`.`goods_thumb`,`g`.`standard_name` FROM order_goods g INNER JOIN `goods` `gs` ON `g`.`goods_id`=`gs`.`goods_id` WHERE  `g`.`order_info_id` = '20019' [ RunTime:0.000595s ]
[ sql ] [ SQL ] SELECT `g`.`goods_name`,`g`.`goods_number`,`g`.`shop_price`,`gs`.`goods_thumb`,`g`.`standard_name` FROM order_goods g INNER JOIN `goods` `gs` ON `g`.`goods_id`=`gs`.`goods_id` WHERE  `g`.`order_info_id` = '20018' [ RunTime:0.000574s ]
[ sql ] [ SQL ] SELECT `g`.`goods_name`,`g`.`goods_number`,`g`.`shop_price`,`gs`.`goods_thumb`,`g`.`standard_name` FROM order_goods g INNER JOIN `goods` `gs` ON `g`.`goods_id`=`gs`.`goods_id` WHERE  `g`.`order_info_id` = '20017' [ RunTime:0.000565s ]
---------------------------------------------------------------
[ 2018-11-29T10:26:24+08:00 ] 192.168.1.254 GET 192.168.1.212/admin/order/list.html?page=2
[运行时间：0.088448s] [吞吐率：11.31req/s] [内存消耗：4,728.95kb] [文件加载：88]
[ info ] [ LANG ] /Applications/MAMP/htdocs/web/wuliu/thinkphp/lang/zh-cn.php
[ info ] [ ROUTE ] array (
)
[ info ] [ HEADER ] array (
  'host' => '192.168.1.212',
  'connection' => 'keep-alive',
  'upgrade-insecure-requests' => '1',
  'user-agent' => 'Mozilla/5.0 (Windows NT 6.1; WOW64) AppleWebKit/537.36 (KHTML, like Gecko) Chrome/55.0.2883.87 Safari/537.36',
  'accept' => 'text/html,application/xhtml+xml,application/xml;q=0.9,image/webp,*/*;q=0.8',
  'referer' => 'http://192.168.1.212/admin/order/list.html',
  'accept-encoding' => 'gzip, deflate, sdch',
  'accept-language' => 'zh-CN,zh;q=0.8',
  'cookie' => 'PHPSESSID=24319d99be691eb95fafa043d4abcbcc',
)
[ info ] [ PARAM ] array (
  'page' => '2',
)
[ info ] [ DB ] INIT mysql
[ info ] [ VIEW ] /Applications/MAMP/htdocs/web/wuliu/application/admin/view/order/index.html [ array (
  0 => 'admin_name',
  1 => 'list',
  2 => 'page',
) ]
[ sql ] [ DB ] CONNECT:[ UseTime:0.000638s ] mysql:host=127.0.0.1;port=3306;dbname=tybest;charset=utf8
[ sql ] [ SQL ] SHOW COLUMNS FROM `order_info` [ RunTime:0.001590s ]
[ sql ] [ SQL ] SELECT COUNT(*) AS tp_count FROM order_info i INNER JOIN `user` `u` ON `u`.`user_id`=`i`.`user_id` INNER JOIN `admin` `ad` ON `i`.`kfuser_id`=`ad`.`admin_id` LIMIT 1 [ RunTime:0.020199s ]
[ sql ] [ SQL ] SELECT `i`.`order_info_id`,`i`.`order_sn`,`u`.`nick_name`,`i`.`goods_amount`,`i`.`province_name`,`i`.`city_name`,`i`.`district_name`,`i`.`address`,`i`.`telephone`,`i`.`pay_name`,`pay_status`,`i`.`consignee`,`i`.`order_status`,`ad`.`name`,`i`.`prepare_status`,`i`.`add_time` FROM order_info i INNER JOIN `user` `u` ON `u`.`user_id`=`i`.`user_id` INNER JOIN `admin` `ad` ON `i`.`kfuser_id`=`ad`.`admin_id` ORDER BY `i`.`order_info_id` DESC LIMIT 10,10 [ RunTime:0.000927s ]
[ sql ] [ SQL ] SHOW COLUMNS FROM `order_goods` [ RunTime:0.000809s ]
[ sql ] [ SQL ] SELECT `g`.`goods_name`,`g`.`goods_number`,`g`.`shop_price`,`gs`.`goods_thumb`,`g`.`standard_name` FROM order_goods g INNER JOIN `goods` `gs` ON `g`.`goods_id`=`gs`.`goods_id` WHERE  `g`.`order_info_id` = '20016' [ RunTime:0.000652s ]
[ sql ] [ SQL ] SELECT `g`.`goods_name`,`g`.`goods_number`,`g`.`shop_price`,`gs`.`goods_thumb`,`g`.`standard_name` FROM order_goods g INNER JOIN `goods` `gs` ON `g`.`goods_id`=`gs`.`goods_id` WHERE  `g`.`order_info_id` = '20015' [ RunTime:0.000559s ]
[ sql ] [ SQL ] SELECT `g`.`goods_name`,`g`.`goods_number`,`g`.`shop_price`,`gs`.`goods_thumb`,`g`.`standard_name` FROM order_goods g INNER JOIN `goods` `gs` ON `g`.`goods_id`=`gs`.`goods_id` WHERE  `g`.`order_info_id` = '20014' [ RunTime:0.000528s ]
[ sql ] [ SQL ] SELECT `g`.`goods_name`,`g`.`goods_number`,`g`.`shop_price`,`gs`.`goods_thumb`,`g`.`standard_name` FROM order_goods g INNER JOIN `goods` `gs` ON `g`.`goods_id`=`gs`.`goods_id` WHERE  `g`.`order_info_id` = '20013' [ RunTime:0.000557s ]
[ sql ] [ SQL ] SELECT `g`.`goods_name`,`g`.`goods_number`,`g`.`shop_price`,`gs`.`goods_thumb`,`g`.`standard_name` FROM order_goods g INNER JOIN `goods` `gs` ON `g`.`goods_id`=`gs`.`goods_id` WHERE  `g`.`order_info_id` = '20012' [ RunTime:0.000528s ]
[ sql ] [ SQL ] SELECT `g`.`goods_name`,`g`.`goods_number`,`g`.`shop_price`,`gs`.`goods_thumb`,`g`.`standard_name` FROM order_goods g INNER JOIN `goods` `gs` ON `g`.`goods_id`=`gs`.`goods_id` WHERE  `g`.`order_info_id` = '20011' [ RunTime:0.000598s ]
[ sql ] [ SQL ] SELECT `g`.`goods_name`,`g`.`goods_number`,`g`.`shop_price`,`gs`.`goods_thumb`,`g`.`standard_name` FROM order_goods g INNER JOIN `goods` `gs` ON `g`.`goods_id`=`gs`.`goods_id` WHERE  `g`.`order_info_id` = '20010' [ RunTime:0.000474s ]
[ sql ] [ SQL ] SELECT `g`.`goods_name`,`g`.`goods_number`,`g`.`shop_price`,`gs`.`goods_thumb`,`g`.`standard_name` FROM order_goods g INNER JOIN `goods` `gs` ON `g`.`goods_id`=`gs`.`goods_id` WHERE  `g`.`order_info_id` = '20009' [ RunTime:0.000550s ]
[ sql ] [ SQL ] SELECT `g`.`goods_name`,`g`.`goods_number`,`g`.`shop_price`,`gs`.`goods_thumb`,`g`.`standard_name` FROM order_goods g INNER JOIN `goods` `gs` ON `g`.`goods_id`=`gs`.`goods_id` WHERE  `g`.`order_info_id` = '20007' [ RunTime:0.000559s ]
[ sql ] [ SQL ] SELECT `g`.`goods_name`,`g`.`goods_number`,`g`.`shop_price`,`gs`.`goods_thumb`,`g`.`standard_name` FROM order_goods g INNER JOIN `goods` `gs` ON `g`.`goods_id`=`gs`.`goods_id` WHERE  `g`.`order_info_id` = '20006' [ RunTime:0.000558s ]
---------------------------------------------------------------
[ 2018-11-29T10:26:27+08:00 ] 192.168.1.254 GET 192.168.1.212/admin/order/list.html?page=3
[运行时间：0.091001s] [吞吐率：10.99req/s] [内存消耗：4,775.59kb] [文件加载：88]
[ info ] [ LANG ] /Applications/MAMP/htdocs/web/wuliu/thinkphp/lang/zh-cn.php
[ info ] [ ROUTE ] array (
)
[ info ] [ HEADER ] array (
  'host' => '192.168.1.212',
  'connection' => 'keep-alive',
  'upgrade-insecure-requests' => '1',
  'user-agent' => 'Mozilla/5.0 (Windows NT 6.1; WOW64) AppleWebKit/537.36 (KHTML, like Gecko) Chrome/55.0.2883.87 Safari/537.36',
  'accept' => 'text/html,application/xhtml+xml,application/xml;q=0.9,image/webp,*/*;q=0.8',
  'referer' => 'http://192.168.1.212/admin/order/list.html?page=2',
  'accept-encoding' => 'gzip, deflate, sdch',
  'accept-language' => 'zh-CN,zh;q=0.8',
  'cookie' => 'PHPSESSID=24319d99be691eb95fafa043d4abcbcc',
)
[ info ] [ PARAM ] array (
  'page' => '3',
)
[ info ] [ DB ] INIT mysql
[ info ] [ VIEW ] /Applications/MAMP/htdocs/web/wuliu/application/admin/view/order/index.html [ array (
  0 => 'admin_name',
  1 => 'list',
  2 => 'page',
) ]
[ sql ] [ DB ] CONNECT:[ UseTime:0.000734s ] mysql:host=127.0.0.1;port=3306;dbname=tybest;charset=utf8
[ sql ] [ SQL ] SHOW COLUMNS FROM `order_info` [ RunTime:0.001375s ]
[ sql ] [ SQL ] SELECT COUNT(*) AS tp_count FROM order_info i INNER JOIN `user` `u` ON `u`.`user_id`=`i`.`user_id` INNER JOIN `admin` `ad` ON `i`.`kfuser_id`=`ad`.`admin_id` LIMIT 1 [ RunTime:0.021481s ]
[ sql ] [ SQL ] SELECT `i`.`order_info_id`,`i`.`order_sn`,`u`.`nick_name`,`i`.`goods_amount`,`i`.`province_name`,`i`.`city_name`,`i`.`district_name`,`i`.`address`,`i`.`telephone`,`i`.`pay_name`,`pay_status`,`i`.`consignee`,`i`.`order_status`,`ad`.`name`,`i`.`prepare_status`,`i`.`add_time` FROM order_info i INNER JOIN `user` `u` ON `u`.`user_id`=`i`.`user_id` INNER JOIN `admin` `ad` ON `i`.`kfuser_id`=`ad`.`admin_id` ORDER BY `i`.`order_info_id` DESC LIMIT 20,10 [ RunTime:0.000846s ]
[ sql ] [ SQL ] SHOW COLUMNS FROM `order_goods` [ RunTime:0.000826s ]
[ sql ] [ SQL ] SELECT `g`.`goods_name`,`g`.`goods_number`,`g`.`shop_price`,`gs`.`goods_thumb`,`g`.`standard_name` FROM order_goods g INNER JOIN `goods` `gs` ON `g`.`goods_id`=`gs`.`goods_id` WHERE  `g`.`order_info_id` = '20005' [ RunTime:0.000703s ]
[ sql ] [ SQL ] SELECT `g`.`goods_name`,`g`.`goods_number`,`g`.`shop_price`,`gs`.`goods_thumb`,`g`.`standard_name` FROM order_goods g INNER JOIN `goods` `gs` ON `g`.`goods_id`=`gs`.`goods_id` WHERE  `g`.`order_info_id` = '20004' [ RunTime:0.001844s ]
[ sql ] [ SQL ] SELECT `g`.`goods_name`,`g`.`goods_number`,`g`.`shop_price`,`gs`.`goods_thumb`,`g`.`standard_name` FROM order_goods g INNER JOIN `goods` `gs` ON `g`.`goods_id`=`gs`.`goods_id` WHERE  `g`.`order_info_id` = '20003' [ RunTime:0.000577s ]
[ sql ] [ SQL ] SELECT `g`.`goods_name`,`g`.`goods_number`,`g`.`shop_price`,`gs`.`goods_thumb`,`g`.`standard_name` FROM order_goods g INNER JOIN `goods` `gs` ON `g`.`goods_id`=`gs`.`goods_id` WHERE  `g`.`order_info_id` = '20002' [ RunTime:0.000495s ]
[ sql ] [ SQL ] SELECT `g`.`goods_name`,`g`.`goods_number`,`g`.`shop_price`,`gs`.`goods_thumb`,`g`.`standard_name` FROM order_goods g INNER JOIN `goods` `gs` ON `g`.`goods_id`=`gs`.`goods_id` WHERE  `g`.`order_info_id` = '20001' [ RunTime:0.000560s ]
[ sql ] [ SQL ] SELECT `g`.`goods_name`,`g`.`goods_number`,`g`.`shop_price`,`gs`.`goods_thumb`,`g`.`standard_name` FROM order_goods g INNER JOIN `goods` `gs` ON `g`.`goods_id`=`gs`.`goods_id` WHERE  `g`.`order_info_id` = '20000' [ RunTime:0.000586s ]
[ sql ] [ SQL ] SELECT `g`.`goods_name`,`g`.`goods_number`,`g`.`shop_price`,`gs`.`goods_thumb`,`g`.`standard_name` FROM order_goods g INNER JOIN `goods` `gs` ON `g`.`goods_id`=`gs`.`goods_id` WHERE  `g`.`order_info_id` = '19999' [ RunTime:0.000597s ]
[ sql ] [ SQL ] SELECT `g`.`goods_name`,`g`.`goods_number`,`g`.`shop_price`,`gs`.`goods_thumb`,`g`.`standard_name` FROM order_goods g INNER JOIN `goods` `gs` ON `g`.`goods_id`=`gs`.`goods_id` WHERE  `g`.`order_info_id` = '19998' [ RunTime:0.000564s ]
[ sql ] [ SQL ] SELECT `g`.`goods_name`,`g`.`goods_number`,`g`.`shop_price`,`gs`.`goods_thumb`,`g`.`standard_name` FROM order_goods g INNER JOIN `goods` `gs` ON `g`.`goods_id`=`gs`.`goods_id` WHERE  `g`.`order_info_id` = '19997' [ RunTime:0.000515s ]
[ sql ] [ SQL ] SELECT `g`.`goods_name`,`g`.`goods_number`,`g`.`shop_price`,`gs`.`goods_thumb`,`g`.`standard_name` FROM order_goods g INNER JOIN `goods` `gs` ON `g`.`goods_id`=`gs`.`goods_id` WHERE  `g`.`order_info_id` = '19996' [ RunTime:0.000604s ]
---------------------------------------------------------------
[ 2018-11-29T10:26:33+08:00 ] 192.168.1.254 GET 192.168.1.212/admin/order/list.html?page=3
[运行时间：0.089853s] [吞吐率：11.13req/s] [内存消耗：4,775.59kb] [文件加载：88]
[ info ] [ LANG ] /Applications/MAMP/htdocs/web/wuliu/thinkphp/lang/zh-cn.php
[ info ] [ ROUTE ] array (
)
[ info ] [ HEADER ] array (
  'host' => '192.168.1.212',
  'connection' => 'keep-alive',
  'upgrade-insecure-requests' => '1',
  'user-agent' => 'Mozilla/5.0 (Windows NT 6.1; WOW64) AppleWebKit/537.36 (KHTML, like Gecko) Chrome/55.0.2883.87 Safari/537.36',
  'accept' => 'text/html,application/xhtml+xml,application/xml;q=0.9,image/webp,*/*;q=0.8',
  'referer' => 'http://192.168.1.212/admin/order/list.html?page=3',
  'accept-encoding' => 'gzip, deflate, sdch',
  'accept-language' => 'zh-CN,zh;q=0.8',
  'cookie' => 'PHPSESSID=24319d99be691eb95fafa043d4abcbcc',
)
[ info ] [ PARAM ] array (
  'page' => '3',
)
[ info ] [ DB ] INIT mysql
[ info ] [ VIEW ] /Applications/MAMP/htdocs/web/wuliu/application/admin/view/order/index.html [ array (
  0 => 'admin_name',
  1 => 'list',
  2 => 'page',
) ]
[ sql ] [ DB ] CONNECT:[ UseTime:0.000630s ] mysql:host=127.0.0.1;port=3306;dbname=tybest;charset=utf8
[ sql ] [ SQL ] SHOW COLUMNS FROM `order_info` [ RunTime:0.001387s ]
[ sql ] [ SQL ] SELECT COUNT(*) AS tp_count FROM order_info i INNER JOIN `user` `u` ON `u`.`user_id`=`i`.`user_id` INNER JOIN `admin` `ad` ON `i`.`kfuser_id`=`ad`.`admin_id` LIMIT 1 [ RunTime:0.019527s ]
[ sql ] [ SQL ] SELECT `i`.`order_info_id`,`i`.`order_sn`,`u`.`nick_name`,`i`.`goods_amount`,`i`.`province_name`,`i`.`city_name`,`i`.`district_name`,`i`.`address`,`i`.`telephone`,`i`.`pay_name`,`pay_status`,`i`.`consignee`,`i`.`order_status`,`ad`.`name`,`i`.`prepare_status`,`i`.`add_time` FROM order_info i INNER JOIN `user` `u` ON `u`.`user_id`=`i`.`user_id` INNER JOIN `admin` `ad` ON `i`.`kfuser_id`=`ad`.`admin_id` ORDER BY `i`.`order_info_id` DESC LIMIT 20,10 [ RunTime:0.000929s ]
[ sql ] [ SQL ] SHOW COLUMNS FROM `order_goods` [ RunTime:0.000914s ]
[ sql ] [ SQL ] SELECT `g`.`goods_name`,`g`.`goods_number`,`g`.`shop_price`,`gs`.`goods_thumb`,`g`.`standard_name` FROM order_goods g INNER JOIN `goods` `gs` ON `g`.`goods_id`=`gs`.`goods_id` WHERE  `g`.`order_info_id` = '20005' [ RunTime:0.000682s ]
[ sql ] [ SQL ] SELECT `g`.`goods_name`,`g`.`goods_number`,`g`.`shop_price`,`gs`.`goods_thumb`,`g`.`standard_name` FROM order_goods g INNER JOIN `goods` `gs` ON `g`.`goods_id`=`gs`.`goods_id` WHERE  `g`.`order_info_id` = '20004' [ RunTime:0.000610s ]
[ sql ] [ SQL ] SELECT `g`.`goods_name`,`g`.`goods_number`,`g`.`shop_price`,`gs`.`goods_thumb`,`g`.`standard_name` FROM order_goods g INNER JOIN `goods` `gs` ON `g`.`goods_id`=`gs`.`goods_id` WHERE  `g`.`order_info_id` = '20003' [ RunTime:0.000540s ]
[ sql ] [ SQL ] SELECT `g`.`goods_name`,`g`.`goods_number`,`g`.`shop_price`,`gs`.`goods_thumb`,`g`.`standard_name` FROM order_goods g INNER JOIN `goods` `gs` ON `g`.`goods_id`=`gs`.`goods_id` WHERE  `g`.`order_info_id` = '20002' [ RunTime:0.000690s ]
[ sql ] [ SQL ] SELECT `g`.`goods_name`,`g`.`goods_number`,`g`.`shop_price`,`gs`.`goods_thumb`,`g`.`standard_name` FROM order_goods g INNER JOIN `goods` `gs` ON `g`.`goods_id`=`gs`.`goods_id` WHERE  `g`.`order_info_id` = '20001' [ RunTime:0.000465s ]
[ sql ] [ SQL ] SELECT `g`.`goods_name`,`g`.`goods_number`,`g`.`shop_price`,`gs`.`goods_thumb`,`g`.`standard_name` FROM order_goods g INNER JOIN `goods` `gs` ON `g`.`goods_id`=`gs`.`goods_id` WHERE  `g`.`order_info_id` = '20000' [ RunTime:0.000532s ]
[ sql ] [ SQL ] SELECT `g`.`goods_name`,`g`.`goods_number`,`g`.`shop_price`,`gs`.`goods_thumb`,`g`.`standard_name` FROM order_goods g INNER JOIN `goods` `gs` ON `g`.`goods_id`=`gs`.`goods_id` WHERE  `g`.`order_info_id` = '19999' [ RunTime:0.000462s ]
[ sql ] [ SQL ] SELECT `g`.`goods_name`,`g`.`goods_number`,`g`.`shop_price`,`gs`.`goods_thumb`,`g`.`standard_name` FROM order_goods g INNER JOIN `goods` `gs` ON `g`.`goods_id`=`gs`.`goods_id` WHERE  `g`.`order_info_id` = '19998' [ RunTime:0.000461s ]
[ sql ] [ SQL ] SELECT `g`.`goods_name`,`g`.`goods_number`,`g`.`shop_price`,`gs`.`goods_thumb`,`g`.`standard_name` FROM order_goods g INNER JOIN `goods` `gs` ON `g`.`goods_id`=`gs`.`goods_id` WHERE  `g`.`order_info_id` = '19997' [ RunTime:0.000446s ]
[ sql ] [ SQL ] SELECT `g`.`goods_name`,`g`.`goods_number`,`g`.`shop_price`,`gs`.`goods_thumb`,`g`.`standard_name` FROM order_goods g INNER JOIN `goods` `gs` ON `g`.`goods_id`=`gs`.`goods_id` WHERE  `g`.`order_info_id` = '19996' [ RunTime:0.000470s ]
---------------------------------------------------------------
[ 2018-11-29T10:26:44+08:00 ] 192.168.1.212 GET wuliu/admin/user/commission/id/112036.html
[运行时间：0.037867s] [吞吐率：26.41req/s] [内存消耗：3,107.90kb] [文件加载：78]
[ info ] [ LANG ] /Applications/MAMP/htdocs/web/wuliu/thinkphp/lang/zh-cn.php
[ info ] [ ROUTE ] array (
)
[ info ] [ HEADER ] array (
  'host' => 'wuliu',
  'user-agent' => 'Mozilla/5.0 (Macintosh; Intel Mac OS X 10.13; rv:63.0) Gecko/20100101 Firefox/63.0',
  'accept' => 'text/html,application/xhtml+xml,application/xml;q=0.9,*/*;q=0.8',
  'accept-language' => 'zh-CN,zh;q=0.8,zh-TW;q=0.7,zh-HK;q=0.5,en-US;q=0.3,en;q=0.2',
  'accept-encoding' => 'gzip, deflate',
  'referer' => 'http://wuliu/admin/user/index.html',
  'connection' => 'keep-alive',
  'cookie' => 'PHPSESSID=7983ec78f1643856c9107786138dad8a',
  'upgrade-insecure-requests' => '1',
)
[ info ] [ PARAM ] array (
  'id' => '112036',
)
[ info ] [ VIEW ] /Applications/MAMP/htdocs/web/wuliu/application/admin/view/user/commission.html [ array (
  0 => 'admin_name',
) ]
