---------------------------------------------------------------
[ 2019-03-01T00:25:07+08:00 ] 122.228.19.80 GET 118.24.8.254:443/
[运行时间：0.158167s] [吞吐率：6.32req/s] [内存消耗：343.99kb] [文件加载：69]
[ info ] [ LANG ] /www/wuliu/thinkphp/lang/zh-cn.php
[ info ] [ ROUTE ] array (
)
[ info ] [ HEADER ] array (
  'connection' => 'keep-alive',
  'accept' => '*/*',
  'user-agent' => 'Mozilla/5.0 (Macintosh; Intel Mac OS X 10.11; rv:47.0) Gecko/20100101 Firefox/47.0',
  'host' => '118.24.8.254:443',
  'content-type' => '',
  'content-length' => '',
)
[ info ] [ PARAM ] array (
)
[ info ] [ VIEW ] /www/wuliu/application/admin/view/login/index.html [ array (
) ]
---------------------------------------------------------------
[ 2019-03-01T00:43:01+08:00 ] 74.82.47.5 GET 118.24.8.254/
[运行时间：0.003221s] [吞吐率：310.48req/s] [内存消耗：343.37kb] [文件加载：69]
[ info ] [ LANG ] /www/wuliu/thinkphp/lang/zh-cn.php
[ info ] [ ROUTE ] array (
)
[ info ] [ HEADER ] array (
  'host' => '118.24.8.254',
  'content-type' => '',
  'content-length' => '',
)
[ info ] [ PARAM ] array (
)
[ info ] [ VIEW ] /www/wuliu/application/admin/view/login/index.html [ array (
) ]
---------------------------------------------------------------
[ 2019-03-01T01:48:07+08:00 ] 134.209.32.35 HEAD xiao.baiduzhixing.com/
[运行时间：0.003279s] [吞吐率：304.97req/s] [内存消耗：342.84kb] [文件加载：69]
[ info ] [ LANG ] /www/wuliu/thinkphp/lang/zh-cn.php
[ info ] [ ROUTE ] array (
)
[ info ] [ HEADER ] array (
  'connection' => 'close',
  'user-agent' => 'Mozilla/4.0 (compatible; Netcraft Web Server Survey)',
  'referer' => 'https://www.netcraft.com/survey/',
  'host' => 'xiao.baiduzhixing.com',
  'content-type' => '',
  'content-length' => '',
)
[ info ] [ PARAM ] array (
)
[ info ] [ VIEW ] /www/wuliu/application/admin/view/login/index.html [ array (
) ]
---------------------------------------------------------------
[ 2019-03-01T11:50:52+08:00 ] 43.224.44.150 POST xiao.baiduzhixing.com/api/user/index
[运行时间：0.304787s] [吞吐率：3.28req/s] [内存消耗：350.50kb] [文件加载：73]
[ info ] [ LANG ] /www/wuliu/thinkphp/lang/zh-cn.php
[ info ] [ ROUTE ] array (
)
[ info ] [ HEADER ] array (
  'accept-encoding' => 'gzip, deflate, br',
  'referer' => 'https://servicewechat.com/wx4c3829d268004a40/devtools/page-frame.html',
  'accept' => '*/*',
  'content-type' => 'application/json',
  'user-agent' => 'Mozilla/5.0 (iPhone; CPU iPhone OS 9_1 like Mac OS X) AppleWebKit/601.1.46 (KHTML, like Gecko) Version/9.0 Mobile/13B143 Safari/601.1 wechatdevtools/1.02.1902010 MicroMessenger/6.7.3 Language/zh_CN webview/ token/9f57d5a13f7c7d1901763d5d07392d67',
  'origin' => 'http://127.0.0.1:42766',
  'cache-control' => 'no-cache',
  'pragma' => 'no-cache',
  'content-length' => '58',
  'connection' => 'keep-alive',
  'host' => 'xiao.baiduzhixing.com',
)
[ info ] [ PARAM ] array (
  'code' => '011kIcGU1BVxaY0myEIU1XY9GU1kIcGA',
  'type' => 'login',
)
[ error ] [8]curl_setopt(): CURLOPT_SSL_VERIFYHOST no longer accepts the value 1, value 2 will be used instead[/www/wuliu/application/api/controller/UserController.php:34]
---------------------------------------------------------------
[ 2019-03-01T14:06:54+08:00 ] 104.131.141.157 GET 118.24.8.254/
[运行时间：0.048704s] [吞吐率：20.53req/s] [内存消耗：343.73kb] [文件加载：69]
[ info ] [ LANG ] /www/wuliu/thinkphp/lang/zh-cn.php
[ info ] [ ROUTE ] array (
)
[ info ] [ HEADER ] array (
  'accept-encoding' => 'gzip',
  'accept' => '*/*',
  'user-agent' => 'Mozilla/5.0 zgrab/0.x',
  'host' => '118.24.8.254',
  'content-type' => '',
  'content-length' => '',
)
[ info ] [ PARAM ] array (
)
[ info ] [ VIEW ] /www/wuliu/application/admin/view/login/index.html [ array (
) ]
---------------------------------------------------------------
[ 2019-03-01T16:32:17+08:00 ] 80.82.77.33 GET 118.24.8.254/
[运行时间：0.002323s] [吞吐率：430.49req/s] [内存消耗：344.20kb] [文件加载：69]
[ info ] [ LANG ] /www/wuliu/thinkphp/lang/zh-cn.php
[ info ] [ ROUTE ] array (
)
[ info ] [ HEADER ] array (
  'user-agent' => 'Mozilla/5.0 (X11; Linux x86_64) AppleWebKit/537.36 (KHTML, like Gecko) Chrome/34.0.1847.137 Safari/537.36',
  'accept' => 'text/html,application/xhtml+xml,application/xml;q=0.9,*/*;q=0.8',
  'host' => '118.24.8.254',
  'accept-encoding' => 'identity',
  'content-type' => '',
  'content-length' => '',
)
[ info ] [ PARAM ] array (
)
[ info ] [ VIEW ] /www/wuliu/application/admin/view/login/index.html [ array (
) ]
---------------------------------------------------------------
[ 2019-03-01T16:32:30+08:00 ] 80.82.77.33 GET 118.24.8.254/sitemap.xml
[运行时间：0.012755s] [吞吐率：78.40req/s] [内存消耗：310.79kb] [文件加载：56]
[ info ] [ LANG ] /www/wuliu/thinkphp/lang/zh-cn.php
---------------------------------------------------------------
[ 2019-03-01T16:32:31+08:00 ] 80.82.77.33 GET 118.24.8.254/.well-known/security.txt
[运行时间：0.001598s] [吞吐率：625.83req/s] [内存消耗：310.80kb] [文件加载：56]
[ info ] [ LANG ] /www/wuliu/thinkphp/lang/zh-cn.php
