---------------------------------------------------------------
[ 2019-03-04T00:45:26+08:00 ] 216.218.206.69 GET 118.24.8.254/
[运行时间：0.002452s] [吞吐率：407.81req/s] [内存消耗：343.36kb] [文件加载：69]
[ info ] [ LANG ] /www/wuliu/thinkphp/lang/zh-cn.php
[ info ] [ ROUTE ] array (
)
[ info ] [ HEADER ] array (
  'host' => '118.24.8.254',
  'content-type' => '',
  'content-length' => '',
)
[ info ] [ PARAM ] array (
)
[ info ] [ VIEW ] /www/wuliu/application/admin/view/login/index.html [ array (
) ]
---------------------------------------------------------------
[ 2019-03-04T01:40:43+08:00 ] 51.38.12.13 GET 118.24.8.254/
[运行时间：0.002707s] [吞吐率：369.41req/s] [内存消耗：343.91kb] [文件加载：69]
[ info ] [ LANG ] /www/wuliu/thinkphp/lang/zh-cn.php
[ info ] [ ROUTE ] array (
)
[ info ] [ HEADER ] array (
  'connection' => 'close',
  'user-agent' => 'Mozilla/5.0 (Windows NT 6.1) AppleWebKit/537.36 (KHTML, like Gecko) Chrome/41.0.2228.0 Safari/537.36',
  'host' => '118.24.8.254',
  'content-type' => '',
  'content-length' => '',
)
[ info ] [ PARAM ] array (
)
[ info ] [ VIEW ] /www/wuliu/application/admin/view/login/index.html [ array (
) ]
---------------------------------------------------------------
[ 2019-03-04T02:27:10+08:00 ] 107.170.201.223 GET 118.24.8.254/
[运行时间：0.002257s] [吞吐率：443.04req/s] [内存消耗：343.73kb] [文件加载：69]
[ info ] [ LANG ] /www/wuliu/thinkphp/lang/zh-cn.php
[ info ] [ ROUTE ] array (
)
[ info ] [ HEADER ] array (
  'accept-encoding' => 'gzip',
  'accept' => '*/*',
  'user-agent' => 'Mozilla/5.0 zgrab/0.x',
  'host' => '118.24.8.254',
  'content-type' => '',
  'content-length' => '',
)
[ info ] [ PARAM ] array (
)
[ info ] [ VIEW ] /www/wuliu/application/admin/view/login/index.html [ array (
) ]
---------------------------------------------------------------
[ 2019-03-04T09:49:30+08:00 ] 68.183.62.30 GET xiao.baiduzhixing.com/
[运行时间：0.218491s] [吞吐率：4.58req/s] [内存消耗：343.65kb] [文件加载：69]
[ info ] [ LANG ] /www/wuliu/thinkphp/lang/zh-cn.php
[ info ] [ ROUTE ] array (
)
[ info ] [ HEADER ] array (
  'user-agent' => 'Mozilla/5.0 (compatible; NetcraftSurveyAgent/1.0; +info@netcraft.com)',
  'host' => 'xiao.baiduzhixing.com',
  'content-type' => '',
  'content-length' => '',
)
[ info ] [ PARAM ] array (
)
[ info ] [ VIEW ] /www/wuliu/application/admin/view/login/index.html [ array (
) ]
---------------------------------------------------------------
[ 2019-03-04T12:24:43+08:00 ] 192.252.223.93 GET 118.24.8.254/
[运行时间：0.002414s] [吞吐率：414.21req/s] [内存消耗：343.53kb] [文件加载：69]
[ info ] [ LANG ] /www/wuliu/thinkphp/lang/zh-cn.php
[ info ] [ ROUTE ] array (
)
[ info ] [ HEADER ] array (
  'accept' => '*/*',
  'host' => '118.24.8.254',
  'user-agent' => 'curl/7.29.0',
  'content-type' => '',
  'content-length' => '',
)
[ info ] [ PARAM ] array (
)
[ info ] [ VIEW ] /www/wuliu/application/admin/view/login/index.html [ array (
) ]
---------------------------------------------------------------
[ 2019-03-04T12:24:46+08:00 ] 192.252.223.93 GET 118.24.8.254/
[运行时间：0.002350s] [吞吐率：425.56req/s] [内存消耗：343.53kb] [文件加载：69]
[ info ] [ LANG ] /www/wuliu/thinkphp/lang/zh-cn.php
[ info ] [ ROUTE ] array (
)
[ info ] [ HEADER ] array (
  'accept' => '*/*',
  'host' => '118.24.8.254',
  'user-agent' => 'curl/7.29.0',
  'content-type' => '',
  'content-length' => '',
)
[ info ] [ PARAM ] array (
)
[ info ] [ VIEW ] /www/wuliu/application/admin/view/login/index.html [ array (
) ]
---------------------------------------------------------------
[ 2019-03-04T16:01:42+08:00 ] 219.129.216.189 __CONSTRUCT 118.24.8.254/index.php
[运行时间：0.391410s] [吞吐率：2.55req/s] [内存消耗：242.53kb] [文件加载：54]
[ info ] [ LANG ] /www/wuliu/thinkphp/lang/zh-cn.php
[ error ] [8]未定义数组索引: __construct[/www/wuliu/thinkphp/library/think/route/RuleGroup.php:196]
---------------------------------------------------------------
[ 2019-03-04T16:01:42+08:00 ] 219.129.216.189 __CONSTRUCT 118.24.8.254/index.php
[运行时间：0.001837s] [吞吐率：544.36req/s] [内存消耗：242.53kb] [文件加载：54]
[ info ] [ LANG ] /www/wuliu/thinkphp/lang/zh-cn.php
[ error ] [8]未定义数组索引: __construct[/www/wuliu/thinkphp/library/think/route/RuleGroup.php:196]
---------------------------------------------------------------
[ 2019-03-04T16:08:22+08:00 ] 43.224.45.150 POST xiao.baiduzhixing.com/api/user/index
[运行时间：0.051990s] [吞吐率：19.23req/s] [内存消耗：350.50kb] [文件加载：73]
[ info ] [ LANG ] /www/wuliu/thinkphp/lang/zh-cn.php
[ info ] [ ROUTE ] array (
)
[ info ] [ HEADER ] array (
  'accept-encoding' => 'gzip, deflate, br',
  'referer' => 'https://servicewechat.com/wx4c3829d268004a40/devtools/page-frame.html',
  'accept' => '*/*',
  'content-type' => 'application/json',
  'user-agent' => 'Mozilla/5.0 (iPhone; CPU iPhone OS 9_1 like Mac OS X) AppleWebKit/601.1.46 (KHTML, like Gecko) Version/9.0 Mobile/13B143 Safari/601.1 wechatdevtools/1.02.1902010 MicroMessenger/6.7.3 Language/zh_CN webview/ token/22b636726e51495f0635039606e20ea7',
  'origin' => 'http://127.0.0.1:57437',
  'cache-control' => 'no-cache',
  'pragma' => 'no-cache',
  'content-length' => '58',
  'connection' => 'keep-alive',
  'host' => 'xiao.baiduzhixing.com',
)
[ info ] [ PARAM ] array (
  'code' => '071k0cyj2eKAGC03EByj23Lmyj2k0cyv',
  'type' => 'login',
)
[ error ] [8]curl_setopt(): CURLOPT_SSL_VERIFYHOST no longer accepts the value 1, value 2 will be used instead[/www/wuliu/application/api/controller/UserController.php:34]
---------------------------------------------------------------
[ 2019-03-04T16:09:12+08:00 ] 43.224.45.150 POST xiao.baiduzhixing.com/api/user/index
[运行时间：0.002443s] [吞吐率：409.32req/s] [内存消耗：350.50kb] [文件加载：73]
[ info ] [ LANG ] /www/wuliu/thinkphp/lang/zh-cn.php
[ info ] [ ROUTE ] array (
)
[ info ] [ HEADER ] array (
  'accept-encoding' => 'gzip, deflate, br',
  'referer' => 'https://servicewechat.com/wx4c3829d268004a40/devtools/page-frame.html',
  'accept' => '*/*',
  'content-type' => 'application/json',
  'user-agent' => 'Mozilla/5.0 (iPhone; CPU iPhone OS 9_1 like Mac OS X) AppleWebKit/601.1.46 (KHTML, like Gecko) Version/9.0 Mobile/13B143 Safari/601.1 wechatdevtools/1.02.1902010 MicroMessenger/6.7.3 Language/zh_CN webview/ token/22b636726e51495f0635039606e20ea7',
  'origin' => 'http://127.0.0.1:57437',
  'cache-control' => 'no-cache',
  'pragma' => 'no-cache',
  'content-length' => '58',
  'connection' => 'keep-alive',
  'host' => 'xiao.baiduzhixing.com',
)
[ info ] [ PARAM ] array (
  'code' => '011miuY00krlcH1GzBY00Jw9Y00miuYA',
  'type' => 'login',
)
[ error ] [8]curl_setopt(): CURLOPT_SSL_VERIFYHOST no longer accepts the value 1, value 2 will be used instead[/www/wuliu/application/api/controller/UserController.php:34]
---------------------------------------------------------------
[ 2019-03-04T16:25:04+08:00 ] 43.224.45.150 POST xiao.baiduzhixing.com/api/user/index
[运行时间：0.150779s] [吞吐率：6.63req/s] [内存消耗：351.59kb] [文件加载：73]
[ info ] [ LANG ] /www/wuliu/thinkphp/lang/zh-cn.php
[ info ] [ ROUTE ] array (
)
[ info ] [ HEADER ] array (
  'accept-encoding' => 'gzip, deflate, br',
  'referer' => 'https://servicewechat.com/wx4c3829d268004a40/devtools/page-frame.html',
  'accept' => '*/*',
  'content-type' => 'application/json',
  'user-agent' => 'Mozilla/5.0 (iPhone; CPU iPhone OS 9_1 like Mac OS X) AppleWebKit/601.1.46 (KHTML, like Gecko) Version/9.0 Mobile/13B143 Safari/601.1 wechatdevtools/1.02.1902010 MicroMessenger/6.7.3 Language/zh_CN webview/ token/22b636726e51495f0635039606e20ea7',
  'origin' => 'http://127.0.0.1:57437',
  'cache-control' => 'no-cache',
  'pragma' => 'no-cache',
  'content-length' => '58',
  'connection' => 'keep-alive',
  'host' => 'xiao.baiduzhixing.com',
)
[ info ] [ PARAM ] array (
  'code' => '061SHuBn1cCceq0lq4Bn1OCBBn1SHuB2',
  'type' => 'login',
)
[ error ] [8]curl_setopt(): CURLOPT_SSL_VERIFYHOST no longer accepts the value 1, value 2 will be used instead[/www/wuliu/application/api/controller/UserController.php:34]
---------------------------------------------------------------
[ 2019-03-04T16:35:33+08:00 ] 43.224.45.150 POST xiao.baiduzhixing.com/api/user/index
[运行时间：0.330205s] [吞吐率：3.03req/s] [内存消耗：344.93kb] [文件加载：68]
[ info ] [ LANG ] /www/wuliu/thinkphp/lang/zh-cn.php
[ info ] [ ROUTE ] array (
)
[ info ] [ HEADER ] array (
  'accept-encoding' => 'gzip, deflate, br',
  'referer' => 'https://servicewechat.com/wx4c3829d268004a40/devtools/page-frame.html',
  'accept' => '*/*',
  'content-type' => 'application/json',
  'user-agent' => 'Mozilla/5.0 (iPhone; CPU iPhone OS 9_1 like Mac OS X) AppleWebKit/601.1.46 (KHTML, like Gecko) Version/9.0 Mobile/13B143 Safari/601.1 wechatdevtools/1.02.1902010 MicroMessenger/6.7.3 Language/zh_CN webview/ token/22b636726e51495f0635039606e20ea7',
  'origin' => 'http://127.0.0.1:57437',
  'cache-control' => 'no-cache',
  'pragma' => 'no-cache',
  'content-length' => '58',
  'connection' => 'keep-alive',
  'host' => 'xiao.baiduzhixing.com',
)
[ info ] [ PARAM ] array (
  'code' => '011o508L0U7kY923xGaL0Wr68L0o508i',
  'type' => 'login',
)
---------------------------------------------------------------
[ 2019-03-04T17:09:49+08:00 ] 43.224.45.150 POST xiao.baiduzhixing.com/api/user/index
[运行时间：0.712578s] [吞吐率：1.40req/s] [内存消耗：553.41kb] [文件加载：72]
[ info ] [ LANG ] /www/wuliu/thinkphp/lang/zh-cn.php
[ info ] [ ROUTE ] array (
)
[ info ] [ HEADER ] array (
  'accept-encoding' => 'gzip, deflate, br',
  'referer' => 'https://servicewechat.com/wx4c3829d268004a40/devtools/page-frame.html',
  'accept' => '*/*',
  'content-type' => 'application/json',
  'user-agent' => 'Mozilla/5.0 (iPhone; CPU iPhone OS 9_1 like Mac OS X) AppleWebKit/601.1.46 (KHTML, like Gecko) Version/9.0 Mobile/13B143 Safari/601.1 wechatdevtools/1.02.1902010 MicroMessenger/6.7.3 Language/zh_CN webview/ token/22b636726e51495f0635039606e20ea7',
  'origin' => 'http://127.0.0.1:57437',
  'cache-control' => 'no-cache',
  'pragma' => 'no-cache',
  'content-length' => '58',
  'connection' => 'keep-alive',
  'host' => 'xiao.baiduzhixing.com',
)
[ info ] [ PARAM ] array (
  'code' => '011yWjbg2A1fkI0neScg2WExbg2yWjb7',
  'type' => 'login',
)
[ error ] [0]致命错误: Call to undefined function app\api\controller\curl_easy_setopt()[/www/wuliu/application/api/controller/UserController.php:35]
---------------------------------------------------------------
[ 2019-03-04T17:25:48+08:00 ] 43.224.45.150 GET xiao.baiduzhixing.com/
[运行时间：0.046733s] [吞吐率：21.40req/s] [内存消耗：346.82kb] [文件加载：69]
[ info ] [ LANG ] /www/wuliu/thinkphp/lang/zh-cn.php
[ info ] [ ROUTE ] array (
)
[ info ] [ HEADER ] array (
  'upgrade-insecure-requests' => '1',
  'cookie' => 'PHPSESSID=ifdqiam059030ldd3ke3dqgdg3',
  'connection' => 'keep-alive',
  'accept-encoding' => 'gzip, deflate',
  'accept-language' => 'zh-CN,zh;q=0.8,zh-TW;q=0.7,zh-HK;q=0.5,en-US;q=0.3,en;q=0.2',
  'accept' => 'text/html,application/xhtml+xml,application/xml;q=0.9,*/*;q=0.8',
  'user-agent' => 'Mozilla/5.0 (Macintosh; Intel Mac OS X 10.13; rv:64.0) Gecko/20100101 Firefox/64.0',
  'host' => 'xiao.baiduzhixing.com',
  'content-type' => '',
  'content-length' => '',
)
[ info ] [ PARAM ] array (
)
[ info ] [ VIEW ] /www/wuliu/application/admin/view/login/index.html [ array (
) ]
---------------------------------------------------------------
[ 2019-03-04T17:25:51+08:00 ] 43.224.45.150 GET xiao.baiduzhixing.com/captcha.html
[运行时间：0.116771s] [吞吐率：8.56req/s] [内存消耗：315.51kb] [文件加载：56]
[ info ] [ LANG ] /www/wuliu/thinkphp/lang/zh-cn.php
[ info ] [ ROUTE ] array (
  'rule' => 'captcha/<id?>',
  'route' => '\\think\\captcha\\CaptchaController@index',
  'option' => 
  array (
    'merge_rule_regex' => false,
  ),
  'var' => 
  array (
  ),
)
[ info ] [ HEADER ] array (
  'cookie' => 'PHPSESSID=ifdqiam059030ldd3ke3dqgdg3',
  'connection' => 'keep-alive',
  'referer' => 'http://xiao.baiduzhixing.com/',
  'accept-encoding' => 'gzip, deflate',
  'accept-language' => 'zh-CN,zh;q=0.8,zh-TW;q=0.7,zh-HK;q=0.5,en-US;q=0.3,en;q=0.2',
  'accept' => '*/*',
  'user-agent' => 'Mozilla/5.0 (Macintosh; Intel Mac OS X 10.13; rv:64.0) Gecko/20100101 Firefox/64.0',
  'host' => 'xiao.baiduzhixing.com',
  'content-type' => '',
  'content-length' => '',
)
[ info ] [ PARAM ] array (
)
---------------------------------------------------------------
[ 2019-03-04T17:26:13+08:00 ] 43.224.45.150 GET xiao.baiduzhixing.com/
[运行时间：0.002043s] [吞吐率：489.47req/s] [内存消耗：345.41kb] [文件加载：69]
[ info ] [ LANG ] /www/wuliu/thinkphp/lang/zh-cn.php
[ info ] [ ROUTE ] array (
)
[ info ] [ HEADER ] array (
  'upgrade-insecure-requests' => '1',
  'cookie' => 'PHPSESSID=ifdqiam059030ldd3ke3dqgdg3',
  'connection' => 'keep-alive',
  'accept-encoding' => 'gzip, deflate',
  'accept-language' => 'zh-CN,zh;q=0.8,zh-TW;q=0.7,zh-HK;q=0.5,en-US;q=0.3,en;q=0.2',
  'accept' => 'text/html,application/xhtml+xml,application/xml;q=0.9,*/*;q=0.8',
  'user-agent' => 'Mozilla/5.0 (Macintosh; Intel Mac OS X 10.13; rv:64.0) Gecko/20100101 Firefox/64.0',
  'host' => 'xiao.baiduzhixing.com',
  'content-type' => '',
  'content-length' => '',
)
[ info ] [ PARAM ] array (
)
[ info ] [ VIEW ] /www/wuliu/application/admin/view/login/index.html [ array (
) ]
---------------------------------------------------------------
[ 2019-03-04T17:26:14+08:00 ] 43.224.45.150 GET xiao.baiduzhixing.com/captcha.html
[运行时间：0.018181s] [吞吐率：55.00req/s] [内存消耗：314.30kb] [文件加载：56]
[ info ] [ LANG ] /www/wuliu/thinkphp/lang/zh-cn.php
[ info ] [ ROUTE ] array (
  'rule' => 'captcha/<id?>',
  'route' => '\\think\\captcha\\CaptchaController@index',
  'option' => 
  array (
    'merge_rule_regex' => false,
  ),
  'var' => 
  array (
  ),
)
[ info ] [ HEADER ] array (
  'cookie' => 'PHPSESSID=ifdqiam059030ldd3ke3dqgdg3',
  'connection' => 'keep-alive',
  'referer' => 'http://xiao.baiduzhixing.com/',
  'accept-encoding' => 'gzip, deflate',
  'accept-language' => 'zh-CN,zh;q=0.8,zh-TW;q=0.7,zh-HK;q=0.5,en-US;q=0.3,en;q=0.2',
  'accept' => '*/*',
  'user-agent' => 'Mozilla/5.0 (Macintosh; Intel Mac OS X 10.13; rv:64.0) Gecko/20100101 Firefox/64.0',
  'host' => 'xiao.baiduzhixing.com',
  'content-type' => '',
  'content-length' => '',
)
[ info ] [ PARAM ] array (
)
---------------------------------------------------------------
[ 2019-03-04T17:26:34+08:00 ] 43.224.45.150 GET xiao.baiduzhixing.com/api/user/index?type=login
[运行时间：0.033344s] [吞吐率：29.99req/s] [内存消耗：351.81kb] [文件加载：72]
[ info ] [ LANG ] /www/wuliu/thinkphp/lang/zh-cn.php
[ info ] [ ROUTE ] array (
)
[ info ] [ HEADER ] array (
  'upgrade-insecure-requests' => '1',
  'cookie' => 'PHPSESSID=ifdqiam059030ldd3ke3dqgdg3',
  'connection' => 'keep-alive',
  'accept-encoding' => 'gzip, deflate, br',
  'accept-language' => 'zh-CN,zh;q=0.8,zh-TW;q=0.7,zh-HK;q=0.5,en-US;q=0.3,en;q=0.2',
  'accept' => 'text/html,application/xhtml+xml,application/xml;q=0.9,*/*;q=0.8',
  'user-agent' => 'Mozilla/5.0 (Macintosh; Intel Mac OS X 10.13; rv:64.0) Gecko/20100101 Firefox/64.0',
  'host' => 'xiao.baiduzhixing.com',
  'content-type' => '',
  'content-length' => '',
)
[ info ] [ PARAM ] array (
  'type' => 'login',
)
[ error ] [8]未定义数组索引: type[/www/wuliu/application/api/controller/UserController.php:21]
---------------------------------------------------------------
[ 2019-03-04T17:27:50+08:00 ] 43.224.45.150 GET xiao.baiduzhixing.com/api/user/index?type=login
[运行时间：0.003140s] [吞吐率：318.47req/s] [内存消耗：352.55kb] [文件加载：73]
[ info ] [ LANG ] /www/wuliu/thinkphp/lang/zh-cn.php
[ info ] [ ROUTE ] array (
)
[ info ] [ HEADER ] array (
  'upgrade-insecure-requests' => '1',
  'cookie' => 'PHPSESSID=ifdqiam059030ldd3ke3dqgdg3',
  'connection' => 'keep-alive',
  'accept-encoding' => 'gzip, deflate, br',
  'accept-language' => 'zh-CN,zh;q=0.8,zh-TW;q=0.7,zh-HK;q=0.5,en-US;q=0.3,en;q=0.2',
  'accept' => 'text/html,application/xhtml+xml,application/xml;q=0.9,*/*;q=0.8',
  'user-agent' => 'Mozilla/5.0 (Macintosh; Intel Mac OS X 10.13; rv:64.0) Gecko/20100101 Firefox/64.0',
  'host' => 'xiao.baiduzhixing.com',
  'content-type' => '',
  'content-length' => '',
)
[ info ] [ PARAM ] array (
  'type' => 'login',
)
[ error ] [8]未定义数组索引: code[/www/wuliu/application/api/controller/UserController.php:24]
---------------------------------------------------------------
[ 2019-03-04T17:28:24+08:00 ] 43.224.45.150 POST xiao.baiduzhixing.com/api/user/index
[运行时间：0.002453s] [吞吐率：407.65req/s] [内存消耗：349.69kb] [文件加载：72]
[ info ] [ LANG ] /www/wuliu/thinkphp/lang/zh-cn.php
[ info ] [ ROUTE ] array (
)
[ info ] [ HEADER ] array (
  'accept-encoding' => 'gzip, deflate, br',
  'referer' => 'https://servicewechat.com/wx4c3829d268004a40/devtools/page-frame.html',
  'accept' => '*/*',
  'content-type' => 'application/json',
  'user-agent' => 'Mozilla/5.0 (iPhone; CPU iPhone OS 9_1 like Mac OS X) AppleWebKit/601.1.46 (KHTML, like Gecko) Version/9.0 Mobile/13B143 Safari/601.1 wechatdevtools/1.02.1902010 MicroMessenger/6.7.3 Language/zh_CN webview/ token/22b636726e51495f0635039606e20ea7',
  'origin' => 'http://127.0.0.1:57437',
  'cache-control' => 'no-cache',
  'pragma' => 'no-cache',
  'content-length' => '58',
  'connection' => 'keep-alive',
  'host' => 'xiao.baiduzhixing.com',
)
[ info ] [ PARAM ] array (
  'code' => '011ZgI3b1KM3Xv00GB5b11tC3b1ZgI3F',
  'type' => 'login',
)
[ error ] [8]未定义数组索引: type[/www/wuliu/application/api/controller/UserController.php:22]
---------------------------------------------------------------
[ 2019-03-04T17:32:00+08:00 ] 43.224.45.150 POST xiao.baiduzhixing.com/api/user/index
[运行时间：0.002613s] [吞吐率：382.69req/s] [内存消耗：349.69kb] [文件加载：72]
[ info ] [ LANG ] /www/wuliu/thinkphp/lang/zh-cn.php
[ info ] [ ROUTE ] array (
)
[ info ] [ HEADER ] array (
  'accept-encoding' => 'gzip, deflate, br',
  'referer' => 'https://servicewechat.com/wx4c3829d268004a40/devtools/page-frame.html',
  'accept' => '*/*',
  'content-type' => 'application/json',
  'user-agent' => 'Mozilla/5.0 (iPhone; CPU iPhone OS 9_1 like Mac OS X) AppleWebKit/601.1.46 (KHTML, like Gecko) Version/9.0 Mobile/13B143 Safari/601.1 wechatdevtools/1.02.1902010 MicroMessenger/6.7.3 Language/zh_CN webview/ token/22b636726e51495f0635039606e20ea7',
  'origin' => 'http://127.0.0.1:57437',
  'cache-control' => 'no-cache',
  'pragma' => 'no-cache',
  'content-length' => '58',
  'connection' => 'keep-alive',
  'host' => 'xiao.baiduzhixing.com',
)
[ info ] [ PARAM ] array (
  'code' => '081qVfCn0qNTwk1Yu8An0711Cn0qVfCU',
  'type' => 'login',
)
[ error ] [8]未定义数组索引: type[/www/wuliu/application/api/controller/UserController.php:22]
---------------------------------------------------------------
[ 2019-03-04T17:32:32+08:00 ] 43.224.45.150 POST xiao.baiduzhixing.com/api/user/index
[运行时间：0.003050s] [吞吐率：327.88req/s] [内存消耗：349.69kb] [文件加载：72]
[ info ] [ LANG ] /www/wuliu/thinkphp/lang/zh-cn.php
[ info ] [ ROUTE ] array (
)
[ info ] [ HEADER ] array (
  'accept-encoding' => 'gzip, deflate, br',
  'referer' => 'https://servicewechat.com/wx4c3829d268004a40/devtools/page-frame.html',
  'accept' => '*/*',
  'content-type' => 'application/json',
  'user-agent' => 'Mozilla/5.0 (iPhone; CPU iPhone OS 9_1 like Mac OS X) AppleWebKit/601.1.46 (KHTML, like Gecko) Version/9.0 Mobile/13B143 Safari/601.1 wechatdevtools/1.02.1902010 MicroMessenger/6.7.3 Language/zh_CN webview/ token/22b636726e51495f0635039606e20ea7',
  'origin' => 'http://127.0.0.1:57437',
  'cache-control' => 'no-cache',
  'pragma' => 'no-cache',
  'content-length' => '58',
  'connection' => 'keep-alive',
  'host' => 'xiao.baiduzhixing.com',
)
[ info ] [ PARAM ] array (
  'code' => '071f97p114bmfY1Mdwp11L33p11f97pJ',
  'type' => 'login',
)
[ error ] [8]未定义数组索引: type[/www/wuliu/application/api/controller/UserController.php:22]
---------------------------------------------------------------
[ 2019-03-04T17:32:41+08:00 ] 43.224.45.150 POST xiao.baiduzhixing.com/api/user/index
[运行时间：0.002466s] [吞吐率：405.52req/s] [内存消耗：349.69kb] [文件加载：72]
[ info ] [ LANG ] /www/wuliu/thinkphp/lang/zh-cn.php
[ info ] [ ROUTE ] array (
)
[ info ] [ HEADER ] array (
  'accept-encoding' => 'gzip, deflate, br',
  'referer' => 'https://servicewechat.com/wx4c3829d268004a40/devtools/page-frame.html',
  'accept' => '*/*',
  'content-type' => 'application/json',
  'user-agent' => 'Mozilla/5.0 (iPhone; CPU iPhone OS 9_1 like Mac OS X) AppleWebKit/601.1.46 (KHTML, like Gecko) Version/9.0 Mobile/13B143 Safari/601.1 wechatdevtools/1.02.1902010 MicroMessenger/6.7.3 Language/zh_CN webview/ token/22b636726e51495f0635039606e20ea7',
  'origin' => 'http://127.0.0.1:57437',
  'cache-control' => 'no-cache',
  'pragma' => 'no-cache',
  'content-length' => '58',
  'connection' => 'keep-alive',
  'host' => 'xiao.baiduzhixing.com',
)
[ info ] [ PARAM ] array (
  'code' => '071vB5ns06jCMf1c3mns0N07ns0vB5nc',
  'type' => 'login',
)
[ error ] [8]未定义数组索引: type[/www/wuliu/application/api/controller/UserController.php:22]
---------------------------------------------------------------
[ 2019-03-04T17:34:09+08:00 ] 43.224.45.150 POST xiao.baiduzhixing.com/api/user/index
[运行时间：0.002784s] [吞吐率：359.19req/s] [内存消耗：349.69kb] [文件加载：72]
[ info ] [ LANG ] /www/wuliu/thinkphp/lang/zh-cn.php
[ info ] [ ROUTE ] array (
)
[ info ] [ HEADER ] array (
  'accept-encoding' => 'gzip, deflate, br',
  'referer' => 'https://servicewechat.com/wx4c3829d268004a40/devtools/page-frame.html',
  'accept' => '*/*',
  'content-type' => 'application/json',
  'user-agent' => 'Mozilla/5.0 (iPhone; CPU iPhone OS 9_1 like Mac OS X) AppleWebKit/601.1.46 (KHTML, like Gecko) Version/9.0 Mobile/13B143 Safari/601.1 wechatdevtools/1.02.1902010 MicroMessenger/6.7.3 Language/zh_CN webview/ token/22b636726e51495f0635039606e20ea7',
  'origin' => 'http://127.0.0.1:57437',
  'cache-control' => 'no-cache',
  'pragma' => 'no-cache',
  'content-length' => '58',
  'connection' => 'keep-alive',
  'host' => 'xiao.baiduzhixing.com',
)
[ info ] [ PARAM ] array (
  'code' => '081qFxXQ0rFvo62eH7XQ0EcLXQ0qFxXJ',
  'type' => 'login',
)
[ error ] [8]未定义数组索引: type[/www/wuliu/application/api/controller/UserController.php:22]
---------------------------------------------------------------
[ 2019-03-04T23:09:36+08:00 ] 216.218.206.66 GET 118.24.8.254/
[运行时间：0.226720s] [吞吐率：4.41req/s] [内存消耗：343.37kb] [文件加载：69]
[ info ] [ LANG ] /www/wuliu/thinkphp/lang/zh-cn.php
[ info ] [ ROUTE ] array (
)
[ info ] [ HEADER ] array (
  'host' => '118.24.8.254',
  'content-type' => '',
  'content-length' => '',
)
[ info ] [ PARAM ] array (
)
[ info ] [ VIEW ] /www/wuliu/application/admin/view/login/index.html [ array (
) ]
