---------------------------------------------------------------
[ 2019-03-14T00:18:16+08:00 ] 178.73.215.171 GET /
[运行时间：0.002675s] [吞吐率：373.86req/s] [内存消耗：343.29kb] [文件加载：69]
[ info ] [ LANG ] /www/wuliu/thinkphp/lang/zh-cn.php
[ info ] [ ROUTE ] array (
)
[ info ] [ HEADER ] array (
  'accept' => '*/*',
  'content-type' => '',
  'content-length' => '',
)
[ info ] [ PARAM ] array (
)
[ info ] [ VIEW ] /www/wuliu/application/admin/view/login/index.html [ array (
) ]
---------------------------------------------------------------
[ 2019-03-14T01:29:37+08:00 ] 216.218.206.68 GET 118.24.8.254/
[运行时间：0.002749s] [吞吐率：363.77req/s] [内存消耗：343.37kb] [文件加载：69]
[ info ] [ LANG ] /www/wuliu/thinkphp/lang/zh-cn.php
[ info ] [ ROUTE ] array (
)
[ info ] [ HEADER ] array (
  'host' => '118.24.8.254',
  'content-type' => '',
  'content-length' => '',
)
[ info ] [ PARAM ] array (
)
[ info ] [ VIEW ] /www/wuliu/application/admin/view/login/index.html [ array (
) ]
---------------------------------------------------------------
[ 2019-03-14T01:39:32+08:00 ] 107.170.197.144 GET 118.24.8.254/
[运行时间：0.003367s] [吞吐率：297.00req/s] [内存消耗：343.73kb] [文件加载：69]
[ info ] [ LANG ] /www/wuliu/thinkphp/lang/zh-cn.php
[ info ] [ ROUTE ] array (
)
[ info ] [ HEADER ] array (
  'accept-encoding' => 'gzip',
  'accept' => '*/*',
  'user-agent' => 'Mozilla/5.0 zgrab/0.x',
  'host' => '118.24.8.254',
  'content-type' => '',
  'content-length' => '',
)
[ info ] [ PARAM ] array (
)
[ info ] [ VIEW ] /www/wuliu/application/admin/view/login/index.html [ array (
) ]
---------------------------------------------------------------
[ 2019-03-14T04:01:42+08:00 ] 198.20.103.178 GET 118.24.8.254/
[运行时间：0.044698s] [吞吐率：22.37req/s] [内存消耗：344.13kb] [文件加载：69]
[ info ] [ LANG ] /www/wuliu/thinkphp/lang/zh-cn.php
[ info ] [ ROUTE ] array (
)
[ info ] [ HEADER ] array (
  'accept-encoding' => 'gzip',
  'accept' => '*/*',
  'user-agent' => 'Mozilla/5.0 (Windows NT 10.0; Win64; x64) AppleWebKit/537.36 (KHTML, like Gecko) Chrome/60.0.3112.113 Safari/537.36',
  'host' => '118.24.8.254',
  'content-type' => '',
  'content-length' => '',
)
[ info ] [ PARAM ] array (
)
[ info ] [ VIEW ] /www/wuliu/application/admin/view/login/index.html [ array (
) ]
---------------------------------------------------------------
[ 2019-03-14T08:44:16+08:00 ] 178.79.181.200 GET 118.24.8.254/
[运行时间：0.307452s] [吞吐率：3.25req/s] [内存消耗：344.13kb] [文件加载：69]
[ info ] [ LANG ] /www/wuliu/thinkphp/lang/zh-cn.php
[ info ] [ ROUTE ] array (
)
[ info ] [ HEADER ] array (
  'accept-encoding' => 'gzip',
  'accept' => '*/*',
  'user-agent' => 'Mozilla/5.0 (Windows NT 10.0; Win64; x64) AppleWebKit/537.36 (KHTML, like Gecko) Chrome/60.0.3112.113 Safari/537.36',
  'host' => '118.24.8.254',
  'content-type' => '',
  'content-length' => '',
)
[ info ] [ PARAM ] array (
)
[ info ] [ VIEW ] /www/wuliu/application/admin/view/login/index.html [ array (
) ]
---------------------------------------------------------------
[ 2019-03-14T14:39:47+08:00 ] 43.224.44.150 POST xiao.baiduzhixing.com/api/user/index
[运行时间：0.391771s] [吞吐率：2.55req/s] [内存消耗：344.46kb] [文件加载：68]
[ info ] [ LANG ] /www/wuliu/thinkphp/lang/zh-cn.php
[ info ] [ ROUTE ] array (
)
[ info ] [ HEADER ] array (
  'accept-encoding' => 'gzip, deflate, br',
  'referer' => 'https://servicewechat.com/wx4c3829d268004a40/devtools/page-frame.html',
  'accept' => '*/*',
  'content-type' => 'application/json',
  'user-agent' => 'Mozilla/5.0 (iPhone; CPU iPhone OS 9_1 like Mac OS X) AppleWebKit/601.1.46 (KHTML, like Gecko) Version/9.0 Mobile/13B143 Safari/601.1 wechatdevtools/1.02.1902010 MicroMessenger/6.7.3 Language/zh_CN webview/ token/6eecf0feb2a372037ae0795ab0c019fa',
  'origin' => 'http://127.0.0.1:36899',
  'cache-control' => 'no-cache',
  'pragma' => 'no-cache',
  'content-length' => '58',
  'connection' => 'keep-alive',
  'host' => 'xiao.baiduzhixing.com',
)
[ info ] [ PARAM ] array (
  'code' => '021oTipa0fzvez1yZXpa0o2spa0oTip1',
  'type' => 'login',
)
---------------------------------------------------------------
[ 2019-03-14T14:41:16+08:00 ] 43.224.44.150 POST xiao.baiduzhixing.com/api/user/img
[运行时间：1.385840s] [吞吐率：0.72req/s] [内存消耗：1,004.90kb] [文件加载：176]
[ info ] [ LANG ] /www/wuliu/thinkphp/lang/zh-cn.php
[ info ] [ ROUTE ] array (
)
[ info ] [ HEADER ] array (
  'connection' => 'close',
  'content-length' => '24707',
  'content-type' => 'multipart/form-data; boundary=--------------------------212999736540071483687947',
  'host' => 'xiao.baiduzhixing.com',
  'user-agent' => 'Mozilla/5.0 (iPhone; CPU iPhone OS 9_1 like Mac OS X) AppleWebKit/601.1.46 (KHTML, like Gecko) Version/9.0 Mobile/13B143 Safari/601.1 wechatdevtools/1.02.1902010 MicroMessenger/6.7.3 Language/zh_CN webview/',
  'referer' => 'https://servicewechat.com/wx4c3829d268004a40/devtools/page-frame.html',
)
[ info ] [ PARAM ] array (
)
---------------------------------------------------------------
[ 2019-03-14T14:41:27+08:00 ] 43.224.44.150 POST xiao.baiduzhixing.com/api/user/img
[运行时间：0.941904s] [吞吐率：1.06req/s] [内存消耗：1,004.90kb] [文件加载：176]
[ info ] [ LANG ] /www/wuliu/thinkphp/lang/zh-cn.php
[ info ] [ ROUTE ] array (
)
[ info ] [ HEADER ] array (
  'connection' => 'close',
  'content-length' => '24707',
  'content-type' => 'multipart/form-data; boundary=--------------------------382930759649373980826500',
  'host' => 'xiao.baiduzhixing.com',
  'user-agent' => 'Mozilla/5.0 (iPhone; CPU iPhone OS 9_1 like Mac OS X) AppleWebKit/601.1.46 (KHTML, like Gecko) Version/9.0 Mobile/13B143 Safari/601.1 wechatdevtools/1.02.1902010 MicroMessenger/6.7.3 Language/zh_CN webview/',
  'referer' => 'https://servicewechat.com/wx4c3829d268004a40/devtools/page-frame.html',
)
[ info ] [ PARAM ] array (
)
---------------------------------------------------------------
[ 2019-03-14T14:48:46+08:00 ] 43.224.44.150 POST xiao.baiduzhixing.com/api/user/img
[运行时间：0.080074s] [吞吐率：12.49req/s] [内存消耗：447.35kb] [文件加载：75]
[ info ] [ LANG ] /www/wuliu/thinkphp/lang/zh-cn.php
[ info ] [ ROUTE ] array (
)
[ info ] [ HEADER ] array (
  'connection' => 'close',
  'content-length' => '24707',
  'content-type' => 'multipart/form-data; boundary=--------------------------950760707863442400702449',
  'host' => 'xiao.baiduzhixing.com',
  'user-agent' => 'Mozilla/5.0 (iPhone; CPU iPhone OS 9_1 like Mac OS X) AppleWebKit/601.1.46 (KHTML, like Gecko) Version/9.0 Mobile/13B143 Safari/601.1 wechatdevtools/1.02.1902010 MicroMessenger/6.7.3 Language/zh_CN webview/',
  'referer' => 'https://servicewechat.com/wx4c3829d268004a40/devtools/page-frame.html',
)
[ info ] [ PARAM ] array (
)
---------------------------------------------------------------
[ 2019-03-14T14:49:12+08:00 ] 43.224.44.150 POST xiao.baiduzhixing.com/api/user/img
[运行时间：0.002068s] [吞吐率：483.55req/s] [内存消耗：446.27kb] [文件加载：75]
[ info ] [ LANG ] /www/wuliu/thinkphp/lang/zh-cn.php
[ info ] [ ROUTE ] array (
)
[ info ] [ HEADER ] array (
  'connection' => 'close',
  'content-length' => '24707',
  'content-type' => 'multipart/form-data; boundary=--------------------------262951598809127691195525',
  'host' => 'xiao.baiduzhixing.com',
  'user-agent' => 'Mozilla/5.0 (iPhone; CPU iPhone OS 9_1 like Mac OS X) AppleWebKit/601.1.46 (KHTML, like Gecko) Version/9.0 Mobile/13B143 Safari/601.1 wechatdevtools/1.02.1902010 MicroMessenger/6.7.3 Language/zh_CN webview/',
  'referer' => 'https://servicewechat.com/wx4c3829d268004a40/devtools/page-frame.html',
)
[ info ] [ PARAM ] array (
)
---------------------------------------------------------------
[ 2019-03-14T14:49:26+08:00 ] 43.224.44.150 POST xiao.baiduzhixing.com/api/user/index
[运行时间：0.275851s] [吞吐率：3.63req/s] [内存消耗：344.46kb] [文件加载：68]
[ info ] [ LANG ] /www/wuliu/thinkphp/lang/zh-cn.php
[ info ] [ ROUTE ] array (
)
[ info ] [ HEADER ] array (
  'accept-encoding' => 'gzip, deflate, br',
  'referer' => 'https://servicewechat.com/wx4c3829d268004a40/devtools/page-frame.html',
  'accept' => '*/*',
  'content-type' => 'application/json',
  'user-agent' => 'Mozilla/5.0 (iPhone; CPU iPhone OS 9_1 like Mac OS X) AppleWebKit/601.1.46 (KHTML, like Gecko) Version/9.0 Mobile/13B143 Safari/601.1 wechatdevtools/1.02.1902010 MicroMessenger/6.7.3 Language/zh_CN webview/ token/6eecf0feb2a372037ae0795ab0c019fa',
  'origin' => 'http://127.0.0.1:36899',
  'cache-control' => 'no-cache',
  'pragma' => 'no-cache',
  'content-length' => '58',
  'connection' => 'keep-alive',
  'host' => 'xiao.baiduzhixing.com',
)
[ info ] [ PARAM ] array (
  'code' => '061egLi91TORzN1y6sf91s1Li91egLi7',
  'type' => 'login',
)
---------------------------------------------------------------
[ 2019-03-14T14:49:33+08:00 ] 43.224.44.150 POST xiao.baiduzhixing.com/api/user/img
[运行时间：0.002647s] [吞吐率：377.80req/s] [内存消耗：446.27kb] [文件加载：75]
[ info ] [ LANG ] /www/wuliu/thinkphp/lang/zh-cn.php
[ info ] [ ROUTE ] array (
)
[ info ] [ HEADER ] array (
  'connection' => 'close',
  'content-length' => '41027',
  'content-type' => 'multipart/form-data; boundary=--------------------------182152728401084269939174',
  'host' => 'xiao.baiduzhixing.com',
  'user-agent' => 'Mozilla/5.0 (iPhone; CPU iPhone OS 9_1 like Mac OS X) AppleWebKit/601.1.46 (KHTML, like Gecko) Version/9.0 Mobile/13B143 Safari/601.1 wechatdevtools/1.02.1902010 MicroMessenger/6.7.3 Language/zh_CN webview/',
  'referer' => 'https://servicewechat.com/wx4c3829d268004a40/devtools/page-frame.html',
)
[ info ] [ PARAM ] array (
)
