---------------------------------------------------------------
[ 2019-03-19T03:11:53+08:00 ] 198.20.103.178 GET 118.24.8.254/cgi-bin/config.exp
[运行时间：0.217184s] [吞吐率：4.60req/s] [内存消耗：310.79kb] [文件加载：56]
[ info ] [ LANG ] /www/wuliu/thinkphp/lang/zh-cn.php
---------------------------------------------------------------
[ 2019-03-19T10:46:12+08:00 ] 209.17.97.10 GET xiao.baiduzhixing.com/
[运行时间：0.432846s] [吞吐率：2.31req/s] [内存消耗：343.68kb] [文件加载：69]
[ info ] [ LANG ] /www/wuliu/thinkphp/lang/zh-cn.php
[ info ] [ ROUTE ] array (
)
[ info ] [ HEADER ] array (
  'user-agent' => 'Mozilla/5.0 (compatible; Nimbostratus-Bot/v1.3.2; http://cloudsystemnetworks.com)',
  'host' => 'xiao.baiduzhixing.com',
  'content-type' => '',
  'content-length' => '',
)
[ info ] [ PARAM ] array (
)
[ info ] [ VIEW ] /www/wuliu/application/admin/view/login/index.html [ array (
) ]
---------------------------------------------------------------
[ 2019-03-19T10:55:21+08:00 ] 92.144.90.23 GET 118.24.8.254/mall/views/default/css/base.css
[运行时间：0.057013s] [吞吐率：17.54req/s] [内存消耗：311.19kb] [文件加载：56]
[ info ] [ LANG ] /www/wuliu/thinkphp/lang/zh-cn.php
---------------------------------------------------------------
[ 2019-03-19T10:55:21+08:00 ] 92.144.90.23 GET 118.24.8.254/static/Content/bfc/css/index.css
[运行时间：0.002900s] [吞吐率：344.84req/s] [内存消耗：311.20kb] [文件加载：56]
[ info ] [ LANG ] /www/wuliu/thinkphp/lang/zh-cn.php
---------------------------------------------------------------
[ 2019-03-19T10:55:21+08:00 ] 92.144.90.23 GET 118.24.8.254/static/mall/js/layer/layer.js
[运行时间：0.005492s] [吞吐率：182.08req/s] [内存消耗：311.19kb] [文件加载：56]
[ info ] [ LANG ] /www/wuliu/thinkphp/lang/zh-cn.php
---------------------------------------------------------------
[ 2019-03-19T10:55:21+08:00 ] 92.144.90.23 GET 118.24.8.254/
[运行时间：0.002162s] [吞吐率：462.54req/s] [内存消耗：345.42kb] [文件加载：69]
[ info ] [ LANG ] /www/wuliu/thinkphp/lang/zh-cn.php
[ info ] [ ROUTE ] array (
)
[ info ] [ HEADER ] array (
  'x-forwarded-for' => '92.144.90.23',
  'content-encoding' => 'gzip',
  'connection' => 'close',
  'accept-language' => 'zh-cn,zh;q=0.8,en-us;q=0.5,en;q=0.3',
  'accept-encoding' => 'gzip',
  'accept' => 'text/html,application/xhtml+xml,application/xml;q=0.9,*/*;q=0.8',
  'user-agent' => 'Mozilla/4.0 (compatible; MSIE 7.0; Windows NT 6.1; WOW64; Trident/5.0; SLCC2; .NET CLR 2.0.50727; .NET CLR 3.5.30729; .NET CLR 3.0.30729; Media Center PC 6.0; .NET4.0C; .NET4.0E; InfoPath.3; KB974488)',
  'host' => '118.24.8.254',
  'content-type' => '',
  'content-length' => '',
)
[ info ] [ PARAM ] array (
)
[ info ] [ VIEW ] /www/wuliu/application/admin/view/login/index.html [ array (
) ]
---------------------------------------------------------------
[ 2019-03-19T10:55:21+08:00 ] 92.144.90.24 GET 118.24.8.254/public/static/Admin/js/admin.js
[运行时间：0.002644s] [吞吐率：378.21req/s] [内存消耗：311.19kb] [文件加载：56]
[ info ] [ LANG ] /www/wuliu/thinkphp/lang/zh-cn.php
---------------------------------------------------------------
[ 2019-03-19T10:55:21+08:00 ] 92.144.90.24 GET 118.24.8.254/admin/login/index.html
[运行时间：0.003899s] [吞吐率：256.47req/s] [内存消耗：346.30kb] [文件加载：69]
[ info ] [ LANG ] /www/wuliu/thinkphp/lang/zh-cn.php
[ info ] [ ROUTE ] array (
)
[ info ] [ HEADER ] array (
  'x-forwarded-for' => '92.144.90.24',
  'content-encoding' => 'gzip',
  'connection' => 'close',
  'accept-language' => 'zh-cn,zh;q=0.8,en-us;q=0.5,en;q=0.3',
  'accept-encoding' => 'gzip',
  'accept' => 'text/html,application/xhtml+xml,application/xml;q=0.9,*/*;q=0.8',
  'user-agent' => 'Mozilla/4.0 (compatible; MSIE 7.0; Windows NT 6.1; WOW64; Trident/5.0; SLCC2; .NET CLR 2.0.50727; .NET CLR 3.5.30729; .NET CLR 3.0.30729; Media Center PC 6.0; .NET4.0C; .NET4.0E; InfoPath.3; KB974488)',
  'host' => '118.24.8.254',
  'content-type' => '',
  'content-length' => '',
)
[ info ] [ PARAM ] array (
)
[ info ] [ VIEW ] /www/wuliu/application/admin/view/login/index.html [ array (
) ]
---------------------------------------------------------------
[ 2019-03-19T10:55:21+08:00 ] 92.144.90.24 GET 118.24.8.254/static/common_js/send.form.js
[运行时间：0.004646s] [吞吐率：215.24req/s] [内存消耗：310.80kb] [文件加载：56]
[ info ] [ LANG ] /www/wuliu/thinkphp/lang/zh-cn.php
---------------------------------------------------------------
[ 2019-03-19T10:55:21+08:00 ] 92.144.90.24 GET 118.24.8.254/admin/
[运行时间：0.002414s] [吞吐率：414.25req/s] [内存消耗：346.16kb] [文件加载：69]
[ info ] [ LANG ] /www/wuliu/thinkphp/lang/zh-cn.php
[ info ] [ ROUTE ] array (
)
[ info ] [ HEADER ] array (
  'x-forwarded-for' => '92.144.90.24',
  'content-encoding' => 'gzip',
  'connection' => 'close',
  'accept-language' => 'zh-cn,zh;q=0.8,en-us;q=0.5,en;q=0.3',
  'accept-encoding' => 'gzip',
  'accept' => 'text/html,application/xhtml+xml,application/xml;q=0.9,*/*;q=0.8',
  'user-agent' => 'Mozilla/4.0 (compatible; MSIE 7.0; Windows NT 6.1; WOW64; Trident/5.0; SLCC2; .NET CLR 2.0.50727; .NET CLR 3.5.30729; .NET CLR 3.0.30729; Media Center PC 6.0; .NET4.0C; .NET4.0E; InfoPath.3; KB974488)',
  'host' => '118.24.8.254',
  'content-type' => '',
  'content-length' => '',
)
[ info ] [ PARAM ] array (
)
[ info ] [ VIEW ] /www/wuliu/application/admin/view/login/index.html [ array (
) ]
---------------------------------------------------------------
[ 2019-03-19T14:16:48+08:00 ] 43.224.45.150 POST xiao.baiduzhixing.com/api/user/img
[运行时间：0.283204s] [吞吐率：3.53req/s] [内存消耗：1,025.62kb] [文件加载：182]
[ info ] [ LANG ] /www/wuliu/thinkphp/lang/zh-cn.php
[ info ] [ ROUTE ] array (
)
[ info ] [ HEADER ] array (
  'connection' => 'close',
  'content-length' => '24840',
  'content-type' => 'multipart/form-data; boundary=--------------------------301198923317843409848859',
  'host' => 'xiao.baiduzhixing.com',
  'user-agent' => 'Mozilla/5.0 (iPhone; CPU iPhone OS 9_1 like Mac OS X) AppleWebKit/601.1.46 (KHTML, like Gecko) Version/9.0 Mobile/13B143 Safari/601.1 wechatdevtools/1.02.1902010 MicroMessenger/6.7.3 Language/zh_CN webview/',
  'referer' => 'https://servicewechat.com/wx4c3829d268004a40/devtools/page-frame.html',
)
[ info ] [ PARAM ] array (
  'openid' => 'ojKG05OZrK8lvhep4fTgC4KnIYkc',
)
[ error ] [2]Missing argument 2 for app\api\model\FaceModel::DetectFace(), called in /www/wuliu/application/api/controller/UserController.php on line 101 and defined[/www/wuliu/application/api/model/FaceModel.php:26]
---------------------------------------------------------------
[ 2019-03-19T14:19:01+08:00 ] 43.224.45.150 POST xiao.baiduzhixing.com/api/user/img
[运行时间：0.039090s] [吞吐率：25.58req/s] [内存消耗：1,025.46kb] [文件加载：182]
[ info ] [ LANG ] /www/wuliu/thinkphp/lang/zh-cn.php
[ info ] [ ROUTE ] array (
)
[ info ] [ HEADER ] array (
  'connection' => 'close',
  'content-length' => '24840',
  'content-type' => 'multipart/form-data; boundary=--------------------------236497029709149785535363',
  'host' => 'xiao.baiduzhixing.com',
  'user-agent' => 'Mozilla/5.0 (iPhone; CPU iPhone OS 9_1 like Mac OS X) AppleWebKit/601.1.46 (KHTML, like Gecko) Version/9.0 Mobile/13B143 Safari/601.1 wechatdevtools/1.02.1902010 MicroMessenger/6.7.3 Language/zh_CN webview/',
  'referer' => 'https://servicewechat.com/wx4c3829d268004a40/devtools/page-frame.html',
)
[ info ] [ PARAM ] array (
  'openid' => 'ojKG05OZrK8lvhep4fTgC4KnIYkc',
)
[ error ] [2]Missing argument 2 for app\api\model\FaceModel::DetectFace(), called in /www/wuliu/application/api/controller/UserController.php on line 102 and defined[/www/wuliu/application/api/model/FaceModel.php:26]
---------------------------------------------------------------
[ 2019-03-19T14:19:21+08:00 ] 43.224.45.150 GET xiao.baiduzhixing.com/api/user/img
[运行时间：0.014309s] [吞吐率：69.89req/s] [内存消耗：439.08kb] [文件加载：74]
[ info ] [ LANG ] /www/wuliu/thinkphp/lang/zh-cn.php
[ info ] [ ROUTE ] array (
)
[ info ] [ HEADER ] array (
  'cache-control' => 'max-age=0',
  'upgrade-insecure-requests' => '1',
  'connection' => 'keep-alive',
  'accept-encoding' => 'gzip, deflate, br',
  'accept-language' => 'zh-CN,zh;q=0.8,zh-TW;q=0.7,zh-HK;q=0.5,en-US;q=0.3,en;q=0.2',
  'accept' => 'text/html,application/xhtml+xml,application/xml;q=0.9,*/*;q=0.8',
  'user-agent' => 'Mozilla/5.0 (Macintosh; Intel Mac OS X 10.13; rv:64.0) Gecko/20100101 Firefox/64.0',
  'host' => 'xiao.baiduzhixing.com',
  'content-type' => '',
  'content-length' => '',
)
[ info ] [ PARAM ] array (
)
---------------------------------------------------------------
[ 2019-03-19T14:20:06+08:00 ] 43.224.45.150 POST xiao.baiduzhixing.com/api/user/img
[运行时间：0.040976s] [吞吐率：24.40req/s] [内存消耗：1,025.46kb] [文件加载：182]
[ info ] [ LANG ] /www/wuliu/thinkphp/lang/zh-cn.php
[ info ] [ ROUTE ] array (
)
[ info ] [ HEADER ] array (
  'connection' => 'close',
  'content-length' => '24840',
  'content-type' => 'multipart/form-data; boundary=--------------------------450152370728789065397251',
  'host' => 'xiao.baiduzhixing.com',
  'user-agent' => 'Mozilla/5.0 (iPhone; CPU iPhone OS 9_1 like Mac OS X) AppleWebKit/601.1.46 (KHTML, like Gecko) Version/9.0 Mobile/13B143 Safari/601.1 wechatdevtools/1.02.1902010 MicroMessenger/6.7.3 Language/zh_CN webview/',
  'referer' => 'https://servicewechat.com/wx4c3829d268004a40/devtools/page-frame.html',
)
[ info ] [ PARAM ] array (
  'openid' => 'ojKG05OZrK8lvhep4fTgC4KnIYkc',
)
[ error ] [2]Missing argument 2 for app\api\model\FaceModel::DetectFace(), called in /www/wuliu/application/api/controller/UserController.php on line 104 and defined[/www/wuliu/application/api/model/FaceModel.php:26]
---------------------------------------------------------------
[ 2019-03-19T14:20:15+08:00 ] 43.224.45.150 POST xiao.baiduzhixing.com/api/user/index
[运行时间：0.348770s] [吞吐率：2.87req/s] [内存消耗：439.09kb] [文件加载：75]
[ info ] [ LANG ] /www/wuliu/thinkphp/lang/zh-cn.php
[ info ] [ ROUTE ] array (
)
[ info ] [ HEADER ] array (
  'accept-encoding' => 'gzip, deflate, br',
  'referer' => 'https://servicewechat.com/wx4c3829d268004a40/devtools/page-frame.html',
  'accept' => '*/*',
  'content-type' => 'application/json',
  'user-agent' => 'Mozilla/5.0 (iPhone; CPU iPhone OS 9_1 like Mac OS X) AppleWebKit/601.1.46 (KHTML, like Gecko) Version/9.0 Mobile/13B143 Safari/601.1 wechatdevtools/1.02.1902010 MicroMessenger/6.7.3 Language/zh_CN webview/ token/6eecf0feb2a372037ae0795ab0c019fa',
  'origin' => 'http://127.0.0.1:36899',
  'cache-control' => 'no-cache',
  'pragma' => 'no-cache',
  'content-length' => '58',
  'connection' => 'keep-alive',
  'host' => 'xiao.baiduzhixing.com',
)
[ info ] [ PARAM ] array (
  'code' => '001v4oRW0B6El224L4RW0XYwRW0v4oRK',
  'type' => 'login',
)
---------------------------------------------------------------
[ 2019-03-19T14:20:19+08:00 ] 43.224.45.150 POST xiao.baiduzhixing.com/api/user/img
[运行时间：0.040216s] [吞吐率：24.87req/s] [内存消耗：1,024.37kb] [文件加载：182]
[ info ] [ LANG ] /www/wuliu/thinkphp/lang/zh-cn.php
[ info ] [ ROUTE ] array (
)
[ info ] [ HEADER ] array (
  'connection' => 'close',
  'content-length' => '151106',
  'content-type' => 'multipart/form-data; boundary=--------------------------069990186993953021753006',
  'host' => 'xiao.baiduzhixing.com',
  'user-agent' => 'Mozilla/5.0 (iPhone; CPU iPhone OS 9_1 like Mac OS X) AppleWebKit/601.1.46 (KHTML, like Gecko) Version/9.0 Mobile/13B143 Safari/601.1 wechatdevtools/1.02.1902010 MicroMessenger/6.7.3 Language/zh_CN webview/',
  'referer' => 'https://servicewechat.com/wx4c3829d268004a40/devtools/page-frame.html',
)
[ info ] [ PARAM ] array (
  'openid' => 'ojKG05OZrK8lvhep4fTgC4KnIYkc',
)
[ error ] [2]Missing argument 2 for app\api\model\FaceModel::DetectFace(), called in /www/wuliu/application/api/controller/UserController.php on line 104 and defined[/www/wuliu/application/api/model/FaceModel.php:26]
---------------------------------------------------------------
[ 2019-03-19T14:21:02+08:00 ] 43.224.45.150 POST xiao.baiduzhixing.com/api/user/img
[运行时间：0.045306s] [吞吐率：22.07req/s] [内存消耗：1,024.37kb] [文件加载：182]
[ info ] [ LANG ] /www/wuliu/thinkphp/lang/zh-cn.php
[ info ] [ ROUTE ] array (
)
[ info ] [ HEADER ] array (
  'connection' => 'close',
  'content-length' => '151106',
  'content-type' => 'multipart/form-data; boundary=--------------------------050143705013405675013410',
  'host' => 'xiao.baiduzhixing.com',
  'user-agent' => 'Mozilla/5.0 (iPhone; CPU iPhone OS 9_1 like Mac OS X) AppleWebKit/601.1.46 (KHTML, like Gecko) Version/9.0 Mobile/13B143 Safari/601.1 wechatdevtools/1.02.1902010 MicroMessenger/6.7.3 Language/zh_CN webview/',
  'referer' => 'https://servicewechat.com/wx4c3829d268004a40/devtools/page-frame.html',
)
[ info ] [ PARAM ] array (
  'openid' => 'ojKG05OZrK8lvhep4fTgC4KnIYkc',
)
[ error ] [2]Missing argument 2 for app\api\model\FaceModel::DetectFace(), called in /www/wuliu/application/api/controller/UserController.php on line 104 and defined[/www/wuliu/application/api/model/FaceModel.php:26]
---------------------------------------------------------------
[ 2019-03-19T14:21:09+08:00 ] 43.224.45.150 POST xiao.baiduzhixing.com/api/user/img
[运行时间：0.035338s] [吞吐率：28.30req/s] [内存消耗：1,025.46kb] [文件加载：182]
[ info ] [ LANG ] /www/wuliu/thinkphp/lang/zh-cn.php
[ info ] [ ROUTE ] array (
)
[ info ] [ HEADER ] array (
  'connection' => 'close',
  'content-length' => '24840',
  'content-type' => 'multipart/form-data; boundary=--------------------------260546781100735498793951',
  'host' => 'xiao.baiduzhixing.com',
  'user-agent' => 'Mozilla/5.0 (iPhone; CPU iPhone OS 9_1 like Mac OS X) AppleWebKit/601.1.46 (KHTML, like Gecko) Version/9.0 Mobile/13B143 Safari/601.1 wechatdevtools/1.02.1902010 MicroMessenger/6.7.3 Language/zh_CN webview/',
  'referer' => 'https://servicewechat.com/wx4c3829d268004a40/devtools/page-frame.html',
)
[ info ] [ PARAM ] array (
  'openid' => 'ojKG05OZrK8lvhep4fTgC4KnIYkc',
)
[ error ] [2]Missing argument 2 for app\api\model\FaceModel::DetectFace(), called in /www/wuliu/application/api/controller/UserController.php on line 104 and defined[/www/wuliu/application/api/model/FaceModel.php:26]
---------------------------------------------------------------
[ 2019-03-19T14:22:03+08:00 ] 43.224.45.150 POST xiao.baiduzhixing.com/api/user/img
[运行时间：0.039597s] [吞吐率：25.25req/s] [内存消耗：1,024.37kb] [文件加载：182]
[ info ] [ LANG ] /www/wuliu/thinkphp/lang/zh-cn.php
[ info ] [ ROUTE ] array (
)
[ info ] [ HEADER ] array (
  'connection' => 'close',
  'content-length' => '24840',
  'content-type' => 'multipart/form-data; boundary=--------------------------546568063708190155661155',
  'host' => 'xiao.baiduzhixing.com',
  'user-agent' => 'Mozilla/5.0 (iPhone; CPU iPhone OS 9_1 like Mac OS X) AppleWebKit/601.1.46 (KHTML, like Gecko) Version/9.0 Mobile/13B143 Safari/601.1 wechatdevtools/1.02.1902010 MicroMessenger/6.7.3 Language/zh_CN webview/',
  'referer' => 'https://servicewechat.com/wx4c3829d268004a40/devtools/page-frame.html',
)
[ info ] [ PARAM ] array (
  'openid' => 'ojKG05OZrK8lvhep4fTgC4KnIYkc',
)
[ error ] [2]Missing argument 2 for app\api\model\FaceModel::DetectFace(), called in /www/wuliu/application/api/controller/UserController.php on line 104 and defined[/www/wuliu/application/api/model/FaceModel.php:26]
---------------------------------------------------------------
[ 2019-03-19T14:22:13+08:00 ] 43.224.45.150 POST xiao.baiduzhixing.com/api/user/img
[运行时间：0.036126s] [吞吐率：27.68req/s] [内存消耗：1,006.40kb] [文件加载：176]
[ info ] [ LANG ] /www/wuliu/thinkphp/lang/zh-cn.php
[ info ] [ ROUTE ] array (
)
[ info ] [ HEADER ] array (
  'connection' => 'close',
  'content-length' => '24840',
  'content-type' => 'multipart/form-data; boundary=--------------------------294848432905312242478299',
  'host' => 'xiao.baiduzhixing.com',
  'user-agent' => 'Mozilla/5.0 (iPhone; CPU iPhone OS 9_1 like Mac OS X) AppleWebKit/601.1.46 (KHTML, like Gecko) Version/9.0 Mobile/13B143 Safari/601.1 wechatdevtools/1.02.1902010 MicroMessenger/6.7.3 Language/zh_CN webview/',
  'referer' => 'https://servicewechat.com/wx4c3829d268004a40/devtools/page-frame.html',
)
[ info ] [ PARAM ] array (
  'openid' => 'ojKG05OZrK8lvhep4fTgC4KnIYkc',
)
---------------------------------------------------------------
[ 2019-03-19T14:24:00+08:00 ] 43.224.45.150 POST xiao.baiduzhixing.com/api/user/img
[运行时间：0.037323s] [吞吐率：26.79req/s] [内存消耗：1,025.46kb] [文件加载：182]
[ info ] [ LANG ] /www/wuliu/thinkphp/lang/zh-cn.php
[ info ] [ ROUTE ] array (
)
[ info ] [ HEADER ] array (
  'connection' => 'close',
  'content-length' => '24840',
  'content-type' => 'multipart/form-data; boundary=--------------------------946966051045653201308545',
  'host' => 'xiao.baiduzhixing.com',
  'user-agent' => 'Mozilla/5.0 (iPhone; CPU iPhone OS 9_1 like Mac OS X) AppleWebKit/601.1.46 (KHTML, like Gecko) Version/9.0 Mobile/13B143 Safari/601.1 wechatdevtools/1.02.1902010 MicroMessenger/6.7.3 Language/zh_CN webview/',
  'referer' => 'https://servicewechat.com/wx4c3829d268004a40/devtools/page-frame.html',
)
[ info ] [ PARAM ] array (
  'openid' => 'ojKG05OZrK8lvhep4fTgC4KnIYkc',
)
[ error ] [2]Missing argument 2 for app\api\model\FaceModel::DetectFace(), called in /www/wuliu/application/api/controller/UserController.php on line 98 and defined[/www/wuliu/application/api/model/FaceModel.php:26]
---------------------------------------------------------------
[ 2019-03-19T14:24:47+08:00 ] 43.224.45.150 POST xiao.baiduzhixing.com/api/user/img
[运行时间：0.052023s] [吞吐率：19.22req/s] [内存消耗：1,024.37kb] [文件加载：182]
[ info ] [ LANG ] /www/wuliu/thinkphp/lang/zh-cn.php
[ info ] [ ROUTE ] array (
)
[ info ] [ HEADER ] array (
  'connection' => 'close',
  'content-length' => '24840',
  'content-type' => 'multipart/form-data; boundary=--------------------------319148488643074538611923',
  'host' => 'xiao.baiduzhixing.com',
  'user-agent' => 'Mozilla/5.0 (iPhone; CPU iPhone OS 9_1 like Mac OS X) AppleWebKit/601.1.46 (KHTML, like Gecko) Version/9.0 Mobile/13B143 Safari/601.1 wechatdevtools/1.02.1902010 MicroMessenger/6.7.3 Language/zh_CN webview/',
  'referer' => 'https://servicewechat.com/wx4c3829d268004a40/devtools/page-frame.html',
)
[ info ] [ PARAM ] array (
  'openid' => 'ojKG05OZrK8lvhep4fTgC4KnIYkc',
)
[ error ] [2]Missing argument 2 for app\api\model\FaceModel::DetectFace(), called in /www/wuliu/application/api/controller/UserController.php on line 98 and defined[/www/wuliu/application/api/model/FaceModel.php:26]
---------------------------------------------------------------
[ 2019-03-19T14:24:49+08:00 ] 43.224.45.150 POST xiao.baiduzhixing.com/api/user/img
[运行时间：0.034419s] [吞吐率：29.05req/s] [内存消耗：1,024.37kb] [文件加载：182]
[ info ] [ LANG ] /www/wuliu/thinkphp/lang/zh-cn.php
[ info ] [ ROUTE ] array (
)
[ info ] [ HEADER ] array (
  'connection' => 'close',
  'content-length' => '24840',
  'content-type' => 'multipart/form-data; boundary=--------------------------745562592553259408281545',
  'host' => 'xiao.baiduzhixing.com',
  'user-agent' => 'Mozilla/5.0 (iPhone; CPU iPhone OS 9_1 like Mac OS X) AppleWebKit/601.1.46 (KHTML, like Gecko) Version/9.0 Mobile/13B143 Safari/601.1 wechatdevtools/1.02.1902010 MicroMessenger/6.7.3 Language/zh_CN webview/',
  'referer' => 'https://servicewechat.com/wx4c3829d268004a40/devtools/page-frame.html',
)
[ info ] [ PARAM ] array (
  'openid' => 'ojKG05OZrK8lvhep4fTgC4KnIYkc',
)
[ error ] [2]Missing argument 2 for app\api\model\FaceModel::DetectFace(), called in /www/wuliu/application/api/controller/UserController.php on line 98 and defined[/www/wuliu/application/api/model/FaceModel.php:26]
---------------------------------------------------------------
[ 2019-03-19T14:25:10+08:00 ] 43.224.45.150 POST xiao.baiduzhixing.com/api/user/img
[运行时间：0.034414s] [吞吐率：29.06req/s] [内存消耗：1,006.40kb] [文件加载：176]
[ info ] [ LANG ] /www/wuliu/thinkphp/lang/zh-cn.php
[ info ] [ ROUTE ] array (
)
[ info ] [ HEADER ] array (
  'connection' => 'close',
  'content-length' => '24840',
  'content-type' => 'multipart/form-data; boundary=--------------------------930517168102164918305285',
  'host' => 'xiao.baiduzhixing.com',
  'user-agent' => 'Mozilla/5.0 (iPhone; CPU iPhone OS 9_1 like Mac OS X) AppleWebKit/601.1.46 (KHTML, like Gecko) Version/9.0 Mobile/13B143 Safari/601.1 wechatdevtools/1.02.1902010 MicroMessenger/6.7.3 Language/zh_CN webview/',
  'referer' => 'https://servicewechat.com/wx4c3829d268004a40/devtools/page-frame.html',
)
[ info ] [ PARAM ] array (
  'openid' => 'ojKG05OZrK8lvhep4fTgC4KnIYkc',
)
---------------------------------------------------------------
[ 2019-03-19T14:25:55+08:00 ] 43.224.45.150 POST xiao.baiduzhixing.com/api/user/img
[运行时间：0.035454s] [吞吐率：28.21req/s] [内存消耗：1,005.30kb] [文件加载：176]
[ info ] [ LANG ] /www/wuliu/thinkphp/lang/zh-cn.php
[ info ] [ ROUTE ] array (
)
[ info ] [ HEADER ] array (
  'connection' => 'close',
  'content-length' => '24840',
  'content-type' => 'multipart/form-data; boundary=--------------------------465276594150994861830989',
  'host' => 'xiao.baiduzhixing.com',
  'user-agent' => 'Mozilla/5.0 (iPhone; CPU iPhone OS 9_1 like Mac OS X) AppleWebKit/601.1.46 (KHTML, like Gecko) Version/9.0 Mobile/13B143 Safari/601.1 wechatdevtools/1.02.1902010 MicroMessenger/6.7.3 Language/zh_CN webview/',
  'referer' => 'https://servicewechat.com/wx4c3829d268004a40/devtools/page-frame.html',
)
[ info ] [ PARAM ] array (
  'openid' => 'ojKG05OZrK8lvhep4fTgC4KnIYkc',
)
---------------------------------------------------------------
[ 2019-03-19T14:27:44+08:00 ] 43.224.45.150 POST xiao.baiduzhixing.com/api/user/img
[运行时间：0.035203s] [吞吐率：28.41req/s] [内存消耗：1,006.40kb] [文件加载：176]
[ info ] [ LANG ] /www/wuliu/thinkphp/lang/zh-cn.php
[ info ] [ ROUTE ] array (
)
[ info ] [ HEADER ] array (
  'connection' => 'close',
  'content-length' => '24840',
  'content-type' => 'multipart/form-data; boundary=--------------------------039278944301166868582519',
  'host' => 'xiao.baiduzhixing.com',
  'user-agent' => 'Mozilla/5.0 (iPhone; CPU iPhone OS 9_1 like Mac OS X) AppleWebKit/601.1.46 (KHTML, like Gecko) Version/9.0 Mobile/13B143 Safari/601.1 wechatdevtools/1.02.1902010 MicroMessenger/6.7.3 Language/zh_CN webview/',
  'referer' => 'https://servicewechat.com/wx4c3829d268004a40/devtools/page-frame.html',
)
[ info ] [ PARAM ] array (
  'openid' => 'ojKG05OZrK8lvhep4fTgC4KnIYkc',
)
---------------------------------------------------------------
[ 2019-03-19T14:28:41+08:00 ] 43.224.45.150 POST xiao.baiduzhixing.com/api/user/img
[运行时间：0.032273s] [吞吐率：30.99req/s] [内存消耗：1,005.30kb] [文件加载：176]
[ info ] [ LANG ] /www/wuliu/thinkphp/lang/zh-cn.php
[ info ] [ ROUTE ] array (
)
[ info ] [ HEADER ] array (
  'connection' => 'close',
  'content-length' => '24840',
  'content-type' => 'multipart/form-data; boundary=--------------------------340688088093445414824110',
  'host' => 'xiao.baiduzhixing.com',
  'user-agent' => 'Mozilla/5.0 (iPhone; CPU iPhone OS 9_1 like Mac OS X) AppleWebKit/601.1.46 (KHTML, like Gecko) Version/9.0 Mobile/13B143 Safari/601.1 wechatdevtools/1.02.1902010 MicroMessenger/6.7.3 Language/zh_CN webview/',
  'referer' => 'https://servicewechat.com/wx4c3829d268004a40/devtools/page-frame.html',
)
[ info ] [ PARAM ] array (
  'openid' => 'ojKG05OZrK8lvhep4fTgC4KnIYkc',
)
---------------------------------------------------------------
[ 2019-03-19T14:28:44+08:00 ] 43.224.45.150 POST xiao.baiduzhixing.com/api/user/img
[运行时间：0.036662s] [吞吐率：27.28req/s] [内存消耗：1,005.30kb] [文件加载：176]
[ info ] [ LANG ] /www/wuliu/thinkphp/lang/zh-cn.php
[ info ] [ ROUTE ] array (
)
[ info ] [ HEADER ] array (
  'connection' => 'close',
  'content-length' => '24840',
  'content-type' => 'multipart/form-data; boundary=--------------------------293219860558081300741525',
  'host' => 'xiao.baiduzhixing.com',
  'user-agent' => 'Mozilla/5.0 (iPhone; CPU iPhone OS 9_1 like Mac OS X) AppleWebKit/601.1.46 (KHTML, like Gecko) Version/9.0 Mobile/13B143 Safari/601.1 wechatdevtools/1.02.1902010 MicroMessenger/6.7.3 Language/zh_CN webview/',
  'referer' => 'https://servicewechat.com/wx4c3829d268004a40/devtools/page-frame.html',
)
[ info ] [ PARAM ] array (
  'openid' => 'ojKG05OZrK8lvhep4fTgC4KnIYkc',
)
---------------------------------------------------------------
[ 2019-03-19T14:28:46+08:00 ] 43.224.45.150 POST xiao.baiduzhixing.com/api/user/img
[运行时间：0.028688s] [吞吐率：34.86req/s] [内存消耗：1,025.46kb] [文件加载：182]
[ info ] [ LANG ] /www/wuliu/thinkphp/lang/zh-cn.php
[ info ] [ ROUTE ] array (
)
[ info ] [ HEADER ] array (
  'connection' => 'close',
  'content-length' => '24840',
  'content-type' => 'multipart/form-data; boundary=--------------------------435744594581114725303285',
  'host' => 'xiao.baiduzhixing.com',
  'user-agent' => 'Mozilla/5.0 (iPhone; CPU iPhone OS 9_1 like Mac OS X) AppleWebKit/601.1.46 (KHTML, like Gecko) Version/9.0 Mobile/13B143 Safari/601.1 wechatdevtools/1.02.1902010 MicroMessenger/6.7.3 Language/zh_CN webview/',
  'referer' => 'https://servicewechat.com/wx4c3829d268004a40/devtools/page-frame.html',
)
[ info ] [ PARAM ] array (
  'openid' => 'ojKG05OZrK8lvhep4fTgC4KnIYkc',
)
[ error ] [2]Missing argument 2 for app\api\model\FaceModel::DetectFace(), called in /www/wuliu/application/api/controller/UserController.php on line 98 and defined[/www/wuliu/application/api/model/FaceModel.php:26]
---------------------------------------------------------------
[ 2019-03-19T14:29:33+08:00 ] 43.224.45.150 POST xiao.baiduzhixing.com/api/user/img
[运行时间：0.038808s] [吞吐率：25.77req/s] [内存消耗：1,024.37kb] [文件加载：182]
[ info ] [ LANG ] /www/wuliu/thinkphp/lang/zh-cn.php
[ info ] [ ROUTE ] array (
)
[ info ] [ HEADER ] array (
  'connection' => 'close',
  'content-length' => '24840',
  'content-type' => 'multipart/form-data; boundary=--------------------------925128711742150708603154',
  'host' => 'xiao.baiduzhixing.com',
  'user-agent' => 'Mozilla/5.0 (iPhone; CPU iPhone OS 9_1 like Mac OS X) AppleWebKit/601.1.46 (KHTML, like Gecko) Version/9.0 Mobile/13B143 Safari/601.1 wechatdevtools/1.02.1902010 MicroMessenger/6.7.3 Language/zh_CN webview/',
  'referer' => 'https://servicewechat.com/wx4c3829d268004a40/devtools/page-frame.html',
)
[ info ] [ PARAM ] array (
  'openid' => 'ojKG05OZrK8lvhep4fTgC4KnIYkc',
)
[ error ] [2]Missing argument 2 for app\api\model\FaceModel::DetectFace(), called in /www/wuliu/application/api/controller/UserController.php on line 98 and defined[/www/wuliu/application/api/model/FaceModel.php:26]
---------------------------------------------------------------
[ 2019-03-19T14:29:35+08:00 ] 43.224.45.150 POST xiao.baiduzhixing.com/api/user/img
[运行时间：0.039548s] [吞吐率：25.29req/s] [内存消耗：1,024.37kb] [文件加载：182]
[ info ] [ LANG ] /www/wuliu/thinkphp/lang/zh-cn.php
[ info ] [ ROUTE ] array (
)
[ info ] [ HEADER ] array (
  'connection' => 'close',
  'content-length' => '24840',
  'content-type' => 'multipart/form-data; boundary=--------------------------841578913813984118505810',
  'host' => 'xiao.baiduzhixing.com',
  'user-agent' => 'Mozilla/5.0 (iPhone; CPU iPhone OS 9_1 like Mac OS X) AppleWebKit/601.1.46 (KHTML, like Gecko) Version/9.0 Mobile/13B143 Safari/601.1 wechatdevtools/1.02.1902010 MicroMessenger/6.7.3 Language/zh_CN webview/',
  'referer' => 'https://servicewechat.com/wx4c3829d268004a40/devtools/page-frame.html',
)
[ info ] [ PARAM ] array (
  'openid' => 'ojKG05OZrK8lvhep4fTgC4KnIYkc',
)
[ error ] [2]Missing argument 2 for app\api\model\FaceModel::DetectFace(), called in /www/wuliu/application/api/controller/UserController.php on line 98 and defined[/www/wuliu/application/api/model/FaceModel.php:26]
---------------------------------------------------------------
[ 2019-03-19T14:29:38+08:00 ] 43.224.45.150 POST xiao.baiduzhixing.com/api/user/img
[运行时间：0.041220s] [吞吐率：24.26req/s] [内存消耗：1,024.37kb] [文件加载：182]
[ info ] [ LANG ] /www/wuliu/thinkphp/lang/zh-cn.php
[ info ] [ ROUTE ] array (
)
[ info ] [ HEADER ] array (
  'connection' => 'close',
  'content-length' => '24840',
  'content-type' => 'multipart/form-data; boundary=--------------------------044577739556149791194930',
  'host' => 'xiao.baiduzhixing.com',
  'user-agent' => 'Mozilla/5.0 (iPhone; CPU iPhone OS 9_1 like Mac OS X) AppleWebKit/601.1.46 (KHTML, like Gecko) Version/9.0 Mobile/13B143 Safari/601.1 wechatdevtools/1.02.1902010 MicroMessenger/6.7.3 Language/zh_CN webview/',
  'referer' => 'https://servicewechat.com/wx4c3829d268004a40/devtools/page-frame.html',
)
[ info ] [ PARAM ] array (
  'openid' => 'ojKG05OZrK8lvhep4fTgC4KnIYkc',
)
[ error ] [2]Missing argument 2 for app\api\model\FaceModel::DetectFace(), called in /www/wuliu/application/api/controller/UserController.php on line 98 and defined[/www/wuliu/application/api/model/FaceModel.php:26]
---------------------------------------------------------------
[ 2019-03-19T14:30:23+08:00 ] 43.224.45.150 POST xiao.baiduzhixing.com/api/user/img
[运行时间：0.246865s] [吞吐率：4.05req/s] [内存消耗：1,047.99kb] [文件加载：184]
[ info ] [ LANG ] /www/wuliu/thinkphp/lang/zh-cn.php
[ info ] [ ROUTE ] array (
)
[ info ] [ HEADER ] array (
  'connection' => 'close',
  'content-length' => '24840',
  'content-type' => 'multipart/form-data; boundary=--------------------------140325288127197102167753',
  'host' => 'xiao.baiduzhixing.com',
  'user-agent' => 'Mozilla/5.0 (iPhone; CPU iPhone OS 9_1 like Mac OS X) AppleWebKit/601.1.46 (KHTML, like Gecko) Version/9.0 Mobile/13B143 Safari/601.1 wechatdevtools/1.02.1902010 MicroMessenger/6.7.3 Language/zh_CN webview/',
  'referer' => 'https://servicewechat.com/wx4c3829d268004a40/devtools/page-frame.html',
)
[ info ] [ PARAM ] array (
  'openid' => 'ojKG05OZrK8lvhep4fTgC4KnIYkc',
)
[ error ] [8]未定义数组索引: FaceInfos[/www/wuliu/application/api/model/FaceModel.php:56]
---------------------------------------------------------------
[ 2019-03-19T14:30:26+08:00 ] 43.224.45.150 POST xiao.baiduzhixing.com/api/user/img
[运行时间：0.115662s] [吞吐率：8.65req/s] [内存消耗：1,046.82kb] [文件加载：184]
[ info ] [ LANG ] /www/wuliu/thinkphp/lang/zh-cn.php
[ info ] [ ROUTE ] array (
)
[ info ] [ HEADER ] array (
  'connection' => 'close',
  'content-length' => '24840',
  'content-type' => 'multipart/form-data; boundary=--------------------------137166692644580745822081',
  'host' => 'xiao.baiduzhixing.com',
  'user-agent' => 'Mozilla/5.0 (iPhone; CPU iPhone OS 9_1 like Mac OS X) AppleWebKit/601.1.46 (KHTML, like Gecko) Version/9.0 Mobile/13B143 Safari/601.1 wechatdevtools/1.02.1902010 MicroMessenger/6.7.3 Language/zh_CN webview/',
  'referer' => 'https://servicewechat.com/wx4c3829d268004a40/devtools/page-frame.html',
)
[ info ] [ PARAM ] array (
  'openid' => 'ojKG05OZrK8lvhep4fTgC4KnIYkc',
)
[ error ] [8]未定义数组索引: FaceInfos[/www/wuliu/application/api/model/FaceModel.php:56]
---------------------------------------------------------------
[ 2019-03-19T14:30:29+08:00 ] 43.224.45.150 POST xiao.baiduzhixing.com/api/user/img
[运行时间：0.375359s] [吞吐率：2.66req/s] [内存消耗：1,039.08kb] [文件加载：179]
[ info ] [ LANG ] /www/wuliu/thinkphp/lang/zh-cn.php
[ info ] [ ROUTE ] array (
)
[ info ] [ HEADER ] array (
  'connection' => 'close',
  'content-length' => '24840',
  'content-type' => 'multipart/form-data; boundary=--------------------------931533476659403637864679',
  'host' => 'xiao.baiduzhixing.com',
  'user-agent' => 'Mozilla/5.0 (iPhone; CPU iPhone OS 9_1 like Mac OS X) AppleWebKit/601.1.46 (KHTML, like Gecko) Version/9.0 Mobile/13B143 Safari/601.1 wechatdevtools/1.02.1902010 MicroMessenger/6.7.3 Language/zh_CN webview/',
  'referer' => 'https://servicewechat.com/wx4c3829d268004a40/devtools/page-frame.html',
)
[ info ] [ PARAM ] array (
  'openid' => 'ojKG05OZrK8lvhep4fTgC4KnIYkc',
)
---------------------------------------------------------------
[ 2019-03-19T14:31:22+08:00 ] 43.224.45.150 POST xiao.baiduzhixing.com/api/user/img
[运行时间：0.059324s] [吞吐率：16.86req/s] [内存消耗：1,046.82kb] [文件加载：184]
[ info ] [ LANG ] /www/wuliu/thinkphp/lang/zh-cn.php
[ info ] [ ROUTE ] array (
)
[ info ] [ HEADER ] array (
  'connection' => 'close',
  'content-length' => '24840',
  'content-type' => 'multipart/form-data; boundary=--------------------------613418555177781276051714',
  'host' => 'xiao.baiduzhixing.com',
  'user-agent' => 'Mozilla/5.0 (iPhone; CPU iPhone OS 9_1 like Mac OS X) AppleWebKit/601.1.46 (KHTML, like Gecko) Version/9.0 Mobile/13B143 Safari/601.1 wechatdevtools/1.02.1902010 MicroMessenger/6.7.3 Language/zh_CN webview/',
  'referer' => 'https://servicewechat.com/wx4c3829d268004a40/devtools/page-frame.html',
)
[ info ] [ PARAM ] array (
  'openid' => 'ojKG05OZrK8lvhep4fTgC4KnIYkc',
)
[ error ] [8]未定义数组索引: FaceInfos[/www/wuliu/application/api/model/FaceModel.php:56]
---------------------------------------------------------------
[ 2019-03-19T14:31:25+08:00 ] 43.224.45.150 POST xiao.baiduzhixing.com/api/user/img
[运行时间：0.356597s] [吞吐率：2.80req/s] [内存消耗：1,047.30kb] [文件加载：184]
[ info ] [ LANG ] /www/wuliu/thinkphp/lang/zh-cn.php
[ info ] [ ROUTE ] array (
)
[ info ] [ HEADER ] array (
  'connection' => 'close',
  'content-length' => '24840',
  'content-type' => 'multipart/form-data; boundary=--------------------------220539425194113550382478',
  'host' => 'xiao.baiduzhixing.com',
  'user-agent' => 'Mozilla/5.0 (iPhone; CPU iPhone OS 9_1 like Mac OS X) AppleWebKit/601.1.46 (KHTML, like Gecko) Version/9.0 Mobile/13B143 Safari/601.1 wechatdevtools/1.02.1902010 MicroMessenger/6.7.3 Language/zh_CN webview/',
  'referer' => 'https://servicewechat.com/wx4c3829d268004a40/devtools/page-frame.html',
)
[ info ] [ PARAM ] array (
  'openid' => 'ojKG05OZrK8lvhep4fTgC4KnIYkc',
)
[ error ] [2]Missing argument 2 for app\api\controller\UserController::SearchFaces(), called in /www/wuliu/application/api/controller/UserController.php on line 60 and defined[/www/wuliu/application/api/controller/UserController.php:104]
---------------------------------------------------------------
[ 2019-03-19T14:31:28+08:00 ] 43.224.45.150 POST xiao.baiduzhixing.com/api/user/img
[运行时间：0.317178s] [吞吐率：3.15req/s] [内存消耗：1,046.21kb] [文件加载：184]
[ info ] [ LANG ] /www/wuliu/thinkphp/lang/zh-cn.php
[ info ] [ ROUTE ] array (
)
[ info ] [ HEADER ] array (
  'connection' => 'close',
  'content-length' => '24840',
  'content-type' => 'multipart/form-data; boundary=--------------------------827951535586925535624701',
  'host' => 'xiao.baiduzhixing.com',
  'user-agent' => 'Mozilla/5.0 (iPhone; CPU iPhone OS 9_1 like Mac OS X) AppleWebKit/601.1.46 (KHTML, like Gecko) Version/9.0 Mobile/13B143 Safari/601.1 wechatdevtools/1.02.1902010 MicroMessenger/6.7.3 Language/zh_CN webview/',
  'referer' => 'https://servicewechat.com/wx4c3829d268004a40/devtools/page-frame.html',
)
[ info ] [ PARAM ] array (
  'openid' => 'ojKG05OZrK8lvhep4fTgC4KnIYkc',
)
[ error ] [2]Missing argument 2 for app\api\controller\UserController::SearchFaces(), called in /www/wuliu/application/api/controller/UserController.php on line 60 and defined[/www/wuliu/application/api/controller/UserController.php:104]
---------------------------------------------------------------
[ 2019-03-19T14:32:24+08:00 ] 43.224.45.150 POST xiao.baiduzhixing.com/api/user/img
[运行时间：0.360859s] [吞吐率：2.77req/s] [内存消耗：1,046.21kb] [文件加载：184]
[ info ] [ LANG ] /www/wuliu/thinkphp/lang/zh-cn.php
[ info ] [ ROUTE ] array (
)
[ info ] [ HEADER ] array (
  'connection' => 'close',
  'content-length' => '24840',
  'content-type' => 'multipart/form-data; boundary=--------------------------364037571013343733458928',
  'host' => 'xiao.baiduzhixing.com',
  'user-agent' => 'Mozilla/5.0 (iPhone; CPU iPhone OS 9_1 like Mac OS X) AppleWebKit/601.1.46 (KHTML, like Gecko) Version/9.0 Mobile/13B143 Safari/601.1 wechatdevtools/1.02.1902010 MicroMessenger/6.7.3 Language/zh_CN webview/',
  'referer' => 'https://servicewechat.com/wx4c3829d268004a40/devtools/page-frame.html',
)
[ info ] [ PARAM ] array (
  'openid' => 'ojKG05OZrK8lvhep4fTgC4KnIYkc',
)
[ error ] [2]Missing argument 2 for app\api\controller\UserController::SearchFaces(), called in /www/wuliu/application/api/controller/UserController.php on line 60 and defined[/www/wuliu/application/api/controller/UserController.php:104]
---------------------------------------------------------------
[ 2019-03-19T14:32:26+08:00 ] 43.224.45.150 POST xiao.baiduzhixing.com/api/user/img
[运行时间：0.444529s] [吞吐率：2.25req/s] [内存消耗：1,040.17kb] [文件加载：179]
[ info ] [ LANG ] /www/wuliu/thinkphp/lang/zh-cn.php
[ info ] [ ROUTE ] array (
)
[ info ] [ HEADER ] array (
  'connection' => 'close',
  'content-length' => '24840',
  'content-type' => 'multipart/form-data; boundary=--------------------------449667978664993425002562',
  'host' => 'xiao.baiduzhixing.com',
  'user-agent' => 'Mozilla/5.0 (iPhone; CPU iPhone OS 9_1 like Mac OS X) AppleWebKit/601.1.46 (KHTML, like Gecko) Version/9.0 Mobile/13B143 Safari/601.1 wechatdevtools/1.02.1902010 MicroMessenger/6.7.3 Language/zh_CN webview/',
  'referer' => 'https://servicewechat.com/wx4c3829d268004a40/devtools/page-frame.html',
)
[ info ] [ PARAM ] array (
  'openid' => 'ojKG05OZrK8lvhep4fTgC4KnIYkc',
)
---------------------------------------------------------------
[ 2019-03-19T14:32:31+08:00 ] 43.224.45.150 POST xiao.baiduzhixing.com/api/user/img
[运行时间：0.522022s] [吞吐率：1.92req/s] [内存消耗：1,039.08kb] [文件加载：179]
[ info ] [ LANG ] /www/wuliu/thinkphp/lang/zh-cn.php
[ info ] [ ROUTE ] array (
)
[ info ] [ HEADER ] array (
  'connection' => 'close',
  'content-length' => '24840',
  'content-type' => 'multipart/form-data; boundary=--------------------------764252135964141558050496',
  'host' => 'xiao.baiduzhixing.com',
  'user-agent' => 'Mozilla/5.0 (iPhone; CPU iPhone OS 9_1 like Mac OS X) AppleWebKit/601.1.46 (KHTML, like Gecko) Version/9.0 Mobile/13B143 Safari/601.1 wechatdevtools/1.02.1902010 MicroMessenger/6.7.3 Language/zh_CN webview/',
  'referer' => 'https://servicewechat.com/wx4c3829d268004a40/devtools/page-frame.html',
)
[ info ] [ PARAM ] array (
  'openid' => 'ojKG05OZrK8lvhep4fTgC4KnIYkc',
)
---------------------------------------------------------------
[ 2019-03-19T14:33:04+08:00 ] 43.224.45.150 POST xiao.baiduzhixing.com/api/user/img
[运行时间：0.059507s] [吞吐率：16.80req/s] [内存消耗：1,046.82kb] [文件加载：184]
[ info ] [ LANG ] /www/wuliu/thinkphp/lang/zh-cn.php
[ info ] [ ROUTE ] array (
)
[ info ] [ HEADER ] array (
  'connection' => 'close',
  'content-length' => '24840',
  'content-type' => 'multipart/form-data; boundary=--------------------------174458096925468695613329',
  'host' => 'xiao.baiduzhixing.com',
  'user-agent' => 'Mozilla/5.0 (iPhone; CPU iPhone OS 9_1 like Mac OS X) AppleWebKit/601.1.46 (KHTML, like Gecko) Version/9.0 Mobile/13B143 Safari/601.1 wechatdevtools/1.02.1902010 MicroMessenger/6.7.3 Language/zh_CN webview/',
  'referer' => 'https://servicewechat.com/wx4c3829d268004a40/devtools/page-frame.html',
)
[ info ] [ PARAM ] array (
  'openid' => 'ojKG05OZrK8lvhep4fTgC4KnIYkc',
)
[ error ] [8]未定义数组索引: FaceInfos[/www/wuliu/application/api/model/FaceModel.php:56]
---------------------------------------------------------------
[ 2019-03-19T14:33:07+08:00 ] 43.224.45.150 POST xiao.baiduzhixing.com/api/user/img
[运行时间：0.337526s] [吞吐率：2.96req/s] [内存消耗：1,039.08kb] [文件加载：179]
[ info ] [ LANG ] /www/wuliu/thinkphp/lang/zh-cn.php
[ info ] [ ROUTE ] array (
)
[ info ] [ HEADER ] array (
  'connection' => 'close',
  'content-length' => '24840',
  'content-type' => 'multipart/form-data; boundary=--------------------------116661001505332471336315',
  'host' => 'xiao.baiduzhixing.com',
  'user-agent' => 'Mozilla/5.0 (iPhone; CPU iPhone OS 9_1 like Mac OS X) AppleWebKit/601.1.46 (KHTML, like Gecko) Version/9.0 Mobile/13B143 Safari/601.1 wechatdevtools/1.02.1902010 MicroMessenger/6.7.3 Language/zh_CN webview/',
  'referer' => 'https://servicewechat.com/wx4c3829d268004a40/devtools/page-frame.html',
)
[ info ] [ PARAM ] array (
  'openid' => 'ojKG05OZrK8lvhep4fTgC4KnIYkc',
)
---------------------------------------------------------------
[ 2019-03-19T14:33:13+08:00 ] 43.224.45.150 POST xiao.baiduzhixing.com/api/user/img
[运行时间：0.061544s] [吞吐率：16.25req/s] [内存消耗：1,046.82kb] [文件加载：184]
[ info ] [ LANG ] /www/wuliu/thinkphp/lang/zh-cn.php
[ info ] [ ROUTE ] array (
)
[ info ] [ HEADER ] array (
  'connection' => 'close',
  'content-length' => '24840',
  'content-type' => 'multipart/form-data; boundary=--------------------------279609297881855574834277',
  'host' => 'xiao.baiduzhixing.com',
  'user-agent' => 'Mozilla/5.0 (iPhone; CPU iPhone OS 9_1 like Mac OS X) AppleWebKit/601.1.46 (KHTML, like Gecko) Version/9.0 Mobile/13B143 Safari/601.1 wechatdevtools/1.02.1902010 MicroMessenger/6.7.3 Language/zh_CN webview/',
  'referer' => 'https://servicewechat.com/wx4c3829d268004a40/devtools/page-frame.html',
)
[ info ] [ PARAM ] array (
  'openid' => 'ojKG05OZrK8lvhep4fTgC4KnIYkc',
)
[ error ] [8]未定义数组索引: FaceInfos[/www/wuliu/application/api/model/FaceModel.php:56]
---------------------------------------------------------------
[ 2019-03-19T14:33:16+08:00 ] 43.224.45.150 POST xiao.baiduzhixing.com/api/user/img
[运行时间：0.361251s] [吞吐率：2.77req/s] [内存消耗：1,039.08kb] [文件加载：179]
[ info ] [ LANG ] /www/wuliu/thinkphp/lang/zh-cn.php
[ info ] [ ROUTE ] array (
)
[ info ] [ HEADER ] array (
  'connection' => 'close',
  'content-length' => '24840',
  'content-type' => 'multipart/form-data; boundary=--------------------------675930471800446806026355',
  'host' => 'xiao.baiduzhixing.com',
  'user-agent' => 'Mozilla/5.0 (iPhone; CPU iPhone OS 9_1 like Mac OS X) AppleWebKit/601.1.46 (KHTML, like Gecko) Version/9.0 Mobile/13B143 Safari/601.1 wechatdevtools/1.02.1902010 MicroMessenger/6.7.3 Language/zh_CN webview/',
  'referer' => 'https://servicewechat.com/wx4c3829d268004a40/devtools/page-frame.html',
)
[ info ] [ PARAM ] array (
  'openid' => 'ojKG05OZrK8lvhep4fTgC4KnIYkc',
)
---------------------------------------------------------------
[ 2019-03-19T14:34:00+08:00 ] 43.224.45.150 POST xiao.baiduzhixing.com/api/user/img
[运行时间：0.355478s] [吞吐率：2.81req/s] [内存消耗：1,068.29kb] [文件加载：178]
[ info ] [ LANG ] /www/wuliu/thinkphp/lang/zh-cn.php
[ info ] [ ROUTE ] array (
)
[ info ] [ HEADER ] array (
  'connection' => 'close',
  'content-length' => '24840',
  'content-type' => 'multipart/form-data; boundary=--------------------------330181052445194243460601',
  'host' => 'xiao.baiduzhixing.com',
  'user-agent' => 'Mozilla/5.0 (iPhone; CPU iPhone OS 9_1 like Mac OS X) AppleWebKit/601.1.46 (KHTML, like Gecko) Version/9.0 Mobile/13B143 Safari/601.1 wechatdevtools/1.02.1902010 MicroMessenger/6.7.3 Language/zh_CN webview/',
  'referer' => 'https://servicewechat.com/wx4c3829d268004a40/devtools/page-frame.html',
)
[ info ] [ PARAM ] array (
  'openid' => 'ojKG05OZrK8lvhep4fTgC4KnIYkc',
)
---------------------------------------------------------------
[ 2019-03-19T14:34:17+08:00 ] 43.224.45.150 POST xiao.baiduzhixing.com/api/user/img
[运行时间：0.054333s] [吞吐率：18.41req/s] [内存消耗：1,046.82kb] [文件加载：184]
[ info ] [ LANG ] /www/wuliu/thinkphp/lang/zh-cn.php
[ info ] [ ROUTE ] array (
)
[ info ] [ HEADER ] array (
  'connection' => 'close',
  'content-length' => '24840',
  'content-type' => 'multipart/form-data; boundary=--------------------------761747579547367573528152',
  'host' => 'xiao.baiduzhixing.com',
  'user-agent' => 'Mozilla/5.0 (iPhone; CPU iPhone OS 9_1 like Mac OS X) AppleWebKit/601.1.46 (KHTML, like Gecko) Version/9.0 Mobile/13B143 Safari/601.1 wechatdevtools/1.02.1902010 MicroMessenger/6.7.3 Language/zh_CN webview/',
  'referer' => 'https://servicewechat.com/wx4c3829d268004a40/devtools/page-frame.html',
)
[ info ] [ PARAM ] array (
  'openid' => 'ojKG05OZrK8lvhep4fTgC4KnIYkc',
)
[ error ] [8]未定义数组索引: FaceInfos[/www/wuliu/application/api/model/FaceModel.php:56]
---------------------------------------------------------------
[ 2019-03-19T14:34:20+08:00 ] 43.224.45.150 POST xiao.baiduzhixing.com/api/user/img
[运行时间：0.323531s] [吞吐率：3.09req/s] [内存消耗：1,067.21kb] [文件加载：178]
[ info ] [ LANG ] /www/wuliu/thinkphp/lang/zh-cn.php
[ info ] [ ROUTE ] array (
)
[ info ] [ HEADER ] array (
  'connection' => 'close',
  'content-length' => '24840',
  'content-type' => 'multipart/form-data; boundary=--------------------------891995945024796207782708',
  'host' => 'xiao.baiduzhixing.com',
  'user-agent' => 'Mozilla/5.0 (iPhone; CPU iPhone OS 9_1 like Mac OS X) AppleWebKit/601.1.46 (KHTML, like Gecko) Version/9.0 Mobile/13B143 Safari/601.1 wechatdevtools/1.02.1902010 MicroMessenger/6.7.3 Language/zh_CN webview/',
  'referer' => 'https://servicewechat.com/wx4c3829d268004a40/devtools/page-frame.html',
)
[ info ] [ PARAM ] array (
  'openid' => 'ojKG05OZrK8lvhep4fTgC4KnIYkc',
)
---------------------------------------------------------------
[ 2019-03-19T14:34:27+08:00 ] 43.224.45.150 POST xiao.baiduzhixing.com/api/user/img
[运行时间：0.352920s] [吞吐率：2.83req/s] [内存消耗：1,067.21kb] [文件加载：178]
[ info ] [ LANG ] /www/wuliu/thinkphp/lang/zh-cn.php
[ info ] [ ROUTE ] array (
)
[ info ] [ HEADER ] array (
  'connection' => 'close',
  'content-length' => '24840',
  'content-type' => 'multipart/form-data; boundary=--------------------------706158541039353068455438',
  'host' => 'xiao.baiduzhixing.com',
  'user-agent' => 'Mozilla/5.0 (iPhone; CPU iPhone OS 9_1 like Mac OS X) AppleWebKit/601.1.46 (KHTML, like Gecko) Version/9.0 Mobile/13B143 Safari/601.1 wechatdevtools/1.02.1902010 MicroMessenger/6.7.3 Language/zh_CN webview/',
  'referer' => 'https://servicewechat.com/wx4c3829d268004a40/devtools/page-frame.html',
)
[ info ] [ PARAM ] array (
  'openid' => 'ojKG05OZrK8lvhep4fTgC4KnIYkc',
)
---------------------------------------------------------------
[ 2019-03-19T14:35:05+08:00 ] 43.224.45.150 POST xiao.baiduzhixing.com/api/user/img
[运行时间：0.441676s] [吞吐率：2.26req/s] [内存消耗：1,068.29kb] [文件加载：178]
[ info ] [ LANG ] /www/wuliu/thinkphp/lang/zh-cn.php
[ info ] [ ROUTE ] array (
)
[ info ] [ HEADER ] array (
  'connection' => 'close',
  'content-length' => '24840',
  'content-type' => 'multipart/form-data; boundary=--------------------------571499770614961363919856',
  'host' => 'xiao.baiduzhixing.com',
  'user-agent' => 'Mozilla/5.0 (iPhone; CPU iPhone OS 9_1 like Mac OS X) AppleWebKit/601.1.46 (KHTML, like Gecko) Version/9.0 Mobile/13B143 Safari/601.1 wechatdevtools/1.02.1902010 MicroMessenger/6.7.3 Language/zh_CN webview/',
  'referer' => 'https://servicewechat.com/wx4c3829d268004a40/devtools/page-frame.html',
)
[ info ] [ PARAM ] array (
  'openid' => 'ojKG05OZrK8lvhep4fTgC4KnIYkc',
)
---------------------------------------------------------------
[ 2019-03-19T14:37:47+08:00 ] 43.224.45.150 POST xiao.baiduzhixing.com/api/user/img
[运行时间：0.558164s] [吞吐率：1.79req/s] [内存消耗：1,068.29kb] [文件加载：178]
[ info ] [ LANG ] /www/wuliu/thinkphp/lang/zh-cn.php
[ info ] [ ROUTE ] array (
)
[ info ] [ HEADER ] array (
  'connection' => 'close',
  'content-length' => '24840',
  'content-type' => 'multipart/form-data; boundary=--------------------------782460458657533147151828',
  'host' => 'xiao.baiduzhixing.com',
  'user-agent' => 'Mozilla/5.0 (iPhone; CPU iPhone OS 9_1 like Mac OS X) AppleWebKit/601.1.46 (KHTML, like Gecko) Version/9.0 Mobile/13B143 Safari/601.1 wechatdevtools/1.02.1902010 MicroMessenger/6.7.3 Language/zh_CN webview/',
  'referer' => 'https://servicewechat.com/wx4c3829d268004a40/devtools/page-frame.html',
)
[ info ] [ PARAM ] array (
  'openid' => 'ojKG05OZrK8lvhep4fTgC4KnIYkc',
)
---------------------------------------------------------------
[ 2019-03-19T14:38:41+08:00 ] 43.224.45.150 POST xiao.baiduzhixing.com/api/user/img
[运行时间：0.497213s] [吞吐率：2.01req/s] [内存消耗：1,067.21kb] [文件加载：178]
[ info ] [ LANG ] /www/wuliu/thinkphp/lang/zh-cn.php
[ info ] [ ROUTE ] array (
)
[ info ] [ HEADER ] array (
  'connection' => 'close',
  'content-length' => '24840',
  'content-type' => 'multipart/form-data; boundary=--------------------------063704707172980276328950',
  'host' => 'xiao.baiduzhixing.com',
  'user-agent' => 'Mozilla/5.0 (iPhone; CPU iPhone OS 9_1 like Mac OS X) AppleWebKit/601.1.46 (KHTML, like Gecko) Version/9.0 Mobile/13B143 Safari/601.1 wechatdevtools/1.02.1902010 MicroMessenger/6.7.3 Language/zh_CN webview/',
  'referer' => 'https://servicewechat.com/wx4c3829d268004a40/devtools/page-frame.html',
)
[ info ] [ PARAM ] array (
  'openid' => 'ojKG05OZrK8lvhep4fTgC4KnIYkc',
)
---------------------------------------------------------------
[ 2019-03-19T14:38:45+08:00 ] 43.224.45.150 POST xiao.baiduzhixing.com/api/user/img
[运行时间：0.338441s] [吞吐率：2.95req/s] [内存消耗：1,067.21kb] [文件加载：178]
[ info ] [ LANG ] /www/wuliu/thinkphp/lang/zh-cn.php
[ info ] [ ROUTE ] array (
)
[ info ] [ HEADER ] array (
  'connection' => 'close',
  'content-length' => '24840',
  'content-type' => 'multipart/form-data; boundary=--------------------------039412151365004450564432',
  'host' => 'xiao.baiduzhixing.com',
  'user-agent' => 'Mozilla/5.0 (iPhone; CPU iPhone OS 9_1 like Mac OS X) AppleWebKit/601.1.46 (KHTML, like Gecko) Version/9.0 Mobile/13B143 Safari/601.1 wechatdevtools/1.02.1902010 MicroMessenger/6.7.3 Language/zh_CN webview/',
  'referer' => 'https://servicewechat.com/wx4c3829d268004a40/devtools/page-frame.html',
)
[ info ] [ PARAM ] array (
  'openid' => 'ojKG05OZrK8lvhep4fTgC4KnIYkc',
)
---------------------------------------------------------------
[ 2019-03-19T14:38:57+08:00 ] 43.224.45.150 POST xiao.baiduzhixing.com/api/user/img
[运行时间：0.312317s] [吞吐率：3.20req/s] [内存消耗：1,068.29kb] [文件加载：178]
[ info ] [ LANG ] /www/wuliu/thinkphp/lang/zh-cn.php
[ info ] [ ROUTE ] array (
)
[ info ] [ HEADER ] array (
  'connection' => 'close',
  'content-length' => '24840',
  'content-type' => 'multipart/form-data; boundary=--------------------------446828678697042723913768',
  'host' => 'xiao.baiduzhixing.com',
  'user-agent' => 'Mozilla/5.0 (iPhone; CPU iPhone OS 9_1 like Mac OS X) AppleWebKit/601.1.46 (KHTML, like Gecko) Version/9.0 Mobile/13B143 Safari/601.1 wechatdevtools/1.02.1902010 MicroMessenger/6.7.3 Language/zh_CN webview/',
  'referer' => 'https://servicewechat.com/wx4c3829d268004a40/devtools/page-frame.html',
)
[ info ] [ PARAM ] array (
  'openid' => 'ojKG05OZrK8lvhep4fTgC4KnIYkc',
)
---------------------------------------------------------------
[ 2019-03-19T14:39:19+08:00 ] 43.224.45.150 POST xiao.baiduzhixing.com/api/user/img
[运行时间：0.335642s] [吞吐率：2.98req/s] [内存消耗：1,067.21kb] [文件加载：178]
[ info ] [ LANG ] /www/wuliu/thinkphp/lang/zh-cn.php
[ info ] [ ROUTE ] array (
)
[ info ] [ HEADER ] array (
  'connection' => 'close',
  'content-length' => '24840',
  'content-type' => 'multipart/form-data; boundary=--------------------------149730679796313530416320',
  'host' => 'xiao.baiduzhixing.com',
  'user-agent' => 'Mozilla/5.0 (iPhone; CPU iPhone OS 9_1 like Mac OS X) AppleWebKit/601.1.46 (KHTML, like Gecko) Version/9.0 Mobile/13B143 Safari/601.1 wechatdevtools/1.02.1902010 MicroMessenger/6.7.3 Language/zh_CN webview/',
  'referer' => 'https://servicewechat.com/wx4c3829d268004a40/devtools/page-frame.html',
)
[ info ] [ PARAM ] array (
  'openid' => 'ojKG05OZrK8lvhep4fTgC4KnIYkc',
)
---------------------------------------------------------------
[ 2019-03-19T14:39:22+08:00 ] 43.224.45.150 POST xiao.baiduzhixing.com/api/user/img
[运行时间：0.328182s] [吞吐率：3.05req/s] [内存消耗：1,067.21kb] [文件加载：178]
[ info ] [ LANG ] /www/wuliu/thinkphp/lang/zh-cn.php
[ info ] [ ROUTE ] array (
)
[ info ] [ HEADER ] array (
  'connection' => 'close',
  'content-length' => '24840',
  'content-type' => 'multipart/form-data; boundary=--------------------------515437874807655100183666',
  'host' => 'xiao.baiduzhixing.com',
  'user-agent' => 'Mozilla/5.0 (iPhone; CPU iPhone OS 9_1 like Mac OS X) AppleWebKit/601.1.46 (KHTML, like Gecko) Version/9.0 Mobile/13B143 Safari/601.1 wechatdevtools/1.02.1902010 MicroMessenger/6.7.3 Language/zh_CN webview/',
  'referer' => 'https://servicewechat.com/wx4c3829d268004a40/devtools/page-frame.html',
)
[ info ] [ PARAM ] array (
  'openid' => 'ojKG05OZrK8lvhep4fTgC4KnIYkc',
)
---------------------------------------------------------------
[ 2019-03-19T14:39:24+08:00 ] 43.224.45.150 POST xiao.baiduzhixing.com/api/user/img
[运行时间：0.345055s] [吞吐率：2.90req/s] [内存消耗：1,067.21kb] [文件加载：178]
[ info ] [ LANG ] /www/wuliu/thinkphp/lang/zh-cn.php
[ info ] [ ROUTE ] array (
)
[ info ] [ HEADER ] array (
  'connection' => 'close',
  'content-length' => '24840',
  'content-type' => 'multipart/form-data; boundary=--------------------------276508637809546032319598',
  'host' => 'xiao.baiduzhixing.com',
  'user-agent' => 'Mozilla/5.0 (iPhone; CPU iPhone OS 9_1 like Mac OS X) AppleWebKit/601.1.46 (KHTML, like Gecko) Version/9.0 Mobile/13B143 Safari/601.1 wechatdevtools/1.02.1902010 MicroMessenger/6.7.3 Language/zh_CN webview/',
  'referer' => 'https://servicewechat.com/wx4c3829d268004a40/devtools/page-frame.html',
)
[ info ] [ PARAM ] array (
  'openid' => 'ojKG05OZrK8lvhep4fTgC4KnIYkc',
)
---------------------------------------------------------------
[ 2019-03-19T14:39:26+08:00 ] 43.224.45.150 POST xiao.baiduzhixing.com/api/user/img
[运行时间：0.056568s] [吞吐率：17.68req/s] [内存消耗：1,046.82kb] [文件加载：184]
[ info ] [ LANG ] /www/wuliu/thinkphp/lang/zh-cn.php
[ info ] [ ROUTE ] array (
)
[ info ] [ HEADER ] array (
  'connection' => 'close',
  'content-length' => '24840',
  'content-type' => 'multipart/form-data; boundary=--------------------------478856999915455987221437',
  'host' => 'xiao.baiduzhixing.com',
  'user-agent' => 'Mozilla/5.0 (iPhone; CPU iPhone OS 9_1 like Mac OS X) AppleWebKit/601.1.46 (KHTML, like Gecko) Version/9.0 Mobile/13B143 Safari/601.1 wechatdevtools/1.02.1902010 MicroMessenger/6.7.3 Language/zh_CN webview/',
  'referer' => 'https://servicewechat.com/wx4c3829d268004a40/devtools/page-frame.html',
)
[ info ] [ PARAM ] array (
  'openid' => 'ojKG05OZrK8lvhep4fTgC4KnIYkc',
)
[ error ] [8]未定义数组索引: FaceInfos[/www/wuliu/application/api/model/FaceModel.php:56]
---------------------------------------------------------------
[ 2019-03-19T14:39:30+08:00 ] 43.224.45.150 POST xiao.baiduzhixing.com/api/user/img
[运行时间：0.397841s] [吞吐率：2.51req/s] [内存消耗：1,067.21kb] [文件加载：178]
[ info ] [ LANG ] /www/wuliu/thinkphp/lang/zh-cn.php
[ info ] [ ROUTE ] array (
)
[ info ] [ HEADER ] array (
  'connection' => 'close',
  'content-length' => '24840',
  'content-type' => 'multipart/form-data; boundary=--------------------------362360739782450180153472',
  'host' => 'xiao.baiduzhixing.com',
  'user-agent' => 'Mozilla/5.0 (iPhone; CPU iPhone OS 9_1 like Mac OS X) AppleWebKit/601.1.46 (KHTML, like Gecko) Version/9.0 Mobile/13B143 Safari/601.1 wechatdevtools/1.02.1902010 MicroMessenger/6.7.3 Language/zh_CN webview/',
  'referer' => 'https://servicewechat.com/wx4c3829d268004a40/devtools/page-frame.html',
)
[ info ] [ PARAM ] array (
  'openid' => 'ojKG05OZrK8lvhep4fTgC4KnIYkc',
)
---------------------------------------------------------------
[ 2019-03-19T14:39:38+08:00 ] 43.224.45.150 POST xiao.baiduzhixing.com/api/user/img
[运行时间：0.054897s] [吞吐率：18.22req/s] [内存消耗：1,046.82kb] [文件加载：184]
[ info ] [ LANG ] /www/wuliu/thinkphp/lang/zh-cn.php
[ info ] [ ROUTE ] array (
)
[ info ] [ HEADER ] array (
  'connection' => 'close',
  'content-length' => '24840',
  'content-type' => 'multipart/form-data; boundary=--------------------------820118961668621835562654',
  'host' => 'xiao.baiduzhixing.com',
  'user-agent' => 'Mozilla/5.0 (iPhone; CPU iPhone OS 9_1 like Mac OS X) AppleWebKit/601.1.46 (KHTML, like Gecko) Version/9.0 Mobile/13B143 Safari/601.1 wechatdevtools/1.02.1902010 MicroMessenger/6.7.3 Language/zh_CN webview/',
  'referer' => 'https://servicewechat.com/wx4c3829d268004a40/devtools/page-frame.html',
)
[ info ] [ PARAM ] array (
  'openid' => 'ojKG05OZrK8lvhep4fTgC4KnIYkc',
)
[ error ] [8]未定义数组索引: FaceInfos[/www/wuliu/application/api/model/FaceModel.php:56]
---------------------------------------------------------------
[ 2019-03-19T14:39:42+08:00 ] 43.224.45.150 POST xiao.baiduzhixing.com/api/user/img
[运行时间：0.305890s] [吞吐率：3.27req/s] [内存消耗：1,067.21kb] [文件加载：178]
[ info ] [ LANG ] /www/wuliu/thinkphp/lang/zh-cn.php
[ info ] [ ROUTE ] array (
)
[ info ] [ HEADER ] array (
  'connection' => 'close',
  'content-length' => '24840',
  'content-type' => 'multipart/form-data; boundary=--------------------------247492158763281115006395',
  'host' => 'xiao.baiduzhixing.com',
  'user-agent' => 'Mozilla/5.0 (iPhone; CPU iPhone OS 9_1 like Mac OS X) AppleWebKit/601.1.46 (KHTML, like Gecko) Version/9.0 Mobile/13B143 Safari/601.1 wechatdevtools/1.02.1902010 MicroMessenger/6.7.3 Language/zh_CN webview/',
  'referer' => 'https://servicewechat.com/wx4c3829d268004a40/devtools/page-frame.html',
)
[ info ] [ PARAM ] array (
  'openid' => 'ojKG05OZrK8lvhep4fTgC4KnIYkc',
)
---------------------------------------------------------------
[ 2019-03-19T14:49:00+08:00 ] 43.224.45.150 POST xiao.baiduzhixing.com/api/user/img
[运行时间：30.408521s] [吞吐率：0.03req/s] [内存消耗：1,068.29kb] [文件加载：178]
[ info ] [ LANG ] /www/wuliu/thinkphp/lang/zh-cn.php
[ info ] [ ROUTE ] array (
)
[ info ] [ HEADER ] array (
  'connection' => 'close',
  'content-length' => '24840',
  'content-type' => 'multipart/form-data; boundary=--------------------------275474663874646904276706',
  'host' => 'xiao.baiduzhixing.com',
  'user-agent' => 'Mozilla/5.0 (iPhone; CPU iPhone OS 9_1 like Mac OS X) AppleWebKit/601.1.46 (KHTML, like Gecko) Version/9.0 Mobile/13B143 Safari/601.1 wechatdevtools/1.02.1902010 MicroMessenger/6.7.3 Language/zh_CN webview/',
  'referer' => 'https://servicewechat.com/wx4c3829d268004a40/devtools/page-frame.html',
)
[ info ] [ PARAM ] array (
  'openid' => 'ojKG05OZrK8lvhep4fTgC4KnIYkc',
)
---------------------------------------------------------------
[ 2019-03-19T14:49:06+08:00 ] 43.224.45.150 POST xiao.baiduzhixing.com/api/user/img
[运行时间：0.061084s] [吞吐率：16.37req/s] [内存消耗：1,046.82kb] [文件加载：184]
[ info ] [ LANG ] /www/wuliu/thinkphp/lang/zh-cn.php
[ info ] [ ROUTE ] array (
)
[ info ] [ HEADER ] array (
  'connection' => 'close',
  'content-length' => '24840',
  'content-type' => 'multipart/form-data; boundary=--------------------------855924370551209207958734',
  'host' => 'xiao.baiduzhixing.com',
  'user-agent' => 'Mozilla/5.0 (iPhone; CPU iPhone OS 9_1 like Mac OS X) AppleWebKit/601.1.46 (KHTML, like Gecko) Version/9.0 Mobile/13B143 Safari/601.1 wechatdevtools/1.02.1902010 MicroMessenger/6.7.3 Language/zh_CN webview/',
  'referer' => 'https://servicewechat.com/wx4c3829d268004a40/devtools/page-frame.html',
)
[ info ] [ PARAM ] array (
  'openid' => 'ojKG05OZrK8lvhep4fTgC4KnIYkc',
)
[ error ] [8]未定义数组索引: FaceInfos[/www/wuliu/application/api/model/FaceModel.php:56]
---------------------------------------------------------------
[ 2019-03-19T14:49:40+08:00 ] 43.224.45.150 POST xiao.baiduzhixing.com/api/user/img
[运行时间：30.343176s] [吞吐率：0.03req/s] [内存消耗：1,067.21kb] [文件加载：178]
[ info ] [ LANG ] /www/wuliu/thinkphp/lang/zh-cn.php
[ info ] [ ROUTE ] array (
)
[ info ] [ HEADER ] array (
  'connection' => 'close',
  'content-length' => '24840',
  'content-type' => 'multipart/form-data; boundary=--------------------------423901606995074047003454',
  'host' => 'xiao.baiduzhixing.com',
  'user-agent' => 'Mozilla/5.0 (iPhone; CPU iPhone OS 9_1 like Mac OS X) AppleWebKit/601.1.46 (KHTML, like Gecko) Version/9.0 Mobile/13B143 Safari/601.1 wechatdevtools/1.02.1902010 MicroMessenger/6.7.3 Language/zh_CN webview/',
  'referer' => 'https://servicewechat.com/wx4c3829d268004a40/devtools/page-frame.html',
)
[ info ] [ PARAM ] array (
  'openid' => 'ojKG05OZrK8lvhep4fTgC4KnIYkc',
)
---------------------------------------------------------------
[ 2019-03-19T14:50:50+08:00 ] 43.224.45.150 POST xiao.baiduzhixing.com/api/user/img
[运行时间：30.354405s] [吞吐率：0.03req/s] [内存消耗：1,068.29kb] [文件加载：178]
[ info ] [ LANG ] /www/wuliu/thinkphp/lang/zh-cn.php
[ info ] [ ROUTE ] array (
)
[ info ] [ HEADER ] array (
  'connection' => 'close',
  'content-length' => '24840',
  'content-type' => 'multipart/form-data; boundary=--------------------------404369959982365813758268',
  'host' => 'xiao.baiduzhixing.com',
  'user-agent' => 'Mozilla/5.0 (iPhone; CPU iPhone OS 9_1 like Mac OS X) AppleWebKit/601.1.46 (KHTML, like Gecko) Version/9.0 Mobile/13B143 Safari/601.1 wechatdevtools/1.02.1902010 MicroMessenger/6.7.3 Language/zh_CN webview/',
  'referer' => 'https://servicewechat.com/wx4c3829d268004a40/devtools/page-frame.html',
)
[ info ] [ PARAM ] array (
  'openid' => 'ojKG05OZrK8lvhep4fTgC4KnIYkc',
)
---------------------------------------------------------------
[ 2019-03-19T14:58:35+08:00 ] 43.224.45.150 POST xiao.baiduzhixing.com/api/user/img
[运行时间：0.190366s] [吞吐率：5.25req/s] [内存消耗：1,047.91kb] [文件加载：184]
[ info ] [ LANG ] /www/wuliu/thinkphp/lang/zh-cn.php
[ info ] [ ROUTE ] array (
)
[ info ] [ HEADER ] array (
  'connection' => 'close',
  'content-length' => '24840',
  'content-type' => 'multipart/form-data; boundary=--------------------------103868215864507378282506',
  'host' => 'xiao.baiduzhixing.com',
  'user-agent' => 'Mozilla/5.0 (iPhone; CPU iPhone OS 9_1 like Mac OS X) AppleWebKit/601.1.46 (KHTML, like Gecko) Version/9.0 Mobile/13B143 Safari/601.1 wechatdevtools/1.02.1902010 MicroMessenger/6.7.3 Language/zh_CN webview/',
  'referer' => 'https://servicewechat.com/wx4c3829d268004a40/devtools/page-frame.html',
)
[ info ] [ PARAM ] array (
  'openid' => 'ojKG05OZrK8lvhep4fTgC4KnIYkc',
)
[ error ] [8]未定义数组索引: FaceInfos[/www/wuliu/application/api/model/FaceModel.php:56]
---------------------------------------------------------------
[ 2019-03-19T14:58:38+08:00 ] 43.224.45.150 POST xiao.baiduzhixing.com/api/user/img
[运行时间：0.130817s] [吞吐率：7.64req/s] [内存消耗：1,046.82kb] [文件加载：184]
[ info ] [ LANG ] /www/wuliu/thinkphp/lang/zh-cn.php
[ info ] [ ROUTE ] array (
)
[ info ] [ HEADER ] array (
  'connection' => 'close',
  'content-length' => '24840',
  'content-type' => 'multipart/form-data; boundary=--------------------------823011399490716778889091',
  'host' => 'xiao.baiduzhixing.com',
  'user-agent' => 'Mozilla/5.0 (iPhone; CPU iPhone OS 9_1 like Mac OS X) AppleWebKit/601.1.46 (KHTML, like Gecko) Version/9.0 Mobile/13B143 Safari/601.1 wechatdevtools/1.02.1902010 MicroMessenger/6.7.3 Language/zh_CN webview/',
  'referer' => 'https://servicewechat.com/wx4c3829d268004a40/devtools/page-frame.html',
)
[ info ] [ PARAM ] array (
  'openid' => 'ojKG05OZrK8lvhep4fTgC4KnIYkc',
)
[ error ] [8]未定义数组索引: FaceInfos[/www/wuliu/application/api/model/FaceModel.php:56]
---------------------------------------------------------------
[ 2019-03-19T14:58:57+08:00 ] 43.224.45.150 POST xiao.baiduzhixing.com/api/user/img
[运行时间：0.055028s] [吞吐率：18.17req/s] [内存消耗：1,046.82kb] [文件加载：184]
[ info ] [ LANG ] /www/wuliu/thinkphp/lang/zh-cn.php
[ info ] [ ROUTE ] array (
)
[ info ] [ HEADER ] array (
  'connection' => 'close',
  'content-length' => '24840',
  'content-type' => 'multipart/form-data; boundary=--------------------------052567069062611280609850',
  'host' => 'xiao.baiduzhixing.com',
  'user-agent' => 'Mozilla/5.0 (iPhone; CPU iPhone OS 9_1 like Mac OS X) AppleWebKit/601.1.46 (KHTML, like Gecko) Version/9.0 Mobile/13B143 Safari/601.1 wechatdevtools/1.02.1902010 MicroMessenger/6.7.3 Language/zh_CN webview/',
  'referer' => 'https://servicewechat.com/wx4c3829d268004a40/devtools/page-frame.html',
)
[ info ] [ PARAM ] array (
  'openid' => 'ojKG05OZrK8lvhep4fTgC4KnIYkc',
)
[ error ] [8]未定义数组索引: FaceInfos[/www/wuliu/application/api/model/FaceModel.php:56]
---------------------------------------------------------------
[ 2019-03-19T14:59:12+08:00 ] 43.224.45.150 POST xiao.baiduzhixing.com/api/user/img
[运行时间：30.352489s] [吞吐率：0.03req/s] [内存消耗：1,067.21kb] [文件加载：178]
[ info ] [ LANG ] /www/wuliu/thinkphp/lang/zh-cn.php
[ info ] [ ROUTE ] array (
)
[ info ] [ HEADER ] array (
  'connection' => 'close',
  'content-length' => '24840',
  'content-type' => 'multipart/form-data; boundary=--------------------------678947039707366434485419',
  'host' => 'xiao.baiduzhixing.com',
  'user-agent' => 'Mozilla/5.0 (iPhone; CPU iPhone OS 9_1 like Mac OS X) AppleWebKit/601.1.46 (KHTML, like Gecko) Version/9.0 Mobile/13B143 Safari/601.1 wechatdevtools/1.02.1902010 MicroMessenger/6.7.3 Language/zh_CN webview/',
  'referer' => 'https://servicewechat.com/wx4c3829d268004a40/devtools/page-frame.html',
)
[ info ] [ PARAM ] array (
  'openid' => 'ojKG05OZrK8lvhep4fTgC4KnIYkc',
)
---------------------------------------------------------------
[ 2019-03-19T14:59:30+08:00 ] 43.224.45.150 POST xiao.baiduzhixing.com/api/user/img
[运行时间：30.344804s] [吞吐率：0.03req/s] [内存消耗：1,067.21kb] [文件加载：178]
[ info ] [ LANG ] /www/wuliu/thinkphp/lang/zh-cn.php
[ info ] [ ROUTE ] array (
)
[ info ] [ HEADER ] array (
  'connection' => 'close',
  'content-length' => '24840',
  'content-type' => 'multipart/form-data; boundary=--------------------------827951755730686208353024',
  'host' => 'xiao.baiduzhixing.com',
  'user-agent' => 'Mozilla/5.0 (iPhone; CPU iPhone OS 9_1 like Mac OS X) AppleWebKit/601.1.46 (KHTML, like Gecko) Version/9.0 Mobile/13B143 Safari/601.1 wechatdevtools/1.02.1902010 MicroMessenger/6.7.3 Language/zh_CN webview/',
  'referer' => 'https://servicewechat.com/wx4c3829d268004a40/devtools/page-frame.html',
)
[ info ] [ PARAM ] array (
  'openid' => 'ojKG05OZrK8lvhep4fTgC4KnIYkc',
)
---------------------------------------------------------------
[ 2019-03-19T16:55:16+08:00 ] 43.224.45.150 POST xiao.baiduzhixing.com/api/user/index
[运行时间：0.256416s] [吞吐率：3.90req/s] [内存消耗：440.18kb] [文件加载：75]
[ info ] [ LANG ] /www/wuliu/thinkphp/lang/zh-cn.php
[ info ] [ ROUTE ] array (
)
[ info ] [ HEADER ] array (
  'accept-encoding' => 'gzip, deflate, br',
  'referer' => 'https://servicewechat.com/wx4c3829d268004a40/devtools/page-frame.html',
  'accept' => '*/*',
  'content-type' => 'application/json',
  'user-agent' => 'Mozilla/5.0 (iPhone; CPU iPhone OS 9_1 like Mac OS X) AppleWebKit/601.1.46 (KHTML, like Gecko) Version/9.0 Mobile/13B143 Safari/601.1 wechatdevtools/1.02.1902010 MicroMessenger/6.7.3 Language/zh_CN webview/ token/6eecf0feb2a372037ae0795ab0c019fa',
  'origin' => 'http://127.0.0.1:36899',
  'cache-control' => 'no-cache',
  'pragma' => 'no-cache',
  'content-length' => '58',
  'connection' => 'keep-alive',
  'host' => 'xiao.baiduzhixing.com',
)
[ info ] [ PARAM ] array (
  'code' => '081aZaZp134qmk0HJgVp1CSmZp1aZaZo',
  'type' => 'login',
)
---------------------------------------------------------------
[ 2019-03-19T16:55:44+08:00 ] 43.224.45.150 POST xiao.baiduzhixing.com/api/user/index
[运行时间：0.265136s] [吞吐率：3.77req/s] [内存消耗：439.09kb] [文件加载：75]
[ info ] [ LANG ] /www/wuliu/thinkphp/lang/zh-cn.php
[ info ] [ ROUTE ] array (
)
[ info ] [ HEADER ] array (
  'accept-encoding' => 'gzip, deflate, br',
  'referer' => 'https://servicewechat.com/wx4c3829d268004a40/devtools/page-frame.html',
  'accept' => '*/*',
  'content-type' => 'application/json',
  'user-agent' => 'Mozilla/5.0 (iPhone; CPU iPhone OS 9_1 like Mac OS X) AppleWebKit/601.1.46 (KHTML, like Gecko) Version/9.0 Mobile/13B143 Safari/601.1 wechatdevtools/1.02.1902010 MicroMessenger/6.7.3 Language/zh_CN webview/ token/6eecf0feb2a372037ae0795ab0c019fa',
  'origin' => 'http://127.0.0.1:36899',
  'cache-control' => 'no-cache',
  'pragma' => 'no-cache',
  'content-length' => '58',
  'connection' => 'keep-alive',
  'host' => 'xiao.baiduzhixing.com',
)
[ info ] [ PARAM ] array (
  'code' => '0210fuxg0x8X6v1dkoBg0KRrxg00fuxQ',
  'type' => 'login',
)
---------------------------------------------------------------
[ 2019-03-19T16:56:44+08:00 ] 43.224.45.150 POST xiao.baiduzhixing.com/api/user/index
[运行时间：0.269609s] [吞吐率：3.71req/s] [内存消耗：439.09kb] [文件加载：75]
[ info ] [ LANG ] /www/wuliu/thinkphp/lang/zh-cn.php
[ info ] [ ROUTE ] array (
)
[ info ] [ HEADER ] array (
  'accept-encoding' => 'gzip, deflate, br',
  'referer' => 'https://servicewechat.com/wx4c3829d268004a40/devtools/page-frame.html',
  'accept' => '*/*',
  'content-type' => 'application/json',
  'user-agent' => 'Mozilla/5.0 (iPhone; CPU iPhone OS 9_1 like Mac OS X) AppleWebKit/601.1.46 (KHTML, like Gecko) Version/9.0 Mobile/13B143 Safari/601.1 wechatdevtools/1.02.1902010 MicroMessenger/6.7.3 Language/zh_CN webview/ token/6eecf0feb2a372037ae0795ab0c019fa',
  'origin' => 'http://127.0.0.1:36899',
  'cache-control' => 'no-cache',
  'pragma' => 'no-cache',
  'content-length' => '58',
  'connection' => 'keep-alive',
  'host' => 'xiao.baiduzhixing.com',
)
[ info ] [ PARAM ] array (
  'code' => '021h698g0yiXPv1tUGag0YRX7g0h6980',
  'type' => 'login',
)
---------------------------------------------------------------
[ 2019-03-19T16:57:00+08:00 ] 43.224.45.150 POST xiao.baiduzhixing.com/api/user/index
[运行时间：0.265331s] [吞吐率：3.77req/s] [内存消耗：439.09kb] [文件加载：75]
[ info ] [ LANG ] /www/wuliu/thinkphp/lang/zh-cn.php
[ info ] [ ROUTE ] array (
)
[ info ] [ HEADER ] array (
  'accept-encoding' => 'gzip, deflate, br',
  'referer' => 'https://servicewechat.com/wx4c3829d268004a40/devtools/page-frame.html',
  'accept' => '*/*',
  'content-type' => 'application/json',
  'user-agent' => 'Mozilla/5.0 (iPhone; CPU iPhone OS 9_1 like Mac OS X) AppleWebKit/601.1.46 (KHTML, like Gecko) Version/9.0 Mobile/13B143 Safari/601.1 wechatdevtools/1.02.1902010 MicroMessenger/6.7.3 Language/zh_CN webview/ token/6eecf0feb2a372037ae0795ab0c019fa',
  'origin' => 'http://127.0.0.1:36899',
  'cache-control' => 'no-cache',
  'pragma' => 'no-cache',
  'content-length' => '58',
  'connection' => 'keep-alive',
  'host' => 'xiao.baiduzhixing.com',
)
[ info ] [ PARAM ] array (
  'code' => '011SvSws0ttI7h13TsAs01fRws0SvSwk',
  'type' => 'login',
)
---------------------------------------------------------------
[ 2019-03-19T17:00:25+08:00 ] 43.224.45.150 POST xiao.baiduzhixing.com/api/user/index
[运行时间：0.255867s] [吞吐率：3.91req/s] [内存消耗：439.09kb] [文件加载：75]
[ info ] [ LANG ] /www/wuliu/thinkphp/lang/zh-cn.php
[ info ] [ ROUTE ] array (
)
[ info ] [ HEADER ] array (
  'accept-encoding' => 'gzip, deflate, br',
  'referer' => 'https://servicewechat.com/wx4c3829d268004a40/devtools/page-frame.html',
  'accept' => '*/*',
  'content-type' => 'application/json',
  'user-agent' => 'Mozilla/5.0 (iPhone; CPU iPhone OS 9_1 like Mac OS X) AppleWebKit/601.1.46 (KHTML, like Gecko) Version/9.0 Mobile/13B143 Safari/601.1 wechatdevtools/1.02.1902010 MicroMessenger/6.7.3 Language/zh_CN webview/ token/6eecf0feb2a372037ae0795ab0c019fa',
  'origin' => 'http://127.0.0.1:36899',
  'cache-control' => 'no-cache',
  'pragma' => 'no-cache',
  'content-length' => '58',
  'connection' => 'keep-alive',
  'host' => 'xiao.baiduzhixing.com',
)
[ info ] [ PARAM ] array (
  'code' => '021rE6Hk27iGJE0AUzKk2SGlHk2rE6H0',
  'type' => 'login',
)
---------------------------------------------------------------
[ 2019-03-19T17:00:58+08:00 ] 43.224.45.150 POST xiao.baiduzhixing.com/api/user/index
[运行时间：0.288199s] [吞吐率：3.47req/s] [内存消耗：439.09kb] [文件加载：75]
[ info ] [ LANG ] /www/wuliu/thinkphp/lang/zh-cn.php
[ info ] [ ROUTE ] array (
)
[ info ] [ HEADER ] array (
  'accept-encoding' => 'gzip, deflate, br',
  'referer' => 'https://servicewechat.com/wx4c3829d268004a40/devtools/page-frame.html',
  'accept' => '*/*',
  'content-type' => 'application/json',
  'user-agent' => 'Mozilla/5.0 (iPhone; CPU iPhone OS 9_1 like Mac OS X) AppleWebKit/601.1.46 (KHTML, like Gecko) Version/9.0 Mobile/13B143 Safari/601.1 wechatdevtools/1.02.1902010 MicroMessenger/6.7.3 Language/zh_CN webview/ token/6eecf0feb2a372037ae0795ab0c019fa',
  'origin' => 'http://127.0.0.1:36899',
  'cache-control' => 'no-cache',
  'pragma' => 'no-cache',
  'content-length' => '58',
  'connection' => 'keep-alive',
  'host' => 'xiao.baiduzhixing.com',
)
[ info ] [ PARAM ] array (
  'code' => '021Mydsj2bvruD0aK9rj2e3ssj2Myds3',
  'type' => 'login',
)
---------------------------------------------------------------
[ 2019-03-19T17:01:21+08:00 ] 43.224.45.150 POST xiao.baiduzhixing.com/api/user/index
[运行时间：0.262532s] [吞吐率：3.81req/s] [内存消耗：439.09kb] [文件加载：75]
[ info ] [ LANG ] /www/wuliu/thinkphp/lang/zh-cn.php
[ info ] [ ROUTE ] array (
)
[ info ] [ HEADER ] array (
  'accept-encoding' => 'gzip, deflate, br',
  'referer' => 'https://servicewechat.com/wx4c3829d268004a40/devtools/page-frame.html',
  'accept' => '*/*',
  'content-type' => 'application/json',
  'user-agent' => 'Mozilla/5.0 (iPhone; CPU iPhone OS 9_1 like Mac OS X) AppleWebKit/601.1.46 (KHTML, like Gecko) Version/9.0 Mobile/13B143 Safari/601.1 wechatdevtools/1.02.1902010 MicroMessenger/6.7.3 Language/zh_CN webview/ token/6eecf0feb2a372037ae0795ab0c019fa',
  'origin' => 'http://127.0.0.1:36899',
  'cache-control' => 'no-cache',
  'pragma' => 'no-cache',
  'content-length' => '58',
  'connection' => 'keep-alive',
  'host' => 'xiao.baiduzhixing.com',
)
[ info ] [ PARAM ] array (
  'code' => '021pONUP1uT6s21NnGUP1sITUP1pONUW',
  'type' => 'login',
)
---------------------------------------------------------------
[ 2019-03-19T17:01:30+08:00 ] 43.224.45.150 POST xiao.baiduzhixing.com/api/user/index
[运行时间：0.229727s] [吞吐率：4.35req/s] [内存消耗：439.09kb] [文件加载：75]
[ info ] [ LANG ] /www/wuliu/thinkphp/lang/zh-cn.php
[ info ] [ ROUTE ] array (
)
[ info ] [ HEADER ] array (
  'accept-encoding' => 'gzip, deflate, br',
  'referer' => 'https://servicewechat.com/wx4c3829d268004a40/devtools/page-frame.html',
  'accept' => '*/*',
  'content-type' => 'application/json',
  'user-agent' => 'Mozilla/5.0 (iPhone; CPU iPhone OS 9_1 like Mac OS X) AppleWebKit/601.1.46 (KHTML, like Gecko) Version/9.0 Mobile/13B143 Safari/601.1 wechatdevtools/1.02.1902010 MicroMessenger/6.7.3 Language/zh_CN webview/ token/6eecf0feb2a372037ae0795ab0c019fa',
  'origin' => 'http://127.0.0.1:36899',
  'cache-control' => 'no-cache',
  'pragma' => 'no-cache',
  'content-length' => '58',
  'connection' => 'keep-alive',
  'host' => 'xiao.baiduzhixing.com',
)
[ info ] [ PARAM ] array (
  'code' => '071PkZGn0L376k1V5xGn0kScHn0PkZG-',
  'type' => 'login',
)
---------------------------------------------------------------
[ 2019-03-19T17:02:41+08:00 ] 43.224.45.150 POST xiao.baiduzhixing.com/api/user/index
[运行时间：0.265081s] [吞吐率：3.77req/s] [内存消耗：439.09kb] [文件加载：75]
[ info ] [ LANG ] /www/wuliu/thinkphp/lang/zh-cn.php
[ info ] [ ROUTE ] array (
)
[ info ] [ HEADER ] array (
  'accept-encoding' => 'gzip, deflate, br',
  'referer' => 'https://servicewechat.com/wx4c3829d268004a40/devtools/page-frame.html',
  'accept' => '*/*',
  'content-type' => 'application/json',
  'user-agent' => 'Mozilla/5.0 (iPhone; CPU iPhone OS 9_1 like Mac OS X) AppleWebKit/601.1.46 (KHTML, like Gecko) Version/9.0 Mobile/13B143 Safari/601.1 wechatdevtools/1.02.1902010 MicroMessenger/6.7.3 Language/zh_CN webview/ token/6eecf0feb2a372037ae0795ab0c019fa',
  'origin' => 'http://127.0.0.1:36899',
  'cache-control' => 'no-cache',
  'pragma' => 'no-cache',
  'content-length' => '58',
  'connection' => 'keep-alive',
  'host' => 'xiao.baiduzhixing.com',
)
[ info ] [ PARAM ] array (
  'code' => '011zCbxN0K6ikb2DDTxN0ZHbxN0zCbxa',
  'type' => 'login',
)
---------------------------------------------------------------
[ 2019-03-19T17:18:34+08:00 ] 43.224.45.150 POST xiao.baiduzhixing.com/api/user/index
[运行时间：0.269917s] [吞吐率：3.70req/s] [内存消耗：439.09kb] [文件加载：75]
[ info ] [ LANG ] /www/wuliu/thinkphp/lang/zh-cn.php
[ info ] [ ROUTE ] array (
)
[ info ] [ HEADER ] array (
  'accept-encoding' => 'gzip, deflate, br',
  'referer' => 'https://servicewechat.com/wx4c3829d268004a40/devtools/page-frame.html',
  'accept' => '*/*',
  'content-type' => 'application/json',
  'user-agent' => 'Mozilla/5.0 (iPhone; CPU iPhone OS 9_1 like Mac OS X) AppleWebKit/601.1.46 (KHTML, like Gecko) Version/9.0 Mobile/13B143 Safari/601.1 wechatdevtools/1.02.1902010 MicroMessenger/6.7.3 Language/zh_CN webview/ token/6eecf0feb2a372037ae0795ab0c019fa',
  'origin' => 'http://127.0.0.1:36899',
  'cache-control' => 'no-cache',
  'pragma' => 'no-cache',
  'content-length' => '58',
  'connection' => 'keep-alive',
  'host' => 'xiao.baiduzhixing.com',
)
[ info ] [ PARAM ] array (
  'code' => '021tmMe9231ErL0X2cg92nzUe92tmMe1',
  'type' => 'login',
)
---------------------------------------------------------------
[ 2019-03-19T17:19:00+08:00 ] 43.224.45.150 POST xiao.baiduzhixing.com/api/user/index
[运行时间：0.292250s] [吞吐率：3.42req/s] [内存消耗：439.09kb] [文件加载：75]
[ info ] [ LANG ] /www/wuliu/thinkphp/lang/zh-cn.php
[ info ] [ ROUTE ] array (
)
[ info ] [ HEADER ] array (
  'accept-encoding' => 'gzip, deflate, br',
  'referer' => 'https://servicewechat.com/wx4c3829d268004a40/devtools/page-frame.html',
  'accept' => '*/*',
  'content-type' => 'application/json',
  'user-agent' => 'Mozilla/5.0 (iPhone; CPU iPhone OS 9_1 like Mac OS X) AppleWebKit/601.1.46 (KHTML, like Gecko) Version/9.0 Mobile/13B143 Safari/601.1 wechatdevtools/1.02.1902010 MicroMessenger/6.7.3 Language/zh_CN webview/ token/6eecf0feb2a372037ae0795ab0c019fa',
  'origin' => 'http://127.0.0.1:36899',
  'cache-control' => 'no-cache',
  'pragma' => 'no-cache',
  'content-length' => '58',
  'connection' => 'keep-alive',
  'host' => 'xiao.baiduzhixing.com',
)
[ info ] [ PARAM ] array (
  'code' => '081eEFpd04dd4B1x3oqd0efVpd0eEFpd',
  'type' => 'login',
)
---------------------------------------------------------------
[ 2019-03-19T17:19:39+08:00 ] 43.224.45.150 POST xiao.baiduzhixing.com/api/user/index
[运行时间：0.284672s] [吞吐率：3.51req/s] [内存消耗：439.09kb] [文件加载：75]
[ info ] [ LANG ] /www/wuliu/thinkphp/lang/zh-cn.php
[ info ] [ ROUTE ] array (
)
[ info ] [ HEADER ] array (
  'accept-encoding' => 'gzip, deflate, br',
  'referer' => 'https://servicewechat.com/wx4c3829d268004a40/devtools/page-frame.html',
  'accept' => '*/*',
  'content-type' => 'application/json',
  'user-agent' => 'Mozilla/5.0 (iPhone; CPU iPhone OS 9_1 like Mac OS X) AppleWebKit/601.1.46 (KHTML, like Gecko) Version/9.0 Mobile/13B143 Safari/601.1 wechatdevtools/1.02.1902010 MicroMessenger/6.7.3 Language/zh_CN webview/ token/6eecf0feb2a372037ae0795ab0c019fa',
  'origin' => 'http://127.0.0.1:36899',
  'cache-control' => 'no-cache',
  'pragma' => 'no-cache',
  'content-length' => '58',
  'connection' => 'keep-alive',
  'host' => 'xiao.baiduzhixing.com',
)
[ info ] [ PARAM ] array (
  'code' => '021XYOYh2g0caC0WALXh2lOYYh2XYOYH',
  'type' => 'login',
)
---------------------------------------------------------------
[ 2019-03-19T17:20:03+08:00 ] 43.224.45.150 POST xiao.baiduzhixing.com/api/user/index
[运行时间：0.283224s] [吞吐率：3.53req/s] [内存消耗：439.09kb] [文件加载：75]
[ info ] [ LANG ] /www/wuliu/thinkphp/lang/zh-cn.php
[ info ] [ ROUTE ] array (
)
[ info ] [ HEADER ] array (
  'accept-encoding' => 'gzip, deflate, br',
  'referer' => 'https://servicewechat.com/wx4c3829d268004a40/devtools/page-frame.html',
  'accept' => '*/*',
  'content-type' => 'application/json',
  'user-agent' => 'Mozilla/5.0 (iPhone; CPU iPhone OS 9_1 like Mac OS X) AppleWebKit/601.1.46 (KHTML, like Gecko) Version/9.0 Mobile/13B143 Safari/601.1 wechatdevtools/1.02.1902010 MicroMessenger/6.7.3 Language/zh_CN webview/ token/6eecf0feb2a372037ae0795ab0c019fa',
  'origin' => 'http://127.0.0.1:36899',
  'cache-control' => 'no-cache',
  'pragma' => 'no-cache',
  'content-length' => '58',
  'connection' => 'keep-alive',
  'host' => 'xiao.baiduzhixing.com',
)
[ info ] [ PARAM ] array (
  'code' => '001QKPj52HAZBP0Pzyi527SLj52QKPjH',
  'type' => 'login',
)
---------------------------------------------------------------
[ 2019-03-19T17:20:19+08:00 ] 43.224.45.150 POST xiao.baiduzhixing.com/api/user/index
[运行时间：0.240248s] [吞吐率：4.16req/s] [内存消耗：439.09kb] [文件加载：75]
[ info ] [ LANG ] /www/wuliu/thinkphp/lang/zh-cn.php
[ info ] [ ROUTE ] array (
)
[ info ] [ HEADER ] array (
  'accept-encoding' => 'gzip, deflate, br',
  'referer' => 'https://servicewechat.com/wx4c3829d268004a40/devtools/page-frame.html',
  'accept' => '*/*',
  'content-type' => 'application/json',
  'user-agent' => 'Mozilla/5.0 (iPhone; CPU iPhone OS 9_1 like Mac OS X) AppleWebKit/601.1.46 (KHTML, like Gecko) Version/9.0 Mobile/13B143 Safari/601.1 wechatdevtools/1.02.1902010 MicroMessenger/6.7.3 Language/zh_CN webview/ token/6eecf0feb2a372037ae0795ab0c019fa',
  'origin' => 'http://127.0.0.1:36899',
  'cache-control' => 'no-cache',
  'pragma' => 'no-cache',
  'content-length' => '58',
  'connection' => 'keep-alive',
  'host' => 'xiao.baiduzhixing.com',
)
[ info ] [ PARAM ] array (
  'code' => '061ZzueO0KBiW32fApdO0tTFeO0ZzueI',
  'type' => 'login',
)
---------------------------------------------------------------
[ 2019-03-19T17:20:23+08:00 ] 43.224.45.150 POST xiao.baiduzhixing.com/api/user/index
[运行时间：0.254532s] [吞吐率：3.93req/s] [内存消耗：439.09kb] [文件加载：75]
[ info ] [ LANG ] /www/wuliu/thinkphp/lang/zh-cn.php
[ info ] [ ROUTE ] array (
)
[ info ] [ HEADER ] array (
  'accept-encoding' => 'gzip, deflate, br',
  'referer' => 'https://servicewechat.com/wx4c3829d268004a40/devtools/page-frame.html',
  'accept' => '*/*',
  'content-type' => 'application/json',
  'user-agent' => 'Mozilla/5.0 (iPhone; CPU iPhone OS 9_1 like Mac OS X) AppleWebKit/601.1.46 (KHTML, like Gecko) Version/9.0 Mobile/13B143 Safari/601.1 wechatdevtools/1.02.1902010 MicroMessenger/6.7.3 Language/zh_CN webview/ token/6eecf0feb2a372037ae0795ab0c019fa',
  'origin' => 'http://127.0.0.1:36899',
  'cache-control' => 'no-cache',
  'pragma' => 'no-cache',
  'content-length' => '58',
  'connection' => 'keep-alive',
  'host' => 'xiao.baiduzhixing.com',
)
[ info ] [ PARAM ] array (
  'code' => '021mTVzd2rm9QG0oN5zd2wPDzd2mTVzp',
  'type' => 'login',
)
---------------------------------------------------------------
[ 2019-03-19T17:21:34+08:00 ] 43.224.45.150 POST xiao.baiduzhixing.com/api/user/index
[运行时间：0.258123s] [吞吐率：3.87req/s] [内存消耗：439.09kb] [文件加载：75]
[ info ] [ LANG ] /www/wuliu/thinkphp/lang/zh-cn.php
[ info ] [ ROUTE ] array (
)
[ info ] [ HEADER ] array (
  'accept-encoding' => 'gzip, deflate, br',
  'referer' => 'https://servicewechat.com/wx4c3829d268004a40/devtools/page-frame.html',
  'accept' => '*/*',
  'content-type' => 'application/json',
  'user-agent' => 'Mozilla/5.0 (iPhone; CPU iPhone OS 9_1 like Mac OS X) AppleWebKit/601.1.46 (KHTML, like Gecko) Version/9.0 Mobile/13B143 Safari/601.1 wechatdevtools/1.02.1902010 MicroMessenger/6.7.3 Language/zh_CN webview/ token/6eecf0feb2a372037ae0795ab0c019fa',
  'origin' => 'http://127.0.0.1:36899',
  'cache-control' => 'no-cache',
  'pragma' => 'no-cache',
  'content-length' => '58',
  'connection' => 'keep-alive',
  'host' => 'xiao.baiduzhixing.com',
)
[ info ] [ PARAM ] array (
  'code' => '011ngDoc2nX9FF0nMnqc2ILKoc2ngDoz',
  'type' => 'login',
)
---------------------------------------------------------------
[ 2019-03-19T17:21:53+08:00 ] 43.224.45.150 POST xiao.baiduzhixing.com/api/user/index
[运行时间：0.252311s] [吞吐率：3.96req/s] [内存消耗：439.09kb] [文件加载：75]
[ info ] [ LANG ] /www/wuliu/thinkphp/lang/zh-cn.php
[ info ] [ ROUTE ] array (
)
[ info ] [ HEADER ] array (
  'accept-encoding' => 'gzip, deflate, br',
  'referer' => 'https://servicewechat.com/wx4c3829d268004a40/devtools/page-frame.html',
  'accept' => '*/*',
  'content-type' => 'application/json',
  'user-agent' => 'Mozilla/5.0 (iPhone; CPU iPhone OS 9_1 like Mac OS X) AppleWebKit/601.1.46 (KHTML, like Gecko) Version/9.0 Mobile/13B143 Safari/601.1 wechatdevtools/1.02.1902010 MicroMessenger/6.7.3 Language/zh_CN webview/ token/6eecf0feb2a372037ae0795ab0c019fa',
  'origin' => 'http://127.0.0.1:36899',
  'cache-control' => 'no-cache',
  'pragma' => 'no-cache',
  'content-length' => '58',
  'connection' => 'keep-alive',
  'host' => 'xiao.baiduzhixing.com',
)
[ info ] [ PARAM ] array (
  'code' => '071twRJJ129uM20skqJJ1HSGJJ1twRJl',
  'type' => 'login',
)
---------------------------------------------------------------
[ 2019-03-19T17:22:34+08:00 ] 43.224.45.150 POST xiao.baiduzhixing.com/api/user/index
[运行时间：0.272243s] [吞吐率：3.67req/s] [内存消耗：439.09kb] [文件加载：75]
[ info ] [ LANG ] /www/wuliu/thinkphp/lang/zh-cn.php
[ info ] [ ROUTE ] array (
)
[ info ] [ HEADER ] array (
  'accept-encoding' => 'gzip, deflate, br',
  'referer' => 'https://servicewechat.com/wx4c3829d268004a40/devtools/page-frame.html',
  'accept' => '*/*',
  'content-type' => 'application/json',
  'user-agent' => 'Mozilla/5.0 (iPhone; CPU iPhone OS 9_1 like Mac OS X) AppleWebKit/601.1.46 (KHTML, like Gecko) Version/9.0 Mobile/13B143 Safari/601.1 wechatdevtools/1.02.1902010 MicroMessenger/6.7.3 Language/zh_CN webview/ token/6eecf0feb2a372037ae0795ab0c019fa',
  'origin' => 'http://127.0.0.1:36899',
  'cache-control' => 'no-cache',
  'pragma' => 'no-cache',
  'content-length' => '58',
  'connection' => 'keep-alive',
  'host' => 'xiao.baiduzhixing.com',
)
[ info ] [ PARAM ] array (
  'code' => '021RCu8b1bIYTw0ZJ0ab1ozJ8b1RCu8l',
  'type' => 'login',
)
---------------------------------------------------------------
[ 2019-03-19T17:22:57+08:00 ] 43.224.45.150 POST xiao.baiduzhixing.com/api/user/index
[运行时间：0.284270s] [吞吐率：3.52req/s] [内存消耗：439.09kb] [文件加载：75]
[ info ] [ LANG ] /www/wuliu/thinkphp/lang/zh-cn.php
[ info ] [ ROUTE ] array (
)
[ info ] [ HEADER ] array (
  'accept-encoding' => 'gzip, deflate, br',
  'referer' => 'https://servicewechat.com/wx4c3829d268004a40/devtools/page-frame.html',
  'accept' => '*/*',
  'content-type' => 'application/json',
  'user-agent' => 'Mozilla/5.0 (iPhone; CPU iPhone OS 9_1 like Mac OS X) AppleWebKit/601.1.46 (KHTML, like Gecko) Version/9.0 Mobile/13B143 Safari/601.1 wechatdevtools/1.02.1902010 MicroMessenger/6.7.3 Language/zh_CN webview/ token/6eecf0feb2a372037ae0795ab0c019fa',
  'origin' => 'http://127.0.0.1:36899',
  'cache-control' => 'no-cache',
  'pragma' => 'no-cache',
  'content-length' => '58',
  'connection' => 'keep-alive',
  'host' => 'xiao.baiduzhixing.com',
)
[ info ] [ PARAM ] array (
  'code' => '021zReck2RYDnE09amfk2JFCck2zRecb',
  'type' => 'login',
)
---------------------------------------------------------------
[ 2019-03-19T17:23:06+08:00 ] 43.224.45.150 POST xiao.baiduzhixing.com/api/user/index
[运行时间：0.259841s] [吞吐率：3.85req/s] [内存消耗：439.09kb] [文件加载：75]
[ info ] [ LANG ] /www/wuliu/thinkphp/lang/zh-cn.php
[ info ] [ ROUTE ] array (
)
[ info ] [ HEADER ] array (
  'accept-encoding' => 'gzip, deflate, br',
  'referer' => 'https://servicewechat.com/wx4c3829d268004a40/devtools/page-frame.html',
  'accept' => '*/*',
  'content-type' => 'application/json',
  'user-agent' => 'Mozilla/5.0 (iPhone; CPU iPhone OS 9_1 like Mac OS X) AppleWebKit/601.1.46 (KHTML, like Gecko) Version/9.0 Mobile/13B143 Safari/601.1 wechatdevtools/1.02.1902010 MicroMessenger/6.7.3 Language/zh_CN webview/ token/6eecf0feb2a372037ae0795ab0c019fa',
  'origin' => 'http://127.0.0.1:36899',
  'cache-control' => 'no-cache',
  'pragma' => 'no-cache',
  'content-length' => '58',
  'connection' => 'keep-alive',
  'host' => 'xiao.baiduzhixing.com',
)
[ info ] [ PARAM ] array (
  'code' => '0716YYe912BxtN152dd91rQif916YYeZ',
  'type' => 'login',
)
---------------------------------------------------------------
[ 2019-03-19T17:24:55+08:00 ] 43.224.45.150 POST xiao.baiduzhixing.com/api/user/index
[运行时间：0.245783s] [吞吐率：4.07req/s] [内存消耗：439.09kb] [文件加载：75]
[ info ] [ LANG ] /www/wuliu/thinkphp/lang/zh-cn.php
[ info ] [ ROUTE ] array (
)
[ info ] [ HEADER ] array (
  'accept-encoding' => 'gzip, deflate, br',
  'referer' => 'https://servicewechat.com/wx4c3829d268004a40/devtools/page-frame.html',
  'accept' => '*/*',
  'content-type' => 'application/json',
  'user-agent' => 'Mozilla/5.0 (iPhone; CPU iPhone OS 9_1 like Mac OS X) AppleWebKit/601.1.46 (KHTML, like Gecko) Version/9.0 Mobile/13B143 Safari/601.1 wechatdevtools/1.02.1902010 MicroMessenger/6.7.3 Language/zh_CN webview/ token/6eecf0feb2a372037ae0795ab0c019fa',
  'origin' => 'http://127.0.0.1:36899',
  'cache-control' => 'no-cache',
  'pragma' => 'no-cache',
  'content-length' => '58',
  'connection' => 'keep-alive',
  'host' => 'xiao.baiduzhixing.com',
)
[ info ] [ PARAM ] array (
  'code' => '071KMP7o18qyrq03SU4o1mV78o1KMP7k',
  'type' => 'login',
)
---------------------------------------------------------------
[ 2019-03-19T17:25:33+08:00 ] 43.224.45.150 POST xiao.baiduzhixing.com/api/user/index
[运行时间：0.224061s] [吞吐率：4.46req/s] [内存消耗：439.09kb] [文件加载：75]
[ info ] [ LANG ] /www/wuliu/thinkphp/lang/zh-cn.php
[ info ] [ ROUTE ] array (
)
[ info ] [ HEADER ] array (
  'accept-encoding' => 'gzip, deflate, br',
  'referer' => 'https://servicewechat.com/wx4c3829d268004a40/devtools/page-frame.html',
  'accept' => '*/*',
  'content-type' => 'application/json',
  'user-agent' => 'Mozilla/5.0 (iPhone; CPU iPhone OS 9_1 like Mac OS X) AppleWebKit/601.1.46 (KHTML, like Gecko) Version/9.0 Mobile/13B143 Safari/601.1 wechatdevtools/1.02.1902010 MicroMessenger/6.7.3 Language/zh_CN webview/ token/6eecf0feb2a372037ae0795ab0c019fa',
  'origin' => 'http://127.0.0.1:36899',
  'cache-control' => 'no-cache',
  'pragma' => 'no-cache',
  'content-length' => '58',
  'connection' => 'keep-alive',
  'host' => 'xiao.baiduzhixing.com',
)
[ info ] [ PARAM ] array (
  'code' => '001J9a6m14Tiyp0dcd8m12tW5m1J9a6T',
  'type' => 'login',
)
---------------------------------------------------------------
[ 2019-03-19T17:29:18+08:00 ] 43.224.45.150 POST xiao.baiduzhixing.com/api/user/index
[运行时间：0.238025s] [吞吐率：4.20req/s] [内存消耗：439.09kb] [文件加载：75]
[ info ] [ LANG ] /www/wuliu/thinkphp/lang/zh-cn.php
[ info ] [ ROUTE ] array (
)
[ info ] [ HEADER ] array (
  'accept-encoding' => 'gzip, deflate, br',
  'referer' => 'https://servicewechat.com/wx4c3829d268004a40/devtools/page-frame.html',
  'accept' => '*/*',
  'content-type' => 'application/json',
  'user-agent' => 'Mozilla/5.0 (iPhone; CPU iPhone OS 9_1 like Mac OS X) AppleWebKit/601.1.46 (KHTML, like Gecko) Version/9.0 Mobile/13B143 Safari/601.1 wechatdevtools/1.02.1902010 MicroMessenger/6.7.3 Language/zh_CN webview/ token/6eecf0feb2a372037ae0795ab0c019fa',
  'origin' => 'http://127.0.0.1:36899',
  'cache-control' => 'no-cache',
  'pragma' => 'no-cache',
  'content-length' => '58',
  'connection' => 'keep-alive',
  'host' => 'xiao.baiduzhixing.com',
)
[ info ] [ PARAM ] array (
  'code' => '021tsnxm1W7wZp0JWUzm1Cepxm1tsnxq',
  'type' => 'login',
)
---------------------------------------------------------------
[ 2019-03-19T17:30:38+08:00 ] 43.224.45.150 POST xiao.baiduzhixing.com/api/user/index
[运行时间：0.252033s] [吞吐率：3.97req/s] [内存消耗：439.09kb] [文件加载：75]
[ info ] [ LANG ] /www/wuliu/thinkphp/lang/zh-cn.php
[ info ] [ ROUTE ] array (
)
[ info ] [ HEADER ] array (
  'accept-encoding' => 'gzip, deflate, br',
  'referer' => 'https://servicewechat.com/wx4c3829d268004a40/devtools/page-frame.html',
  'accept' => '*/*',
  'content-type' => 'application/json',
  'user-agent' => 'Mozilla/5.0 (iPhone; CPU iPhone OS 9_1 like Mac OS X) AppleWebKit/601.1.46 (KHTML, like Gecko) Version/9.0 Mobile/13B143 Safari/601.1 wechatdevtools/1.02.1902010 MicroMessenger/6.7.3 Language/zh_CN webview/ token/6eecf0feb2a372037ae0795ab0c019fa',
  'origin' => 'http://127.0.0.1:36899',
  'cache-control' => 'no-cache',
  'pragma' => 'no-cache',
  'content-length' => '58',
  'connection' => 'keep-alive',
  'host' => 'xiao.baiduzhixing.com',
)
[ info ] [ PARAM ] array (
  'code' => '011GL58L0jBrV82tcJ9L0CEi8L0GL586',
  'type' => 'login',
)
---------------------------------------------------------------
[ 2019-03-19T17:31:04+08:00 ] 43.224.45.150 POST xiao.baiduzhixing.com/api/user/index
[运行时间：0.250308s] [吞吐率：4.00req/s] [内存消耗：439.09kb] [文件加载：75]
[ info ] [ LANG ] /www/wuliu/thinkphp/lang/zh-cn.php
[ info ] [ ROUTE ] array (
)
[ info ] [ HEADER ] array (
  'accept-encoding' => 'gzip, deflate, br',
  'referer' => 'https://servicewechat.com/wx4c3829d268004a40/devtools/page-frame.html',
  'accept' => '*/*',
  'content-type' => 'application/json',
  'user-agent' => 'Mozilla/5.0 (iPhone; CPU iPhone OS 9_1 like Mac OS X) AppleWebKit/601.1.46 (KHTML, like Gecko) Version/9.0 Mobile/13B143 Safari/601.1 wechatdevtools/1.02.1902010 MicroMessenger/6.7.3 Language/zh_CN webview/ token/6eecf0feb2a372037ae0795ab0c019fa',
  'origin' => 'http://127.0.0.1:36899',
  'cache-control' => 'no-cache',
  'pragma' => 'no-cache',
  'content-length' => '58',
  'connection' => 'keep-alive',
  'host' => 'xiao.baiduzhixing.com',
)
[ info ] [ PARAM ] array (
  'code' => '0616dkgI0jY80f295SeI0u2GgI06dkgB',
  'type' => 'login',
)
---------------------------------------------------------------
[ 2019-03-19T17:31:31+08:00 ] 43.224.45.150 POST xiao.baiduzhixing.com/api/user/index
[运行时间：0.263098s] [吞吐率：3.80req/s] [内存消耗：439.09kb] [文件加载：75]
[ info ] [ LANG ] /www/wuliu/thinkphp/lang/zh-cn.php
[ info ] [ ROUTE ] array (
)
[ info ] [ HEADER ] array (
  'accept-encoding' => 'gzip, deflate, br',
  'referer' => 'https://servicewechat.com/wx4c3829d268004a40/devtools/page-frame.html',
  'accept' => '*/*',
  'content-type' => 'application/json',
  'user-agent' => 'Mozilla/5.0 (iPhone; CPU iPhone OS 9_1 like Mac OS X) AppleWebKit/601.1.46 (KHTML, like Gecko) Version/9.0 Mobile/13B143 Safari/601.1 wechatdevtools/1.02.1902010 MicroMessenger/6.7.3 Language/zh_CN webview/ token/6eecf0feb2a372037ae0795ab0c019fa',
  'origin' => 'http://127.0.0.1:36899',
  'cache-control' => 'no-cache',
  'pragma' => 'no-cache',
  'content-length' => '58',
  'connection' => 'keep-alive',
  'host' => 'xiao.baiduzhixing.com',
)
[ info ] [ PARAM ] array (
  'code' => '011vQaP91hE7lP1FhIR910zmP91vQaP7',
  'type' => 'login',
)
---------------------------------------------------------------
[ 2019-03-19T22:30:23+08:00 ] 37.62.210.4 GET kyfw.12306.cn/otn/login/checkUser
[运行时间：0.119224s] [吞吐率：8.39req/s] [内存消耗：310.79kb] [文件加载：56]
[ info ] [ LANG ] /www/wuliu/thinkphp/lang/zh-cn.php
