---------------------------------------------------------------
[ 2019-03-21T03:09:13+08:00 ] 169.197.108.38 GET 118.24.8.254/cgi-bin/config.exp
[运行时间：0.118015s] [吞吐率：8.47req/s] [内存消耗：310.79kb] [文件加载：56]
[ info ] [ LANG ] /www/wuliu/thinkphp/lang/zh-cn.php
---------------------------------------------------------------
[ 2019-03-21T14:41:30+08:00 ] 43.224.45.150 POST xiao.baiduzhixing.com/api/user/index
[运行时间：0.603385s] [吞吐率：1.66req/s] [内存消耗：439.09kb] [文件加载：75]
[ info ] [ LANG ] /www/wuliu/thinkphp/lang/zh-cn.php
[ info ] [ ROUTE ] array (
)
[ info ] [ HEADER ] array (
  'accept-encoding' => 'gzip, deflate, br',
  'referer' => 'https://servicewechat.com/wx4c3829d268004a40/devtools/page-frame.html',
  'accept' => '*/*',
  'content-type' => 'application/json',
  'user-agent' => 'Mozilla/5.0 (iPhone; CPU iPhone OS 9_1 like Mac OS X) AppleWebKit/601.1.46 (KHTML, like Gecko) Version/9.0 Mobile/13B143 Safari/601.1 wechatdevtools/1.02.1902010 MicroMessenger/6.7.3 Language/zh_CN webview/ token/1dd88e3472facb6b3af18107cb7837c1',
  'origin' => 'http://127.0.0.1:30846',
  'cache-control' => 'no-cache',
  'pragma' => 'no-cache',
  'content-length' => '58',
  'connection' => 'keep-alive',
  'host' => 'xiao.baiduzhixing.com',
)
[ info ] [ PARAM ] array (
  'code' => '0810HpRE1virR60PCwTE1CwoRE10HpRH',
  'type' => 'login',
)
---------------------------------------------------------------
[ 2019-03-21T14:41:31+08:00 ] 43.224.45.150 POST xiao.baiduzhixing.com/api/user/index
[运行时间：0.274404s] [吞吐率：3.64req/s] [内存消耗：439.09kb] [文件加载：75]
[ info ] [ LANG ] /www/wuliu/thinkphp/lang/zh-cn.php
[ info ] [ ROUTE ] array (
)
[ info ] [ HEADER ] array (
  'accept-encoding' => 'gzip, deflate, br',
  'referer' => 'https://servicewechat.com/wx4c3829d268004a40/devtools/page-frame.html',
  'accept' => '*/*',
  'content-type' => 'application/json',
  'user-agent' => 'Mozilla/5.0 (iPhone; CPU iPhone OS 9_1 like Mac OS X) AppleWebKit/601.1.46 (KHTML, like Gecko) Version/9.0 Mobile/13B143 Safari/601.1 wechatdevtools/1.02.1902010 MicroMessenger/6.7.3 Language/zh_CN webview/ token/1dd88e3472facb6b3af18107cb7837c1',
  'origin' => 'http://127.0.0.1:30846',
  'cache-control' => 'no-cache',
  'pragma' => 'no-cache',
  'content-length' => '58',
  'connection' => 'keep-alive',
  'host' => 'xiao.baiduzhixing.com',
)
[ info ] [ PARAM ] array (
  'code' => '061HOxkc1HdgWx0xYamc1fLykc1HOxk-',
  'type' => 'login',
)
---------------------------------------------------------------
[ 2019-03-21T14:42:27+08:00 ] 43.224.45.150 POST xiao.baiduzhixing.com/api/user/index
[运行时间：0.266810s] [吞吐率：3.75req/s] [内存消耗：439.09kb] [文件加载：75]
[ info ] [ LANG ] /www/wuliu/thinkphp/lang/zh-cn.php
[ info ] [ ROUTE ] array (
)
[ info ] [ HEADER ] array (
  'accept-encoding' => 'gzip, deflate, br',
  'referer' => 'https://servicewechat.com/wx4c3829d268004a40/devtools/page-frame.html',
  'accept' => '*/*',
  'content-type' => 'application/json',
  'user-agent' => 'Mozilla/5.0 (iPhone; CPU iPhone OS 9_1 like Mac OS X) AppleWebKit/601.1.46 (KHTML, like Gecko) Version/9.0 Mobile/13B143 Safari/601.1 wechatdevtools/1.02.1902010 MicroMessenger/6.7.3 Language/zh_CN webview/ token/1dd88e3472facb6b3af18107cb7837c1',
  'origin' => 'http://127.0.0.1:30846',
  'cache-control' => 'no-cache',
  'pragma' => 'no-cache',
  'content-length' => '58',
  'connection' => 'keep-alive',
  'host' => 'xiao.baiduzhixing.com',
)
[ info ] [ PARAM ] array (
  'code' => '001nQfna08k8iz1l8zna0MHVma0nQfnO',
  'type' => 'login',
)
---------------------------------------------------------------
[ 2019-03-21T14:43:18+08:00 ] 43.224.45.150 POST xiao.baiduzhixing.com/api/user/index
[运行时间：0.230368s] [吞吐率：4.34req/s] [内存消耗：439.09kb] [文件加载：75]
[ info ] [ LANG ] /www/wuliu/thinkphp/lang/zh-cn.php
[ info ] [ ROUTE ] array (
)
[ info ] [ HEADER ] array (
  'accept-encoding' => 'gzip, deflate, br',
  'referer' => 'https://servicewechat.com/wx4c3829d268004a40/devtools/page-frame.html',
  'accept' => '*/*',
  'content-type' => 'application/json',
  'user-agent' => 'Mozilla/5.0 (iPhone; CPU iPhone OS 9_1 like Mac OS X) AppleWebKit/601.1.46 (KHTML, like Gecko) Version/9.0 Mobile/13B143 Safari/601.1 wechatdevtools/1.02.1902010 MicroMessenger/6.7.3 Language/zh_CN webview/ token/1dd88e3472facb6b3af18107cb7837c1',
  'origin' => 'http://127.0.0.1:30846',
  'cache-control' => 'no-cache',
  'pragma' => 'no-cache',
  'content-length' => '58',
  'connection' => 'keep-alive',
  'host' => 'xiao.baiduzhixing.com',
)
[ info ] [ PARAM ] array (
  'code' => '0710klxc0OCHsB1O5avc0Y4Cxc00klxX',
  'type' => 'login',
)
---------------------------------------------------------------
[ 2019-03-21T14:43:21+08:00 ] 43.224.45.150 POST xiao.baiduzhixing.com/api/user/index
[运行时间：0.251165s] [吞吐率：3.98req/s] [内存消耗：439.09kb] [文件加载：75]
[ info ] [ LANG ] /www/wuliu/thinkphp/lang/zh-cn.php
[ info ] [ ROUTE ] array (
)
[ info ] [ HEADER ] array (
  'accept-encoding' => 'gzip, deflate, br',
  'referer' => 'https://servicewechat.com/wx4c3829d268004a40/devtools/page-frame.html',
  'accept' => '*/*',
  'content-type' => 'application/json',
  'user-agent' => 'Mozilla/5.0 (iPhone; CPU iPhone OS 9_1 like Mac OS X) AppleWebKit/601.1.46 (KHTML, like Gecko) Version/9.0 Mobile/13B143 Safari/601.1 wechatdevtools/1.02.1902010 MicroMessenger/6.7.3 Language/zh_CN webview/ token/1dd88e3472facb6b3af18107cb7837c1',
  'origin' => 'http://127.0.0.1:30846',
  'cache-control' => 'no-cache',
  'pragma' => 'no-cache',
  'content-length' => '58',
  'connection' => 'keep-alive',
  'host' => 'xiao.baiduzhixing.com',
)
[ info ] [ PARAM ] array (
  'code' => '081pGQMT1W5bc51ZZNLT115QMT1pGQMH',
  'type' => 'login',
)
---------------------------------------------------------------
[ 2019-03-21T14:43:45+08:00 ] 43.224.45.150 POST xiao.baiduzhixing.com/api/user/index
[运行时间：0.287155s] [吞吐率：3.48req/s] [内存消耗：439.09kb] [文件加载：75]
[ info ] [ LANG ] /www/wuliu/thinkphp/lang/zh-cn.php
[ info ] [ ROUTE ] array (
)
[ info ] [ HEADER ] array (
  'accept-encoding' => 'gzip, deflate, br',
  'referer' => 'https://servicewechat.com/wx4c3829d268004a40/devtools/page-frame.html',
  'accept' => '*/*',
  'content-type' => 'application/json',
  'user-agent' => 'Mozilla/5.0 (iPhone; CPU iPhone OS 9_1 like Mac OS X) AppleWebKit/601.1.46 (KHTML, like Gecko) Version/9.0 Mobile/13B143 Safari/601.1 wechatdevtools/1.02.1902010 MicroMessenger/6.7.3 Language/zh_CN webview/ token/1dd88e3472facb6b3af18107cb7837c1',
  'origin' => 'http://127.0.0.1:30846',
  'cache-control' => 'no-cache',
  'pragma' => 'no-cache',
  'content-length' => '58',
  'connection' => 'keep-alive',
  'host' => 'xiao.baiduzhixing.com',
)
[ info ] [ PARAM ] array (
  'code' => '081tUpAf1EQ88s0b7Pzf17ivAf1tUpA8',
  'type' => 'login',
)
---------------------------------------------------------------
[ 2019-03-21T14:47:45+08:00 ] 43.224.45.150 POST xiao.baiduzhixing.com/api/user/index
[运行时间：0.248985s] [吞吐率：4.02req/s] [内存消耗：439.09kb] [文件加载：75]
[ info ] [ LANG ] /www/wuliu/thinkphp/lang/zh-cn.php
[ info ] [ ROUTE ] array (
)
[ info ] [ HEADER ] array (
  'accept-encoding' => 'gzip, deflate, br',
  'referer' => 'https://servicewechat.com/wx4c3829d268004a40/devtools/page-frame.html',
  'accept' => '*/*',
  'content-type' => 'application/json',
  'user-agent' => 'Mozilla/5.0 (iPhone; CPU iPhone OS 9_1 like Mac OS X) AppleWebKit/601.1.46 (KHTML, like Gecko) Version/9.0 Mobile/13B143 Safari/601.1 wechatdevtools/1.02.1902010 MicroMessenger/6.7.3 Language/zh_CN webview/ token/1dd88e3472facb6b3af18107cb7837c1',
  'origin' => 'http://127.0.0.1:30846',
  'cache-control' => 'no-cache',
  'pragma' => 'no-cache',
  'content-length' => '58',
  'connection' => 'keep-alive',
  'host' => 'xiao.baiduzhixing.com',
)
[ info ] [ PARAM ] array (
  'code' => '001H1Mnj0TD20q1wwbpj0jyYnj0H1Mnf',
  'type' => 'login',
)
---------------------------------------------------------------
[ 2019-03-21T14:47:52+08:00 ] 43.224.45.150 POST xiao.baiduzhixing.com/api/user/index
[运行时间：0.250158s] [吞吐率：4.00req/s] [内存消耗：439.09kb] [文件加载：75]
[ info ] [ LANG ] /www/wuliu/thinkphp/lang/zh-cn.php
[ info ] [ ROUTE ] array (
)
[ info ] [ HEADER ] array (
  'accept-encoding' => 'gzip, deflate, br',
  'referer' => 'https://servicewechat.com/wx4c3829d268004a40/devtools/page-frame.html',
  'accept' => '*/*',
  'content-type' => 'application/json',
  'user-agent' => 'Mozilla/5.0 (iPhone; CPU iPhone OS 9_1 like Mac OS X) AppleWebKit/601.1.46 (KHTML, like Gecko) Version/9.0 Mobile/13B143 Safari/601.1 wechatdevtools/1.02.1902010 MicroMessenger/6.7.3 Language/zh_CN webview/ token/1dd88e3472facb6b3af18107cb7837c1',
  'origin' => 'http://127.0.0.1:30846',
  'cache-control' => 'no-cache',
  'pragma' => 'no-cache',
  'content-length' => '58',
  'connection' => 'keep-alive',
  'host' => 'xiao.baiduzhixing.com',
)
[ info ] [ PARAM ] array (
  'code' => '011YRNnD1EVSD60tdhoD1JwKnD1YRNna',
  'type' => 'login',
)
---------------------------------------------------------------
[ 2019-03-21T14:48:05+08:00 ] 43.224.45.150 POST xiao.baiduzhixing.com/api/user/index
[运行时间：0.249710s] [吞吐率：4.00req/s] [内存消耗：439.09kb] [文件加载：75]
[ info ] [ LANG ] /www/wuliu/thinkphp/lang/zh-cn.php
[ info ] [ ROUTE ] array (
)
[ info ] [ HEADER ] array (
  'accept-encoding' => 'gzip, deflate, br',
  'referer' => 'https://servicewechat.com/wx4c3829d268004a40/devtools/page-frame.html',
  'accept' => '*/*',
  'content-type' => 'application/json',
  'user-agent' => 'Mozilla/5.0 (iPhone; CPU iPhone OS 9_1 like Mac OS X) AppleWebKit/601.1.46 (KHTML, like Gecko) Version/9.0 Mobile/13B143 Safari/601.1 wechatdevtools/1.02.1902010 MicroMessenger/6.7.3 Language/zh_CN webview/ token/1dd88e3472facb6b3af18107cb7837c1',
  'origin' => 'http://127.0.0.1:30846',
  'cache-control' => 'no-cache',
  'pragma' => 'no-cache',
  'content-length' => '58',
  'connection' => 'keep-alive',
  'host' => 'xiao.baiduzhixing.com',
)
[ info ] [ PARAM ] array (
  'code' => '081xt5qi2byqAC0HY7ni2rFWpi2xt5qw',
  'type' => 'login',
)
---------------------------------------------------------------
[ 2019-03-21T14:51:57+08:00 ] 43.224.45.150 POST xiao.baiduzhixing.com/api/user/index
[运行时间：0.264902s] [吞吐率：3.77req/s] [内存消耗：439.09kb] [文件加载：75]
[ info ] [ LANG ] /www/wuliu/thinkphp/lang/zh-cn.php
[ info ] [ ROUTE ] array (
)
[ info ] [ HEADER ] array (
  'accept-encoding' => 'gzip, deflate, br',
  'referer' => 'https://servicewechat.com/wx4c3829d268004a40/devtools/page-frame.html',
  'accept' => '*/*',
  'content-type' => 'application/json',
  'user-agent' => 'Mozilla/5.0 (iPhone; CPU iPhone OS 9_1 like Mac OS X) AppleWebKit/601.1.46 (KHTML, like Gecko) Version/9.0 Mobile/13B143 Safari/601.1 wechatdevtools/1.02.1902010 MicroMessenger/6.7.3 Language/zh_CN webview/ token/1dd88e3472facb6b3af18107cb7837c1',
  'origin' => 'http://127.0.0.1:30846',
  'cache-control' => 'no-cache',
  'pragma' => 'no-cache',
  'content-length' => '58',
  'connection' => 'keep-alive',
  'host' => 'xiao.baiduzhixing.com',
)
[ info ] [ PARAM ] array (
  'code' => '081j2bl60bA55D1Bbkk60BC0l60j2blV',
  'type' => 'login',
)
---------------------------------------------------------------
[ 2019-03-21T14:53:17+08:00 ] 43.224.45.150 POST xiao.baiduzhixing.com/api/user/index
[运行时间：0.261406s] [吞吐率：3.83req/s] [内存消耗：439.09kb] [文件加载：75]
[ info ] [ LANG ] /www/wuliu/thinkphp/lang/zh-cn.php
[ info ] [ ROUTE ] array (
)
[ info ] [ HEADER ] array (
  'accept-encoding' => 'gzip, deflate, br',
  'referer' => 'https://servicewechat.com/wx4c3829d268004a40/devtools/page-frame.html',
  'accept' => '*/*',
  'content-type' => 'application/json',
  'user-agent' => 'Mozilla/5.0 (iPhone; CPU iPhone OS 9_1 like Mac OS X) AppleWebKit/601.1.46 (KHTML, like Gecko) Version/9.0 Mobile/13B143 Safari/601.1 wechatdevtools/1.02.1902010 MicroMessenger/6.7.3 Language/zh_CN webview/ token/1dd88e3472facb6b3af18107cb7837c1',
  'origin' => 'http://127.0.0.1:30846',
  'cache-control' => 'no-cache',
  'pragma' => 'no-cache',
  'content-length' => '58',
  'connection' => 'keep-alive',
  'host' => 'xiao.baiduzhixing.com',
)
[ info ] [ PARAM ] array (
  'code' => '081z7nut1LZGEd0xUywt1mflut1z7nuO',
  'type' => 'login',
)
---------------------------------------------------------------
[ 2019-03-21T14:53:18+08:00 ] 43.224.45.150 POST xiao.baiduzhixing.com/api/user/index
[运行时间：0.273265s] [吞吐率：3.66req/s] [内存消耗：439.09kb] [文件加载：75]
[ info ] [ LANG ] /www/wuliu/thinkphp/lang/zh-cn.php
[ info ] [ ROUTE ] array (
)
[ info ] [ HEADER ] array (
  'accept-encoding' => 'gzip, deflate, br',
  'referer' => 'https://servicewechat.com/wx4c3829d268004a40/devtools/page-frame.html',
  'accept' => '*/*',
  'content-type' => 'application/json',
  'user-agent' => 'Mozilla/5.0 (iPhone; CPU iPhone OS 9_1 like Mac OS X) AppleWebKit/601.1.46 (KHTML, like Gecko) Version/9.0 Mobile/13B143 Safari/601.1 wechatdevtools/1.02.1902010 MicroMessenger/6.7.3 Language/zh_CN webview/ token/1dd88e3472facb6b3af18107cb7837c1',
  'origin' => 'http://127.0.0.1:30846',
  'cache-control' => 'no-cache',
  'pragma' => 'no-cache',
  'content-length' => '58',
  'connection' => 'keep-alive',
  'host' => 'xiao.baiduzhixing.com',
)
[ info ] [ PARAM ] array (
  'code' => '061Gc1hU0fMXLZ1NaOjU09N2hU0Gc1h-',
  'type' => 'login',
)
---------------------------------------------------------------
[ 2019-03-21T14:56:45+08:00 ] 43.224.45.150 POST xiao.baiduzhixing.com/api/user/index
[运行时间：0.316599s] [吞吐率：3.16req/s] [内存消耗：440.18kb] [文件加载：75]
[ info ] [ LANG ] /www/wuliu/thinkphp/lang/zh-cn.php
[ info ] [ ROUTE ] array (
)
[ info ] [ HEADER ] array (
  'accept-encoding' => 'gzip, deflate, br',
  'referer' => 'https://servicewechat.com/wx4c3829d268004a40/devtools/page-frame.html',
  'accept' => '*/*',
  'content-type' => 'application/json',
  'user-agent' => 'Mozilla/5.0 (iPhone; CPU iPhone OS 9_1 like Mac OS X) AppleWebKit/601.1.46 (KHTML, like Gecko) Version/9.0 Mobile/13B143 Safari/601.1 wechatdevtools/1.02.1902010 MicroMessenger/6.7.3 Language/zh_CN webview/ token/1dd88e3472facb6b3af18107cb7837c1',
  'origin' => 'http://127.0.0.1:30846',
  'cache-control' => 'no-cache',
  'pragma' => 'no-cache',
  'content-length' => '58',
  'connection' => 'keep-alive',
  'host' => 'xiao.baiduzhixing.com',
)
[ info ] [ PARAM ] array (
  'code' => '081ofoZz043Kde14JK1A0ganZz0ofoZj',
  'type' => 'login',
)
---------------------------------------------------------------
[ 2019-03-21T14:56:54+08:00 ] 43.224.45.150 POST xiao.baiduzhixing.com/api/user/index
[运行时间：0.275714s] [吞吐率：3.63req/s] [内存消耗：439.09kb] [文件加载：75]
[ info ] [ LANG ] /www/wuliu/thinkphp/lang/zh-cn.php
[ info ] [ ROUTE ] array (
)
[ info ] [ HEADER ] array (
  'accept-encoding' => 'gzip, deflate, br',
  'referer' => 'https://servicewechat.com/wx4c3829d268004a40/devtools/page-frame.html',
  'accept' => '*/*',
  'content-type' => 'application/json',
  'user-agent' => 'Mozilla/5.0 (iPhone; CPU iPhone OS 9_1 like Mac OS X) AppleWebKit/601.1.46 (KHTML, like Gecko) Version/9.0 Mobile/13B143 Safari/601.1 wechatdevtools/1.02.1902010 MicroMessenger/6.7.3 Language/zh_CN webview/ token/1dd88e3472facb6b3af18107cb7837c1',
  'origin' => 'http://127.0.0.1:30846',
  'cache-control' => 'no-cache',
  'pragma' => 'no-cache',
  'content-length' => '58',
  'connection' => 'keep-alive',
  'host' => 'xiao.baiduzhixing.com',
)
[ info ] [ PARAM ] array (
  'code' => '061ocdEH0DZtwf2UQ2GH0wpcEH0ocdEz',
  'type' => 'login',
)
---------------------------------------------------------------
[ 2019-03-21T14:57:15+08:00 ] 43.224.45.150 POST xiao.baiduzhixing.com/api/user/index
[运行时间：0.277907s] [吞吐率：3.60req/s] [内存消耗：439.09kb] [文件加载：75]
[ info ] [ LANG ] /www/wuliu/thinkphp/lang/zh-cn.php
[ info ] [ ROUTE ] array (
)
[ info ] [ HEADER ] array (
  'accept-encoding' => 'gzip, deflate, br',
  'referer' => 'https://servicewechat.com/wx4c3829d268004a40/devtools/page-frame.html',
  'accept' => '*/*',
  'content-type' => 'application/json',
  'user-agent' => 'Mozilla/5.0 (iPhone; CPU iPhone OS 9_1 like Mac OS X) AppleWebKit/601.1.46 (KHTML, like Gecko) Version/9.0 Mobile/13B143 Safari/601.1 wechatdevtools/1.02.1902010 MicroMessenger/6.7.3 Language/zh_CN webview/ token/1dd88e3472facb6b3af18107cb7837c1',
  'origin' => 'http://127.0.0.1:30846',
  'cache-control' => 'no-cache',
  'pragma' => 'no-cache',
  'content-length' => '58',
  'connection' => 'keep-alive',
  'host' => 'xiao.baiduzhixing.com',
)
[ info ] [ PARAM ] array (
  'code' => '081QywH90kV0ux1PeNE90QGyH90QywHZ',
  'type' => 'login',
)
---------------------------------------------------------------
[ 2019-03-21T14:57:40+08:00 ] 43.224.45.150 POST xiao.baiduzhixing.com/api/user/index
[运行时间：0.240235s] [吞吐率：4.16req/s] [内存消耗：439.09kb] [文件加载：75]
[ info ] [ LANG ] /www/wuliu/thinkphp/lang/zh-cn.php
[ info ] [ ROUTE ] array (
)
[ info ] [ HEADER ] array (
  'accept-encoding' => 'gzip, deflate, br',
  'referer' => 'https://servicewechat.com/wx4c3829d268004a40/devtools/page-frame.html',
  'accept' => '*/*',
  'content-type' => 'application/json',
  'user-agent' => 'Mozilla/5.0 (iPhone; CPU iPhone OS 9_1 like Mac OS X) AppleWebKit/601.1.46 (KHTML, like Gecko) Version/9.0 Mobile/13B143 Safari/601.1 wechatdevtools/1.02.1902010 MicroMessenger/6.7.3 Language/zh_CN webview/ token/1dd88e3472facb6b3af18107cb7837c1',
  'origin' => 'http://127.0.0.1:30846',
  'cache-control' => 'no-cache',
  'pragma' => 'no-cache',
  'content-length' => '58',
  'connection' => 'keep-alive',
  'host' => 'xiao.baiduzhixing.com',
)
[ info ] [ PARAM ] array (
  'code' => '021vuEL60pj1vD1WVYN60YaLL60vuELv',
  'type' => 'login',
)
---------------------------------------------------------------
[ 2019-03-21T14:57:44+08:00 ] 43.224.45.150 POST xiao.baiduzhixing.com/api/user/index
[运行时间：0.236415s] [吞吐率：4.23req/s] [内存消耗：439.09kb] [文件加载：75]
[ info ] [ LANG ] /www/wuliu/thinkphp/lang/zh-cn.php
[ info ] [ ROUTE ] array (
)
[ info ] [ HEADER ] array (
  'accept-encoding' => 'gzip, deflate, br',
  'referer' => 'https://servicewechat.com/wx4c3829d268004a40/devtools/page-frame.html',
  'accept' => '*/*',
  'content-type' => 'application/json',
  'user-agent' => 'Mozilla/5.0 (iPhone; CPU iPhone OS 9_1 like Mac OS X) AppleWebKit/601.1.46 (KHTML, like Gecko) Version/9.0 Mobile/13B143 Safari/601.1 wechatdevtools/1.02.1902010 MicroMessenger/6.7.3 Language/zh_CN webview/ token/1dd88e3472facb6b3af18107cb7837c1',
  'origin' => 'http://127.0.0.1:30846',
  'cache-control' => 'no-cache',
  'pragma' => 'no-cache',
  'content-length' => '58',
  'connection' => 'keep-alive',
  'host' => 'xiao.baiduzhixing.com',
)
[ info ] [ PARAM ] array (
  'code' => '001kj1L41LBKcS1sT8I41DMRK41kj1La',
  'type' => 'login',
)
---------------------------------------------------------------
[ 2019-03-21T14:58:15+08:00 ] 43.224.45.150 POST xiao.baiduzhixing.com/api/user/index
[运行时间：0.257191s] [吞吐率：3.89req/s] [内存消耗：439.09kb] [文件加载：75]
[ info ] [ LANG ] /www/wuliu/thinkphp/lang/zh-cn.php
[ info ] [ ROUTE ] array (
)
[ info ] [ HEADER ] array (
  'accept-encoding' => 'gzip, deflate, br',
  'referer' => 'https://servicewechat.com/wx4c3829d268004a40/devtools/page-frame.html',
  'accept' => '*/*',
  'content-type' => 'application/json',
  'user-agent' => 'Mozilla/5.0 (iPhone; CPU iPhone OS 9_1 like Mac OS X) AppleWebKit/601.1.46 (KHTML, like Gecko) Version/9.0 Mobile/13B143 Safari/601.1 wechatdevtools/1.02.1902010 MicroMessenger/6.7.3 Language/zh_CN webview/ token/1dd88e3472facb6b3af18107cb7837c1',
  'origin' => 'http://127.0.0.1:30846',
  'cache-control' => 'no-cache',
  'pragma' => 'no-cache',
  'content-length' => '58',
  'connection' => 'keep-alive',
  'host' => 'xiao.baiduzhixing.com',
)
[ info ] [ PARAM ] array (
  'code' => '011fN1ym06A03s1V78wm0dmrym0fN1yg',
  'type' => 'login',
)
---------------------------------------------------------------
[ 2019-03-21T14:58:20+08:00 ] 43.224.45.150 POST xiao.baiduzhixing.com/api/user/index
[运行时间：0.267464s] [吞吐率：3.74req/s] [内存消耗：439.09kb] [文件加载：75]
[ info ] [ LANG ] /www/wuliu/thinkphp/lang/zh-cn.php
[ info ] [ ROUTE ] array (
)
[ info ] [ HEADER ] array (
  'accept-encoding' => 'gzip, deflate, br',
  'referer' => 'https://servicewechat.com/wx4c3829d268004a40/devtools/page-frame.html',
  'accept' => '*/*',
  'content-type' => 'application/json',
  'user-agent' => 'Mozilla/5.0 (iPhone; CPU iPhone OS 9_1 like Mac OS X) AppleWebKit/601.1.46 (KHTML, like Gecko) Version/9.0 Mobile/13B143 Safari/601.1 wechatdevtools/1.02.1902010 MicroMessenger/6.7.3 Language/zh_CN webview/ token/1dd88e3472facb6b3af18107cb7837c1',
  'origin' => 'http://127.0.0.1:30846',
  'cache-control' => 'no-cache',
  'pragma' => 'no-cache',
  'content-length' => '58',
  'connection' => 'keep-alive',
  'host' => 'xiao.baiduzhixing.com',
)
[ info ] [ PARAM ] array (
  'code' => '071BXWrH0FjCtf2I6iuH0hLYrH0BXWrj',
  'type' => 'login',
)
---------------------------------------------------------------
[ 2019-03-21T14:58:23+08:00 ] 43.224.45.150 POST xiao.baiduzhixing.com/api/user/index
[运行时间：0.276154s] [吞吐率：3.62req/s] [内存消耗：439.09kb] [文件加载：75]
[ info ] [ LANG ] /www/wuliu/thinkphp/lang/zh-cn.php
[ info ] [ ROUTE ] array (
)
[ info ] [ HEADER ] array (
  'accept-encoding' => 'gzip, deflate, br',
  'referer' => 'https://servicewechat.com/wx4c3829d268004a40/devtools/page-frame.html',
  'accept' => '*/*',
  'content-type' => 'application/json',
  'user-agent' => 'Mozilla/5.0 (iPhone; CPU iPhone OS 9_1 like Mac OS X) AppleWebKit/601.1.46 (KHTML, like Gecko) Version/9.0 Mobile/13B143 Safari/601.1 wechatdevtools/1.02.1902010 MicroMessenger/6.7.3 Language/zh_CN webview/ token/1dd88e3472facb6b3af18107cb7837c1',
  'origin' => 'http://127.0.0.1:30846',
  'cache-control' => 'no-cache',
  'pragma' => 'no-cache',
  'content-length' => '58',
  'connection' => 'keep-alive',
  'host' => 'xiao.baiduzhixing.com',
)
[ info ] [ PARAM ] array (
  'code' => '001hW4uh10lvau0SCkwh1n3Zth1hW4uL',
  'type' => 'login',
)
---------------------------------------------------------------
[ 2019-03-21T14:58:26+08:00 ] 43.224.45.150 POST xiao.baiduzhixing.com/api/user/user
[运行时间：0.090587s] [吞吐率：11.04req/s] [内存消耗：348.50kb] [文件加载：71]
[ info ] [ LANG ] /www/wuliu/thinkphp/lang/zh-cn.php
[ info ] [ ROUTE ] array (
)
[ info ] [ HEADER ] array (
  'accept-encoding' => 'gzip, deflate, br',
  'referer' => 'https://servicewechat.com/wx4c3829d268004a40/devtools/page-frame.html',
  'accept' => '*/*',
  'content-type' => 'application/json',
  'user-agent' => 'Mozilla/5.0 (iPhone; CPU iPhone OS 9_1 like Mac OS X) AppleWebKit/601.1.46 (KHTML, like Gecko) Version/9.0 Mobile/13B143 Safari/601.1 wechatdevtools/1.02.1902010 MicroMessenger/6.7.3 Language/zh_CN webview/ token/1dd88e3472facb6b3af18107cb7837c1',
  'origin' => 'http://127.0.0.1:30846',
  'cache-control' => 'no-cache',
  'pragma' => 'no-cache',
  'content-length' => '83',
  'connection' => 'keep-alive',
  'host' => 'xiao.baiduzhixing.com',
)
[ info ] [ PARAM ] array (
  'latitude' => 39.904690000000002,
  'longitude' => 116.40716999999999,
  'openid' => 'ojKG05OZrK8lvhep4fTgC4KnIYkc',
)
---------------------------------------------------------------
[ 2019-03-21T14:58:53+08:00 ] 43.224.45.150 POST xiao.baiduzhixing.com/api/user/user
[运行时间：0.003524s] [吞吐率：283.78req/s] [内存消耗：348.50kb] [文件加载：71]
[ info ] [ LANG ] /www/wuliu/thinkphp/lang/zh-cn.php
[ info ] [ ROUTE ] array (
)
[ info ] [ HEADER ] array (
  'accept-encoding' => 'gzip, deflate, br',
  'referer' => 'https://servicewechat.com/wx4c3829d268004a40/devtools/page-frame.html',
  'accept' => '*/*',
  'content-type' => 'application/json',
  'user-agent' => 'Mozilla/5.0 (iPhone; CPU iPhone OS 9_1 like Mac OS X) AppleWebKit/601.1.46 (KHTML, like Gecko) Version/9.0 Mobile/13B143 Safari/601.1 wechatdevtools/1.02.1902010 MicroMessenger/6.7.3 Language/zh_CN webview/ token/1dd88e3472facb6b3af18107cb7837c1',
  'origin' => 'http://127.0.0.1:30846',
  'cache-control' => 'no-cache',
  'pragma' => 'no-cache',
  'content-length' => '83',
  'connection' => 'keep-alive',
  'host' => 'xiao.baiduzhixing.com',
)
[ info ] [ PARAM ] array (
  'latitude' => 39.904690000000002,
  'longitude' => 116.40716999999999,
  'openid' => 'ojKG05OZrK8lvhep4fTgC4KnIYkc',
)
---------------------------------------------------------------
[ 2019-03-21T14:58:56+08:00 ] 43.224.45.150 POST xiao.baiduzhixing.com/api/user/user
[运行时间：0.002761s] [吞吐率：362.17req/s] [内存消耗：348.50kb] [文件加载：71]
[ info ] [ LANG ] /www/wuliu/thinkphp/lang/zh-cn.php
[ info ] [ ROUTE ] array (
)
[ info ] [ HEADER ] array (
  'accept-encoding' => 'gzip, deflate, br',
  'referer' => 'https://servicewechat.com/wx4c3829d268004a40/devtools/page-frame.html',
  'accept' => '*/*',
  'content-type' => 'application/json',
  'user-agent' => 'Mozilla/5.0 (iPhone; CPU iPhone OS 9_1 like Mac OS X) AppleWebKit/601.1.46 (KHTML, like Gecko) Version/9.0 Mobile/13B143 Safari/601.1 wechatdevtools/1.02.1902010 MicroMessenger/6.7.3 Language/zh_CN webview/ token/1dd88e3472facb6b3af18107cb7837c1',
  'origin' => 'http://127.0.0.1:30846',
  'cache-control' => 'no-cache',
  'pragma' => 'no-cache',
  'content-length' => '83',
  'connection' => 'keep-alive',
  'host' => 'xiao.baiduzhixing.com',
)
[ info ] [ PARAM ] array (
  'latitude' => 39.904690000000002,
  'longitude' => 116.40716999999999,
  'openid' => 'ojKG05OZrK8lvhep4fTgC4KnIYkc',
)
---------------------------------------------------------------
[ 2019-03-21T14:58:57+08:00 ] 43.224.45.150 POST xiao.baiduzhixing.com/api/user/user
[运行时间：0.004815s] [吞吐率：207.68req/s] [内存消耗：348.50kb] [文件加载：71]
[ info ] [ LANG ] /www/wuliu/thinkphp/lang/zh-cn.php
[ info ] [ ROUTE ] array (
)
[ info ] [ HEADER ] array (
  'accept-encoding' => 'gzip, deflate, br',
  'referer' => 'https://servicewechat.com/wx4c3829d268004a40/devtools/page-frame.html',
  'accept' => '*/*',
  'content-type' => 'application/json',
  'user-agent' => 'Mozilla/5.0 (iPhone; CPU iPhone OS 9_1 like Mac OS X) AppleWebKit/601.1.46 (KHTML, like Gecko) Version/9.0 Mobile/13B143 Safari/601.1 wechatdevtools/1.02.1902010 MicroMessenger/6.7.3 Language/zh_CN webview/ token/1dd88e3472facb6b3af18107cb7837c1',
  'origin' => 'http://127.0.0.1:30846',
  'cache-control' => 'no-cache',
  'pragma' => 'no-cache',
  'content-length' => '83',
  'connection' => 'keep-alive',
  'host' => 'xiao.baiduzhixing.com',
)
[ info ] [ PARAM ] array (
  'latitude' => 39.904690000000002,
  'longitude' => 116.40716999999999,
  'openid' => 'ojKG05OZrK8lvhep4fTgC4KnIYkc',
)
---------------------------------------------------------------
[ 2019-03-21T14:59:17+08:00 ] 43.224.45.150 GET xiao.baiduzhixing.com/api/user/user
[运行时间：0.003158s] [吞吐率：316.65req/s] [内存消耗：350.67kb] [文件加载：71]
[ info ] [ LANG ] /www/wuliu/thinkphp/lang/zh-cn.php
[ info ] [ ROUTE ] array (
)
[ info ] [ HEADER ] array (
  'upgrade-insecure-requests' => '1',
  'connection' => 'keep-alive',
  'accept-encoding' => 'gzip, deflate, br',
  'accept-language' => 'zh-CN,zh;q=0.8,zh-TW;q=0.7,zh-HK;q=0.5,en-US;q=0.3,en;q=0.2',
  'accept' => 'text/html,application/xhtml+xml,application/xml;q=0.9,image/webp,*/*;q=0.8',
  'user-agent' => 'Mozilla/5.0 (Macintosh; Intel Mac OS X 10.13; rv:65.0) Gecko/20100101 Firefox/65.0',
  'host' => 'xiao.baiduzhixing.com',
  'content-type' => '',
  'content-length' => '',
)
[ info ] [ PARAM ] array (
)
[ error ] [0]致命错误: Call to undefined method app\api\controller\UserController::request()[/www/wuliu/application/api/controller/UserController.php:42]
---------------------------------------------------------------
[ 2019-03-21T14:59:37+08:00 ] 43.224.45.150 GET xiao.baiduzhixing.com/api/user/user
[运行时间：0.002656s] [吞吐率：376.51req/s] [内存消耗：349.62kb] [文件加载：71]
[ info ] [ LANG ] /www/wuliu/thinkphp/lang/zh-cn.php
[ info ] [ ROUTE ] array (
)
[ info ] [ HEADER ] array (
  'cache-control' => 'max-age=0',
  'upgrade-insecure-requests' => '1',
  'connection' => 'keep-alive',
  'accept-encoding' => 'gzip, deflate, br',
  'accept-language' => 'zh-CN,zh;q=0.8,zh-TW;q=0.7,zh-HK;q=0.5,en-US;q=0.3,en;q=0.2',
  'accept' => 'text/html,application/xhtml+xml,application/xml;q=0.9,image/webp,*/*;q=0.8',
  'user-agent' => 'Mozilla/5.0 (Macintosh; Intel Mac OS X 10.13; rv:65.0) Gecko/20100101 Firefox/65.0',
  'host' => 'xiao.baiduzhixing.com',
  'content-type' => '',
  'content-length' => '',
)
[ info ] [ PARAM ] array (
)
[ error ] [0]致命错误: Call to undefined method app\api\controller\UserController::request()[/www/wuliu/application/api/controller/UserController.php:42]
---------------------------------------------------------------
[ 2019-03-21T15:00:43+08:00 ] 43.224.45.150 GET xiao.baiduzhixing.com/api/user/user
[运行时间：0.003519s] [吞吐率：284.19req/s] [内存消耗：345.49kb] [文件加载：67]
[ info ] [ LANG ] /www/wuliu/thinkphp/lang/zh-cn.php
[ info ] [ ROUTE ] array (
)
[ info ] [ HEADER ] array (
  'cache-control' => 'max-age=0',
  'upgrade-insecure-requests' => '1',
  'connection' => 'keep-alive',
  'accept-encoding' => 'gzip, deflate, br',
  'accept-language' => 'zh-CN,zh;q=0.8,zh-TW;q=0.7,zh-HK;q=0.5,en-US;q=0.3,en;q=0.2',
  'accept' => 'text/html,application/xhtml+xml,application/xml;q=0.9,image/webp,*/*;q=0.8',
  'user-agent' => 'Mozilla/5.0 (Macintosh; Intel Mac OS X 10.13; rv:65.0) Gecko/20100101 Firefox/65.0',
  'host' => 'xiao.baiduzhixing.com',
  'content-type' => '',
  'content-length' => '',
)
[ info ] [ PARAM ] array (
)
---------------------------------------------------------------
[ 2019-03-21T15:00:48+08:00 ] 43.224.45.150 POST xiao.baiduzhixing.com/api/user/user
[运行时间：0.002571s] [吞吐率：388.97req/s] [内存消耗：344.08kb] [文件加载：67]
[ info ] [ LANG ] /www/wuliu/thinkphp/lang/zh-cn.php
[ info ] [ ROUTE ] array (
)
[ info ] [ HEADER ] array (
  'accept-encoding' => 'gzip, deflate, br',
  'referer' => 'https://servicewechat.com/wx4c3829d268004a40/devtools/page-frame.html',
  'accept' => '*/*',
  'content-type' => 'application/json',
  'user-agent' => 'Mozilla/5.0 (iPhone; CPU iPhone OS 9_1 like Mac OS X) AppleWebKit/601.1.46 (KHTML, like Gecko) Version/9.0 Mobile/13B143 Safari/601.1 wechatdevtools/1.02.1902010 MicroMessenger/6.7.3 Language/zh_CN webview/ token/1dd88e3472facb6b3af18107cb7837c1',
  'origin' => 'http://127.0.0.1:30846',
  'cache-control' => 'no-cache',
  'pragma' => 'no-cache',
  'content-length' => '83',
  'connection' => 'keep-alive',
  'host' => 'xiao.baiduzhixing.com',
)
[ info ] [ PARAM ] array (
  'latitude' => 39.904690000000002,
  'longitude' => 116.40716999999999,
  'openid' => 'ojKG05OZrK8lvhep4fTgC4KnIYkc',
)
---------------------------------------------------------------
[ 2019-03-21T15:18:06+08:00 ] 43.224.45.150 POST xiao.baiduzhixing.com/api/user/user
[运行时间：0.003560s] [吞吐率：280.91req/s] [内存消耗：350.33kb] [文件加载：71]
[ info ] [ LANG ] /www/wuliu/thinkphp/lang/zh-cn.php
[ info ] [ ROUTE ] array (
)
[ info ] [ HEADER ] array (
  'accept-encoding' => 'gzip, deflate, br',
  'referer' => 'https://servicewechat.com/wx4c3829d268004a40/devtools/page-frame.html',
  'accept' => '*/*',
  'content-type' => 'application/json',
  'user-agent' => 'Mozilla/5.0 (iPhone; CPU iPhone OS 9_1 like Mac OS X) AppleWebKit/601.1.46 (KHTML, like Gecko) Version/9.0 Mobile/13B143 Safari/601.1 wechatdevtools/1.02.1902010 MicroMessenger/6.7.3 Language/zh_CN webview/ token/1dd88e3472facb6b3af18107cb7837c1',
  'origin' => 'http://127.0.0.1:30846',
  'cache-control' => 'no-cache',
  'pragma' => 'no-cache',
  'content-length' => '83',
  'connection' => 'keep-alive',
  'host' => 'xiao.baiduzhixing.com',
)
[ info ] [ PARAM ] array (
  'latitude' => 39.904690000000002,
  'longitude' => 116.40716999999999,
  'openid' => 'ojKG05OZrK8lvhep4fTgC4KnIYkc',
)
[ error ] [0]致命错误: Class 'app\api\controller\Db' not found[/www/wuliu/application/api/controller/UserController.php:48]
---------------------------------------------------------------
[ 2019-03-21T15:18:49+08:00 ] 43.224.45.150 POST xiao.baiduzhixing.com/api/user/user
[运行时间：0.002379s] [吞吐率：420.36req/s] [内存消耗：349.23kb] [文件加载：71]
[ info ] [ LANG ] /www/wuliu/thinkphp/lang/zh-cn.php
[ info ] [ ROUTE ] array (
)
[ info ] [ HEADER ] array (
  'accept-encoding' => 'gzip, deflate, br',
  'referer' => 'https://servicewechat.com/wx4c3829d268004a40/devtools/page-frame.html',
  'accept' => '*/*',
  'content-type' => 'application/json',
  'user-agent' => 'Mozilla/5.0 (iPhone; CPU iPhone OS 9_1 like Mac OS X) AppleWebKit/601.1.46 (KHTML, like Gecko) Version/9.0 Mobile/13B143 Safari/601.1 wechatdevtools/1.02.1902010 MicroMessenger/6.7.3 Language/zh_CN webview/ token/1dd88e3472facb6b3af18107cb7837c1',
  'origin' => 'http://127.0.0.1:30846',
  'cache-control' => 'no-cache',
  'pragma' => 'no-cache',
  'content-length' => '83',
  'connection' => 'keep-alive',
  'host' => 'xiao.baiduzhixing.com',
)
[ info ] [ PARAM ] array (
  'latitude' => 39.904690000000002,
  'longitude' => 116.40716999999999,
  'openid' => 'ojKG05OZrK8lvhep4fTgC4KnIYkc',
)
[ error ] [0]致命错误: Class 'app\api\controller\Db' not found[/www/wuliu/application/api/controller/UserController.php:48]
---------------------------------------------------------------
[ 2019-03-21T15:20:00+08:00 ] 43.224.45.150 POST xiao.baiduzhixing.com/api/user/user
[运行时间：0.004061s] [吞吐率：246.25req/s] [内存消耗：351.68kb] [文件加载：72]
[ info ] [ LANG ] /www/wuliu/thinkphp/lang/zh-cn.php
[ info ] [ ROUTE ] array (
)
[ info ] [ HEADER ] array (
  'accept-encoding' => 'gzip, deflate, br',
  'referer' => 'https://servicewechat.com/wx4c3829d268004a40/devtools/page-frame.html',
  'accept' => '*/*',
  'content-type' => 'application/json',
  'user-agent' => 'Mozilla/5.0 (iPhone; CPU iPhone OS 9_1 like Mac OS X) AppleWebKit/601.1.46 (KHTML, like Gecko) Version/9.0 Mobile/13B143 Safari/601.1 wechatdevtools/1.02.1902010 MicroMessenger/6.7.3 Language/zh_CN webview/ token/1dd88e3472facb6b3af18107cb7837c1',
  'origin' => 'http://127.0.0.1:30846',
  'cache-control' => 'no-cache',
  'pragma' => 'no-cache',
  'content-length' => '83',
  'connection' => 'keep-alive',
  'host' => 'xiao.baiduzhixing.com',
)
[ info ] [ PARAM ] array (
  'latitude' => 39.904690000000002,
  'longitude' => 116.40716999999999,
  'openid' => 'ojKG05OZrK8lvhep4fTgC4KnIYkc',
)
[ error ] [8]未定义数组索引: openid[/www/wuliu/application/api/controller/UserController.php:44]
---------------------------------------------------------------
[ 2019-03-21T15:20:01+08:00 ] 43.224.45.150 POST xiao.baiduzhixing.com/api/user/user
[运行时间：0.003232s] [吞吐率：309.41req/s] [内存消耗：350.59kb] [文件加载：72]
[ info ] [ LANG ] /www/wuliu/thinkphp/lang/zh-cn.php
[ info ] [ ROUTE ] array (
)
[ info ] [ HEADER ] array (
  'accept-encoding' => 'gzip, deflate, br',
  'referer' => 'https://servicewechat.com/wx4c3829d268004a40/devtools/page-frame.html',
  'accept' => '*/*',
  'content-type' => 'application/json',
  'user-agent' => 'Mozilla/5.0 (iPhone; CPU iPhone OS 9_1 like Mac OS X) AppleWebKit/601.1.46 (KHTML, like Gecko) Version/9.0 Mobile/13B143 Safari/601.1 wechatdevtools/1.02.1902010 MicroMessenger/6.7.3 Language/zh_CN webview/ token/1dd88e3472facb6b3af18107cb7837c1',
  'origin' => 'http://127.0.0.1:30846',
  'cache-control' => 'no-cache',
  'pragma' => 'no-cache',
  'content-length' => '83',
  'connection' => 'keep-alive',
  'host' => 'xiao.baiduzhixing.com',
)
[ info ] [ PARAM ] array (
  'latitude' => 39.904690000000002,
  'longitude' => 116.40716999999999,
  'openid' => 'ojKG05OZrK8lvhep4fTgC4KnIYkc',
)
[ error ] [8]未定义数组索引: openid[/www/wuliu/application/api/controller/UserController.php:44]
---------------------------------------------------------------
[ 2019-03-21T15:20:09+08:00 ] 43.224.45.150 POST xiao.baiduzhixing.com/api/user/user
[运行时间：0.002558s] [吞吐率：390.93req/s] [内存消耗：350.59kb] [文件加载：72]
[ info ] [ LANG ] /www/wuliu/thinkphp/lang/zh-cn.php
[ info ] [ ROUTE ] array (
)
[ info ] [ HEADER ] array (
  'accept-encoding' => 'gzip, deflate, br',
  'referer' => 'https://servicewechat.com/wx4c3829d268004a40/devtools/page-frame.html',
  'accept' => '*/*',
  'content-type' => 'application/json',
  'user-agent' => 'Mozilla/5.0 (iPhone; CPU iPhone OS 9_1 like Mac OS X) AppleWebKit/601.1.46 (KHTML, like Gecko) Version/9.0 Mobile/13B143 Safari/601.1 wechatdevtools/1.02.1902010 MicroMessenger/6.7.3 Language/zh_CN webview/ token/1dd88e3472facb6b3af18107cb7837c1',
  'origin' => 'http://127.0.0.1:30846',
  'cache-control' => 'no-cache',
  'pragma' => 'no-cache',
  'content-length' => '83',
  'connection' => 'keep-alive',
  'host' => 'xiao.baiduzhixing.com',
)
[ info ] [ PARAM ] array (
  'latitude' => 39.904690000000002,
  'longitude' => 116.40716999999999,
  'openid' => 'ojKG05OZrK8lvhep4fTgC4KnIYkc',
)
[ error ] [8]未定义数组索引: openid[/www/wuliu/application/api/controller/UserController.php:44]
---------------------------------------------------------------
[ 2019-03-21T15:20:11+08:00 ] 43.224.45.150 POST xiao.baiduzhixing.com/api/user/user
[运行时间：0.002288s] [吞吐率：437.09req/s] [内存消耗：350.59kb] [文件加载：72]
[ info ] [ LANG ] /www/wuliu/thinkphp/lang/zh-cn.php
[ info ] [ ROUTE ] array (
)
[ info ] [ HEADER ] array (
  'accept-encoding' => 'gzip, deflate, br',
  'referer' => 'https://servicewechat.com/wx4c3829d268004a40/devtools/page-frame.html',
  'accept' => '*/*',
  'content-type' => 'application/json',
  'user-agent' => 'Mozilla/5.0 (iPhone; CPU iPhone OS 9_1 like Mac OS X) AppleWebKit/601.1.46 (KHTML, like Gecko) Version/9.0 Mobile/13B143 Safari/601.1 wechatdevtools/1.02.1902010 MicroMessenger/6.7.3 Language/zh_CN webview/ token/1dd88e3472facb6b3af18107cb7837c1',
  'origin' => 'http://127.0.0.1:30846',
  'cache-control' => 'no-cache',
  'pragma' => 'no-cache',
  'content-length' => '83',
  'connection' => 'keep-alive',
  'host' => 'xiao.baiduzhixing.com',
)
[ info ] [ PARAM ] array (
  'latitude' => 39.904690000000002,
  'longitude' => 116.40716999999999,
  'openid' => 'ojKG05OZrK8lvhep4fTgC4KnIYkc',
)
[ error ] [8]未定义数组索引: openid[/www/wuliu/application/api/controller/UserController.php:44]
---------------------------------------------------------------
[ 2019-03-21T15:20:12+08:00 ] 43.224.45.150 POST xiao.baiduzhixing.com/api/user/user
[运行时间：0.003133s] [吞吐率：319.18req/s] [内存消耗：350.59kb] [文件加载：72]
[ info ] [ LANG ] /www/wuliu/thinkphp/lang/zh-cn.php
[ info ] [ ROUTE ] array (
)
[ info ] [ HEADER ] array (
  'accept-encoding' => 'gzip, deflate, br',
  'referer' => 'https://servicewechat.com/wx4c3829d268004a40/devtools/page-frame.html',
  'accept' => '*/*',
  'content-type' => 'application/json',
  'user-agent' => 'Mozilla/5.0 (iPhone; CPU iPhone OS 9_1 like Mac OS X) AppleWebKit/601.1.46 (KHTML, like Gecko) Version/9.0 Mobile/13B143 Safari/601.1 wechatdevtools/1.02.1902010 MicroMessenger/6.7.3 Language/zh_CN webview/ token/1dd88e3472facb6b3af18107cb7837c1',
  'origin' => 'http://127.0.0.1:30846',
  'cache-control' => 'no-cache',
  'pragma' => 'no-cache',
  'content-length' => '83',
  'connection' => 'keep-alive',
  'host' => 'xiao.baiduzhixing.com',
)
[ info ] [ PARAM ] array (
  'latitude' => 39.904690000000002,
  'longitude' => 116.40716999999999,
  'openid' => 'ojKG05OZrK8lvhep4fTgC4KnIYkc',
)
[ error ] [8]未定义数组索引: openid[/www/wuliu/application/api/controller/UserController.php:44]
---------------------------------------------------------------
[ 2019-03-21T15:20:20+08:00 ] 43.224.45.150 POST xiao.baiduzhixing.com/api/user/user
[运行时间：0.002954s] [吞吐率：338.52req/s] [内存消耗：350.59kb] [文件加载：72]
[ info ] [ LANG ] /www/wuliu/thinkphp/lang/zh-cn.php
[ info ] [ ROUTE ] array (
)
[ info ] [ HEADER ] array (
  'accept-encoding' => 'gzip, deflate, br',
  'referer' => 'https://servicewechat.com/wx4c3829d268004a40/devtools/page-frame.html',
  'accept' => '*/*',
  'content-type' => 'application/json',
  'user-agent' => 'Mozilla/5.0 (iPhone; CPU iPhone OS 9_1 like Mac OS X) AppleWebKit/601.1.46 (KHTML, like Gecko) Version/9.0 Mobile/13B143 Safari/601.1 wechatdevtools/1.02.1902010 MicroMessenger/6.7.3 Language/zh_CN webview/ token/1dd88e3472facb6b3af18107cb7837c1',
  'origin' => 'http://127.0.0.1:30846',
  'cache-control' => 'no-cache',
  'pragma' => 'no-cache',
  'content-length' => '83',
  'connection' => 'keep-alive',
  'host' => 'xiao.baiduzhixing.com',
)
[ info ] [ PARAM ] array (
  'latitude' => 39.904690000000002,
  'longitude' => 116.40716999999999,
  'openid' => 'ojKG05OZrK8lvhep4fTgC4KnIYkc',
)
[ error ] [8]未定义数组索引: openid[/www/wuliu/application/api/controller/UserController.php:44]
---------------------------------------------------------------
[ 2019-03-21T15:20:29+08:00 ] 43.224.45.150 POST xiao.baiduzhixing.com/api/user/user
[运行时间：0.002911s] [吞吐率：343.54req/s] [内存消耗：350.59kb] [文件加载：72]
[ info ] [ LANG ] /www/wuliu/thinkphp/lang/zh-cn.php
[ info ] [ ROUTE ] array (
)
[ info ] [ HEADER ] array (
  'accept-encoding' => 'gzip, deflate, br',
  'referer' => 'https://servicewechat.com/wx4c3829d268004a40/devtools/page-frame.html',
  'accept' => '*/*',
  'content-type' => 'application/json',
  'user-agent' => 'Mozilla/5.0 (iPhone; CPU iPhone OS 9_1 like Mac OS X) AppleWebKit/601.1.46 (KHTML, like Gecko) Version/9.0 Mobile/13B143 Safari/601.1 wechatdevtools/1.02.1902010 MicroMessenger/6.7.3 Language/zh_CN webview/ token/1dd88e3472facb6b3af18107cb7837c1',
  'origin' => 'http://127.0.0.1:30846',
  'cache-control' => 'no-cache',
  'pragma' => 'no-cache',
  'content-length' => '83',
  'connection' => 'keep-alive',
  'host' => 'xiao.baiduzhixing.com',
)
[ info ] [ PARAM ] array (
  'latitude' => 39.904690000000002,
  'longitude' => 116.40716999999999,
  'openid' => 'ojKG05OZrK8lvhep4fTgC4KnIYkc',
)
[ error ] [8]未定义数组索引: openid[/www/wuliu/application/api/controller/UserController.php:44]
---------------------------------------------------------------
[ 2019-03-21T15:20:51+08:00 ] 43.224.45.150 POST xiao.baiduzhixing.com/api/user/user
[运行时间：0.002403s] [吞吐率：416.14req/s] [内存消耗：350.59kb] [文件加载：72]
[ info ] [ LANG ] /www/wuliu/thinkphp/lang/zh-cn.php
[ info ] [ ROUTE ] array (
)
[ info ] [ HEADER ] array (
  'accept-encoding' => 'gzip, deflate, br',
  'referer' => 'https://servicewechat.com/wx4c3829d268004a40/devtools/page-frame.html',
  'accept' => '*/*',
  'content-type' => 'application/json',
  'user-agent' => 'Mozilla/5.0 (iPhone; CPU iPhone OS 9_1 like Mac OS X) AppleWebKit/601.1.46 (KHTML, like Gecko) Version/9.0 Mobile/13B143 Safari/601.1 wechatdevtools/1.02.1902010 MicroMessenger/6.7.3 Language/zh_CN webview/ token/1dd88e3472facb6b3af18107cb7837c1',
  'origin' => 'http://127.0.0.1:30846',
  'cache-control' => 'no-cache',
  'pragma' => 'no-cache',
  'content-length' => '83',
  'connection' => 'keep-alive',
  'host' => 'xiao.baiduzhixing.com',
)
[ info ] [ PARAM ] array (
  'latitude' => 39.904690000000002,
  'longitude' => 116.40716999999999,
  'openid' => 'ojKG05OZrK8lvhep4fTgC4KnIYkc',
)
[ error ] [8]未定义数组索引: openid[/www/wuliu/application/api/controller/UserController.php:44]
---------------------------------------------------------------
[ 2019-03-21T15:20:52+08:00 ] 43.224.45.150 POST xiao.baiduzhixing.com/api/user/user
[运行时间：0.002561s] [吞吐率：390.49req/s] [内存消耗：350.59kb] [文件加载：72]
[ info ] [ LANG ] /www/wuliu/thinkphp/lang/zh-cn.php
[ info ] [ ROUTE ] array (
)
[ info ] [ HEADER ] array (
  'accept-encoding' => 'gzip, deflate, br',
  'referer' => 'https://servicewechat.com/wx4c3829d268004a40/devtools/page-frame.html',
  'accept' => '*/*',
  'content-type' => 'application/json',
  'user-agent' => 'Mozilla/5.0 (iPhone; CPU iPhone OS 9_1 like Mac OS X) AppleWebKit/601.1.46 (KHTML, like Gecko) Version/9.0 Mobile/13B143 Safari/601.1 wechatdevtools/1.02.1902010 MicroMessenger/6.7.3 Language/zh_CN webview/ token/1dd88e3472facb6b3af18107cb7837c1',
  'origin' => 'http://127.0.0.1:30846',
  'cache-control' => 'no-cache',
  'pragma' => 'no-cache',
  'content-length' => '83',
  'connection' => 'keep-alive',
  'host' => 'xiao.baiduzhixing.com',
)
[ info ] [ PARAM ] array (
  'latitude' => 39.904690000000002,
  'longitude' => 116.40716999999999,
  'openid' => 'ojKG05OZrK8lvhep4fTgC4KnIYkc',
)
[ error ] [8]未定义数组索引: openid[/www/wuliu/application/api/controller/UserController.php:44]
---------------------------------------------------------------
[ 2019-03-21T15:20:53+08:00 ] 43.224.45.150 POST xiao.baiduzhixing.com/api/user/user
[运行时间：0.002361s] [吞吐率：423.54req/s] [内存消耗：350.59kb] [文件加载：72]
[ info ] [ LANG ] /www/wuliu/thinkphp/lang/zh-cn.php
[ info ] [ ROUTE ] array (
)
[ info ] [ HEADER ] array (
  'accept-encoding' => 'gzip, deflate, br',
  'referer' => 'https://servicewechat.com/wx4c3829d268004a40/devtools/page-frame.html',
  'accept' => '*/*',
  'content-type' => 'application/json',
  'user-agent' => 'Mozilla/5.0 (iPhone; CPU iPhone OS 9_1 like Mac OS X) AppleWebKit/601.1.46 (KHTML, like Gecko) Version/9.0 Mobile/13B143 Safari/601.1 wechatdevtools/1.02.1902010 MicroMessenger/6.7.3 Language/zh_CN webview/ token/1dd88e3472facb6b3af18107cb7837c1',
  'origin' => 'http://127.0.0.1:30846',
  'cache-control' => 'no-cache',
  'pragma' => 'no-cache',
  'content-length' => '83',
  'connection' => 'keep-alive',
  'host' => 'xiao.baiduzhixing.com',
)
[ info ] [ PARAM ] array (
  'latitude' => 39.904690000000002,
  'longitude' => 116.40716999999999,
  'openid' => 'ojKG05OZrK8lvhep4fTgC4KnIYkc',
)
[ error ] [8]未定义数组索引: openid[/www/wuliu/application/api/controller/UserController.php:44]
---------------------------------------------------------------
[ 2019-03-21T15:20:54+08:00 ] 43.224.45.150 POST xiao.baiduzhixing.com/api/user/user
[运行时间：0.002167s] [吞吐率：461.47req/s] [内存消耗：350.59kb] [文件加载：72]
[ info ] [ LANG ] /www/wuliu/thinkphp/lang/zh-cn.php
[ info ] [ ROUTE ] array (
)
[ info ] [ HEADER ] array (
  'accept-encoding' => 'gzip, deflate, br',
  'referer' => 'https://servicewechat.com/wx4c3829d268004a40/devtools/page-frame.html',
  'accept' => '*/*',
  'content-type' => 'application/json',
  'user-agent' => 'Mozilla/5.0 (iPhone; CPU iPhone OS 9_1 like Mac OS X) AppleWebKit/601.1.46 (KHTML, like Gecko) Version/9.0 Mobile/13B143 Safari/601.1 wechatdevtools/1.02.1902010 MicroMessenger/6.7.3 Language/zh_CN webview/ token/1dd88e3472facb6b3af18107cb7837c1',
  'origin' => 'http://127.0.0.1:30846',
  'cache-control' => 'no-cache',
  'pragma' => 'no-cache',
  'content-length' => '83',
  'connection' => 'keep-alive',
  'host' => 'xiao.baiduzhixing.com',
)
[ info ] [ PARAM ] array (
  'latitude' => 39.904690000000002,
  'longitude' => 116.40716999999999,
  'openid' => 'ojKG05OZrK8lvhep4fTgC4KnIYkc',
)
[ error ] [8]未定义数组索引: openid[/www/wuliu/application/api/controller/UserController.php:44]
---------------------------------------------------------------
[ 2019-03-21T15:20:59+08:00 ] 43.224.45.150 POST xiao.baiduzhixing.com/api/user/user
[运行时间：0.002654s] [吞吐率：376.81req/s] [内存消耗：350.59kb] [文件加载：72]
[ info ] [ LANG ] /www/wuliu/thinkphp/lang/zh-cn.php
[ info ] [ ROUTE ] array (
)
[ info ] [ HEADER ] array (
  'accept-encoding' => 'gzip, deflate, br',
  'referer' => 'https://servicewechat.com/wx4c3829d268004a40/devtools/page-frame.html',
  'accept' => '*/*',
  'content-type' => 'application/json',
  'user-agent' => 'Mozilla/5.0 (iPhone; CPU iPhone OS 9_1 like Mac OS X) AppleWebKit/601.1.46 (KHTML, like Gecko) Version/9.0 Mobile/13B143 Safari/601.1 wechatdevtools/1.02.1902010 MicroMessenger/6.7.3 Language/zh_CN webview/ token/1dd88e3472facb6b3af18107cb7837c1',
  'origin' => 'http://127.0.0.1:30846',
  'cache-control' => 'no-cache',
  'pragma' => 'no-cache',
  'content-length' => '83',
  'connection' => 'keep-alive',
  'host' => 'xiao.baiduzhixing.com',
)
[ info ] [ PARAM ] array (
  'latitude' => 39.904690000000002,
  'longitude' => 116.40716999999999,
  'openid' => 'ojKG05OZrK8lvhep4fTgC4KnIYkc',
)
[ error ] [8]未定义数组索引: openid[/www/wuliu/application/api/controller/UserController.php:44]
---------------------------------------------------------------
[ 2019-03-21T15:21:49+08:00 ] 43.224.45.150 POST xiao.baiduzhixing.com/api/user/user
[运行时间：0.002412s] [吞吐率：414.58req/s] [内存消耗：345.17kb] [文件加载：67]
[ info ] [ LANG ] /www/wuliu/thinkphp/lang/zh-cn.php
[ info ] [ ROUTE ] array (
)
[ info ] [ HEADER ] array (
  'accept-encoding' => 'gzip, deflate, br',
  'referer' => 'https://servicewechat.com/wx4c3829d268004a40/devtools/page-frame.html',
  'accept' => '*/*',
  'content-type' => 'application/json',
  'user-agent' => 'Mozilla/5.0 (iPhone; CPU iPhone OS 9_1 like Mac OS X) AppleWebKit/601.1.46 (KHTML, like Gecko) Version/9.0 Mobile/13B143 Safari/601.1 wechatdevtools/1.02.1902010 MicroMessenger/6.7.3 Language/zh_CN webview/ token/1dd88e3472facb6b3af18107cb7837c1',
  'origin' => 'http://127.0.0.1:30846',
  'cache-control' => 'no-cache',
  'pragma' => 'no-cache',
  'content-length' => '83',
  'connection' => 'keep-alive',
  'host' => 'xiao.baiduzhixing.com',
)
[ info ] [ PARAM ] array (
  'latitude' => 39.904690000000002,
  'longitude' => 116.40716999999999,
  'openid' => 'ojKG05OZrK8lvhep4fTgC4KnIYkc',
)
---------------------------------------------------------------
[ 2019-03-21T15:22:23+08:00 ] 43.224.45.150 GET xiao.baiduzhixing.com/api/user/user
[运行时间：0.003430s] [吞吐率：291.55req/s] [内存消耗：350.91kb] [文件加载：72]
[ info ] [ LANG ] /www/wuliu/thinkphp/lang/zh-cn.php
[ info ] [ ROUTE ] array (
)
[ info ] [ HEADER ] array (
  'cache-control' => 'max-age=0',
  'upgrade-insecure-requests' => '1',
  'connection' => 'keep-alive',
  'accept-encoding' => 'gzip, deflate, br',
  'accept-language' => 'zh-CN,zh;q=0.8,zh-TW;q=0.7,zh-HK;q=0.5,en-US;q=0.3,en;q=0.2',
  'accept' => 'text/html,application/xhtml+xml,application/xml;q=0.9,image/webp,*/*;q=0.8',
  'user-agent' => 'Mozilla/5.0 (Macintosh; Intel Mac OS X 10.13; rv:65.0) Gecko/20100101 Firefox/65.0',
  'host' => 'xiao.baiduzhixing.com',
  'content-type' => '',
  'content-length' => '',
)
[ info ] [ PARAM ] array (
)
[ error ] [8]未定义数组索引: openid[/www/wuliu/application/api/controller/UserController.php:44]
---------------------------------------------------------------
[ 2019-03-21T15:22:47+08:00 ] 43.224.45.150 GET xiao.baiduzhixing.com/api/user/user
[运行时间：0.002460s] [吞吐率：406.54req/s] [内存消耗：350.91kb] [文件加载：72]
[ info ] [ LANG ] /www/wuliu/thinkphp/lang/zh-cn.php
[ info ] [ ROUTE ] array (
)
[ info ] [ HEADER ] array (
  'cache-control' => 'max-age=0',
  'upgrade-insecure-requests' => '1',
  'connection' => 'keep-alive',
  'accept-encoding' => 'gzip, deflate, br',
  'accept-language' => 'zh-CN,zh;q=0.8,zh-TW;q=0.7,zh-HK;q=0.5,en-US;q=0.3,en;q=0.2',
  'accept' => 'text/html,application/xhtml+xml,application/xml;q=0.9,image/webp,*/*;q=0.8',
  'user-agent' => 'Mozilla/5.0 (Macintosh; Intel Mac OS X 10.13; rv:65.0) Gecko/20100101 Firefox/65.0',
  'host' => 'xiao.baiduzhixing.com',
  'content-type' => '',
  'content-length' => '',
)
[ info ] [ PARAM ] array (
)
[ error ] [8]未定义数组索引: openid[/www/wuliu/application/api/controller/UserController.php:44]
---------------------------------------------------------------
[ 2019-03-21T15:22:56+08:00 ] 43.224.45.150 GET xiao.baiduzhixing.com/api/user/user?openid=ojKG05OZrK8lvhep4fTgC4KnIYkc
[运行时间：0.002384s] [吞吐率：419.43req/s] [内存消耗：345.87kb] [文件加载：67]
[ info ] [ LANG ] /www/wuliu/thinkphp/lang/zh-cn.php
[ info ] [ ROUTE ] array (
)
[ info ] [ HEADER ] array (
  'upgrade-insecure-requests' => '1',
  'connection' => 'keep-alive',
  'accept-encoding' => 'gzip, deflate, br',
  'accept-language' => 'zh-CN,zh;q=0.8,zh-TW;q=0.7,zh-HK;q=0.5,en-US;q=0.3,en;q=0.2',
  'accept' => 'text/html,application/xhtml+xml,application/xml;q=0.9,image/webp,*/*;q=0.8',
  'user-agent' => 'Mozilla/5.0 (Macintosh; Intel Mac OS X 10.13; rv:65.0) Gecko/20100101 Firefox/65.0',
  'host' => 'xiao.baiduzhixing.com',
  'content-type' => '',
  'content-length' => '',
)
[ info ] [ PARAM ] array (
  'openid' => 'ojKG05OZrK8lvhep4fTgC4KnIYkc',
)
---------------------------------------------------------------
[ 2019-03-21T15:23:06+08:00 ] 43.224.45.150 GET xiao.baiduzhixing.com/api/user/user?openid=ojKG05OZrK8lvhep4fTgC4KnIYkc
[运行时间：0.001906s] [吞吐率：524.68req/s] [内存消耗：344.81kb] [文件加载：67]
[ info ] [ LANG ] /www/wuliu/thinkphp/lang/zh-cn.php
[ info ] [ ROUTE ] array (
)
[ info ] [ HEADER ] array (
  'cache-control' => 'max-age=0',
  'upgrade-insecure-requests' => '1',
  'connection' => 'keep-alive',
  'accept-encoding' => 'gzip, deflate, br',
  'accept-language' => 'zh-CN,zh;q=0.8,zh-TW;q=0.7,zh-HK;q=0.5,en-US;q=0.3,en;q=0.2',
  'accept' => 'text/html,application/xhtml+xml,application/xml;q=0.9,image/webp,*/*;q=0.8',
  'user-agent' => 'Mozilla/5.0 (Macintosh; Intel Mac OS X 10.13; rv:65.0) Gecko/20100101 Firefox/65.0',
  'host' => 'xiao.baiduzhixing.com',
  'content-type' => '',
  'content-length' => '',
)
[ info ] [ PARAM ] array (
  'openid' => 'ojKG05OZrK8lvhep4fTgC4KnIYkc',
)
---------------------------------------------------------------
[ 2019-03-21T15:23:09+08:00 ] 43.224.45.150 GET xiao.baiduzhixing.com/api/user/user?openid=ojKG05OZrK8lvhep4fTgC4KnIYkc
[运行时间：0.001759s] [吞吐率：568.56req/s] [内存消耗：344.81kb] [文件加载：67]
[ info ] [ LANG ] /www/wuliu/thinkphp/lang/zh-cn.php
[ info ] [ ROUTE ] array (
)
[ info ] [ HEADER ] array (
  'cache-control' => 'max-age=0',
  'upgrade-insecure-requests' => '1',
  'connection' => 'keep-alive',
  'accept-encoding' => 'gzip, deflate, br',
  'accept-language' => 'zh-CN,zh;q=0.8,zh-TW;q=0.7,zh-HK;q=0.5,en-US;q=0.3,en;q=0.2',
  'accept' => 'text/html,application/xhtml+xml,application/xml;q=0.9,image/webp,*/*;q=0.8',
  'user-agent' => 'Mozilla/5.0 (Macintosh; Intel Mac OS X 10.13; rv:65.0) Gecko/20100101 Firefox/65.0',
  'host' => 'xiao.baiduzhixing.com',
  'content-type' => '',
  'content-length' => '',
)
[ info ] [ PARAM ] array (
  'openid' => 'ojKG05OZrK8lvhep4fTgC4KnIYkc',
)
---------------------------------------------------------------
[ 2019-03-21T15:23:13+08:00 ] 43.224.45.150 GET xiao.baiduzhixing.com/api/user/user?openid=ojKG05OZrK8lvhep4fTgC4KnIYkc
[运行时间：0.002261s] [吞吐率：442.30req/s] [内存消耗：344.77kb] [文件加载：67]
[ info ] [ LANG ] /www/wuliu/thinkphp/lang/zh-cn.php
[ info ] [ ROUTE ] array (
)
[ info ] [ HEADER ] array (
  'upgrade-insecure-requests' => '1',
  'connection' => 'keep-alive',
  'accept-encoding' => 'gzip, deflate, br',
  'accept-language' => 'zh-CN,zh;q=0.8,zh-TW;q=0.7,zh-HK;q=0.5,en-US;q=0.3,en;q=0.2',
  'accept' => 'text/html,application/xhtml+xml,application/xml;q=0.9,image/webp,*/*;q=0.8',
  'user-agent' => 'Mozilla/5.0 (Macintosh; Intel Mac OS X 10.13; rv:65.0) Gecko/20100101 Firefox/65.0',
  'host' => 'xiao.baiduzhixing.com',
  'content-type' => '',
  'content-length' => '',
)
[ info ] [ PARAM ] array (
  'openid' => 'ojKG05OZrK8lvhep4fTgC4KnIYkc',
)
---------------------------------------------------------------
[ 2019-03-21T15:23:25+08:00 ] 43.224.45.150 GET xiao.baiduzhixing.com/api/user/user?openid=ojKG05OZrK8lvhep4fTgC4KnIYkc
[运行时间：0.001778s] [吞吐率：562.39req/s] [内存消耗：344.81kb] [文件加载：67]
[ info ] [ LANG ] /www/wuliu/thinkphp/lang/zh-cn.php
[ info ] [ ROUTE ] array (
)
[ info ] [ HEADER ] array (
  'cache-control' => 'max-age=0',
  'upgrade-insecure-requests' => '1',
  'connection' => 'keep-alive',
  'accept-encoding' => 'gzip, deflate, br',
  'accept-language' => 'zh-CN,zh;q=0.8,zh-TW;q=0.7,zh-HK;q=0.5,en-US;q=0.3,en;q=0.2',
  'accept' => 'text/html,application/xhtml+xml,application/xml;q=0.9,image/webp,*/*;q=0.8',
  'user-agent' => 'Mozilla/5.0 (Macintosh; Intel Mac OS X 10.13; rv:65.0) Gecko/20100101 Firefox/65.0',
  'host' => 'xiao.baiduzhixing.com',
  'content-type' => '',
  'content-length' => '',
)
[ info ] [ PARAM ] array (
  'openid' => 'ojKG05OZrK8lvhep4fTgC4KnIYkc',
)
---------------------------------------------------------------
[ 2019-03-21T15:23:27+08:00 ] 43.224.45.150 GET xiao.baiduzhixing.com/api/user/user?openid=ojKG05OZrK8lvhep4fTgC4KnIYkc
[运行时间：0.001853s] [吞吐率：539.67req/s] [内存消耗：344.77kb] [文件加载：67]
[ info ] [ LANG ] /www/wuliu/thinkphp/lang/zh-cn.php
[ info ] [ ROUTE ] array (
)
[ info ] [ HEADER ] array (
  'upgrade-insecure-requests' => '1',
  'connection' => 'keep-alive',
  'accept-encoding' => 'gzip, deflate, br',
  'accept-language' => 'zh-CN,zh;q=0.8,zh-TW;q=0.7,zh-HK;q=0.5,en-US;q=0.3,en;q=0.2',
  'accept' => 'text/html,application/xhtml+xml,application/xml;q=0.9,image/webp,*/*;q=0.8',
  'user-agent' => 'Mozilla/5.0 (Macintosh; Intel Mac OS X 10.13; rv:65.0) Gecko/20100101 Firefox/65.0',
  'host' => 'xiao.baiduzhixing.com',
  'content-type' => '',
  'content-length' => '',
)
[ info ] [ PARAM ] array (
  'openid' => 'ojKG05OZrK8lvhep4fTgC4KnIYkc',
)
---------------------------------------------------------------
[ 2019-03-21T15:24:25+08:00 ] 43.224.45.150 GET xiao.baiduzhixing.com/api/user/user?openid=ojKG05OZrK8lvhep4fTgC4KnIYkc
[运行时间：0.193019s] [吞吐率：5.18req/s] [内存消耗：513.77kb] [文件加载：72]
[ info ] [ LANG ] /www/wuliu/thinkphp/lang/zh-cn.php
[ info ] [ ROUTE ] array (
)
[ info ] [ HEADER ] array (
  'cache-control' => 'max-age=0',
  'upgrade-insecure-requests' => '1',
  'connection' => 'keep-alive',
  'accept-encoding' => 'gzip, deflate, br',
  'accept-language' => 'zh-CN,zh;q=0.8,zh-TW;q=0.7,zh-HK;q=0.5,en-US;q=0.3,en;q=0.2',
  'accept' => 'text/html,application/xhtml+xml,application/xml;q=0.9,image/webp,*/*;q=0.8',
  'user-agent' => 'Mozilla/5.0 (Macintosh; Intel Mac OS X 10.13; rv:65.0) Gecko/20100101 Firefox/65.0',
  'host' => 'xiao.baiduzhixing.com',
  'content-type' => '',
  'content-length' => '',
)
[ info ] [ PARAM ] array (
  'openid' => 'ojKG05OZrK8lvhep4fTgC4KnIYkc',
)
[ info ] [ DB ] INIT mysql
[ sql ] [ DB ] CONNECT:[ UseTime:0.147530s ] mysql:host=cdb-5t2zblr8.cd.tencentcdb.com;port=10035;dbname=tybest;charset=utf8
[ sql ] [ SQL ] SHOW COLUMNS FROM `xiao_form` [ RunTime:0.003651s ]
[ sql ] [ SQL ] SELECT * FROM `xiao_form` WHERE  `openid` = 'ojKG05OZrK8lvhep4fTgC4KnIYkc' LIMIT 1 [ RunTime:0.003131s ]
---------------------------------------------------------------
[ 2019-03-21T15:25:08+08:00 ] 43.224.45.150 POST xiao.baiduzhixing.com/api/user/user
[运行时间：0.003400s] [吞吐率：294.11req/s] [内存消耗：350.59kb] [文件加载：72]
[ info ] [ LANG ] /www/wuliu/thinkphp/lang/zh-cn.php
[ info ] [ ROUTE ] array (
)
[ info ] [ HEADER ] array (
  'accept-encoding' => 'gzip, deflate, br',
  'referer' => 'https://servicewechat.com/wx4c3829d268004a40/devtools/page-frame.html',
  'accept' => '*/*',
  'content-type' => 'application/json',
  'user-agent' => 'Mozilla/5.0 (iPhone; CPU iPhone OS 9_1 like Mac OS X) AppleWebKit/601.1.46 (KHTML, like Gecko) Version/9.0 Mobile/13B143 Safari/601.1 wechatdevtools/1.02.1902010 MicroMessenger/6.7.3 Language/zh_CN webview/ token/1dd88e3472facb6b3af18107cb7837c1',
  'origin' => 'http://127.0.0.1:30846',
  'cache-control' => 'no-cache',
  'pragma' => 'no-cache',
  'content-length' => '83',
  'connection' => 'keep-alive',
  'host' => 'xiao.baiduzhixing.com',
)
[ info ] [ PARAM ] array (
  'latitude' => 39.904690000000002,
  'longitude' => 116.40716999999999,
  'openid' => 'ojKG05OZrK8lvhep4fTgC4KnIYkc',
)
[ error ] [8]未定义数组索引: openid[/www/wuliu/application/api/controller/UserController.php:45]
---------------------------------------------------------------
[ 2019-03-21T15:25:12+08:00 ] 43.224.45.150 POST xiao.baiduzhixing.com/api/user/user
[运行时间：0.002087s] [吞吐率：479.13req/s] [内存消耗：350.59kb] [文件加载：72]
[ info ] [ LANG ] /www/wuliu/thinkphp/lang/zh-cn.php
[ info ] [ ROUTE ] array (
)
[ info ] [ HEADER ] array (
  'accept-encoding' => 'gzip, deflate, br',
  'referer' => 'https://servicewechat.com/wx4c3829d268004a40/devtools/page-frame.html',
  'accept' => '*/*',
  'content-type' => 'application/json',
  'user-agent' => 'Mozilla/5.0 (iPhone; CPU iPhone OS 9_1 like Mac OS X) AppleWebKit/601.1.46 (KHTML, like Gecko) Version/9.0 Mobile/13B143 Safari/601.1 wechatdevtools/1.02.1902010 MicroMessenger/6.7.3 Language/zh_CN webview/ token/1dd88e3472facb6b3af18107cb7837c1',
  'origin' => 'http://127.0.0.1:30846',
  'cache-control' => 'no-cache',
  'pragma' => 'no-cache',
  'content-length' => '83',
  'connection' => 'keep-alive',
  'host' => 'xiao.baiduzhixing.com',
)
[ info ] [ PARAM ] array (
  'latitude' => 39.904690000000002,
  'longitude' => 116.40716999999999,
  'openid' => 'ojKG05OZrK8lvhep4fTgC4KnIYkc',
)
[ error ] [8]未定义数组索引: openid[/www/wuliu/application/api/controller/UserController.php:45]
---------------------------------------------------------------
[ 2019-03-21T15:25:51+08:00 ] 43.224.45.150 POST xiao.baiduzhixing.com/api/user/user
[运行时间：0.181731s] [吞吐率：5.50req/s] [内存消耗：476.72kb] [文件加载：72]
[ info ] [ LANG ] /www/wuliu/thinkphp/lang/zh-cn.php
[ info ] [ ROUTE ] array (
)
[ info ] [ HEADER ] array (
  'accept-encoding' => 'gzip, deflate, br',
  'referer' => 'https://servicewechat.com/wx4c3829d268004a40/devtools/page-frame.html',
  'accept' => '*/*',
  'content-type' => 'application/json',
  'user-agent' => 'Mozilla/5.0 (iPhone; CPU iPhone OS 9_1 like Mac OS X) AppleWebKit/601.1.46 (KHTML, like Gecko) Version/9.0 Mobile/13B143 Safari/601.1 wechatdevtools/1.02.1902010 MicroMessenger/6.7.3 Language/zh_CN webview/ token/1dd88e3472facb6b3af18107cb7837c1',
  'origin' => 'http://127.0.0.1:30846',
  'cache-control' => 'no-cache',
  'pragma' => 'no-cache',
  'content-length' => '83',
  'connection' => 'keep-alive',
  'host' => 'xiao.baiduzhixing.com',
)
[ info ] [ PARAM ] array (
  'latitude' => 39.904690000000002,
  'longitude' => 116.40716999999999,
  'openid' => 'ojKG05OZrK8lvhep4fTgC4KnIYkc',
)
[ info ] [ DB ] INIT mysql
[ sql ] [ DB ] CONNECT:[ UseTime:0.147136s ] mysql:host=cdb-5t2zblr8.cd.tencentcdb.com;port=10035;dbname=tybest;charset=utf8
[ sql ] [ SQL ] SHOW COLUMNS FROM `xiao_form` [ RunTime:0.003589s ]
[ sql ] [ SQL ] SELECT * FROM `xiao_form` WHERE  `openid` = 'ojKG05OZrK8lvhep4fTgC4KnIYkc' LIMIT 1 [ RunTime:0.003091s ]
[ sql ] [ SQL ] INSERT INTO `xiao_form` (`openid` , `longitude` , `latitude`) VALUES ('ojKG05OZrK8lvhep4fTgC4KnIYkc' , '116.40717' , '39.90469') [ RunTime:0.023486s ]
---------------------------------------------------------------
[ 2019-03-21T15:26:08+08:00 ] 27.151.112.217 HEAD 118.24.8.254/
[运行时间：0.066238s] [吞吐率：15.10req/s] [内存消耗：342.85kb] [文件加载：69]
[ info ] [ LANG ] /www/wuliu/thinkphp/lang/zh-cn.php
[ info ] [ ROUTE ] array (
)
[ info ] [ HEADER ] array (
  'connection' => 'Keep-Alive',
  'accept-encoding' => 'gzip',
  'host' => '118.24.8.254',
  'user-agent' => 'Mozilla/5.0 (Windows NT 5.1; rv:22.0) Gecko/20100101 Firefox/22.0',
  'content-type' => '',
  'content-length' => '',
)
[ info ] [ PARAM ] array (
)
[ info ] [ VIEW ] /www/wuliu/application/admin/view/login/index.html [ array (
) ]
---------------------------------------------------------------
[ 2019-03-21T15:28:22+08:00 ] 43.224.45.150 POST xiao.baiduzhixing.com/api/user/index
[运行时间：0.263442s] [吞吐率：3.80req/s] [内存消耗：439.09kb] [文件加载：75]
[ info ] [ LANG ] /www/wuliu/thinkphp/lang/zh-cn.php
[ info ] [ ROUTE ] array (
)
[ info ] [ HEADER ] array (
  'accept-encoding' => 'gzip, deflate, br',
  'referer' => 'https://servicewechat.com/wx4c3829d268004a40/devtools/page-frame.html',
  'accept' => '*/*',
  'content-type' => 'application/json',
  'user-agent' => 'Mozilla/5.0 (iPhone; CPU iPhone OS 9_1 like Mac OS X) AppleWebKit/601.1.46 (KHTML, like Gecko) Version/9.0 Mobile/13B143 Safari/601.1 wechatdevtools/1.02.1902010 MicroMessenger/6.7.3 Language/zh_CN webview/ token/1dd88e3472facb6b3af18107cb7837c1',
  'origin' => 'http://127.0.0.1:30846',
  'cache-control' => 'no-cache',
  'pragma' => 'no-cache',
  'content-length' => '58',
  'connection' => 'keep-alive',
  'host' => 'xiao.baiduzhixing.com',
)
[ info ] [ PARAM ] array (
  'code' => '011DEBIc2K0MYF0dLCJc2Cx1Jc2DEBIP',
  'type' => 'login',
)
---------------------------------------------------------------
[ 2019-03-21T17:07:09+08:00 ] 43.224.45.150 POST xiao.baiduzhixing.com/api/user/user
[运行时间：0.164173s] [吞吐率：6.09req/s] [内存消耗：519.83kb] [文件加载：77]
[ info ] [ LANG ] /www/wuliu/thinkphp/lang/zh-cn.php
[ info ] [ ROUTE ] array (
)
[ info ] [ HEADER ] array (
  'accept-encoding' => 'gzip, deflate, br',
  'referer' => 'https://servicewechat.com/wx4c3829d268004a40/devtools/page-frame.html',
  'accept' => '*/*',
  'content-type' => 'application/json',
  'user-agent' => 'Mozilla/5.0 (iPhone; CPU iPhone OS 9_1 like Mac OS X) AppleWebKit/601.1.46 (KHTML, like Gecko) Version/9.0 Mobile/13B143 Safari/601.1 wechatdevtools/1.02.1902010 MicroMessenger/6.7.3 Language/zh_CN webview/ token/1dd88e3472facb6b3af18107cb7837c1',
  'origin' => 'http://127.0.0.1:30846',
  'cache-control' => 'no-cache',
  'pragma' => 'no-cache',
  'content-length' => '83',
  'connection' => 'keep-alive',
  'host' => 'xiao.baiduzhixing.com',
)
[ info ] [ PARAM ] array (
  'latitude' => 39.904690000000002,
  'longitude' => 116.40716999999999,
  'openid' => 'ojKG05OZrK8lvhep4fTgC4KnIYkc',
)
[ info ] [ DB ] INIT mysql
[ sql ] [ DB ] CONNECT:[ UseTime:0.153514s ] mysql:host=cdb-5t2zblr8.cd.tencentcdb.com;port=10035;dbname=tybest;charset=utf8
[ sql ] [ SQL ] SHOW COLUMNS FROM `xiao_form` [ RunTime:0.003527s ]
[ sql ] [ SQL ] SELECT * FROM `xiao_form` WHERE  `openid` = 'ojKG05OZrK8lvhep4fTgC4KnIYkc' LIMIT 1 [ RunTime:0.003125s ]
[ error ] [8]Array to string conversion[/www/wuliu/application/api/controller/UserController.php:54]
---------------------------------------------------------------
[ 2019-03-21T18:07:51+08:00 ] 169.197.108.42 GET 118.24.8.254/cgi-bin/config.exp
[运行时间：0.002694s] [吞吐率：371.18req/s] [内存消耗：310.80kb] [文件加载：56]
[ info ] [ LANG ] /www/wuliu/thinkphp/lang/zh-cn.php
---------------------------------------------------------------
[ 2019-03-21T18:37:19+08:00 ] 92.147.105.94 GET 118.24.8.254/
[运行时间：0.003292s] [吞吐率：303.76req/s] [内存消耗：345.42kb] [文件加载：69]
[ info ] [ LANG ] /www/wuliu/thinkphp/lang/zh-cn.php
[ info ] [ ROUTE ] array (
)
[ info ] [ HEADER ] array (
  'x-forwarded-for' => '92.147.105.94',
  'content-encoding' => 'gzip',
  'connection' => 'close',
  'accept-language' => 'zh-cn,zh;q=0.8,en-us;q=0.5,en;q=0.3',
  'accept-encoding' => 'gzip',
  'accept' => 'text/html,application/xhtml+xml,application/xml;q=0.9,*/*;q=0.8',
  'user-agent' => 'Mozilla/4.0 (compatible; MSIE 7.0; Windows NT 6.1; WOW64; Trident/5.0; SLCC2; .NET CLR 2.0.50727; .NET CLR 3.5.30729; .NET CLR 3.0.30729; Media Center PC 6.0; .NET4.0C; .NET4.0E; InfoPath.3; KB974488)',
  'host' => '118.24.8.254',
  'content-type' => '',
  'content-length' => '',
)
[ info ] [ PARAM ] array (
)
[ info ] [ VIEW ] /www/wuliu/application/admin/view/login/index.html [ array (
) ]
