---------------------------------------------------------------
[ 2019-03-31T19:05:37+08:00 ] 185.234.218.74 GET 118.24.8.254/.env
[运行时间：0.355257s] [吞吐率：2.81req/s] [内存消耗：310.77kb] [文件加载：56]
[ info ] [ LANG ] /www/wuliu/thinkphp/lang/zh-cn.php
---------------------------------------------------------------
[ 2019-03-31T19:05:38+08:00 ] 185.234.218.74 GET 118.24.8.254/.git/config
[运行时间：0.003648s] [吞吐率：274.12req/s] [内存消耗：310.79kb] [文件加载：56]
[ info ] [ LANG ] /www/wuliu/thinkphp/lang/zh-cn.php
---------------------------------------------------------------
[ 2019-03-31T21:29:17+08:00 ] 165.227.223.181 HEAD xiao.baiduzhixing.com/
[运行时间：0.129369s] [吞吐率：7.73req/s] [内存消耗：342.84kb] [文件加载：69]
[ info ] [ LANG ] /www/wuliu/thinkphp/lang/zh-cn.php
[ info ] [ ROUTE ] array (
)
[ info ] [ HEADER ] array (
  'connection' => 'close',
  'user-agent' => 'Mozilla/4.0 (compatible; Netcraft Web Server Survey)',
  'referer' => 'https://www.netcraft.com/survey/',
  'host' => 'xiao.baiduzhixing.com',
  'content-type' => '',
  'content-length' => '',
)
[ info ] [ PARAM ] array (
)
[ info ] [ VIEW ] /www/wuliu/application/admin/view/login/index.html [ array (
) ]
---------------------------------------------------------------
[ 2019-03-31T22:01:57+08:00 ] 103.119.45.237 GET /
[运行时间：0.002685s] [吞吐率：372.46req/s] [内存消耗：343.34kb] [文件加载：69]
[ info ] [ LANG ] /www/wuliu/thinkphp/lang/zh-cn.php
[ info ] [ ROUTE ] array (
)
[ info ] [ HEADER ] array (
  'user-agent' => 'Mozilla 5',
  'content-type' => '',
  'content-length' => '',
)
[ info ] [ PARAM ] array (
)
[ info ] [ VIEW ] /www/wuliu/application/admin/view/login/index.html [ array (
) ]
---------------------------------------------------------------
[ 2019-03-31T22:03:39+08:00 ] 103.119.45.237 POST 118.24.8.254/sdk
[运行时间：0.002453s] [吞吐率：407.65req/s] [内存消耗：309.23kb] [文件加载：56]
[ info ] [ LANG ] /www/wuliu/thinkphp/lang/zh-cn.php
---------------------------------------------------------------
[ 2019-03-31T22:03:39+08:00 ] 103.119.45.237 GET 118.24.8.254/nmaplowercheck1554041016
[运行时间：0.003703s] [吞吐率：270.04req/s] [内存消耗：310.80kb] [文件加载：56]
[ info ] [ LANG ] /www/wuliu/thinkphp/lang/zh-cn.php
---------------------------------------------------------------
[ 2019-03-31T22:03:39+08:00 ] 103.119.45.237 GET /
[运行时间：0.002244s] [吞吐率：445.63req/s] [内存消耗：343.16kb] [文件加载：69]
[ info ] [ LANG ] /www/wuliu/thinkphp/lang/zh-cn.php
[ info ] [ ROUTE ] array (
)
[ info ] [ HEADER ] array (
  'content-type' => '',
  'content-length' => '',
)
[ info ] [ PARAM ] array (
)
[ info ] [ VIEW ] /www/wuliu/application/admin/view/login/index.html [ array (
) ]
---------------------------------------------------------------
[ 2019-03-31T22:03:40+08:00 ] 103.119.45.237 GET 118.24.8.254/
[运行时间：0.002264s] [吞吐率：441.69req/s] [内存消耗：343.37kb] [文件加载：69]
[ info ] [ LANG ] /www/wuliu/thinkphp/lang/zh-cn.php
[ info ] [ ROUTE ] array (
)
[ info ] [ HEADER ] array (
  'host' => '118.24.8.254',
  'content-type' => '',
  'content-length' => '',
)
[ info ] [ PARAM ] array (
)
[ info ] [ VIEW ] /www/wuliu/application/admin/view/login/index.html [ array (
) ]
---------------------------------------------------------------
[ 2019-03-31T22:03:40+08:00 ] 103.119.45.237 GET 118.24.8.254/HNAP1
[运行时间：0.001729s] [吞吐率：578.37req/s] [内存消耗：310.78kb] [文件加载：56]
[ info ] [ LANG ] /www/wuliu/thinkphp/lang/zh-cn.php
---------------------------------------------------------------
[ 2019-03-31T22:03:54+08:00 ] 123.249.13.250 GET 118.24.8.254/
[运行时间：0.002585s] [吞吐率：386.86req/s] [内存消耗：344.76kb] [文件加载：69]
[ info ] [ LANG ] /www/wuliu/thinkphp/lang/zh-cn.php
[ info ] [ ROUTE ] array (
)
[ info ] [ HEADER ] array (
  'accept-encoding' => 'identity',
  'dnt' => '1',
  'upgrade-insecure-requests' => '1',
  'accept-language' => 'zh-cn,zh;q=0.8,en-us;q=0.5,en;q=0.3',
  'user-agent' => 'Mozilla/5.0 (Windows NT 6.1; WOW64; rv:31.0) Gecko/20100101 Firefox/31.0',
  'accept' => '*/*',
  'host' => '118.24.8.254',
  'content-type' => '',
  'content-length' => '',
)
[ info ] [ PARAM ] array (
)
[ info ] [ VIEW ] /www/wuliu/application/admin/view/login/index.html [ array (
) ]
---------------------------------------------------------------
[ 2019-03-31T22:59:20+08:00 ] 216.218.206.66 GET 118.24.8.254/
[运行时间：0.003061s] [吞吐率：326.68req/s] [内存消耗：343.37kb] [文件加载：69]
[ info ] [ LANG ] /www/wuliu/thinkphp/lang/zh-cn.php
[ info ] [ ROUTE ] array (
)
[ info ] [ HEADER ] array (
  'host' => '118.24.8.254',
  'content-type' => '',
  'content-length' => '',
)
[ info ] [ PARAM ] array (
)
[ info ] [ VIEW ] /www/wuliu/application/admin/view/login/index.html [ array (
) ]
